./ycsb -s 1 -d 0 -b 1 -i 1000000 -o 10 -t 1000000 -w 0 -a 100 -h 16 -p 1
 # clients:    1
 # servers:    1
 Key range:    0..2^29
 Write ratio:  0
 Total #recs: 1000000 
 Iterations:   1000000
Assinging core 0 to srv 0
srv 0 load time 0.117
srv 0 rec count: 1000000 partition sz 132812-KB tx count: 1000000, per_txn_op cnt: 10
srv 0 starting txns
srv 0 query time 3.408
srv 0 quitting 
srv 0 commits 1000000
total commits 1000000
== results ==
Server 0: 0.293412000M TPS
Total tps: 0.293412000M
./ycsb -s 1 -d 0 -b 1 -i 1000000 -o 10 -t 1000000 -w 0 -a 100 -h 16 -p 1
 # clients:    1
 # servers:    1
 Key range:    0..2^29
 Write ratio:  0
 Total #recs: 1000000 
 Iterations:   1000000
Assinging core 0 to srv 0
srv 0 load time 0.118
srv 0 rec count: 1000000 partition sz 132812-KB tx count: 1000000, per_txn_op cnt: 10
srv 0 starting txns
srv 0 query time 3.242
srv 0 quitting 
srv 0 commits 1000000
total commits 1000000
== results ==
Server 0: 0.308405000M TPS
Total tps: 0.308405000M
./ycsb -s 1 -d 0 -b 1 -i 1000000 -o 10 -t 1000000 -w 0 -a 100 -h 16 -p 1
 # clients:    1
 # servers:    1
 Key range:    0..2^29
 Write ratio:  0
 Total #recs: 1000000 
 Iterations:   1000000
Assinging core 0 to srv 0
srv 0 load time 0.117
srv 0 rec count: 1000000 partition sz 132812-KB tx count: 1000000, per_txn_op cnt: 10
srv 0 starting txns
srv 0 query time 3.414
srv 0 quitting 
srv 0 commits 1000000
total commits 1000000
== results ==
Server 0: 0.292883000M TPS
Total tps: 0.292883000M
./ycsb -s 2 -d 0 -b 1 -i 1000000 -o 10 -t 2000000 -w 0 -a 100 -h 16 -p 1
 # clients:    1
 # servers:    2
 Key range:    0..2^29
 Write ratio:  0
 Total #recs: 2000000 
 Iterations:   1000000
Assinging core 0 to srv 0
Assinging core 4 to srv 1
srv 1 load time 0.000
srv 1 rec count: 0 partition sz 0-KB tx count: 1000000, per_txn_op cnt: 10
srv 0 load time 0.235
srv 0 rec count: 2000000 partition sz 265625-KB tx count: 1000000, per_txn_op cnt: 10
srv 0 starting txns
srv 1 starting txns
srv 1 query time 3.242
srv 0 query time 3.243
srv 0 quitting 
srv 1 quitting 
srv 0 commits 1000000
srv 1 commits 1000000
total commits 2000000
== results ==
Server 0: 0.308379000M TPS
Server 1: 0.308449000M TPS
Total tps: 0.616828000M
./ycsb -s 2 -d 0 -b 1 -i 1000000 -o 10 -t 2000000 -w 0 -a 100 -h 16 -p 1
 # clients:    1
 # servers:    2
 Key range:    0..2^29
 Write ratio:  0
 Total #recs: 2000000 
 Iterations:   1000000
Assinging core 0 to srv 0
Assinging core 4 to srv 1
srv 1 load time 0.000
srv 1 rec count: 0 partition sz 0-KB tx count: 1000000, per_txn_op cnt: 10
srv 0 load time 0.210
srv 0 rec count: 2000000 partition sz 265625-KB tx count: 1000000, per_txn_op cnt: 10
srv 0 starting txns
srv 1 starting txns
srv 0 query time 3.396
srv 1 query time 3.397
srv 1 quitting 
srv 0 quitting 
srv 0 commits 1000000
srv 1 commits 1000000
total commits 2000000
== results ==
Server 0: 0.294436000M TPS
Server 1: 0.294413000M TPS
Total tps: 0.588849000M
./ycsb -s 2 -d 0 -b 1 -i 1000000 -o 10 -t 2000000 -w 0 -a 100 -h 16 -p 1
 # clients:    1
 # servers:    2
 Key range:    0..2^29
 Write ratio:  0
 Total #recs: 2000000 
 Iterations:   1000000
Assinging core 0 to srv 0
Assinging core 4 to srv 1
srv 1 load time 0.000
srv 1 rec count: 0 partition sz 0-KB tx count: 1000000, per_txn_op cnt: 10
srv 0 load time 0.216
srv 0 rec count: 2000000 partition sz 265625-KB tx count: 1000000, per_txn_op cnt: 10
srv 0 starting txns
srv 1 starting txns
srv 0 query time 3.430
srv 1 query time 3.431
srv 0 quitting 
srv 1 quitting 
srv 0 commits 1000000
srv 1 commits 1000000
total commits 2000000
== results ==
Server 0: 0.291534000M TPS
Server 1: 0.291453000M TPS
Total tps: 0.582987000M
./ycsb -s 4 -d 0 -b 1 -i 1000000 -o 10 -t 4000000 -w 0 -a 100 -h 16 -p 1
 # clients:    1
 # servers:    4
 Key range:    0..2^29
 Write ratio:  0
 Total #recs: 4000000 
 Iterations:   1000000
Assinging core 0 to srv 0
Assinging core 4 to srv 1
Assinging core 8 to srv 2
Assinging core 12 to srv 3
srv 1 load time 0.000
srv 1 rec count: 0 partition sz 0-KB tx count: 1000000, per_txn_op cnt: 10
srv 2 load time 0.000
srv 2 rec count: 0 partition sz 0-KB tx count: 1000000, per_txn_op cnt: 10
srv 3 load time 0.000
srv 3 rec count: 0 partition sz 0-KB tx count: 1000000, per_txn_op cnt: 10
srv 0 load time 0.440
srv 0 rec count: 4000000 partition sz 531250-KB tx count: 1000000, per_txn_op cnt: 10
srv 0 starting txns
srv 1 starting txns
srv 3 starting txns
srv 2 starting txns
srv 2 query time 4.173
srv 3 query time 4.175
srv 0 query time 4.199
srv 1 query time 4.202
srv 1 quitting 
srv 2 quitting 
srv 3 quitting 
srv 0 quitting 
srv 0 commits 1000000
srv 1 commits 1000000
srv 2 commits 1000000
srv 3 commits 1000000
total commits 4000000
== results ==
Server 0: 0.238168000M TPS
Server 1: 0.238003000M TPS
Server 2: 0.239661000M TPS
Server 3: 0.239507000M TPS
Total tps: 0.955339000M
./ycsb -s 4 -d 0 -b 1 -i 1000000 -o 10 -t 4000000 -w 0 -a 100 -h 16 -p 1
 # clients:    1
 # servers:    4
 Key range:    0..2^29
 Write ratio:  0
 Total #recs: 4000000 
 Iterations:   1000000
Assinging core 0 to srv 0
Assinging core 4 to srv 1
Assinging core 8 to srv 2
Assinging core 12 to srv 3
srv 2 load time 0.000
srv 3 load time 0.000
srv 2 rec count: 0 partition sz 0-KB tx count: 1000000, per_txn_op cnt: 10
srv 1 load time 0.000
srv 1 rec count: 0 partition sz 0-KB tx count: 1000000, per_txn_op cnt: 10
srv 3 rec count: 0 partition sz 0-KB tx count: 1000000, per_txn_op cnt: 10
srv 0 load time 0.468
srv 0 rec count: 4000000 partition sz 531250-KB tx count: 1000000, per_txn_op cnt: 10
srv 0 starting txns
srv 1 starting txns
srv 2 starting txns
srv 3 starting txns
srv 2 query time 4.193
srv 3 query time 4.215
srv 1 query time 4.239
srv 0 query time 4.253
srv 0 quitting 
srv 3 quitting 
srv 1 quitting 
srv 2 quitting 
srv 0 commits 1000000
srv 1 commits 1000000
srv 2 commits 1000000
srv 3 commits 1000000
total commits 4000000
== results ==
Server 0: 0.235144000M TPS
Server 1: 0.235921000M TPS
Server 2: 0.238515000M TPS
Server 3: 0.237269000M TPS
Total tps: 0.946849000M
./ycsb -s 4 -d 0 -b 1 -i 1000000 -o 10 -t 4000000 -w 0 -a 100 -h 16 -p 1
 # clients:    1
 # servers:    4
 Key range:    0..2^29
 Write ratio:  0
 Total #recs: 4000000 
 Iterations:   1000000
Assinging core 0 to srv 0
Assinging core 4 to srv 1
Assinging core 8 to srv 2
Assinging core 12 to srv 3
srv 1 load time 0.000
srv 1 rec count: 0 partition sz 0-KB tx count: 1000000, per_txn_op cnt: 10
srv 3 load time 0.000
srv 3 rec count: 0 partition sz 0-KB tx count: 1000000, per_txn_op cnt: 10
srv 2 load time 0.000
srv 2 rec count: 0 partition sz 0-KB tx count: 1000000, per_txn_op cnt: 10
srv 0 load time 0.498
srv 0 rec count: 4000000 partition sz 531250-KB tx count: 1000000, per_txn_op cnt: 10
srv 0 starting txns
srv 2 starting txns
srv 3 starting txns
srv 1 starting txns
srv 2 query time 4.159
srv 3 query time 4.171
srv 1 query time 4.188
srv 0 query time 4.188
srv 0 quitting 
srv 2 quitting 
srv 3 quitting 
srv 1 quitting 
srv 0 commits 1000000
srv 1 commits 1000000
srv 2 commits 1000000
srv 3 commits 1000000
total commits 4000000
== results ==
Server 0: 0.238775000M TPS
Server 1: 0.238782000M TPS
Server 2: 0.240468000M TPS
Server 3: 0.239771000M TPS
Total tps: 0.957796000M
./ycsb -s 8 -d 0 -b 1 -i 1000000 -o 10 -t 8000000 -w 0 -a 100 -h 16 -p 1
 # clients:    1
 # servers:    8
 Key range:    0..2^29
 Write ratio:  0
 Total #recs: 8000000 
 Iterations:   1000000
Assinging core 0 to srv 0
Assinging core 4 to srv 1
Assinging core 8 to srv 2
Assinging core 12 to srv 3
Assinging core 16 to srv 4
Assinging core 20 to srv 5
Assinging core 24 to srv 6
srv 3 load time 0.000
srv 3 rec count: 0 partition sz 0-KB tx count: 1000000, per_txn_op cnt: 10
srv 1 load time 0.000
srv 1 rec count: 0 partition sz 0-KB tx count: 1000000, per_txn_op cnt: 10
srv 4 load time 0.000
srv 4 rec count: 0 partition sz 0-KB tx count: 1000000, per_txn_op cnt: 10
srv 6 load time 0.000
srv 6 rec count: 0 partition sz 0-KB tx count: 1000000, per_txn_op cnt: 10
srv 2 load time 0.000
srv 2 rec count: 0 partition sz 0-KB tx count: 1000000, per_txn_op cnt: 10
Assinging core 28 to srv 7
srv 5 load time 0.000
srv 5 rec count: 0 partition sz 0-KB tx count: 1000000, per_txn_op cnt: 10
srv 7 load time 0.000
srv 7 rec count: 0 partition sz 0-KB tx count: 1000000, per_txn_op cnt: 10
srv 0 load time 0.892
srv 0 rec count: 8000000 partition sz 1062500-KB tx count: 1000000, per_txn_op cnt: 10
srv 0 starting txns
srv 4 starting txns
srv 2 starting txns
srv 1 starting txns
srv 7 starting txns
srv 3 starting txns
srv 5 starting txns
srv 6 starting txns
srv 2 query time 5.967
srv 3 query time 5.968
srv 4 query time 5.971
srv 7 query time 5.979
srv 0 query time 5.979
srv 5 query time 6.009
srv 1 query time 6.014
srv 6 query time 6.052
srv 6 quitting 
srv 0 quitting 
srv 4 quitting 
srv 5 quitting 
srv 7 quitting 
srv 1 quitting 
srv 3 quitting 
srv 2 quitting 
srv 0 commits 1000000
srv 1 commits 1000000
srv 2 commits 1000000
srv 3 commits 1000000
srv 4 commits 1000000
srv 5 commits 1000000
srv 6 commits 1000000
srv 7 commits 1000000
total commits 8000000
== results ==
Server 0: 0.167263000M TPS
Server 1: 0.166273000M TPS
Server 2: 0.167582000M TPS
Server 3: 0.167551000M TPS
Server 4: 0.167476000M TPS
Server 5: 0.166404000M TPS
Server 6: 0.165225000M TPS
Server 7: 0.167244000M TPS
Total tps: 1.335018000M
./ycsb -s 8 -d 0 -b 1 -i 1000000 -o 10 -t 8000000 -w 0 -a 100 -h 16 -p 1
 # clients:    1
 # servers:    8
 Key range:    0..2^29
 Write ratio:  0
 Total #recs: 8000000 
 Iterations:   1000000
Assinging core 0 to srv 0
Assinging core 4 to srv 1
Assinging core 8 to srv 2
Assinging core 12 to srv 3
Assinging core 16 to srv 4
srv 2 load time 0.000
srv 2 rec count: 0 partition sz 0-KB tx count: 1000000, per_txn_op cnt: 10
Assinging core 20 to srv 5
srv 1 load time 0.000
srv 1 rec count: 0 partition sz 0-KB tx count: 1000000, per_txn_op cnt: 10
srv 3 load time 0.000
srv 3 rec count: 0 partition sz 0-KB tx count: 1000000, per_txn_op cnt: 10
srv 4 load time 0.000
Assinging core 24 to srv 6
srv 4 rec count: 0 partition sz 0-KB tx count: 1000000, per_txn_op cnt: 10
srv 5 load time 0.000
srv 5 rec count: 0 partition sz 0-KB tx count: 1000000, per_txn_op cnt: 10
Assinging core 28 to srv 7
srv 6 load time 0.000
srv 6 rec count: 0 partition sz 0-KB tx count: 1000000, per_txn_op cnt: 10
srv 7 load time 0.000
srv 7 rec count: 0 partition sz 0-KB tx count: 1000000, per_txn_op cnt: 10
srv 0 load time 0.925
srv 0 rec count: 8000000 partition sz 1062500-KB tx count: 1000000, per_txn_op cnt: 10
srv 0 starting txns
srv 7 starting txns
srv 2 starting txns
srv 3 starting txns
srv 5 starting txns
srv 6 starting txns
srv 1 starting txns
srv 4 starting txns
srv 4 query time 5.971
srv 2 query time 5.972
srv 7 query time 5.979
srv 1 query time 6.025
srv 0 query time 6.031
srv 5 query time 6.043
srv 6 query time 6.073
srv 3 query time 6.075
srv 3 quitting 
srv 5 quitting 
srv 6 quitting 
srv 7 quitting 
srv 2 quitting 
srv 0 quitting 
srv 1 quitting 
srv 4 quitting 
srv 0 commits 1000000
srv 1 commits 1000000
srv 2 commits 1000000
srv 3 commits 1000000
srv 4 commits 1000000
srv 5 commits 1000000
srv 6 commits 1000000
srv 7 commits 1000000
total commits 8000000
== results ==
Server 0: 0.165822000M TPS
Server 1: 0.165966000M TPS
Server 2: 0.167450000M TPS
Server 3: 0.164613000M TPS
Server 4: 0.167482000M TPS
Server 5: 0.165476000M TPS
Server 6: 0.164665000M TPS
Server 7: 0.167263000M TPS
Total tps: 1.328737000M
./ycsb -s 8 -d 0 -b 1 -i 1000000 -o 10 -t 8000000 -w 0 -a 100 -h 16 -p 1
 # clients:    1
 # servers:    8
 Key range:    0..2^29
 Write ratio:  0
 Total #recs: 8000000 
 Iterations:   1000000
Assinging core 0 to srv 0
Assinging core 4 to srv 1
Assinging core 8 to srv 2
Assinging core 12 to srv 3
Assinging core 16 to srv 4
Assinging core 20 to srv 5
Assinging core 24 to srv 6
srv 3 load time 0.000
srv 3 rec count: 0 partition sz 0-KB tx count: 1000000, per_txn_op cnt: 10
srv 1 load time 0.000
srv 1 rec count: 0 partition sz 0-KB tx count: 1000000, per_txn_op cnt: 10
srv 2 load time 0.000
srv 2 rec count: 0 partition sz 0-KB tx count: 1000000, per_txn_op cnt: 10
srv 5 load time 0.000
srv 5 rec count: 0 partition sz 0-KB tx count: 1000000, per_txn_op cnt: 10
Assinging core 28 to srv 7
srv 4 load time 0.000
srv 4 rec count: 0 partition sz 0-KB tx count: 1000000, per_txn_op cnt: 10
srv 6 load time 0.000
srv 6 rec count: 0 partition sz 0-KB tx count: 1000000, per_txn_op cnt: 10
srv 7 load time 0.000
srv 7 rec count: 0 partition sz 0-KB tx count: 1000000, per_txn_op cnt: 10
srv 0 load time 0.899
srv 0 rec count: 8000000 partition sz 1062500-KB tx count: 1000000, per_txn_op cnt: 10
srv 0 starting txns
srv 2 starting txns
srv 1 starting txns
srv 4 starting txns
srv 6 starting txns
srv 3 starting txns
srv 7 starting txns
srv 5 starting txns
srv 2 query time 5.976
srv 7 query time 5.986
srv 3 query time 5.989
srv 4 query time 6.005
srv 0 query time 6.028
srv 5 query time 6.033
srv 1 query time 6.044
srv 6 query time 6.084
srv 6 quitting 
srv 0 quitting 
srv 5 quitting 
srv 7 quitting 
srv 4 quitting 
srv 2 quitting 
srv 3 quitting 
srv 1 quitting 
srv 0 commits 1000000
srv 1 commits 1000000
srv 2 commits 1000000
srv 3 commits 1000000
srv 4 commits 1000000
srv 5 commits 1000000
srv 6 commits 1000000
srv 7 commits 1000000
total commits 8000000
== results ==
Server 0: 0.165898000M TPS
Server 1: 0.165464000M TPS
Server 2: 0.167329000M TPS
Server 3: 0.166973000M TPS
Server 4: 0.166528000M TPS
Server 5: 0.165743000M TPS
Server 6: 0.164375000M TPS
Server 7: 0.167052000M TPS
Total tps: 1.329362000M
./ycsb -s 16 -d 0 -b 1 -i 1000000 -o 10 -t 16000000 -w 0 -a 100 -h 16 -p 1
 # clients:    1
 # servers:    16
 Key range:    0..2^29
 Write ratio:  0
 Total #recs: 16000000 
 Iterations:   1000000
Assinging core 0 to srv 0
Assinging core 4 to srv 1
Assinging core 8 to srv 2
Assinging core 12 to srv 3
Assinging core 16 to srv 4
srv 1 load time 0.000
srv 2 load time 0.000
srv 2 rec count: 0 partition sz 0-KB tx count: 1000000, per_txn_op cnt: 10
srv 3 load time 0.000
srv 3 rec count: 0 partition sz 0-KB tx count: 1000000, per_txn_op cnt: 10
srv 1 rec count: 0 partition sz 0-KB tx count: 1000000, per_txn_op cnt: 10
Assinging core 20 to srv 5
srv 4 load time 0.000
srv 4 rec count: 0 partition sz 0-KB tx count: 1000000, per_txn_op cnt: 10
Assinging core 24 to srv 6
srv 5 load time 0.000
srv 5 rec count: 0 partition sz 0-KB tx count: 1000000, per_txn_op cnt: 10
Assinging core 28 to srv 7
srv 6 load time 0.000
Assinging core 32 to srv 8
srv 6 rec count: 0 partition sz 0-KB tx count: 1000000, per_txn_op cnt: 10
srv 7 load time 0.000
srv 7 rec count: 0 partition sz 0-KB tx count: 1000000, per_txn_op cnt: 10
Assinging core 36 to srv 9
Assinging core 40 to srv 10
Assinging core 44 to srv 11
Assinging core 48 to srv 12
Assinging core 52 to srv 13
srv 9 load time 0.000
Assinging core 56 to srv 14
srv 9 rec count: 0 partition sz 0-KB tx count: 1000000, per_txn_op cnt: 10
Assinging core 60 to srv 15
srv 11 load time 0.000
srv 11 rec count: 0 partition sz 0-KB tx count: 1000000, per_txn_op cnt: 10
srv 12 load time 0.000
srv 12 rec count: 0 partition sz 0-KB tx count: 1000000, per_txn_op cnt: 10
srv 13 load time 0.000
srv 13 rec count: 0 partition sz 0-KB tx count: 1000000, per_txn_op cnt: 10
srv 14 load time 0.000
srv 14 rec count: 0 partition sz 0-KB tx count: 1000000, per_txn_op cnt: 10
srv 15 load time 0.000
srv 15 rec count: 0 partition sz 0-KB tx count: 1000000, per_txn_op cnt: 10
srv 8 load time 0.000
srv 8 rec count: 0 partition sz 0-KB tx count: 1000000, per_txn_op cnt: 10
srv 10 load time 0.000
srv 10 rec count: 0 partition sz 0-KB tx count: 1000000, per_txn_op cnt: 10
srv 0 load time 1.796
srv 0 rec count: 16000000 partition sz 2125000-KB tx count: 1000000, per_txn_op cnt: 10
srv 0 starting txns
srv 14 starting txns
srv 15 starting txns
srv 5 starting txns
srv 8 starting txns
srv 6 starting txns
srv 10 starting txns
srv 11 starting txns
srv 13 starting txns
srv 3 starting txns
srv 9 starting txns
srv 12 starting txns
srv 7 starting txns
srv 2 starting txns
srv 1 starting txns
srv 4 starting txns
srv 2 query time 11.666
srv 9 query time 11.672
srv 14 query time 11.675
srv 8 query time 11.691
srv 7 query time 11.701
srv 3 query time 11.708
srv 5 query time 11.727
srv 10 query time 11.739
srv 1 query time 11.737
srv 0 query time 11.743
srv 15 query time 11.746
srv 12 query time 11.744
srv 13 query time 11.746
srv 4 query time 11.743
srv 11 query time 11.757
srv 6 query time 11.760
srv 6 quitting 
srv 11 quitting 
srv 0 quitting 
srv 4 quitting 
srv 15 quitting 
srv 2 quitting 
srv 12 quitting 
srv 13 quitting 
srv 14 quitting 
srv 1 quitting 
srv 9 quitting 
srv 5 quitting 
srv 3 quitting 
srv 7 quitting 
srv 10 quitting 
srv 8 quitting 
srv 0 commits 1000000
srv 1 commits 1000000
srv 2 commits 1000000
srv 3 commits 1000000
srv 4 commits 1000000
srv 5 commits 1000000
srv 6 commits 1000000
srv 7 commits 1000000
srv 8 commits 1000000
srv 9 commits 1000000
srv 10 commits 1000000
srv 11 commits 1000000
srv 12 commits 1000000
srv 13 commits 1000000
srv 14 commits 1000000
srv 15 commits 1000000
total commits 16000000
== results ==
Server 0: 0.085156000M TPS
Server 1: 0.085201000M TPS
Server 2: 0.085720000M TPS
Server 3: 0.085413000M TPS
Server 4: 0.085153000M TPS
Server 5: 0.085271000M TPS
Server 6: 0.085036000M TPS
Server 7: 0.085459000M TPS
Server 8: 0.085539000M TPS
Server 9: 0.085675000M TPS
Server 10: 0.085184000M TPS
Server 11: 0.085055000M TPS
Server 12: 0.085151000M TPS
Server 13: 0.085138000M TPS
Server 14: 0.085656000M TPS
Server 15: 0.085137000M TPS
Total tps: 1.364944000M
./ycsb -s 16 -d 0 -b 1 -i 1000000 -o 10 -t 16000000 -w 0 -a 100 -h 16 -p 1
 # clients:    1
 # servers:    16
 Key range:    0..2^29
 Write ratio:  0
 Total #recs: 16000000 
 Iterations:   1000000
Assinging core 0 to srv 0
Assinging core 4 to srv 1
Assinging core 8 to srv 2
Assinging core 12 to srv 3
Assinging core 16 to srv 4
Assinging core 20 to srv 5
Assinging core 24 to srv 6
srv 1 load time 0.000
srv 1 rec count: 0 partition sz 0-KB tx count: 1000000, per_txn_op cnt: 10
Assinging core 28 to srv 7
srv 2 load time 0.000
srv 2 rec count: 0 partition sz 0-KB tx count: 1000000, per_txn_op cnt: 10
srv 4 load time 0.000
srv 4 rec count: 0 partition sz 0-KB tx count: 1000000, per_txn_op cnt: 10
Assinging core 32 to srv 8
srv 3 load time 0.000
srv 3 rec count: 0 partition sz 0-KB tx count: 1000000, per_txn_op cnt: 10
srv 6 load time 0.000
srv 6 rec count: 0 partition sz 0-KB tx count: 1000000, per_txn_op cnt: 10
srv 5 load time 0.000
srv 5 rec count: 0 partition sz 0-KB tx count: 1000000, per_txn_op cnt: 10
srv 7 load time 0.000
srv 7 rec count: 0 partition sz 0-KB tx count: 1000000, per_txn_op cnt: 10
Assinging core 36 to srv 9
Assinging core 40 to srv 10
Assinging core 44 to srv 11
Assinging core 48 to srv 12
srv 8 load time 0.000
srv 8 rec count: 0 partition sz 0-KB tx count: 1000000, per_txn_op cnt: 10
Assinging core 52 to srv 13
srv 11 load time 0.000
srv 11 rec count: 0 partition sz 0-KB tx count: 1000000, per_txn_op cnt: 10
Assinging core 56 to srv 14
srv 10 load time 0.000
Assinging core 60 to srv 15
srv 10 rec count: 0 partition sz 0-KB tx count: 1000000, per_txn_op cnt: 10
srv 9 load time 0.000
srv 9 rec count: 0 partition sz 0-KB tx count: 1000000, per_txn_op cnt: 10
srv 12 load time 0.000
srv 12 rec count: 0 partition sz 0-KB tx count: 1000000, per_txn_op cnt: 10
srv 13 load time 0.000
srv 13 rec count: 0 partition sz 0-KB tx count: 1000000, per_txn_op cnt: 10
srv 14 load time 0.000
srv 14 rec count: 0 partition sz 0-KB tx count: 1000000, per_txn_op cnt: 10
srv 15 load time 0.000
srv 15 rec count: 0 partition sz 0-KB tx count: 1000000, per_txn_op cnt: 10
srv 0 load time 1.942
srv 0 rec count: 16000000 partition sz 2125000-KB tx count: 1000000, per_txn_op cnt: 10
srv 0 starting txns
srv 14 starting txns
srv 15 starting txns
srv 1 starting txns
srv 2 starting txns
srv 3 starting txns
srv 8 starting txns
srv 5 starting txns
srv 13 starting txns
srv 9 starting txns
srv 10 starting txns
srv 6 starting txns
srv 11 starting txns
srv 4 starting txns
srv 7 starting txns
srv 12 starting txns
srv 14 query time 11.699
srv 2 query time 11.716
srv 9 query time 11.725
srv 8 query time 11.743
srv 3 query time 11.751
srv 7 query time 11.764
srv 10 query time 11.792
srv 4 query time 11.795
srv 1 query time 11.797
srv 13 query time 11.800
srv 15 query time 11.801
srv 5 query time 11.804
srv 11 query time 11.805
srv 0 query time 11.809
srv 12 query time 11.821
srv 6 query time 11.827
srv 6 quitting 
srv 12 quitting 
srv 5 quitting 
srv 14 quitting 
srv 8 quitting 
srv 0 quitting 
srv 11 quitting 
srv 4 quitting 
srv 13 quitting 
srv 3 quitting 
srv 9 quitting 
srv 10 quitting 
srv 7 quitting 
srv 2 quitting 
srv 15 quitting 
srv 1 quitting 
srv 0 commits 1000000
srv 1 commits 1000000
srv 2 commits 1000000
srv 3 commits 1000000
srv 4 commits 1000000
srv 5 commits 1000000
srv 6 commits 1000000
srv 7 commits 1000000
srv 8 commits 1000000
srv 9 commits 1000000
srv 10 commits 1000000
srv 11 commits 1000000
srv 12 commits 1000000
srv 13 commits 1000000
srv 14 commits 1000000
srv 15 commits 1000000
total commits 16000000
== results ==
Server 0: 0.084681000M TPS
Server 1: 0.084770000M TPS
Server 2: 0.085355000M TPS
Server 3: 0.085097000M TPS
Server 4: 0.084783000M TPS
Server 5: 0.084714000M TPS
Server 6: 0.084552000M TPS
Server 7: 0.085003000M TPS
Server 8: 0.085154000M TPS
Server 9: 0.085286000M TPS
Server 10: 0.084805000M TPS
Server 11: 0.084713000M TPS
Server 12: 0.084591000M TPS
Server 13: 0.084749000M TPS
Server 14: 0.085476000M TPS
Server 15: 0.084736000M TPS
Total tps: 1.358465000M
./ycsb -s 16 -d 0 -b 1 -i 1000000 -o 10 -t 16000000 -w 0 -a 100 -h 16 -p 1
 # clients:    1
 # servers:    16
 Key range:    0..2^29
 Write ratio:  0
 Total #recs: 16000000 
 Iterations:   1000000
Assinging core 0 to srv 0
Assinging core 4 to srv 1
Assinging core 8 to srv 2
Assinging core 12 to srv 3
Assinging core 16 to srv 4
Assinging core 20 to srv 5
srv 2 load time 0.000
srv 2 rec count: 0 partition sz 0-KB tx count: 1000000, per_txn_op cnt: 10
srv 1 load time 0.000
srv 1 rec count: 0 partition sz 0-KB tx count: 1000000, per_txn_op cnt: 10
Assinging core 24 to srv 6
srv 3 load time 0.000
srv 3 rec count: 0 partition sz 0-KB tx count: 1000000, per_txn_op cnt: 10
Assinging core 28 to srv 7
srv 4 load time 0.000
srv 4 rec count: 0 partition sz 0-KB tx count: 1000000, per_txn_op cnt: 10
srv 5 load time 0.000
Assinging core 32 to srv 8
srv 5 rec count: 0 partition sz 0-KB tx count: 1000000, per_txn_op cnt: 10
srv 6 load time 0.000
srv 6 rec count: 0 partition sz 0-KB tx count: 1000000, per_txn_op cnt: 10
srv 7 load time 0.000
srv 7 rec count: 0 partition sz 0-KB tx count: 1000000, per_txn_op cnt: 10
Assinging core 36 to srv 9
Assinging core 40 to srv 10
Assinging core 44 to srv 11
srv 8 load time 0.000
srv 8 rec count: 0 partition sz 0-KB tx count: 1000000, per_txn_op cnt: 10
Assinging core 48 to srv 12
srv 10 load time 0.000
srv 10 rec count: 0 partition sz 0-KB tx count: 1000000, per_txn_op cnt: 10
Assinging core 52 to srv 13
srv 9 load time 0.000
srv 9 rec count: 0 partition sz 0-KB tx count: 1000000, per_txn_op cnt: 10
srv 11 load time 0.000
srv 11 rec count: 0 partition sz 0-KB tx count: 1000000, per_txn_op cnt: 10
Assinging core 56 to srv 14
srv 12 load time 0.000
srv 12 rec count: 0 partition sz 0-KB tx count: 1000000, per_txn_op cnt: 10
Assinging core 60 to srv 15
srv 13 load time 0.000
srv 13 rec count: 0 partition sz 0-KB tx count: 1000000, per_txn_op cnt: 10
srv 14 load time 0.000
srv 14 rec count: 0 partition sz 0-KB tx count: 1000000, per_txn_op cnt: 10
srv 15 load time 0.000
srv 15 rec count: 0 partition sz 0-KB tx count: 1000000, per_txn_op cnt: 10
srv 0 load time 1.794
srv 0 rec count: 16000000 partition sz 2125000-KB tx count: 1000000, per_txn_op cnt: 10
srv 0 starting txns
srv 14 starting txns
srv 6 starting txns
srv 10 starting txns
srv 7 starting txns
srv 1 starting txns
srv 5 starting txns
srv 2 starting txns
srv 15 starting txns
srv 13 starting txns
srv 11 starting txns
srv 8 starting txns
srv 3 starting txns
srv 4 starting txns
srv 9 starting txns
srv 12 starting txns
srv 14 query time 11.416
srv 9 query time 11.430
srv 2 query time 11.467
srv 8 query time 11.467
srv 4 query time 11.475
srv 3 query time 11.479
srv 10 query time 11.498
srv 7 query time 11.505
srv 15 query time 11.509
srv 1 query time 11.521
srv 0 query time 11.524
srv 13 query time 11.528
srv 5 query time 11.528
srv 11 query time 11.528
srv 12 query time 11.536
srv 6 query time 11.547
srv 6 quitting 
srv 0 quitting 
srv 5 quitting 
srv 2 quitting 
srv 7 quitting 
srv 14 quitting 
srv 12 quitting 
srv 11 quitting 
srv 1 quitting 
srv 15 quitting 
srv 13 quitting 
srv 8 quitting 
srv 3 quitting 
srv 10 quitting 
srv 9 quitting 
srv 4 quitting 
srv 0 commits 1000000
srv 1 commits 1000000
srv 2 commits 1000000
srv 3 commits 1000000
srv 4 commits 1000000
srv 5 commits 1000000
srv 6 commits 1000000
srv 7 commits 1000000
srv 8 commits 1000000
srv 9 commits 1000000
srv 10 commits 1000000
srv 11 commits 1000000
srv 12 commits 1000000
srv 13 commits 1000000
srv 14 commits 1000000
srv 15 commits 1000000
total commits 16000000
== results ==
Server 0: 0.086771000M TPS
Server 1: 0.086796000M TPS
Server 2: 0.087206000M TPS
Server 3: 0.087115000M TPS
Server 4: 0.087147000M TPS
Server 5: 0.086745000M TPS
Server 6: 0.086599000M TPS
Server 7: 0.086920000M TPS
Server 8: 0.087204000M TPS
Server 9: 0.087490000M TPS
Server 10: 0.086970000M TPS
Server 11: 0.086742000M TPS
Server 12: 0.086686000M TPS
Server 13: 0.086746000M TPS
Server 14: 0.087597000M TPS
Server 15: 0.086892000M TPS
Total tps: 1.391626000M
./ycsb -s 32 -d 0 -b 1 -i 1000000 -o 10 -t 32000000 -w 0 -a 100 -h 16 -p 1
 # clients:    1
 # servers:    32
 Key range:    0..2^29
 Write ratio:  0
 Total #recs: 32000000 
 Iterations:   1000000
Assinging core 0 to srv 0
Assinging core 4 to srv 1
Assinging core 8 to srv 2
Assinging core 12 to srv 3
srv 1 load time 0.000
srv 1 rec count: 0 partition sz 0-KB tx count: 1000000, per_txn_op cnt: 10
srv 3 load time 0.000
srv 3 rec count: 0 partition sz 0-KB tx count: 1000000, per_txn_op cnt: 10
Assinging core 16 to srv 4
srv 2 load time 0.000
srv 2 rec count: 0 partition sz 0-KB tx count: 1000000, per_txn_op cnt: 10
Assinging core 20 to srv 5
Assinging core 24 to srv 6
srv 4 load time 0.000
srv 4 rec count: 0 partition sz 0-KB tx count: 1000000, per_txn_op cnt: 10
srv 5 load time 0.000
srv 5 rec count: 0 partition sz 0-KB tx count: 1000000, per_txn_op cnt: 10
Assinging core 28 to srv 7
Assinging core 32 to srv 8
srv 7 load time 0.000
srv 7 rec count: 0 partition sz 0-KB tx count: 1000000, per_txn_op cnt: 10
srv 6 load time 0.000
srv 6 rec count: 0 partition sz 0-KB tx count: 1000000, per_txn_op cnt: 10
Assinging core 36 to srv 9
srv 8 load time 0.000
srv 8 rec count: 0 partition sz 0-KB tx count: 1000000, per_txn_op cnt: 10
Assinging core 40 to srv 10
srv 9 load time 0.000
srv 9 rec count: 0 partition sz 0-KB tx count: 1000000, per_txn_op cnt: 10
Assinging core 44 to srv 11
Assinging core 48 to srv 12
srv 11 load time 0.000
srv 11 rec count: 0 partition sz 0-KB tx count: 1000000, per_txn_op cnt: 10
srv 10 load time 0.000
srv 10 rec count: 0 partition sz 0-KB tx count: 1000000, per_txn_op cnt: 10
Assinging core 52 to srv 13
srv 12 load time 0.000
srv 12 rec count: 0 partition sz 0-KB tx count: 1000000, per_txn_op cnt: 10
Assinging core 56 to srv 14
Assinging core 60 to srv 15
srv 13 load time 0.000
srv 13 rec count: 0 partition sz 0-KB tx count: 1000000, per_txn_op cnt: 10
srv 14 load time 0.000
srv 14 rec count: 0 partition sz 0-KB tx count: 1000000, per_txn_op cnt: 10
Assinging core 64 to srv 16
Assinging core 68 to srv 17
srv 15 load time 0.000
srv 15 rec count: 0 partition sz 0-KB tx count: 1000000, per_txn_op cnt: 10
Assinging core 1 to srv 18
srv 16 load time 0.000
srv 16 rec count: 0 partition sz 0-KB tx count: 1000000, per_txn_op cnt: 10
Assinging core 5 to srv 19
srv 17 load time 0.000
srv 17 rec count: 0 partition sz 0-KB tx count: 1000000, per_txn_op cnt: 10
Assinging core 9 to srv 20
srv 18 load time 0.000
srv 18 rec count: 0 partition sz 0-KB tx count: 1000000, per_txn_op cnt: 10
Assinging core 13 to srv 21
srv 19 load time 0.000
srv 19 rec count: 0 partition sz 0-KB tx count: 1000000, per_txn_op cnt: 10
Assinging core 17 to srv 22
srv 20 load time 0.000
srv 20 rec count: 0 partition sz 0-KB tx count: 1000000, per_txn_op cnt: 10
srv 21 load time 0.000
srv 21 rec count: 0 partition sz 0-KB tx count: 1000000, per_txn_op cnt: 10
Assinging core 21 to srv 23
Assinging core 25 to srv 24
Assinging core 29 to srv 25
srv 22 load time 0.000
srv 22 rec count: 0 partition sz 0-KB tx count: 1000000, per_txn_op cnt: 10
Assinging core 33 to srv 26
srv 23 load time 0.000
srv 23 rec count: 0 partition sz 0-KB tx count: 1000000, per_txn_op cnt: 10
Assinging core 37 to srv 27
srv 24 load time 0.000
srv 24 rec count: 0 partition sz 0-KB tx count: 1000000, per_txn_op cnt: 10
Assinging core 41 to srv 28
srv 25 load time 0.000
srv 25 rec count: 0 partition sz 0-KB tx count: 1000000, per_txn_op cnt: 10
Assinging core 45 to srv 29
srv 26 load time 0.000
srv 26 rec count: 0 partition sz 0-KB tx count: 1000000, per_txn_op cnt: 10
Assinging core 49 to srv 30
srv 27 load time 0.000
srv 27 rec count: 0 partition sz 0-KB tx count: 1000000, per_txn_op cnt: 10
Assinging core 53 to srv 31
srv 28 load time 0.000
srv 28 rec count: 0 partition sz 0-KB tx count: 1000000, per_txn_op cnt: 10
srv 29 load time 0.000
srv 29 rec count: 0 partition sz 0-KB tx count: 1000000, per_txn_op cnt: 10
srv 30 load time 0.000
srv 30 rec count: 0 partition sz 0-KB tx count: 1000000, per_txn_op cnt: 10
srv 31 load time 0.000
srv 31 rec count: 0 partition sz 0-KB tx count: 1000000, per_txn_op cnt: 10
srv 0 load time 3.691
srv 0 rec count: 32000000 partition sz 4250000-KB tx count: 1000000, per_txn_op cnt: 10
srv 0 starting txns
srv 31 starting txns
srv 30 starting txns
srv 24 starting txns
srv 27 starting txns
srv 28 starting txns
srv 21 starting txns
srv 14 starting txns
srv 9 starting txns
srv 7 starting txns
srv 8 starting txns
srv 26 starting txns
srv 3 starting txns
srv 5 starting txns
srv 19 starting txns
srv 25 starting txns
srv 20 starting txns
srv 18 starting txns
srv 22 starting txns
srv 1 starting txns
srv 17 starting txns
srv 13 starting txns
srv 11 starting txns
srv 29 starting txns
srv 16 starting txns
srv 4 starting txns
srv 2 starting txns
srv 12 starting txns
srv 23 starting txns
srv 6 starting txns
srv 15 starting txns
srv 10 starting txns
srv 21 query time 80.536
srv 20 query time 80.632
srv 23 query time 80.658
srv 26 query time 80.705
srv 25 query time 80.707
srv 28 query time 80.731
srv 2 query time 80.765
srv 24 query time 80.780
srv 27 query time 80.795
srv 22 query time 80.798
srv 0 query time 80.824
srv 7 query time 80.852
srv 14 query time 80.857
srv 8 query time 80.874
srv 9 query time 80.873
srv 19 query time 80.880
srv 30 query time 80.882
srv 1 query time 80.893
srv 6 query time 80.900
srv 16 query time 80.908
srv 10 query time 80.904
srv 3 query time 80.914
srv 12 query time 80.911
srv 4 query time 80.908
srv 5 query time 80.914
srv 31 query time 80.917
srv 18 query time 80.922
srv 11 query time 80.921
srv 17 query time 80.935
srv 29 query time 80.946
srv 13 query time 80.944
srv 15 query time 80.945
srv 15 quitting 
srv 25 quitting 
srv 19 quitting 
srv 14 quitting 
srv 29 quitting 
srv 28 quitting 
srv 24 quitting 
srv 30 quitting 
srv 31 quitting 
srv 16 quitting 
srv 23 quitting 
srv 20 quitting 
srv 8 quitting 
srv 18 quitting 
srv 2 quitting 
srv 0 quitting 
srv 26 quitting 
srv 9 quitting 
srv 10 quitting 
srv 11 quitting 
srv 1 quitting 
srv 4 quitting 
srv 3 quitting 
srv 12 quitting 
srv 13 quitting 
srv 17 quitting 
srv 21 quitting 
srv 22 quitting 
srv 27 quitting 
srv 7 quitting 
srv 5 quitting 
srv 6 quitting 
srv 0 commits 1000000
srv 1 commits 1000000
srv 2 commits 1000000
srv 3 commits 1000000
srv 4 commits 1000000
srv 5 commits 1000000
srv 6 commits 1000000
srv 7 commits 1000000
srv 8 commits 1000000
srv 9 commits 1000000
srv 10 commits 1000000
srv 11 commits 1000000
srv 12 commits 1000000
srv 13 commits 1000000
srv 14 commits 1000000
srv 15 commits 1000000
srv 16 commits 1000000
srv 17 commits 1000000
srv 18 commits 1000000
srv 19 commits 1000000
srv 20 commits 1000000
srv 21 commits 1000000
srv 22 commits 1000000
srv 23 commits 1000000
srv 24 commits 1000000
srv 25 commits 1000000
srv 26 commits 1000000
srv 27 commits 1000000
srv 28 commits 1000000
srv 29 commits 1000000
srv 30 commits 1000000
srv 31 commits 1000000
total commits 32000000
== results ==
Server 0: 0.012372000M TPS
Server 1: 0.012361000M TPS
Server 2: 0.012381000M TPS
Server 3: 0.012358000M TPS
Server 4: 0.012359000M TPS
Server 5: 0.012358000M TPS
Server 6: 0.012360000M TPS
Server 7: 0.012368000M TPS
Server 8: 0.012364000M TPS
Server 9: 0.012365000M TPS
Server 10: 0.012360000M TPS
Server 11: 0.012357000M TPS
Server 12: 0.012359000M TPS
Server 13: 0.012354000M TPS
Server 14: 0.012367000M TPS
Server 15: 0.012354000M TPS
Server 16: 0.012359000M TPS
Server 17: 0.012355000M TPS
Server 18: 0.012357000M TPS
Server 19: 0.012363000M TPS
Server 20: 0.012402000M TPS
Server 21: 0.012416000M TPS
Server 22: 0.012376000M TPS
Server 23: 0.012397000M TPS
Server 24: 0.012379000M TPS
Server 25: 0.012390000M TPS
Server 26: 0.012390000M TPS
Server 27: 0.012377000M TPS
Server 28: 0.012386000M TPS
Server 29: 0.012353000M TPS
Server 30: 0.012363000M TPS
Server 31: 0.012358000M TPS
Total tps: 0.395818000M
./ycsb -s 32 -d 0 -b 1 -i 1000000 -o 10 -t 32000000 -w 0 -a 100 -h 16 -p 1
 # clients:    1
 # servers:    32
 Key range:    0..2^29
 Write ratio:  0
 Total #recs: 32000000 
 Iterations:   1000000
Assinging core 0 to srv 0
Assinging core 4 to srv 1
Assinging core 8 to srv 2
Assinging core 12 to srv 3
Assinging core 16 to srv 4
Assinging core 20 to srv 5
srv 1 load time 0.000
srv 1 rec count: 0 partition sz 0-KB tx count: 1000000, per_txn_op cnt: 10
srv 3 load time 0.000
srv 3 rec count: 0 partition sz 0-KB tx count: 1000000, per_txn_op cnt: 10
Assinging core 24 to srv 6
srv 2 load time 0.000
srv 2 rec count: 0 partition sz 0-KB tx count: 1000000, per_txn_op cnt: 10
srv 4 load time 0.000
srv 4 rec count: 0 partition sz 0-KB tx count: 1000000, per_txn_op cnt: 10
srv 5 load time 0.000
srv 5 rec count: 0 partition sz 0-KB tx count: 1000000, per_txn_op cnt: 10
Assinging core 28 to srv 7
Assinging core 32 to srv 8
srv 6 load time 0.000
srv 6 rec count: 0 partition sz 0-KB tx count: 1000000, per_txn_op cnt: 10
Assinging core 36 to srv 9
srv 8 load time 0.000
srv 8 rec count: 0 partition sz 0-KB tx count: 1000000, per_txn_op cnt: 10
Assinging core 40 to srv 10
Assinging core 44 to srv 11
Assinging core 48 to srv 12
Assinging core 52 to srv 13
srv 9 load time 0.000
srv 9 rec count: 0 partition sz 0-KB tx count: 1000000, per_txn_op cnt: 10
Assinging core 56 to srv 14
srv 10 load time 0.000
Assinging core 60 to srv 15
srv 10 rec count: 0 partition sz 0-KB tx count: 1000000, per_txn_op cnt: 10
srv 11 load time 0.000
srv 11 rec count: 0 partition sz 0-KB tx count: 1000000, per_txn_op cnt: 10
srv 12 load time 0.000
Assinging core 64 to srv 16
srv 12 rec count: 0 partition sz 0-KB tx count: 1000000, per_txn_op cnt: 10
srv 7 load time 0.000
srv 7 rec count: 0 partition sz 0-KB tx count: 1000000, per_txn_op cnt: 10
srv 13 load time 0.000
srv 13 rec count: 0 partition sz 0-KB tx count: 1000000, per_txn_op cnt: 10
Assinging core 68 to srv 17
srv 14 load time 0.000
srv 14 rec count: 0 partition sz 0-KB tx count: 1000000, per_txn_op cnt: 10
Assinging core 1 to srv 18
srv 15 load time 0.000
srv 15 rec count: 0 partition sz 0-KB tx count: 1000000, per_txn_op cnt: 10
Assinging core 5 to srv 19
srv 16 load time 0.000
srv 16 rec count: 0 partition sz 0-KB tx count: 1000000, per_txn_op cnt: 10
srv 17 load time 0.000
srv 17 rec count: 0 partition sz 0-KB tx count: 1000000, per_txn_op cnt: 10
srv 18 load time 0.000
srv 18 rec count: 0 partition sz 0-KB tx count: 1000000, per_txn_op cnt: 10
Assinging core 9 to srv 20
Assinging core 13 to srv 21
Assinging core 17 to srv 22
Assinging core 21 to srv 23
srv 19 load time 0.000
srv 19 rec count: 0 partition sz 0-KB tx count: 1000000, per_txn_op cnt: 10
Assinging core 25 to srv 24
srv 20 load time 0.000
srv 20 rec count: 0 partition sz 0-KB tx count: 1000000, per_txn_op cnt: 10
Assinging core 29 to srv 25
srv 22 load time 0.000
srv 22 rec count: 0 partition sz 0-KB tx count: 1000000, per_txn_op cnt: 10
srv 21 load time 0.000
srv 21 rec count: 0 partition sz 0-KB tx count: 1000000, per_txn_op cnt: 10
Assinging core 33 to srv 26
srv 23 load time 0.000
srv 23 rec count: 0 partition sz 0-KB tx count: 1000000, per_txn_op cnt: 10
Assinging core 37 to srv 27
srv 24 load time 0.000
srv 24 rec count: 0 partition sz 0-KB tx count: 1000000, per_txn_op cnt: 10
srv 25 load time 0.000
srv 25 rec count: 0 partition sz 0-KB tx count: 1000000, per_txn_op cnt: 10
srv 26 load time 0.000
srv 26 rec count: 0 partition sz 0-KB tx count: 1000000, per_txn_op cnt: 10
Assinging core 41 to srv 28
Assinging core 45 to srv 29
srv 27 load time 0.000
srv 27 rec count: 0 partition sz 0-KB tx count: 1000000, per_txn_op cnt: 10
Assinging core 49 to srv 30
srv 28 load time 0.000
srv 28 rec count: 0 partition sz 0-KB tx count: 1000000, per_txn_op cnt: 10
Assinging core 53 to srv 31
srv 29 load time 0.000
srv 29 rec count: 0 partition sz 0-KB tx count: 1000000, per_txn_op cnt: 10
srv 30 load time 0.000
srv 30 rec count: 0 partition sz 0-KB tx count: 1000000, per_txn_op cnt: 10
srv 31 load time 0.000
srv 31 rec count: 0 partition sz 0-KB tx count: 1000000, per_txn_op cnt: 10
srv 0 load time 3.804
srv 0 rec count: 32000000 partition sz 4250000-KB tx count: 1000000, per_txn_op cnt: 10
srv 0 starting txns
srv 24 starting txns
srv 2 starting txns
srv 27 starting txns
srv 4 starting txns
srv 10 starting txns
srv 23 starting txns
srv 28 starting txns
srv 11 starting txns
srv 15 starting txns
srv 16 starting txns
srv 31 starting txns
srv 20 starting txns
srv 6 starting txns
srv 30 starting txns
srv 17 starting txns
srv 22 starting txns
srv 25 starting txns
srv 1 starting txns
srv 26 starting txns
srv 5 starting txns
srv 13 starting txns
srv 21 starting txns
srv 8 starting txns
srv 14 starting txns
srv 19 starting txns
srv 7 starting txns
srv 9 starting txns
srv 29 starting txns
srv 18 starting txns
srv 12 starting txns
srv 3 starting txns
srv 23 query time 86.419
srv 18 query time 86.546
srv 24 query time 86.563
srv 1 query time 86.574
srv 21 query time 86.580
srv 5 query time 86.585
srv 8 query time 86.593
srv 19 query time 86.606
srv 0 query time 86.610
srv 25 query time 86.649
srv 27 query time 86.652
srv 17 query time 86.655
srv 2 query time 86.674
srv 3 query time 86.676
srv 6 query time 86.683
srv 13 query time 86.702
srv 4 query time 86.716
srv 9 query time 86.720
srv 16 query time 86.723
srv 22 query time 86.721
srv 14 query time 86.726
srv 11 query time 86.726
srv 12 query time 86.735
srv 10 query time 86.738
srv 26 query time 86.747
srv 28 query time 86.746
srv 20 query time 86.746
srv 7 query time 86.749
srv 15 query time 86.751
srv 30 query time 86.756
srv 29 query time 86.756
srv 31 query time 86.758
srv 31 quitting 
srv 15 quitting 
srv 17 quitting 
srv 30 quitting 
srv 18 quitting 
srv 20 quitting 
srv 26 quitting 
srv 5 quitting 
srv 13 quitting 
srv 16 quitting 
srv 11 quitting 
srv 10 quitting 
srv 25 quitting 
srv 0 quitting 
srv 22 quitting 
srv 9 quitting 
srv 24 quitting 
srv 12 quitting 
srv 21 quitting 
srv 1 quitting 
srv 7 quitting 
srv 19 quitting 
srv 23 quitting 
srv 3 quitting 
srv 28 quitting 
srv 2 quitting 
srv 27 quitting 
srv 14 quitting 
srv 29 quitting 
srv 8 quitting 
srv 6 quitting 
srv 4 quitting 
srv 0 commits 1000000
srv 1 commits 1000000
srv 2 commits 1000000
srv 3 commits 1000000
srv 4 commits 1000000
srv 5 commits 1000000
srv 6 commits 1000000
srv 7 commits 1000000
srv 8 commits 1000000
srv 9 commits 1000000
srv 10 commits 1000000
srv 11 commits 1000000
srv 12 commits 1000000
srv 13 commits 1000000
srv 14 commits 1000000
srv 15 commits 1000000
srv 16 commits 1000000
srv 17 commits 1000000
srv 18 commits 1000000
srv 19 commits 1000000
srv 20 commits 1000000
srv 21 commits 1000000
srv 22 commits 1000000
srv 23 commits 1000000
srv 24 commits 1000000
srv 25 commits 1000000
srv 26 commits 1000000
srv 27 commits 1000000
srv 28 commits 1000000
srv 29 commits 1000000
srv 30 commits 1000000
srv 31 commits 1000000
total commits 32000000
== results ==
Server 0: 0.011546000M TPS
Server 1: 0.011550000M TPS
Server 2: 0.011537000M TPS
Server 3: 0.011537000M TPS
Server 4: 0.011531000M TPS
Server 5: 0.011549000M TPS
Server 6: 0.011536000M TPS
Server 7: 0.011527000M TPS
Server 8: 0.011548000M TPS
Server 9: 0.011531000M TPS
Server 10: 0.011528000M TPS
Server 11: 0.011530000M TPS
Server 12: 0.011529000M TPS
Server 13: 0.011533000M TPS
Server 14: 0.011530000M TPS
Server 15: 0.011527000M TPS
Server 16: 0.011530000M TPS
Server 17: 0.011540000M TPS
Server 18: 0.011554000M TPS
Server 19: 0.011546000M TPS
Server 20: 0.011527000M TPS
Server 21: 0.011549000M TPS
Server 22: 0.011531000M TPS
Server 23: 0.011571000M TPS
Server 24: 0.011552000M TPS
Server 25: 0.011540000M TPS
Server 26: 0.011527000M TPS
Server 27: 0.011540000M TPS
Server 28: 0.011527000M TPS
Server 29: 0.011526000M TPS
Server 30: 0.011526000M TPS
Server 31: 0.011526000M TPS
Total tps: 0.369181000M
./ycsb -s 32 -d 0 -b 1 -i 1000000 -o 10 -t 32000000 -w 0 -a 100 -h 16 -p 1
 # clients:    1
 # servers:    32
 Key range:    0..2^29
 Write ratio:  0
 Total #recs: 32000000 
 Iterations:   1000000
Assinging core 0 to srv 0
Assinging core 4 to srv 1
Assinging core 8 to srv 2
Assinging core 12 to srv 3
Assinging core 16 to srv 4
Assinging core 20 to srv 5
srv 1 load time 0.000
srv 1 rec count: 0 partition sz 0-KB tx count: 1000000, per_txn_op cnt: 10
Assinging core 24 to srv 6
srv 2 load time 0.000
srv 2 rec count: 0 partition sz 0-KB tx count: 1000000, per_txn_op cnt: 10
srv 3 load time 0.000
srv 3 rec count: 0 partition sz 0-KB tx count: 1000000, per_txn_op cnt: 10
srv 4 load time 0.000
srv 4 rec count: 0 partition sz 0-KB tx count: 1000000, per_txn_op cnt: 10
Assinging core 28 to srv 7
srv 5 load time 0.000
srv 5 rec count: 0 partition sz 0-KB tx count: 1000000, per_txn_op cnt: 10
Assinging core 32 to srv 8
srv 6 load time 0.000
srv 6 rec count: 0 partition sz 0-KB tx count: 1000000, per_txn_op cnt: 10
srv 7 load time 0.000
srv 7 rec count: 0 partition sz 0-KB tx count: 1000000, per_txn_op cnt: 10
Assinging core 36 to srv 9
Assinging core 40 to srv 10
Assinging core 44 to srv 11
Assinging core 48 to srv 12
srv 8 load time 0.000
srv 8 rec count: 0 partition sz 0-KB tx count: 1000000, per_txn_op cnt: 10
srv 9 load time 0.000
srv 9 rec count: 0 partition sz 0-KB tx count: 1000000, per_txn_op cnt: 10
Assinging core 52 to srv 13
srv 11 load time 0.000
srv 11 rec count: 0 partition sz 0-KB tx count: 1000000, per_txn_op cnt: 10
srv 10 load time 0.000
srv 10 rec count: 0 partition sz 0-KB tx count: 1000000, per_txn_op cnt: 10
Assinging core 56 to srv 14
srv 12 load time 0.000
srv 12 rec count: 0 partition sz 0-KB tx count: 1000000, per_txn_op cnt: 10
Assinging core 60 to srv 15
srv 13 load time 0.000
srv 13 rec count: 0 partition sz 0-KB tx count: 1000000, per_txn_op cnt: 10
srv 14 load time 0.000
srv 14 rec count: 0 partition sz 0-KB tx count: 1000000, per_txn_op cnt: 10
Assinging core 64 to srv 16
Assinging core 68 to srv 17
Assinging core 1 to srv 18
srv 15 load time 0.000
srv 15 rec count: 0 partition sz 0-KB tx count: 1000000, per_txn_op cnt: 10
Assinging core 5 to srv 19
srv 17 load time 0.000
srv 17 rec count: 0 partition sz 0-KB tx count: 1000000, per_txn_op cnt: 10
Assinging core 9 to srv 20
srv 18 load time 0.000
srv 16 load time 0.000
Assinging core 13 to srv 21
srv 16 rec count: 0 partition sz 0-KB tx count: 1000000, per_txn_op cnt: 10
srv 18 rec count: 0 partition sz 0-KB tx count: 1000000, per_txn_op cnt: 10
srv 19 load time 0.000
srv 19 rec count: 0 partition sz 0-KB tx count: 1000000, per_txn_op cnt: 10
Assinging core 17 to srv 22
srv 20 load time 0.000
srv 20 rec count: 0 partition sz 0-KB tx count: 1000000, per_txn_op cnt: 10
Assinging core 21 to srv 23
srv 21 load time 0.000
srv 21 rec count: 0 partition sz 0-KB tx count: 1000000, per_txn_op cnt: 10
srv 22 load time 0.000
srv 22 rec count: 0 partition sz 0-KB tx count: 1000000, per_txn_op cnt: 10
Assinging core 25 to srv 24
Assinging core 29 to srv 25
Assinging core 33 to srv 26
srv 23 load time 0.000
srv 23 rec count: 0 partition sz 0-KB tx count: 1000000, per_txn_op cnt: 10
Assinging core 37 to srv 27
srv 25 load time 0.000
srv 25 rec count: 0 partition sz 0-KB tx count: 1000000, per_txn_op cnt: 10
Assinging core 41 to srv 28
srv 24 load time 0.000
srv 24 rec count: 0 partition sz 0-KB tx count: 1000000, per_txn_op cnt: 10
srv 26 load time 0.000
srv 26 rec count: 0 partition sz 0-KB tx count: 1000000, per_txn_op cnt: 10
Assinging core 45 to srv 29
srv 27 load time 0.000
srv 27 rec count: 0 partition sz 0-KB tx count: 1000000, per_txn_op cnt: 10
Assinging core 49 to srv 30
srv 28 load time 0.000
srv 28 rec count: 0 partition sz 0-KB tx count: 1000000, per_txn_op cnt: 10
srv 29 load time 0.000
srv 29 rec count: 0 partition sz 0-KB tx count: 1000000, per_txn_op cnt: 10
Assinging core 53 to srv 31
srv 30 load time 0.000
srv 30 rec count: 0 partition sz 0-KB tx count: 1000000, per_txn_op cnt: 10
srv 31 load time 0.000
srv 31 rec count: 0 partition sz 0-KB tx count: 1000000, per_txn_op cnt: 10
srv 0 load time 3.522
srv 0 rec count: 32000000 partition sz 4250000-KB tx count: 1000000, per_txn_op cnt: 10
srv 0 starting txns
srv 31 starting txns
srv 15 starting txns
srv 30 starting txns
srv 10 starting txns
srv 1 starting txns
srv 13 starting txns
srv 9 starting txns
srv 6 starting txns
srv 8 starting txns
srv 7 starting txns
srv 14 starting txns
srv 3 starting txns
srv 4 starting txns
srv 11 starting txns
srv 17 starting txns
srv 12 starting txns
srv 5 starting txns
srv 2 starting txns
srv 16 starting txns
srv 28 starting txns
srv 20 starting txns
srv 25 starting txns
srv 26 starting txns
srv 24 starting txns
srv 29 starting txns
srv 27 starting txns
srv 22 starting txns
srv 21 starting txns
srv 18 starting txns
srv 23 starting txns
srv 19 starting txns
srv 21 query time 85.364
srv 3 query time 85.411
srv 20 query time 85.428
srv 18 query time 85.475
srv 23 query time 85.531
srv 26 query time 85.536
srv 7 query time 85.560
srv 22 query time 85.578
srv 8 query time 85.580
srv 14 query time 85.593
srv 0 query time 85.598
srv 19 query time 85.595
srv 24 query time 85.601
srv 27 query time 85.608
srv 2 query time 85.623
srv 28 query time 85.632
srv 9 query time 85.639
srv 15 query time 85.644
srv 25 query time 85.651
srv 1 query time 85.662
srv 12 query time 85.660
srv 17 query time 85.662
srv 10 query time 85.662
srv 16 query time 85.675
srv 5 query time 85.682
srv 11 query time 85.687
srv 30 query time 85.695
srv 31 query time 85.699
srv 6 query time 85.694
srv 29 query time 85.703
srv 13 query time 85.728
srv 4 query time 85.733
srv 4 quitting 
srv 11 quitting 
srv 31 quitting 
srv 25 quitting 
srv 20 quitting 
srv 0 quitting 
srv 18 quitting 
srv 8 quitting 
srv 16 quitting 
srv 24 quitting 
srv 15 quitting 
srv 13 quitting 
srv 26 quitting 
srv 30 quitting 
srv 2 quitting 
srv 3 quitting 
srv 6 quitting 
srv 28 quitting 
srv 21 quitting 
srv 10 quitting 
srv 22 quitting 
srv 19 quitting 
srv 29 quitting 
srv 9 quitting 
srv 14 quitting 
srv 23 quitting 
srv 5 quitting 
srv 27 quitting 
srv 12 quitting 
srv 7 quitting 
srv 1 quitting 
srv 17 quitting 
srv 0 commits 1000000
srv 1 commits 1000000
srv 2 commits 1000000
srv 3 commits 1000000
srv 4 commits 1000000
srv 5 commits 1000000
srv 6 commits 1000000
srv 7 commits 1000000
srv 8 commits 1000000
srv 9 commits 1000000
srv 10 commits 1000000
srv 11 commits 1000000
srv 12 commits 1000000
srv 13 commits 1000000
srv 14 commits 1000000
srv 15 commits 1000000
srv 16 commits 1000000
srv 17 commits 1000000
srv 18 commits 1000000
srv 19 commits 1000000
srv 20 commits 1000000
srv 21 commits 1000000
srv 22 commits 1000000
srv 23 commits 1000000
srv 24 commits 1000000
srv 25 commits 1000000
srv 26 commits 1000000
srv 27 commits 1000000
srv 28 commits 1000000
srv 29 commits 1000000
srv 30 commits 1000000
srv 31 commits 1000000
total commits 32000000
== results ==
Server 0: 0.011682000M TPS
Server 1: 0.011673000M TPS
Server 2: 0.011679000M TPS
Server 3: 0.011708000M TPS
Server 4: 0.011664000M TPS
Server 5: 0.011671000M TPS
Server 6: 0.011669000M TPS
Server 7: 0.011687000M TPS
Server 8: 0.011684000M TPS
Server 9: 0.011676000M TPS
Server 10: 0.011673000M TPS
Server 11: 0.011670000M TPS
Server 12: 0.011674000M TPS
Server 13: 0.011664000M TPS
Server 14: 0.011683000M TPS
Server 15: 0.011676000M TPS
Server 16: 0.011672000M TPS
Server 17: 0.011673000M TPS
Server 18: 0.011699000M TPS
Server 19: 0.011682000M TPS
Server 20: 0.011705000M TPS
Server 21: 0.011714000M TPS
Server 22: 0.011685000M TPS
Server 23: 0.011691000M TPS
Server 24: 0.011682000M TPS
Server 25: 0.011675000M TPS
Server 26: 0.011691000M TPS
Server 27: 0.011681000M TPS
Server 28: 0.011677000M TPS
Server 29: 0.011668000M TPS
Server 30: 0.011669000M TPS
Server 31: 0.011668000M TPS
Total tps: 0.373765000M
./ycsb -s 64 -d 0 -b 1 -i 1000000 -o 10 -t 64000000 -w 0 -a 100 -h 16 -p 1
 # clients:    1
 # servers:    64
 Key range:    0..2^29
 Write ratio:  0
 Total #recs: 64000000 
 Iterations:   1000000
Assinging core 0 to srv 0
Assinging core 4 to srv 1
Assinging core 8 to srv 2
Assinging core 12 to srv 3
Assinging core 16 to srv 4
srv 1 load time 0.000
srv 3 load time 0.000
srv 3 rec count: 0 partition sz 0-KB tx count: 1000000, per_txn_op cnt: 10
srv 2 load time 0.000
srv 1 rec count: 0 partition sz 0-KB tx count: 1000000, per_txn_op cnt: 10
srv 2 rec count: 0 partition sz 0-KB tx count: 1000000, per_txn_op cnt: 10
Assinging core 20 to srv 5
srv 4 load time 0.000
srv 4 rec count: 0 partition sz 0-KB tx count: 1000000, per_txn_op cnt: 10
Assinging core 24 to srv 6
Assinging core 28 to srv 7
srv 5 load time 0.000
srv 5 rec count: 0 partition sz 0-KB tx count: 1000000, per_txn_op cnt: 10
Assinging core 32 to srv 8
srv 6 load time 0.000
srv 6 rec count: 0 partition sz 0-KB tx count: 1000000, per_txn_op cnt: 10
srv 7 load time 0.000
srv 7 rec count: 0 partition sz 0-KB tx count: 1000000, per_txn_op cnt: 10
Assinging core 36 to srv 9
Assinging core 40 to srv 10
Assinging core 44 to srv 11
Assinging core 48 to srv 12
srv 8 load time 0.000
srv 8 rec count: 0 partition sz 0-KB tx count: 1000000, per_txn_op cnt: 10
Assinging core 52 to srv 13
srv 9 load time 0.000
srv 9 rec count: 0 partition sz 0-KB tx count: 1000000, per_txn_op cnt: 10
Assinging core 56 to srv 14
srv 11 load time 0.000
srv 12 load time 0.000
srv 12 rec count: 0 partition sz 0-KB tx count: 1000000, per_txn_op cnt: 10
srv 11 rec count: 0 partition sz 0-KB tx count: 1000000, per_txn_op cnt: 10
Assinging core 60 to srv 15
srv 10 load time 0.000
srv 10 rec count: 0 partition sz 0-KB tx count: 1000000, per_txn_op cnt: 10
Assinging core 64 to srv 16
srv 14 load time 0.000
srv 14 rec count: 0 partition sz 0-KB tx count: 1000000, per_txn_op cnt: 10
srv 15 load time 0.000
srv 15 rec count: 0 partition sz 0-KB tx count: 1000000, per_txn_op cnt: 10
srv 13 load time 0.000
srv 13 rec count: 0 partition sz 0-KB tx count: 1000000, per_txn_op cnt: 10
Assinging core 68 to srv 17
Assinging core 1 to srv 18
Assinging core 5 to srv 19
srv 16 load time 0.000
srv 16 rec count: 0 partition sz 0-KB tx count: 1000000, per_txn_op cnt: 10
Assinging core 9 to srv 20
srv 17 load time 0.000
srv 17 rec count: 0 partition sz 0-KB tx count: 1000000, per_txn_op cnt: 10
srv 18 load time 0.000
srv 18 rec count: 0 partition sz 0-KB tx count: 1000000, per_txn_op cnt: 10
srv 19 load time 0.000
srv 19 rec count: 0 partition sz 0-KB tx count: 1000000, per_txn_op cnt: 10
Assinging core 13 to srv 21
Assinging core 17 to srv 22
Assinging core 21 to srv 23
Assinging core 25 to srv 24
Assinging core 29 to srv 25
srv 20 load time 0.000
srv 20 rec count: 0 partition sz 0-KB tx count: 1000000, per_txn_op cnt: 10
Assinging core 33 to srv 26
srv 21 load time 0.000
srv 21 rec count: 0 partition sz 0-KB tx count: 1000000, per_txn_op cnt: 10
srv 23 load time 0.000
srv 23 rec count: 0 partition sz 0-KB tx count: 1000000, per_txn_op cnt: 10
Assinging core 37 to srv 27
srv 24 load time 0.000
srv 24 rec count: 0 partition sz 0-KB tx count: 1000000, per_txn_op cnt: 10
srv 22 load time 0.000
srv 22 rec count: 0 partition sz 0-KB tx count: 1000000, per_txn_op cnt: 10
srv 25 load time 0.000
srv 25 rec count: 0 partition sz 0-KB tx count: 1000000, per_txn_op cnt: 10
srv 26 load time 0.000
srv 26 rec count: 0 partition sz 0-KB tx count: 1000000, per_txn_op cnt: 10
Assinging core 41 to srv 28
Assinging core 45 to srv 29
Assinging core 49 to srv 30
srv 27 load time 0.000
srv 27 rec count: 0 partition sz 0-KB tx count: 1000000, per_txn_op cnt: 10
Assinging core 53 to srv 31
srv 28 load time 0.000
srv 28 rec count: 0 partition sz 0-KB tx count: 1000000, per_txn_op cnt: 10
srv 29 load time 0.000
srv 29 rec count: 0 partition sz 0-KB tx count: 1000000, per_txn_op cnt: 10
Assinging core 57 to srv 32
srv 30 load time 0.000
srv 30 rec count: 0 partition sz 0-KB tx count: 1000000, per_txn_op cnt: 10
srv 31 load time 0.000
srv 31 rec count: 0 partition sz 0-KB tx count: 1000000, per_txn_op cnt: 10
Assinging core 61 to srv 33
Assinging core 65 to srv 34
srv 32 load time 0.000
srv 32 rec count: 0 partition sz 0-KB tx count: 1000000, per_txn_op cnt: 10
Assinging core 69 to srv 35
Assinging core 2 to srv 36
Assinging core 6 to srv 37
srv 33 load time 0.000
srv 33 rec count: 0 partition sz 0-KB tx count: 1000000, per_txn_op cnt: 10
srv 34 load time 0.000
srv 34 rec count: 0 partition sz 0-KB tx count: 1000000, per_txn_op cnt: 10
srv 35 load time 0.000
srv 36 load time 0.000
srv 36 rec count: 0 partition sz 0-KB tx count: 1000000, per_txn_op cnt: 10
srv 35 rec count: 0 partition sz 0-KB tx count: 1000000, per_txn_op cnt: 10
Assinging core 10 to srv 38
Assinging core 14 to srv 39
Assinging core 18 to srv 40
srv 37 load time 0.000
srv 37 rec count: 0 partition sz 0-KB tx count: 1000000, per_txn_op cnt: 10
Assinging core 22 to srv 41
srv 38 load time 0.000
srv 38 rec count: 0 partition sz 0-KB tx count: 1000000, per_txn_op cnt: 10
srv 39 load time 0.000
srv 39 rec count: 0 partition sz 0-KB tx count: 1000000, per_txn_op cnt: 10
Assinging core 26 to srv 42
srv 40 load time 0.000
srv 40 rec count: 0 partition sz 0-KB tx count: 1000000, per_txn_op cnt: 10
srv 41 load time 0.000
srv 41 rec count: 0 partition sz 0-KB tx count: 1000000, per_txn_op cnt: 10
Assinging core 30 to srv 43
Assinging core 34 to srv 44
Assinging core 38 to srv 45
Assinging core 42 to srv 46
srv 42 load time 0.000
srv 42 rec count: 0 partition sz 0-KB tx count: 1000000, per_txn_op cnt: 10
Assinging core 46 to srv 47
srv 43 load time 0.000
srv 43 rec count: 0 partition sz 0-KB tx count: 1000000, per_txn_op cnt: 10
srv 45 load time 0.000
srv 45 rec count: 0 partition sz 0-KB tx count: 1000000, per_txn_op cnt: 10
Assinging core 50 to srv 48
srv 44 load time 0.000
srv 44 rec count: 0 partition sz 0-KB tx count: 1000000, per_txn_op cnt: 10
Assinging core 54 to srv 49
srv 46 load time 0.000
srv 46 rec count: 0 partition sz 0-KB tx count: 1000000, per_txn_op cnt: 10
Assinging core 58 to srv 50
srv 47 load time 0.000
srv 47 rec count: 0 partition sz 0-KB tx count: 1000000, per_txn_op cnt: 10
srv 48 load time 0.000
srv 48 rec count: 0 partition sz 0-KB tx count: 1000000, per_txn_op cnt: 10
srv 49 load time 0.000
srv 49 rec count: 0 partition sz 0-KB tx count: 1000000, per_txn_op cnt: 10
Assinging core 62 to srv 51
Assinging core 66 to srv 52
Assinging core 70 to srv 53
Assinging core 3 to srv 54
srv 50 load time 0.000
srv 50 rec count: 0 partition sz 0-KB tx count: 1000000, per_txn_op cnt: 10
Assinging core 7 to srv 55
srv 51 load time 0.000
srv 51 rec count: 0 partition sz 0-KB tx count: 1000000, per_txn_op cnt: 10
srv 53 load time 0.000
srv 53 rec count: 0 partition sz 0-KB tx count: 1000000, per_txn_op cnt: 10
Assinging core 11 to srv 56
srv 52 load time 0.000
srv 52 rec count: 0 partition sz 0-KB tx count: 1000000, per_txn_op cnt: 10
srv 54 load time 0.000
srv 55 load time 0.000
srv 54 rec count: 0 partition sz 0-KB tx count: 1000000, per_txn_op cnt: 10
Assinging core 15 to srv 57
srv 56 load time 0.000
srv 56 rec count: 0 partition sz 0-KB tx count: 1000000, per_txn_op cnt: 10
srv 55 rec count: 0 partition sz 0-KB tx count: 1000000, per_txn_op cnt: 10
Assinging core 19 to srv 58
Assinging core 23 to srv 59
Assinging core 27 to srv 60
srv 58 load time 0.000
srv 58 rec count: 0 partition sz 0-KB tx count: 1000000, per_txn_op cnt: 10
Assinging core 31 to srv 61
srv 57 load time 0.000
srv 57 rec count: 0 partition sz 0-KB tx count: 1000000, per_txn_op cnt: 10
srv 59 load time 0.000
srv 59 rec count: 0 partition sz 0-KB tx count: 1000000, per_txn_op cnt: 10
Assinging core 35 to srv 62
srv 60 load time 0.000
srv 60 rec count: 0 partition sz 0-KB tx count: 1000000, per_txn_op cnt: 10
Assinging core 39 to srv 63
srv 61 load time 0.000
srv 61 rec count: 0 partition sz 0-KB tx count: 1000000, per_txn_op cnt: 10
srv 62 load time 0.000
srv 62 rec count: 0 partition sz 0-KB tx count: 1000000, per_txn_op cnt: 10
srv 63 load time 0.000
srv 63 rec count: 0 partition sz 0-KB tx count: 1000000, per_txn_op cnt: 10
srv 0 load time 7.827
srv 0 rec count: 64000000 partition sz 8500000-KB tx count: 1000000, per_txn_op cnt: 10
srv 0 starting txns
srv 62 starting txns
srv 61 starting txns
srv 60 starting txns
srv 63 starting txns
srv 37 starting txns
srv 41 starting txns
srv 44 starting txns
srv 39 starting txns
srv 46 starting txns
srv 36 starting txns
srv 42 starting txns
srv 50 starting txns
srv 38 starting txns
srv 47 starting txns
srv 49 starting txns
srv 48 starting txns
srv 52 starting txns
srv 45 starting txns
srv 40 starting txns
srv 51 starting txns
srv 53 starting txns
srv 43 starting txns
srv 59 starting txns
srv 17 starting txns
srv 58 starting txns
srv 28 starting txns
srv 12 starting txns
srv 14 starting txns
srv 57 starting txns
srv 22 starting txns
srv 30 starting txns
srv 6 starting txns
srv 4 starting txns
srv 27 starting txns
srv 31 starting txns
srv 55 starting txns
srv 26 starting txns
srv 20 starting txns
srv 24 starting txns
srv 32 starting txns
srv 11 starting txns
srv 29 starting txns
srv 13 starting txns
srv 25 starting txns
srv 15 starting txns
srv 3 starting txns
srv 2 starting txns
srv 5 starting txns
srv 33 starting txns
srv 18 starting txns
srv 7 starting txns
srv 9 starting txns
srv 19 starting txns
srv 10 starting txns
srv 56 starting txns
srv 8 starting txns
srv 54 starting txns
srv 23 starting txns
srv 35 starting txns
srv 16 starting txns
srv 21 starting txns
srv 34 starting txns
srv 1 starting txns
srv 58 query time 309.223
srv 57 query time 309.299
srv 62 query time 309.370
srv 63 query time 309.397
srv 61 query time 309.497
srv 56 query time 309.561
srv 60 query time 311.056
srv 54 query time 311.734
srv 55 query time 312.087
srv 59 query time 312.409
srv 46 query time 330.119
srv 44 query time 330.641
srv 45 query time 330.843
srv 40 query time 330.845
srv 50 query time 331.213
srv 22 query time 331.334
srv 43 query time 331.359
srv 28 query time 331.543
srv 49 query time 331.545
srv 38 query time 331.647
srv 27 query time 331.660
srv 32 query time 331.710
srv 20 query time 331.730
srv 33 query time 331.769
srv 39 query time 331.891
srv 52 query time 331.911
srv 34 query time 331.916
srv 47 query time 331.956
srv 51 query time 331.963
srv 42 query time 331.981
srv 31 query time 332.021
srv 48 query time 332.024
srv 29 query time 332.035
srv 41 query time 332.040
srv 35 query time 332.056
srv 36 query time 332.074
srv 53 query time 332.078
srv 26 query time 332.105
srv 30 query time 332.111
srv 25 query time 332.146
srv 21 query time 332.155
srv 24 query time 332.211
srv 37 query time 332.277
srv 19 query time 332.325
srv 18 query time 332.332
srv 23 query time 332.479
srv 10 query time 332.606
srv 4 query time 332.619
srv 9 query time 332.627
srv 14 query time 332.630
srv 2 query time 332.640
srv 11 query time 332.676
srv 15 query time 332.679
srv 12 query time 332.688
srv 13 query time 332.696
srv 3 query time 332.697
srv 8 query time 332.698
srv 17 query time 332.702
srv 7 query time 332.708
srv 16 query time 332.707
srv 0 query time 332.749
srv 6 query time 332.746
srv 1 query time 332.746
srv 5 query time 332.776
srv 5 quitting 
srv 47 quitting 
srv 29 quitting 
srv 61 quitting 
srv 10 quitting 
srv 53 quitting 
srv 2 quitting 
srv 49 quitting 
srv 32 quitting 
srv 22 quitting 
srv 51 quitting 
srv 28 quitting 
srv 3 quitting 
srv 33 quitting 
srv 8 quitting 
srv 35 quitting 
srv 7 quitting 
srv 25 quitting 
srv 36 quitting 
srv 27 quitting 
srv 40 quitting 
srv 18 quitting 
srv 38 quitting 
srv 31 quitting 
srv 30 quitting 
srv 14 quitting 
srv 19 quitting 
srv 6 quitting 
srv 59 quitting 
srv 63 quitting 
srv 46 quitting 
srv 57 quitting 
srv 41 quitting 
srv 12 quitting 
srv 24 quitting 
srv 21 quitting 
srv 42 quitting 
srv 16 quitting 
srv 39 quitting 
srv 23 quitting 
srv 52 quitting 
srv 11 quitting 
srv 1 quitting 
srv 26 quitting 
srv 60 quitting 
srv 54 quitting 
srv 48 quitting 
srv 50 quitting 
srv 15 quitting 
srv 17 quitting 
srv 43 quitting 
srv 55 quitting 
srv 45 quitting 
srv 34 quitting 
srv 0 quitting 
srv 62 quitting 
srv 58 quitting 
srv 9 quitting 
srv 56 quitting 
srv 13 quitting 
srv 4 quitting 
srv 20 quitting 
srv 44 quitting 
srv 37 quitting 
srv 0 commits 1000000
srv 1 commits 1000000
srv 2 commits 1000000
srv 3 commits 1000000
srv 4 commits 1000000
srv 5 commits 1000000
srv 6 commits 1000000
srv 7 commits 1000000
srv 8 commits 1000000
srv 9 commits 1000000
srv 10 commits 1000000
srv 11 commits 1000000
srv 12 commits 1000000
srv 13 commits 1000000
srv 14 commits 1000000
srv 15 commits 1000000
srv 16 commits 1000000
srv 17 commits 1000000
srv 18 commits 1000000
srv 19 commits 1000000
srv 20 commits 1000000
srv 21 commits 1000000
srv 22 commits 1000000
srv 23 commits 1000000
srv 24 commits 1000000
srv 25 commits 1000000
srv 26 commits 1000000
srv 27 commits 1000000
srv 28 commits 1000000
srv 29 commits 1000000
srv 30 commits 1000000
srv 31 commits 1000000
srv 32 commits 1000000
srv 33 commits 1000000
srv 34 commits 1000000
srv 35 commits 1000000
srv 36 commits 1000000
srv 37 commits 1000000
srv 38 commits 1000000
srv 39 commits 1000000
srv 40 commits 1000000
srv 41 commits 1000000
srv 42 commits 1000000
srv 43 commits 1000000
srv 44 commits 1000000
srv 45 commits 1000000
srv 46 commits 1000000
srv 47 commits 1000000
srv 48 commits 1000000
srv 49 commits 1000000
srv 50 commits 1000000
srv 51 commits 1000000
srv 52 commits 1000000
srv 53 commits 1000000
srv 54 commits 1000000
srv 55 commits 1000000
srv 56 commits 1000000
srv 57 commits 1000000
srv 58 commits 1000000
srv 59 commits 1000000
srv 60 commits 1000000
srv 61 commits 1000000
srv 62 commits 1000000
srv 63 commits 1000000
total commits 64000000
== results ==
Server 0: 0.003005000M TPS
Server 1: 0.003005000M TPS
Server 2: 0.003006000M TPS
Server 3: 0.003005000M TPS
Server 4: 0.003006000M TPS
Server 5: 0.003005000M TPS
Server 6: 0.003005000M TPS
Server 7: 0.003005000M TPS
Server 8: 0.003005000M TPS
Server 9: 0.003006000M TPS
Server 10: 0.003006000M TPS
Server 11: 0.003005000M TPS
Server 12: 0.003005000M TPS
Server 13: 0.003005000M TPS
Server 14: 0.003006000M TPS
Server 15: 0.003005000M TPS
Server 16: 0.003005000M TPS
Server 17: 0.003005000M TPS
Server 18: 0.003009000M TPS
Server 19: 0.003009000M TPS
Server 20: 0.003014000M TPS
Server 21: 0.003010000M TPS
Server 22: 0.003018000M TPS
Server 23: 0.003007000M TPS
Server 24: 0.003010000M TPS
Server 25: 0.003010000M TPS
Server 26: 0.003011000M TPS
Server 27: 0.003015000M TPS
Server 28: 0.003016000M TPS
Server 29: 0.003011000M TPS
Server 30: 0.003011000M TPS
Server 31: 0.003011000M TPS
Server 32: 0.003014000M TPS
Server 33: 0.003014000M TPS
Server 34: 0.003012000M TPS
Server 35: 0.003011000M TPS
Server 36: 0.003011000M TPS
Server 37: 0.003009000M TPS
Server 38: 0.003015000M TPS
Server 39: 0.003013000M TPS
Server 40: 0.003022000M TPS
Server 41: 0.003011000M TPS
Server 42: 0.003012000M TPS
Server 43: 0.003017000M TPS
Server 44: 0.003024000M TPS
Server 45: 0.003022000M TPS
Server 46: 0.003029000M TPS
Server 47: 0.003012000M TPS
Server 48: 0.003011000M TPS
Server 49: 0.003016000M TPS
Server 50: 0.003019000M TPS
Server 51: 0.003012000M TPS
Server 52: 0.003012000M TPS
Server 53: 0.003011000M TPS
Server 54: 0.003207000M TPS
Server 55: 0.003204000M TPS
Server 56: 0.003230000M TPS
Server 57: 0.003233000M TPS
Server 58: 0.003233000M TPS
Server 59: 0.003200000M TPS
Server 60: 0.003214000M TPS
Server 61: 0.003231000M TPS
Server 62: 0.003232000M TPS
Server 63: 0.003232000M TPS
Total tps: 0.194802000M
./ycsb -s 64 -d 0 -b 1 -i 1000000 -o 10 -t 64000000 -w 0 -a 100 -h 16 -p 1
 # clients:    1
 # servers:    64
 Key range:    0..2^29
 Write ratio:  0
 Total #recs: 64000000 
 Iterations:   1000000
Assinging core 0 to srv 0
Assinging core 4 to srv 1
Assinging core 8 to srv 2
Assinging core 12 to srv 3
Assinging core 16 to srv 4
Assinging core 20 to srv 5
Assinging core 24 to srv 6
srv 1 load time 0.000
srv 1 rec count: 0 partition sz 0-KB tx count: 1000000, per_txn_op cnt: 10
srv 6 load time 0.000
srv 6 rec count: 0 partition sz 0-KB tx count: 1000000, per_txn_op cnt: 10
srv 2 load time 0.000
srv 2 rec count: 0 partition sz 0-KB tx count: 1000000, per_txn_op cnt: 10
srv 3 load time 0.000
srv 3 rec count: 0 partition sz 0-KB tx count: 1000000, per_txn_op cnt: 10
srv 4 load time 0.000
srv 4 rec count: 0 partition sz 0-KB tx count: 1000000, per_txn_op cnt: 10
srv 5 load time 0.000
srv 5 rec count: 0 partition sz 0-KB tx count: 1000000, per_txn_op cnt: 10
Assinging core 28 to srv 7
Assinging core 32 to srv 8
Assinging core 36 to srv 9
Assinging core 40 to srv 10
srv 7 load time 0.000
srv 7 rec count: 0 partition sz 0-KB tx count: 1000000, per_txn_op cnt: 10
Assinging core 44 to srv 11
srv 9 load time 0.000
srv 9 rec count: 0 partition sz 0-KB tx count: 1000000, per_txn_op cnt: 10
Assinging core 48 to srv 12
srv 8 load time 0.000
srv 8 rec count: 0 partition sz 0-KB tx count: 1000000, per_txn_op cnt: 10
srv 10 load time 0.000
srv 10 rec count: 0 partition sz 0-KB tx count: 1000000, per_txn_op cnt: 10
Assinging core 52 to srv 13
srv 11 load time 0.000
srv 11 rec count: 0 partition sz 0-KB tx count: 1000000, per_txn_op cnt: 10
Assinging core 56 to srv 14
srv 12 load time 0.000
srv 12 rec count: 0 partition sz 0-KB tx count: 1000000, per_txn_op cnt: 10
srv 13 load time 0.000
srv 13 rec count: 0 partition sz 0-KB tx count: 1000000, per_txn_op cnt: 10
Assinging core 60 to srv 15
Assinging core 64 to srv 16
Assinging core 68 to srv 17
Assinging core 1 to srv 18
srv 14 load time 0.000
srv 14 rec count: 0 partition sz 0-KB tx count: 1000000, per_txn_op cnt: 10
Assinging core 5 to srv 19
srv 15 load time 0.000
srv 15 rec count: 0 partition sz 0-KB tx count: 1000000, per_txn_op cnt: 10
srv 17 load time 0.000
srv 17 rec count: 0 partition sz 0-KB tx count: 1000000, per_txn_op cnt: 10
Assinging core 9 to srv 20
srv 16 load time 0.000
srv 16 rec count: 0 partition sz 0-KB tx count: 1000000, per_txn_op cnt: 10
srv 18 load time 0.000
Assinging core 13 to srv 21
srv 18 rec count: 0 partition sz 0-KB tx count: 1000000, per_txn_op cnt: 10
srv 19 load time 0.000
srv 19 rec count: 0 partition sz 0-KB tx count: 1000000, per_txn_op cnt: 10
srv 20 load time 0.000
srv 20 rec count: 0 partition sz 0-KB tx count: 1000000, per_txn_op cnt: 10
Assinging core 17 to srv 22
Assinging core 21 to srv 23
Assinging core 25 to srv 24
Assinging core 29 to srv 25
srv 21 load time 0.000
srv 21 rec count: 0 partition sz 0-KB tx count: 1000000, per_txn_op cnt: 10
srv 22 load time 0.000
srv 22 rec count: 0 partition sz 0-KB tx count: 1000000, per_txn_op cnt: 10
Assinging core 33 to srv 26
srv 23 load time 0.000
srv 23 rec count: 0 partition sz 0-KB tx count: 1000000, per_txn_op cnt: 10
srv 24 load time 0.000
srv 24 rec count: 0 partition sz 0-KB tx count: 1000000, per_txn_op cnt: 10
Assinging core 37 to srv 27
srv 25 load time 0.000
srv 25 rec count: 0 partition sz 0-KB tx count: 1000000, per_txn_op cnt: 10
Assinging core 41 to srv 28
srv 26 load time 0.000
srv 26 rec count: 0 partition sz 0-KB tx count: 1000000, per_txn_op cnt: 10
srv 27 load time 0.000
srv 27 rec count: 0 partition sz 0-KB tx count: 1000000, per_txn_op cnt: 10
Assinging core 45 to srv 29
Assinging core 49 to srv 30
srv 28 load time 0.000
srv 28 rec count: 0 partition sz 0-KB tx count: 1000000, per_txn_op cnt: 10
Assinging core 53 to srv 31
srv 29 load time 0.000
srv 29 rec count: 0 partition sz 0-KB tx count: 1000000, per_txn_op cnt: 10
Assinging core 57 to srv 32
srv 30 load time 0.000
srv 30 rec count: 0 partition sz 0-KB tx count: 1000000, per_txn_op cnt: 10
Assinging core 61 to srv 33
srv 31 load time 0.000
srv 31 rec count: 0 partition sz 0-KB tx count: 1000000, per_txn_op cnt: 10
srv 32 load time 0.000
srv 32 rec count: 0 partition sz 0-KB tx count: 1000000, per_txn_op cnt: 10
Assinging core 65 to srv 34
srv 33 load time 0.000
srv 33 rec count: 0 partition sz 0-KB tx count: 1000000, per_txn_op cnt: 10
Assinging core 69 to srv 35
srv 34 load time 0.000
srv 34 rec count: 0 partition sz 0-KB tx count: 1000000, per_txn_op cnt: 10
Assinging core 2 to srv 36
Assinging core 6 to srv 37
srv 35 load time 0.000
Assinging core 10 to srv 38
srv 35 rec count: 0 partition sz 0-KB tx count: 1000000, per_txn_op cnt: 10
srv 36 load time 0.000
srv 36 rec count: 0 partition sz 0-KB tx count: 1000000, per_txn_op cnt: 10
Assinging core 14 to srv 39
srv 37 load time 0.000
srv 37 rec count: 0 partition sz 0-KB tx count: 1000000, per_txn_op cnt: 10
Assinging core 18 to srv 40
srv 38 load time 0.000
srv 38 rec count: 0 partition sz 0-KB tx count: 1000000, per_txn_op cnt: 10
Assinging core 22 to srv 41
srv 39 load time 0.000
srv 39 rec count: 0 partition sz 0-KB tx count: 1000000, per_txn_op cnt: 10
Assinging core 26 to srv 42
srv 40 load time 0.000
srv 40 rec count: 0 partition sz 0-KB tx count: 1000000, per_txn_op cnt: 10
srv 41 load time 0.000
srv 41 rec count: 0 partition sz 0-KB tx count: 1000000, per_txn_op cnt: 10
Assinging core 30 to srv 43
Assinging core 34 to srv 44
Assinging core 38 to srv 45
Assinging core 42 to srv 46
srv 42 load time 0.000
srv 42 rec count: 0 partition sz 0-KB tx count: 1000000, per_txn_op cnt: 10
Assinging core 46 to srv 47
srv 43 load time 0.000
srv 43 rec count: 0 partition sz 0-KB tx count: 1000000, per_txn_op cnt: 10
srv 45 load time 0.000
srv 45 rec count: 0 partition sz 0-KB tx count: 1000000, per_txn_op cnt: 10
Assinging core 50 to srv 48
srv 44 load time 0.000
srv 44 rec count: 0 partition sz 0-KB tx count: 1000000, per_txn_op cnt: 10
Assinging core 54 to srv 49
srv 46 load time 0.000
srv 46 rec count: 0 partition sz 0-KB tx count: 1000000, per_txn_op cnt: 10
srv 47 load time 0.000
srv 47 rec count: 0 partition sz 0-KB tx count: 1000000, per_txn_op cnt: 10
Assinging core 58 to srv 50
srv 48 load time 0.000
srv 48 rec count: 0 partition sz 0-KB tx count: 1000000, per_txn_op cnt: 10
srv 49 load time 0.000
srv 49 rec count: 0 partition sz 0-KB tx count: 1000000, per_txn_op cnt: 10
Assinging core 62 to srv 51
Assinging core 66 to srv 52
Assinging core 70 to srv 53
Assinging core 3 to srv 54
srv 50 load time 0.000
srv 50 rec count: 0 partition sz 0-KB tx count: 1000000, per_txn_op cnt: 10
Assinging core 7 to srv 55
srv 51 load time 0.000
srv 51 rec count: 0 partition sz 0-KB tx count: 1000000, per_txn_op cnt: 10
srv 53 load time 0.000
srv 53 rec count: 0 partition sz 0-KB tx count: 1000000, per_txn_op cnt: 10
Assinging core 11 to srv 56
srv 52 load time 0.000
srv 52 rec count: 0 partition sz 0-KB tx count: 1000000, per_txn_op cnt: 10
srv 54 load time 0.000
srv 54 rec count: 0 partition sz 0-KB tx count: 1000000, per_txn_op cnt: 10
srv 55 load time 0.000
srv 55 rec count: 0 partition sz 0-KB tx count: 1000000, per_txn_op cnt: 10
Assinging core 15 to srv 57
srv 56 load time 0.000
srv 56 rec count: 0 partition sz 0-KB tx count: 1000000, per_txn_op cnt: 10
Assinging core 19 to srv 58
Assinging core 23 to srv 59
srv 57 load time 0.000
srv 57 rec count: 0 partition sz 0-KB tx count: 1000000, per_txn_op cnt: 10
Assinging core 27 to srv 60
srv 58 load time 0.000
srv 58 rec count: 0 partition sz 0-KB tx count: 1000000, per_txn_op cnt: 10
Assinging core 31 to srv 61
srv 59 load time 0.000
srv 59 rec count: 0 partition sz 0-KB tx count: 1000000, per_txn_op cnt: 10
Assinging core 35 to srv 62
srv 60 load time 0.000
srv 60 rec count: 0 partition sz 0-KB tx count: 1000000, per_txn_op cnt: 10
Assinging core 39 to srv 63
srv 61 load time 0.000
srv 61 rec count: 0 partition sz 0-KB tx count: 1000000, per_txn_op cnt: 10
srv 62 load time 0.000
srv 62 rec count: 0 partition sz 0-KB tx count: 1000000, per_txn_op cnt: 10
srv 63 load time 0.000
srv 63 rec count: 0 partition sz 0-KB tx count: 1000000, per_txn_op cnt: 10
srv 0 load time 7.116
srv 0 rec count: 64000000 partition sz 8500000-KB tx count: 1000000, per_txn_op cnt: 10
srv 0 starting txns
srv 4 starting txns
srv 14 starting txns
srv 12 starting txns
srv 8 starting txns
srv 17 starting txns
srv 5 starting txns
srv 1 starting txns
srv 15 starting txns
srv 16 starting txns
srv 2 starting txns
srv 7 starting txns
srv 13 starting txns
srv 3 starting txns
srv 10 starting txns
srv 6 starting txns
srv 11 starting txns
srv 9 starting txns
srv 34 starting txns
srv 31 starting txns
srv 22 starting txns
srv 23 starting txns
srv 24 starting txns
srv 20 starting txns
srv 40 starting txns
srv 26 starting txns
srv 28 starting txns
srv 30 starting txns
srv 49 starting txns
srv 27 starting txns
srv 57 starting txns
srv 53 starting txns
srv 33 starting txns
srv 21 starting txns
srv 50 starting txns
srv 56 starting txns
srv 19 starting txns
srv 39 starting txns
srv 41 starting txns
srv 46 starting txns
srv 54 starting txns
srv 32 starting txns
srv 51 starting txns
srv 42 starting txns
srv 52 starting txns
srv 25 starting txns
srv 47 starting txns
srv 44 starting txns
srv 63 starting txns
srv 36 starting txns
srv 29 starting txns
srv 48 starting txns
srv 60 starting txns
srv 35 starting txns
srv 55 starting txns
srv 62 starting txns
srv 38 starting txns
srv 58 starting txns
srv 61 starting txns
srv 59 starting txns
srv 37 starting txns
srv 18 starting txns
srv 45 starting txns
srv 43 starting txns
srv 62 query time 302.053
srv 58 query time 303.051
srv 63 query time 303.146
srv 56 query time 303.286
srv 57 query time 303.592
srv 61 query time 303.661
srv 60 query time 304.178
srv 55 query time 304.514
srv 54 query time 304.800
srv 59 query time 305.340
srv 32 query time 321.084
srv 27 query time 321.129
srv 28 query time 321.139
srv 22 query time 321.272
srv 20 query time 321.551
srv 26 query time 321.565
srv 25 query time 321.731
srv 46 query time 321.829
srv 33 query time 321.902
srv 31 query time 321.937
srv 40 query time 322.014
srv 35 query time 322.017
srv 19 query time 322.073
srv 45 query time 322.075
srv 34 query time 322.119
srv 24 query time 322.124
srv 29 query time 322.142
srv 21 query time 322.152
srv 18 query time 322.262
srv 44 query time 322.309
srv 50 query time 322.352
srv 30 query time 322.349
srv 23 query time 322.409
srv 43 query time 322.429
srv 38 query time 322.452
srv 39 query time 322.447
srv 49 query time 322.465
srv 51 query time 322.501
srv 42 query time 322.491
srv 53 query time 322.523
srv 47 query time 322.532
srv 36 query time 322.551
srv 52 query time 322.579
srv 41 query time 322.612
srv 48 query time 322.657
srv 37 query time 322.665
srv 9 query time 322.855
srv 2 query time 322.869
srv 10 query time 322.897
srv 4 query time 322.898
srv 14 query time 322.902
srv 12 query time 322.921
srv 8 query time 322.923
srv 3 query time 322.924
srv 15 query time 322.935
srv 17 query time 322.956
srv 7 query time 322.965
srv 0 query time 322.965
srv 6 query time 322.964
srv 1 query time 322.973
srv 11 query time 322.974
srv 16 query time 322.981
srv 13 query time 322.982
srv 5 query time 323.017
srv 5 quitting 
srv 58 quitting 
srv 54 quitting 
srv 56 quitting 
srv 7 quitting 
srv 11 quitting 
srv 17 quitting 
srv 48 quitting 
srv 41 quitting 
srv 31 quitting 
srv 45 quitting 
srv 14 quitting 
srv 29 quitting 
srv 49 quitting 
srv 46 quitting 
srv 33 quitting 
srv 21 quitting 
srv 40 quitting 
srv 9 quitting 
srv 24 quitting 
srv 44 quitting 
srv 12 quitting 
srv 30 quitting 
srv 2 quitting 
srv 53 quitting 
srv 0 quitting 
srv 38 quitting 
srv 1 quitting 
srv 28 quitting 
srv 25 quitting 
srv 55 quitting 
srv 4 quitting 
srv 60 quitting 
srv 8 quitting 
srv 13 quitting 
srv 23 quitting 
srv 63 quitting 
srv 57 quitting 
srv 19 quitting 
srv 32 quitting 
srv 51 quitting 
srv 10 quitting 
srv 35 quitting 
srv 42 quitting 
srv 6 quitting 
srv 22 quitting 
srv 34 quitting 
srv 36 quitting 
srv 47 quitting 
srv 62 quitting 
srv 15 quitting 
srv 59 quitting 
srv 39 quitting 
srv 3 quitting 
srv 43 quitting 
srv 37 quitting 
srv 20 quitting 
srv 26 quitting 
srv 61 quitting 
srv 18 quitting 
srv 50 quitting 
srv 52 quitting 
srv 16 quitting 
srv 27 quitting 
srv 0 commits 1000000
srv 1 commits 1000000
srv 2 commits 1000000
srv 3 commits 1000000
srv 4 commits 1000000
srv 5 commits 1000000
srv 6 commits 1000000
srv 7 commits 1000000
srv 8 commits 1000000
srv 9 commits 1000000
srv 10 commits 1000000
srv 11 commits 1000000
srv 12 commits 1000000
srv 13 commits 1000000
srv 14 commits 1000000
srv 15 commits 1000000
srv 16 commits 1000000
srv 17 commits 1000000
srv 18 commits 1000000
srv 19 commits 1000000
srv 20 commits 1000000
srv 21 commits 1000000
srv 22 commits 1000000
srv 23 commits 1000000
srv 24 commits 1000000
srv 25 commits 1000000
srv 26 commits 1000000
srv 27 commits 1000000
srv 28 commits 1000000
srv 29 commits 1000000
srv 30 commits 1000000
srv 31 commits 1000000
srv 32 commits 1000000
srv 33 commits 1000000
srv 34 commits 1000000
srv 35 commits 1000000
srv 36 commits 1000000
srv 37 commits 1000000
srv 38 commits 1000000
srv 39 commits 1000000
srv 40 commits 1000000
srv 41 commits 1000000
srv 42 commits 1000000
srv 43 commits 1000000
srv 44 commits 1000000
srv 45 commits 1000000
srv 46 commits 1000000
srv 47 commits 1000000
srv 48 commits 1000000
srv 49 commits 1000000
srv 50 commits 1000000
srv 51 commits 1000000
srv 52 commits 1000000
srv 53 commits 1000000
srv 54 commits 1000000
srv 55 commits 1000000
srv 56 commits 1000000
srv 57 commits 1000000
srv 58 commits 1000000
srv 59 commits 1000000
srv 60 commits 1000000
srv 61 commits 1000000
srv 62 commits 1000000
srv 63 commits 1000000
total commits 64000000
== results ==
Server 0: 0.003096000M TPS
Server 1: 0.003096000M TPS
Server 2: 0.003097000M TPS
Server 3: 0.003096000M TPS
Server 4: 0.003096000M TPS
Server 5: 0.003095000M TPS
Server 6: 0.003096000M TPS
Server 7: 0.003096000M TPS
Server 8: 0.003096000M TPS
Server 9: 0.003097000M TPS
Server 10: 0.003096000M TPS
Server 11: 0.003096000M TPS
Server 12: 0.003096000M TPS
Server 13: 0.003096000M TPS
Server 14: 0.003096000M TPS
Server 15: 0.003096000M TPS
Server 16: 0.003096000M TPS
Server 17: 0.003096000M TPS
Server 18: 0.003103000M TPS
Server 19: 0.003104000M TPS
Server 20: 0.003109000M TPS
Server 21: 0.003104000M TPS
Server 22: 0.003112000M TPS
Server 23: 0.003101000M TPS
Server 24: 0.003104000M TPS
Server 25: 0.003108000M TPS
Server 26: 0.003109000M TPS
Server 27: 0.003114000M TPS
Server 28: 0.003113000M TPS
Server 29: 0.003104000M TPS
Server 30: 0.003102000M TPS
Server 31: 0.003106000M TPS
Server 32: 0.003114000M TPS
Server 33: 0.003106000M TPS
Server 34: 0.003104000M TPS
Server 35: 0.003105000M TPS
Server 36: 0.003100000M TPS
Server 37: 0.003099000M TPS
Server 38: 0.003101000M TPS
Server 39: 0.003101000M TPS
Server 40: 0.003105000M TPS
Server 41: 0.003099000M TPS
Server 42: 0.003100000M TPS
Server 43: 0.003101000M TPS
Server 44: 0.003102000M TPS
Server 45: 0.003104000M TPS
Server 46: 0.003107000M TPS
Server 47: 0.003100000M TPS
Server 48: 0.003099000M TPS
Server 49: 0.003101000M TPS
Server 50: 0.003102000M TPS
Server 51: 0.003100000M TPS
Server 52: 0.003100000M TPS
Server 53: 0.003100000M TPS
Server 54: 0.003280000M TPS
Server 55: 0.003283000M TPS
Server 56: 0.003297000M TPS
Server 57: 0.003293000M TPS
Server 58: 0.003299000M TPS
Server 59: 0.003275000M TPS
Server 60: 0.003287000M TPS
Server 61: 0.003293000M TPS
Server 62: 0.003310000M TPS
Server 63: 0.003298000M TPS
Total tps: 0.200387000M
./ycsb -s 64 -d 0 -b 1 -i 1000000 -o 10 -t 64000000 -w 0 -a 100 -h 16 -p 1
 # clients:    1
 # servers:    64
 Key range:    0..2^29
 Write ratio:  0
 Total #recs: 64000000 
 Iterations:   1000000
Assinging core 0 to srv 0
Assinging core 4 to srv 1
Assinging core 8 to srv 2
Assinging core 12 to srv 3
Assinging core 16 to srv 4
Assinging core 20 to srv 5
srv 1 load time 0.000
srv 5 load time 0.000
srv 1 rec count: 0 partition sz 0-KB tx count: 1000000, per_txn_op cnt: 10
srv 5 rec count: 0 partition sz 0-KB tx count: 1000000, per_txn_op cnt: 10
srv 4 load time 0.000
srv 4 rec count: 0 partition sz 0-KB tx count: 1000000, per_txn_op cnt: 10
srv 2 load time 0.000
srv 2 rec count: 0 partition sz 0-KB tx count: 1000000, per_txn_op cnt: 10
srv 3 load time 0.000
srv 3 rec count: 0 partition sz 0-KB tx count: 1000000, per_txn_op cnt: 10
Assinging core 24 to srv 6
Assinging core 28 to srv 7
srv 6 load time 0.000
srv 6 rec count: 0 partition sz 0-KB tx count: 1000000, per_txn_op cnt: 10
Assinging core 32 to srv 8
Assinging core 36 to srv 9
Assinging core 40 to srv 10
srv 7 load time 0.000
srv 7 rec count: 0 partition sz 0-KB tx count: 1000000, per_txn_op cnt: 10
Assinging core 44 to srv 11
srv 8 load time 0.000
srv 8 rec count: 0 partition sz 0-KB tx count: 1000000, per_txn_op cnt: 10
srv 9 load time 0.000
srv 9 rec count: 0 partition sz 0-KB tx count: 1000000, per_txn_op cnt: 10
srv 10 load time 0.000
srv 10 rec count: 0 partition sz 0-KB tx count: 1000000, per_txn_op cnt: 10
Assinging core 48 to srv 12
Assinging core 52 to srv 13
Assinging core 56 to srv 14
Assinging core 60 to srv 15
srv 11 load time 0.000
srv 12 load time 0.000
srv 12 rec count: 0 partition sz 0-KB tx count: 1000000, per_txn_op cnt: 10
srv 11 rec count: 0 partition sz 0-KB tx count: 1000000, per_txn_op cnt: 10
Assinging core 64 to srv 16
srv 13 load time 0.000
srv 13 rec count: 0 partition sz 0-KB tx count: 1000000, per_txn_op cnt: 10
Assinging core 68 to srv 17
srv 15 load time 0.000
Assinging core 1 to srv 18
srv 15 rec count: 0 partition sz 0-KB tx count: 1000000, per_txn_op cnt: 10
srv 14 load time 0.000
srv 14 rec count: 0 partition sz 0-KB tx count: 1000000, per_txn_op cnt: 10
srv 16 load time 0.000
srv 16 rec count: 0 partition sz 0-KB tx count: 1000000, per_txn_op cnt: 10
srv 17 load time 0.000
srv 17 rec count: 0 partition sz 0-KB tx count: 1000000, per_txn_op cnt: 10
Assinging core 5 to srv 19
Assinging core 9 to srv 20
Assinging core 13 to srv 21
srv 19 load time 0.000
srv 19 rec count: 0 partition sz 0-KB tx count: 1000000, per_txn_op cnt: 10
srv 18 load time 0.000
srv 18 rec count: 0 partition sz 0-KB tx count: 1000000, per_txn_op cnt: 10
Assinging core 17 to srv 22
srv 20 load time 0.000
srv 20 rec count: 0 partition sz 0-KB tx count: 1000000, per_txn_op cnt: 10
srv 21 load time 0.000
srv 21 rec count: 0 partition sz 0-KB tx count: 1000000, per_txn_op cnt: 10
Assinging core 21 to srv 23
Assinging core 25 to srv 24
Assinging core 29 to srv 25
Assinging core 33 to srv 26
srv 22 load time 0.000
srv 22 rec count: 0 partition sz 0-KB tx count: 1000000, per_txn_op cnt: 10
Assinging core 37 to srv 27
srv 23 load time 0.000
srv 23 rec count: 0 partition sz 0-KB tx count: 1000000, per_txn_op cnt: 10
srv 25 load time 0.000
srv 25 rec count: 0 partition sz 0-KB tx count: 1000000, per_txn_op cnt: 10
Assinging core 41 to srv 28
srv 26 load time 0.000
Assinging core 45 to srv 29
srv 26 rec count: 0 partition sz 0-KB tx count: 1000000, per_txn_op cnt: 10
srv 24 load time 0.000
srv 24 rec count: 0 partition sz 0-KB tx count: 1000000, per_txn_op cnt: 10
Assinging core 49 to srv 30
srv 28 load time 0.000
srv 28 rec count: 0 partition sz 0-KB tx count: 1000000, per_txn_op cnt: 10
srv 29 load time 0.000
srv 29 rec count: 0 partition sz 0-KB tx count: 1000000, per_txn_op cnt: 10
srv 27 load time 0.000
srv 27 rec count: 0 partition sz 0-KB tx count: 1000000, per_txn_op cnt: 10
Assinging core 53 to srv 31
Assinging core 57 to srv 32
Assinging core 61 to srv 33
Assinging core 65 to srv 34
srv 30 load time 0.000
srv 30 rec count: 0 partition sz 0-KB tx count: 1000000, per_txn_op cnt: 10
Assinging core 69 to srv 35
srv 31 load time 0.000
Assinging core 2 to srv 36
srv 35 load time 0.000
srv 35 rec count: 0 partition sz 0-KB tx count: 1000000, per_txn_op cnt: 10
srv 31 rec count: 0 partition sz 0-KB tx count: 1000000, per_txn_op cnt: 10
srv 32 load time 0.000
srv 32 rec count: 0 partition sz 0-KB tx count: 1000000, per_txn_op cnt: 10
srv 33 load time 0.000
srv 33 rec count: 0 partition sz 0-KB tx count: 1000000, per_txn_op cnt: 10
srv 34 load time 0.000
srv 34 rec count: 0 partition sz 0-KB tx count: 1000000, per_txn_op cnt: 10
Assinging core 6 to srv 37
Assinging core 10 to srv 38
Assinging core 14 to srv 39
srv 37 load time 0.000
srv 36 load time 0.000
Assinging core 18 to srv 40
srv 38 load time 0.000
srv 38 rec count: 0 partition sz 0-KB tx count: 1000000, per_txn_op cnt: 10
srv 36 rec count: 0 partition sz 0-KB tx count: 1000000, per_txn_op cnt: 10
srv 37 rec count: 0 partition sz 0-KB tx count: 1000000, per_txn_op cnt: 10
Assinging core 22 to srv 41
srv 39 load time 0.000
srv 39 rec count: 0 partition sz 0-KB tx count: 1000000, per_txn_op cnt: 10
Assinging core 26 to srv 42
srv 40 load time 0.000
srv 40 rec count: 0 partition sz 0-KB tx count: 1000000, per_txn_op cnt: 10
srv 41 load time 0.000
srv 41 rec count: 0 partition sz 0-KB tx count: 1000000, per_txn_op cnt: 10
Assinging core 30 to srv 43
Assinging core 34 to srv 44
Assinging core 38 to srv 45
Assinging core 42 to srv 46
srv 42 load time 0.000
srv 42 rec count: 0 partition sz 0-KB tx count: 1000000, per_txn_op cnt: 10
Assinging core 46 to srv 47
srv 45 load time 0.000
srv 45 rec count: 0 partition sz 0-KB tx count: 1000000, per_txn_op cnt: 10
Assinging core 50 to srv 48
srv 44 load time 0.000
srv 44 rec count: 0 partition sz 0-KB tx count: 1000000, per_txn_op cnt: 10
srv 46 load time 0.000
srv 46 rec count: 0 partition sz 0-KB tx count: 1000000, per_txn_op cnt: 10
Assinging core 54 to srv 49
srv 47 load time 0.000
srv 47 rec count: 0 partition sz 0-KB tx count: 1000000, per_txn_op cnt: 10
Assinging core 58 to srv 50
srv 48 load time 0.000
srv 48 rec count: 0 partition sz 0-KB tx count: 1000000, per_txn_op cnt: 10
srv 49 load time 0.000
srv 49 rec count: 0 partition sz 0-KB tx count: 1000000, per_txn_op cnt: 10
Assinging core 62 to srv 51
Assinging core 66 to srv 52
srv 50 load time 0.000
srv 50 rec count: 0 partition sz 0-KB tx count: 1000000, per_txn_op cnt: 10
Assinging core 70 to srv 53
srv 51 load time 0.000
srv 51 rec count: 0 partition sz 0-KB tx count: 1000000, per_txn_op cnt: 10
Assinging core 3 to srv 54
srv 43 load time 0.000
srv 43 rec count: 0 partition sz 0-KB tx count: 1000000, per_txn_op cnt: 10
srv 52 load time 0.000
srv 52 rec count: 0 partition sz 0-KB tx count: 1000000, per_txn_op cnt: 10
Assinging core 7 to srv 55
srv 53 load time 0.000
srv 53 rec count: 0 partition sz 0-KB tx count: 1000000, per_txn_op cnt: 10
Assinging core 11 to srv 56
srv 54 load time 0.000
srv 54 rec count: 0 partition sz 0-KB tx count: 1000000, per_txn_op cnt: 10
Assinging core 15 to srv 57
srv 55 load time 0.000
srv 55 rec count: 0 partition sz 0-KB tx count: 1000000, per_txn_op cnt: 10
srv 56 load time 0.000
srv 56 rec count: 0 partition sz 0-KB tx count: 1000000, per_txn_op cnt: 10
Assinging core 19 to srv 58
Assinging core 23 to srv 59
Assinging core 27 to srv 60
srv 58 load time 0.000
srv 58 rec count: 0 partition sz 0-KB tx count: 1000000, per_txn_op cnt: 10
srv 57 load time 0.000
srv 57 rec count: 0 partition sz 0-KB tx count: 1000000, per_txn_op cnt: 10
Assinging core 31 to srv 61
srv 59 load time 0.000
srv 59 rec count: 0 partition sz 0-KB tx count: 1000000, per_txn_op cnt: 10
Assinging core 35 to srv 62
srv 60 load time 0.000
srv 60 rec count: 0 partition sz 0-KB tx count: 1000000, per_txn_op cnt: 10
Assinging core 39 to srv 63
srv 61 load time 0.000
srv 61 rec count: 0 partition sz 0-KB tx count: 1000000, per_txn_op cnt: 10
srv 62 load time 0.000
srv 62 rec count: 0 partition sz 0-KB tx count: 1000000, per_txn_op cnt: 10
srv 63 load time 0.000
srv 63 rec count: 0 partition sz 0-KB tx count: 1000000, per_txn_op cnt: 10
srv 0 load time 7.889
srv 0 rec count: 64000000 partition sz 8500000-KB tx count: 1000000, per_txn_op cnt: 10
srv 0 starting txns
srv 60 starting txns
srv 63 starting txns
srv 62 starting txns
srv 61 starting txns
srv 41 starting txns
srv 39 starting txns
srv 38 starting txns
srv 37 starting txns
srv 49 starting txns
srv 44 starting txns
srv 50 starting txns
srv 36 starting txns
srv 42 starting txns
srv 53 starting txns
srv 48 starting txns
srv 43 starting txns
srv 40 starting txns
srv 52 starting txns
srv 51 starting txns
srv 45 starting txns
srv 47 starting txns
srv 46 starting txns
srv 59 starting txns
srv 15 starting txns
srv 58 starting txns
srv 26 starting txns
srv 14 starting txns
srv 55 starting txns
srv 35 starting txns
srv 28 starting txns
srv 56 starting txns
srv 54 starting txns
srv 57 starting txns
srv 34 starting txns
srv 9 starting txns
srv 25 starting txns
srv 20 starting txns
srv 22 starting txns
srv 3 starting txns
srv 21 starting txns
srv 23 starting txns
srv 1 starting txns
srv 29 starting txns
srv 10 starting txns
srv 12 starting txns
srv 7 starting txns
srv 6 starting txns
srv 33 starting txns
srv 24 starting txns
srv 18 starting txns
srv 31 starting txns
srv 8 starting txns
srv 32 starting txns
srv 27 starting txns
srv 13 starting txns
srv 17 starting txns
srv 4 starting txns
srv 11 starting txns
srv 2 starting txns
srv 16 starting txns
srv 30 starting txns
srv 19 starting txns
srv 5 starting txns
srv 56 query time 339.236
srv 57 query time 339.915
srv 61 query time 340.058
srv 63 query time 340.189
srv 62 query time 341.162
srv 58 query time 341.220
srv 54 query time 341.500
srv 55 query time 341.730
srv 60 query time 341.980
srv 59 query time 342.826
srv 20 query time 344.346
srv 32 query time 344.538
srv 27 query time 344.582
srv 28 query time 344.930
srv 18 query time 345.017
srv 31 query time 345.187
srv 33 query time 345.198
srv 25 query time 345.246
srv 22 query time 345.256
srv 24 query time 345.324
srv 26 query time 345.355
srv 19 query time 345.407
srv 21 query time 345.518
srv 29 query time 345.537
srv 35 query time 345.597
srv 34 query time 345.713
srv 30 query time 345.716
srv 23 query time 345.714
srv 46 query time 347.554
srv 40 query time 347.728
srv 38 query time 347.834
srv 50 query time 347.905
srv 45 query time 347.971
srv 41 query time 347.985
srv 43 query time 348.015
srv 44 query time 348.022
srv 36 query time 348.049
srv 49 query time 348.054
srv 42 query time 348.079
srv 47 query time 348.100
srv 51 query time 348.119
srv 52 query time 348.145
srv 39 query time 348.166
srv 37 query time 348.162
srv 53 query time 348.209
srv 48 query time 348.288
srv 4 query time 348.382
srv 10 query time 348.403
srv 2 query time 348.443
srv 9 query time 348.443
srv 8 query time 348.444
srv 3 query time 348.459
srv 14 query time 348.475
srv 0 query time 348.481
srv 11 query time 348.494
srv 13 query time 348.492
srv 12 query time 348.497
srv 7 query time 348.499
srv 1 query time 348.491
srv 15 query time 348.499
srv 16 query time 348.506
srv 6 query time 348.520
srv 5 query time 348.524
srv 17 query time 348.518
srv 17 quitting 
srv 27 quitting 
srv 57 quitting 
srv 63 quitting 
srv 5 quitting 
srv 11 quitting 
srv 7 quitting 
srv 14 quitting 
srv 4 quitting 
srv 8 quitting 
srv 6 quitting 
srv 39 quitting 
srv 36 quitting 
srv 13 quitting 
srv 53 quitting 
srv 62 quitting 
srv 48 quitting 
srv 38 quitting 
srv 15 quitting 
srv 30 quitting 
srv 40 quitting 
srv 34 quitting 
srv 24 quitting 
srv 3 quitting 
srv 28 quitting 
srv 9 quitting 
srv 0 quitting 
srv 25 quitting 
srv 37 quitting 
srv 19 quitting 
srv 43 quitting 
srv 16 quitting 
srv 22 quitting 
srv 35 quitting 
srv 33 quitting 
srv 18 quitting 
srv 31 quitting 
srv 45 quitting 
srv 42 quitting 
srv 56 quitting 
srv 44 quitting 
srv 26 quitting 
srv 61 quitting 
srv 12 quitting 
srv 58 quitting 
srv 20 quitting 
srv 55 quitting 
srv 49 quitting 
srv 50 quitting 
srv 54 quitting 
srv 1 quitting 
srv 29 quitting 
srv 10 quitting 
srv 2 quitting 
srv 59 quitting 
srv 60 quitting 
srv 41 quitting 
srv 21 quitting 
srv 32 quitting 
srv 47 quitting 
srv 46 quitting 
srv 23 quitting 
srv 51 quitting 
srv 52 quitting 
srv 0 commits 1000000
srv 1 commits 1000000
srv 2 commits 1000000
srv 3 commits 1000000
srv 4 commits 1000000
srv 5 commits 1000000
srv 6 commits 1000000
srv 7 commits 1000000
srv 8 commits 1000000
srv 9 commits 1000000
srv 10 commits 1000000
srv 11 commits 1000000
srv 12 commits 1000000
srv 13 commits 1000000
srv 14 commits 1000000
srv 15 commits 1000000
srv 16 commits 1000000
srv 17 commits 1000000
srv 18 commits 1000000
srv 19 commits 1000000
srv 20 commits 1000000
srv 21 commits 1000000
srv 22 commits 1000000
srv 23 commits 1000000
srv 24 commits 1000000
srv 25 commits 1000000
srv 26 commits 1000000
srv 27 commits 1000000
srv 28 commits 1000000
srv 29 commits 1000000
srv 30 commits 1000000
srv 31 commits 1000000
srv 32 commits 1000000
srv 33 commits 1000000
srv 34 commits 1000000
srv 35 commits 1000000
srv 36 commits 1000000
srv 37 commits 1000000
srv 38 commits 1000000
srv 39 commits 1000000
srv 40 commits 1000000
srv 41 commits 1000000
srv 42 commits 1000000
srv 43 commits 1000000
srv 44 commits 1000000
srv 45 commits 1000000
srv 46 commits 1000000
srv 47 commits 1000000
srv 48 commits 1000000
srv 49 commits 1000000
srv 50 commits 1000000
srv 51 commits 1000000
srv 52 commits 1000000
srv 53 commits 1000000
srv 54 commits 1000000
srv 55 commits 1000000
srv 56 commits 1000000
srv 57 commits 1000000
srv 58 commits 1000000
srv 59 commits 1000000
srv 60 commits 1000000
srv 61 commits 1000000
srv 62 commits 1000000
srv 63 commits 1000000
total commits 64000000
== results ==
Server 0: 0.002869000M TPS
Server 1: 0.002869000M TPS
Server 2: 0.002869000M TPS
Server 3: 0.002869000M TPS
Server 4: 0.002870000M TPS
Server 5: 0.002869000M TPS
Server 6: 0.002869000M TPS
Server 7: 0.002869000M TPS
Server 8: 0.002869000M TPS
Server 9: 0.002869000M TPS
Server 10: 0.002870000M TPS
Server 11: 0.002869000M TPS
Server 12: 0.002869000M TPS
Server 13: 0.002869000M TPS
Server 14: 0.002869000M TPS
Server 15: 0.002869000M TPS
Server 16: 0.002869000M TPS
Server 17: 0.002869000M TPS
Server 18: 0.002898000M TPS
Server 19: 0.002895000M TPS
Server 20: 0.002904000M TPS
Server 21: 0.002894000M TPS
Server 22: 0.002896000M TPS
Server 23: 0.002892000M TPS
Server 24: 0.002895000M TPS
Server 25: 0.002896000M TPS
Server 26: 0.002895000M TPS
Server 27: 0.002902000M TPS
Server 28: 0.002899000M TPS
Server 29: 0.002894000M TPS
Server 30: 0.002892000M TPS
Server 31: 0.002896000M TPS
Server 32: 0.002902000M TPS
Server 33: 0.002896000M TPS
Server 34: 0.002892000M TPS
Server 35: 0.002893000M TPS
Server 36: 0.002873000M TPS
Server 37: 0.002872000M TPS
Server 38: 0.002874000M TPS
Server 39: 0.002872000M TPS
Server 40: 0.002875000M TPS
Server 41: 0.002873000M TPS
Server 42: 0.002872000M TPS
Server 43: 0.002873000M TPS
Server 44: 0.002873000M TPS
Server 45: 0.002873000M TPS
Server 46: 0.002877000M TPS
Server 47: 0.002872000M TPS
Server 48: 0.002871000M TPS
Server 49: 0.002873000M TPS
Server 50: 0.002874000M TPS
Server 51: 0.002872000M TPS
Server 52: 0.002872000M TPS
Server 53: 0.002871000M TPS
Server 54: 0.002928000M TPS
Server 55: 0.002926000M TPS
Server 56: 0.002947000M TPS
Server 57: 0.002941000M TPS
Server 58: 0.002930000M TPS
Server 59: 0.002916000M TPS
Server 60: 0.002924000M TPS
Server 61: 0.002940000M TPS
Server 62: 0.002931000M TPS
Server 63: 0.002939000M TPS
Total tps: 0.184809000M
