./ycsb -s 1 -d 0 -b 1 -i 10000000 -o 10 -t 1000000 -w 100 -a 100 -h 16 -p 1
 # clients:    1
 # servers:    1
 Key range:    0..2^29
 Write ratio:  100
 Total #recs: 1000000 
 Iterations:   10000000
Assinging core 0 to srv 0
srv 0 load time 0.118
srv 0 rec count: 1000000 partition sz 132812-KB tx count: 10000000, per_txn_op cnt: 10
srv 0 starting txns
srv 0 query time 30.548
srv 0 quitting 
srv 0 commits 10000000
total commits 10000000
== results ==
Server 0: 0.327358000M TPS
Total tps: 0.327358000M
./ycsb -s 1 -d 0 -b 1 -i 10000000 -o 10 -t 1000000 -w 100 -a 100 -h 16 -p 1
 # clients:    1
 # servers:    1
 Key range:    0..2^29
 Write ratio:  100
 Total #recs: 1000000 
 Iterations:   10000000
Assinging core 0 to srv 0
srv 0 load time 0.118
srv 0 rec count: 1000000 partition sz 132812-KB tx count: 10000000, per_txn_op cnt: 10
srv 0 starting txns
srv 0 query time 30.356
srv 0 quitting 
srv 0 commits 10000000
total commits 10000000
== results ==
Server 0: 0.329423000M TPS
Total tps: 0.329423000M
./ycsb -s 1 -d 0 -b 1 -i 10000000 -o 10 -t 1000000 -w 100 -a 100 -h 16 -p 1
 # clients:    1
 # servers:    1
 Key range:    0..2^29
 Write ratio:  100
 Total #recs: 1000000 
 Iterations:   10000000
Assinging core 0 to srv 0
srv 0 load time 0.118
srv 0 rec count: 1000000 partition sz 132812-KB tx count: 10000000, per_txn_op cnt: 10
srv 0 starting txns
srv 0 query time 30.530
srv 0 quitting 
srv 0 commits 10000000
total commits 10000000
== results ==
Server 0: 0.327543000M TPS
Total tps: 0.327543000M
./ycsb -s 2 -d 0 -b 1 -i 10000000 -o 10 -t 2000000 -w 100 -a 100 -h 16 -p 1
 # clients:    1
 # servers:    2
 Key range:    0..2^29
 Write ratio:  100
 Total #recs: 2000000 
 Iterations:   10000000
Assinging core 0 to srv 0
Assinging core 4 to srv 1
srv 1 load time 0.000
srv 1 rec count: 0 partition sz 0-KB tx count: 10000000, per_txn_op cnt: 10
srv 0 load time 0.235
srv 0 rec count: 2000000 partition sz 265625-KB tx count: 10000000, per_txn_op cnt: 10
srv 0 starting txns
srv 1 starting txns
srv 1 query time 29.549
srv 0 query time 29.670
srv 0 quitting 
srv 1 quitting 
srv 0 commits 10000000
srv 1 commits 10000000
total commits 20000000
== results ==
Server 0: 0.337041000M TPS
Server 1: 0.338422000M TPS
Total tps: 0.675463000M
./ycsb -s 2 -d 0 -b 1 -i 10000000 -o 10 -t 2000000 -w 100 -a 100 -h 16 -p 1
 # clients:    1
 # servers:    2
 Key range:    0..2^29
 Write ratio:  100
 Total #recs: 2000000 
 Iterations:   10000000
Assinging core 0 to srv 0
Assinging core 4 to srv 1
srv 1 load time 0.000
srv 1 rec count: 0 partition sz 0-KB tx count: 10000000, per_txn_op cnt: 10
srv 0 load time 0.210
srv 0 rec count: 2000000 partition sz 265625-KB tx count: 10000000, per_txn_op cnt: 10
srv 0 starting txns
srv 1 starting txns
srv 1 query time 29.736
srv 0 query time 29.817
srv 0 quitting 
srv 1 quitting 
srv 0 commits 10000000
srv 1 commits 10000000
total commits 20000000
== results ==
Server 0: 0.335375000M TPS
Server 1: 0.336292000M TPS
Total tps: 0.671667000M
./ycsb -s 2 -d 0 -b 1 -i 10000000 -o 10 -t 2000000 -w 100 -a 100 -h 16 -p 1
 # clients:    1
 # servers:    2
 Key range:    0..2^29
 Write ratio:  100
 Total #recs: 2000000 
 Iterations:   10000000
Assinging core 0 to srv 0
Assinging core 4 to srv 1
srv 1 load time 0.000
srv 1 rec count: 0 partition sz 0-KB tx count: 10000000, per_txn_op cnt: 10
srv 0 load time 0.239
srv 0 rec count: 2000000 partition sz 265625-KB tx count: 10000000, per_txn_op cnt: 10
srv 0 starting txns
srv 1 starting txns
srv 1 query time 29.468
srv 0 query time 29.573
srv 0 quitting 
srv 1 quitting 
srv 0 commits 10000000
srv 1 commits 10000000
total commits 20000000
== results ==
Server 0: 0.338145000M TPS
Server 1: 0.339352000M TPS
Total tps: 0.677497000M
./ycsb -s 4 -d 0 -b 1 -i 10000000 -o 10 -t 4000000 -w 100 -a 100 -h 16 -p 1
 # clients:    1
 # servers:    4
 Key range:    0..2^29
 Write ratio:  100
 Total #recs: 4000000 
 Iterations:   10000000
Assinging core 0 to srv 0
Assinging core 4 to srv 1
Assinging core 8 to srv 2
Assinging core 12 to srv 3
srv 1 load time 0.000
srv 1 rec count: 0 partition sz 0-KB tx count: 10000000, per_txn_op cnt: 10
srv 3 load time 0.000
srv 3 rec count: 0 partition sz 0-KB tx count: 10000000, per_txn_op cnt: 10
srv 2 load time 0.000
srv 2 rec count: 0 partition sz 0-KB tx count: 10000000, per_txn_op cnt: 10
srv 0 load time 0.433
srv 0 rec count: 4000000 partition sz 531250-KB tx count: 10000000, per_txn_op cnt: 10
srv 0 starting txns
srv 1 starting txns
srv 3 starting txns
srv 2 starting txns
srv 2 query time 32.783
srv 3 query time 32.787
srv 0 query time 33.249
srv 1 query time 33.256
srv 1 quitting 
srv 2 quitting 
srv 0 quitting 
srv 3 quitting 
srv 0 commits 10000000
srv 1 commits 10000000
srv 2 commits 10000000
srv 3 commits 10000000
total commits 40000000
== results ==
Server 0: 0.300764000M TPS
Server 1: 0.300697000M TPS
Server 2: 0.305039000M TPS
Server 3: 0.305003000M TPS
Total tps: 1.211503000M
./ycsb -s 4 -d 0 -b 1 -i 10000000 -o 10 -t 4000000 -w 100 -a 100 -h 16 -p 1
 # clients:    1
 # servers:    4
 Key range:    0..2^29
 Write ratio:  100
 Total #recs: 4000000 
 Iterations:   10000000
Assinging core 0 to srv 0
Assinging core 4 to srv 1
Assinging core 8 to srv 2
Assinging core 12 to srv 3
srv 1 load time 0.000
srv 1 rec count: 0 partition sz 0-KB tx count: 10000000, per_txn_op cnt: 10
srv 2 load time 0.000
srv 2 rec count: 0 partition sz 0-KB tx count: 10000000, per_txn_op cnt: 10
srv 3 load time 0.000
srv 3 rec count: 0 partition sz 0-KB tx count: 10000000, per_txn_op cnt: 10
srv 0 load time 0.440
srv 0 rec count: 4000000 partition sz 531250-KB tx count: 10000000, per_txn_op cnt: 10
srv 0 starting txns
srv 1 starting txns
srv 2 starting txns
srv 3 starting txns
srv 2 query time 32.341
srv 3 query time 32.353
srv 1 query time 32.716
srv 0 query time 32.758
srv 0 quitting 
srv 1 quitting 
srv 2 quitting 
srv 3 quitting 
srv 0 commits 10000000
srv 1 commits 10000000
srv 2 commits 10000000
srv 3 commits 10000000
total commits 40000000
== results ==
Server 0: 0.305268000M TPS
Server 1: 0.305662000M TPS
Server 2: 0.309206000M TPS
Server 3: 0.309092000M TPS
Total tps: 1.229228000M
./ycsb -s 4 -d 0 -b 1 -i 10000000 -o 10 -t 4000000 -w 100 -a 100 -h 16 -p 1
 # clients:    1
 # servers:    4
 Key range:    0..2^29
 Write ratio:  100
 Total #recs: 4000000 
 Iterations:   10000000
Assinging core 0 to srv 0
Assinging core 4 to srv 1
Assinging core 8 to srv 2
Assinging core 12 to srv 3
srv 1 load time 0.000
srv 1 rec count: 0 partition sz 0-KB tx count: 10000000, per_txn_op cnt: 10
srv 2 load time 0.000
srv 2 rec count: 0 partition sz 0-KB tx count: 10000000, per_txn_op cnt: 10
srv 3 load time 0.000
srv 3 rec count: 0 partition sz 0-KB tx count: 10000000, per_txn_op cnt: 10
srv 0 load time 0.489
srv 0 rec count: 4000000 partition sz 531250-KB tx count: 10000000, per_txn_op cnt: 10
srv 0 starting txns
srv 2 starting txns
srv 1 starting txns
srv 3 starting txns
srv 2 query time 32.657
srv 3 query time 32.688
srv 1 query time 33.092
srv 0 query time 33.149
srv 0 quitting 
srv 2 quitting 
srv 3 quitting 
srv 1 quitting 
srv 0 commits 10000000
srv 1 commits 10000000
srv 2 commits 10000000
srv 3 commits 10000000
total commits 40000000
== results ==
Server 0: 0.301663000M TPS
Server 1: 0.302186000M TPS
Server 2: 0.306213000M TPS
Server 3: 0.305927000M TPS
Total tps: 1.215989000M
./ycsb -s 8 -d 0 -b 1 -i 10000000 -o 10 -t 8000000 -w 100 -a 100 -h 16 -p 1
 # clients:    1
 # servers:    8
 Key range:    0..2^29
 Write ratio:  100
 Total #recs: 8000000 
 Iterations:   10000000
Assinging core 0 to srv 0
Assinging core 4 to srv 1
Assinging core 8 to srv 2
Assinging core 12 to srv 3
Assinging core 16 to srv 4
Assinging core 20 to srv 5
srv 1 load time 0.000
srv 1 rec count: 0 partition sz 0-KB tx count: 10000000, per_txn_op cnt: 10
srv 2 load time 0.000
srv 2 rec count: 0 partition sz 0-KB tx count: 10000000, per_txn_op cnt: 10
Assinging core 24 to srv 6
srv 5 load time 0.000
srv 5 rec count: 0 partition sz 0-KB tx count: 10000000, per_txn_op cnt: 10
srv 3 load time 0.000
srv 3 rec count: 0 partition sz 0-KB tx count: 10000000, per_txn_op cnt: 10
srv 4 load time 0.000
srv 4 rec count: 0 partition sz 0-KB tx count: 10000000, per_txn_op cnt: 10
Assinging core 28 to srv 7
srv 6 load time 0.000
srv 6 rec count: 0 partition sz 0-KB tx count: 10000000, per_txn_op cnt: 10
srv 7 load time 0.000
srv 7 rec count: 0 partition sz 0-KB tx count: 10000000, per_txn_op cnt: 10
srv 0 load time 0.925
srv 0 rec count: 8000000 partition sz 1062500-KB tx count: 10000000, per_txn_op cnt: 10
srv 0 starting txns
srv 7 starting txns
srv 4 starting txns
srv 5 starting txns
srv 3 starting txns
srv 2 starting txns
srv 1 starting txns
srv 6 starting txns
srv 7 query time 35.355
srv 3 query time 35.404
srv 5 query time 35.762
srv 0 query time 35.800
srv 6 query time 36.459
srv 2 query time 37.813
srv 1 query time 42.216
srv 4 query time 43.824
srv 4 quitting 
srv 1 quitting 
srv 7 quitting 
srv 2 quitting 
srv 0 quitting 
srv 5 quitting 
srv 3 quitting 
srv 6 quitting 
srv 0 commits 10000000
srv 1 commits 10000000
srv 2 commits 10000000
srv 3 commits 10000000
srv 4 commits 10000000
srv 5 commits 10000000
srv 6 commits 10000000
srv 7 commits 10000000
total commits 80000000
== results ==
Server 0: 0.279330000M TPS
Server 1: 0.236878000M TPS
Server 2: 0.264458000M TPS
Server 3: 0.282451000M TPS
Server 4: 0.228185000M TPS
Server 5: 0.279625000M TPS
Server 6: 0.274281000M TPS
Server 7: 0.282848000M TPS
Total tps: 2.128056000M
./ycsb -s 8 -d 0 -b 1 -i 10000000 -o 10 -t 8000000 -w 100 -a 100 -h 16 -p 1
 # clients:    1
 # servers:    8
 Key range:    0..2^29
 Write ratio:  100
 Total #recs: 8000000 
 Iterations:   10000000
Assinging core 0 to srv 0
Assinging core 4 to srv 1
Assinging core 8 to srv 2
srv 1 load time 0.000
srv 1 rec count: 0 partition sz 0-KB tx count: 10000000, per_txn_op cnt: 10
Assinging core 12 to srv 3
Assinging core 16 to srv 4
Assinging core 20 to srv 5
Assinging core 24 to srv 6
srv 2 load time 0.000
srv 2 rec count: 0 partition sz 0-KB tx count: 10000000, per_txn_op cnt: 10
Assinging core 28 to srv 7
srv 5 load time 0.000
srv 5 rec count: 0 partition sz 0-KB tx count: 10000000, per_txn_op cnt: 10
srv 3 load time 0.000
srv 4 load time 0.000
srv 3 rec count: 0 partition sz 0-KB tx count: 10000000, per_txn_op cnt: 10
srv 6 load time 0.000
srv 6 rec count: 0 partition sz 0-KB tx count: 10000000, per_txn_op cnt: 10
srv 4 rec count: 0 partition sz 0-KB tx count: 10000000, per_txn_op cnt: 10
srv 7 load time 0.000
srv 7 rec count: 0 partition sz 0-KB tx count: 10000000, per_txn_op cnt: 10
srv 0 load time 0.873
srv 0 rec count: 8000000 partition sz 1062500-KB tx count: 10000000, per_txn_op cnt: 10
srv 0 starting txns
srv 3 starting txns
srv 6 starting txns
srv 4 starting txns
srv 7 starting txns
srv 1 starting txns
srv 5 starting txns
srv 2 starting txns
srv 3 query time 35.634
srv 7 query time 35.747
srv 5 query time 36.185
srv 0 query time 36.259
srv 6 query time 36.726
srv 2 query time 37.986
srv 1 query time 42.397
srv 4 query time 43.999
srv 4 quitting 
srv 3 quitting 
srv 2 quitting 
srv 7 quitting 
srv 5 quitting 
srv 6 quitting 
srv 0 quitting 
srv 1 quitting 
srv 0 commits 10000000
srv 1 commits 10000000
srv 2 commits 10000000
srv 3 commits 10000000
srv 4 commits 10000000
srv 5 commits 10000000
srv 6 commits 10000000
srv 7 commits 10000000
total commits 80000000
== results ==
Server 0: 0.275792000M TPS
Server 1: 0.235867000M TPS
Server 2: 0.263251000M TPS
Server 3: 0.280632000M TPS
Server 4: 0.227279000M TPS
Server 5: 0.276359000M TPS
Server 6: 0.272285000M TPS
Server 7: 0.279745000M TPS
Total tps: 2.111210000M
./ycsb -s 8 -d 0 -b 1 -i 10000000 -o 10 -t 8000000 -w 100 -a 100 -h 16 -p 1
 # clients:    1
 # servers:    8
 Key range:    0..2^29
 Write ratio:  100
 Total #recs: 8000000 
 Iterations:   10000000
Assinging core 0 to srv 0
Assinging core 4 to srv 1
Assinging core 8 to srv 2
Assinging core 12 to srv 3
Assinging core 16 to srv 4
Assinging core 20 to srv 5
Assinging core 24 to srv 6
srv 1 load time 0.000
srv 1 rec count: 0 partition sz 0-KB tx count: 10000000, per_txn_op cnt: 10
srv 3 load time 0.000
srv 3 rec count: 0 partition sz 0-KB tx count: 10000000, per_txn_op cnt: 10
srv 4 load time 0.000
srv 4 rec count: 0 partition sz 0-KB tx count: 10000000, per_txn_op cnt: 10
srv 5 load time 0.000
srv 5 rec count: 0 partition sz 0-KB tx count: 10000000, per_txn_op cnt: 10
srv 2 load time 0.000
srv 2 rec count: 0 partition sz 0-KB tx count: 10000000, per_txn_op cnt: 10
Assinging core 28 to srv 7
srv 6 load time 0.000
srv 6 rec count: 0 partition sz 0-KB tx count: 10000000, per_txn_op cnt: 10
srv 7 load time 0.000
srv 7 rec count: 0 partition sz 0-KB tx count: 10000000, per_txn_op cnt: 10
srv 0 load time 0.890
srv 0 rec count: 8000000 partition sz 1062500-KB tx count: 10000000, per_txn_op cnt: 10
srv 0 starting txns
srv 5 starting txns
srv 3 starting txns
srv 4 starting txns
srv 2 starting txns
srv 6 starting txns
srv 1 starting txns
srv 7 starting txns
srv 7 query time 35.873
srv 3 query time 35.889
srv 0 query time 36.374
srv 5 query time 36.528
srv 6 query time 37.028
srv 2 query time 37.840
srv 1 query time 42.260
srv 4 query time 43.868
srv 4 quitting 
srv 2 quitting 
srv 3 quitting 
srv 0 quitting 
srv 1 quitting 
srv 7 quitting 
srv 6 quitting 
srv 5 quitting 
srv 0 commits 10000000
srv 1 commits 10000000
srv 2 commits 10000000
srv 3 commits 10000000
srv 4 commits 10000000
srv 5 commits 10000000
srv 6 commits 10000000
srv 7 commits 10000000
total commits 80000000
== results ==
Server 0: 0.274919000M TPS
Server 1: 0.236630000M TPS
Server 2: 0.264268000M TPS
Server 3: 0.278634000M TPS
Server 4: 0.227957000M TPS
Server 5: 0.273764000M TPS
Server 6: 0.270065000M TPS
Server 7: 0.278764000M TPS
Total tps: 2.105001000M
./ycsb -s 16 -d 0 -b 1 -i 10000000 -o 10 -t 16000000 -w 100 -a 100 -h 16 -p 1
 # clients:    1
 # servers:    16
 Key range:    0..2^29
 Write ratio:  100
 Total #recs: 16000000 
 Iterations:   10000000
Assinging core 0 to srv 0
Assinging core 4 to srv 1
Assinging core 8 to srv 2
Assinging core 12 to srv 3
Assinging core 16 to srv 4
srv 1 load time 0.000
srv 1 rec count: 0 partition sz 0-KB tx count: 10000000, per_txn_op cnt: 10
Assinging core 20 to srv 5
srv 4 load time 0.000
srv 4 rec count: 0 partition sz 0-KB tx count: 10000000, per_txn_op cnt: 10
srv 2 load time 0.000
srv 2 rec count: 0 partition sz 0-KB tx count: 10000000, per_txn_op cnt: 10
srv 3 load time 0.000
srv 3 rec count: 0 partition sz 0-KB tx count: 10000000, per_txn_op cnt: 10
Assinging core 24 to srv 6
Assinging core 28 to srv 7
Assinging core 32 to srv 8
srv 5 load time 0.000
srv 5 rec count: 0 partition sz 0-KB tx count: 10000000, per_txn_op cnt: 10
srv 6 load time 0.000
srv 6 rec count: 0 partition sz 0-KB tx count: 10000000, per_txn_op cnt: 10
srv 7 load time 0.000
srv 7 rec count: 0 partition sz 0-KB tx count: 10000000, per_txn_op cnt: 10
Assinging core 36 to srv 9
Assinging core 40 to srv 10
Assinging core 44 to srv 11
Assinging core 48 to srv 12
Assinging core 52 to srv 13
srv 8 load time 0.000
srv 8 rec count: 0 partition sz 0-KB tx count: 10000000, per_txn_op cnt: 10
Assinging core 56 to srv 14
srv 10 load time 0.000
srv 11 load time 0.000
srv 11 rec count: 0 partition sz 0-KB tx count: 10000000, per_txn_op cnt: 10
srv 10 rec count: 0 partition sz 0-KB tx count: 10000000, per_txn_op cnt: 10
Assinging core 60 to srv 15
srv 12 load time 0.000
srv 12 rec count: 0 partition sz 0-KB tx count: 10000000, per_txn_op cnt: 10
srv 9 load time 0.000
srv 9 rec count: 0 partition sz 0-KB tx count: 10000000, per_txn_op cnt: 10
srv 13 load time 0.000
srv 13 rec count: 0 partition sz 0-KB tx count: 10000000, per_txn_op cnt: 10
srv 14 load time 0.000
srv 14 rec count: 0 partition sz 0-KB tx count: 10000000, per_txn_op cnt: 10
srv 15 load time 0.000
srv 15 rec count: 0 partition sz 0-KB tx count: 10000000, per_txn_op cnt: 10
srv 0 load time 1.894
srv 0 rec count: 16000000 partition sz 2125000-KB tx count: 10000000, per_txn_op cnt: 10
srv 0 starting txns
srv 14 starting txns
srv 15 starting txns
srv 9 starting txns
srv 10 starting txns
srv 8 starting txns
srv 2 starting txns
srv 7 starting txns
srv 13 starting txns
srv 4 starting txns
srv 11 starting txns
srv 3 starting txns
srv 1 starting txns
srv 6 starting txns
srv 5 starting txns
srv 12 starting txns
srv 10 query time 40.004
srv 9 query time 40.019
srv 7 query time 40.043
srv 3 query time 40.096
srv 12 query time 40.369
srv 11 query time 40.427
srv 15 query time 40.485
srv 0 query time 40.630
srv 5 query time 40.635
srv 13 query time 41.418
srv 14 query time 42.540
srv 2 query time 43.368
srv 8 query time 43.383
srv 6 query time 44.035
srv 1 query time 47.920
srv 4 query time 49.583
srv 4 quitting 
srv 5 quitting 
srv 2 quitting 
srv 7 quitting 
srv 10 quitting 
srv 8 quitting 
srv 6 quitting 
srv 14 quitting 
srv 15 quitting 
srv 3 quitting 
srv 1 quitting 
srv 12 quitting 
srv 13 quitting 
srv 9 quitting 
srv 11 quitting 
srv 0 quitting 
srv 0 commits 10000000
srv 1 commits 10000000
srv 2 commits 10000000
srv 3 commits 10000000
srv 4 commits 10000000
srv 5 commits 10000000
srv 6 commits 10000000
srv 7 commits 10000000
srv 8 commits 10000000
srv 9 commits 10000000
srv 10 commits 10000000
srv 11 commits 10000000
srv 12 commits 10000000
srv 13 commits 10000000
srv 14 commits 10000000
srv 15 commits 10000000
total commits 160000000
== results ==
Server 0: 0.246120000M TPS
Server 1: 0.208680000M TPS
Server 2: 0.230586000M TPS
Server 3: 0.249401000M TPS
Server 4: 0.201682000M TPS
Server 5: 0.246092000M TPS
Server 6: 0.227089000M TPS
Server 7: 0.249729000M TPS
Server 8: 0.230502000M TPS
Server 9: 0.249882000M TPS
Server 10: 0.249972000M TPS
Server 11: 0.247358000M TPS
Server 12: 0.247714000M TPS
Server 13: 0.241442000M TPS
Server 14: 0.235070000M TPS
Server 15: 0.247007000M TPS
Total tps: 3.808326000M
./ycsb -s 16 -d 0 -b 1 -i 10000000 -o 10 -t 16000000 -w 100 -a 100 -h 16 -p 1
 # clients:    1
 # servers:    16
 Key range:    0..2^29
 Write ratio:  100
 Total #recs: 16000000 
 Iterations:   10000000
Assinging core 0 to srv 0
Assinging core 4 to srv 1
Assinging core 8 to srv 2
Assinging core 12 to srv 3
Assinging core 16 to srv 4
Assinging core 20 to srv 5
Assinging core 24 to srv 6
srv 1 load time 0.000
srv 1 rec count: 0 partition sz 0-KB tx count: 10000000, per_txn_op cnt: 10
srv 3 load time 0.000
srv 3 rec count: 0 partition sz 0-KB tx count: 10000000, per_txn_op cnt: 10
srv 2 load time 0.000
srv 2 rec count: 0 partition sz 0-KB tx count: 10000000, per_txn_op cnt: 10
srv 5 load time 0.000
srv 5 rec count: 0 partition sz 0-KB tx count: 10000000, per_txn_op cnt: 10
Assinging core 28 to srv 7
srv 4 load time 0.000
srv 4 rec count: 0 partition sz 0-KB tx count: 10000000, per_txn_op cnt: 10
srv 6 load time 0.000
srv 6 rec count: 0 partition sz 0-KB tx count: 10000000, per_txn_op cnt: 10
Assinging core 32 to srv 8
Assinging core 36 to srv 9
srv 7 load time 0.000
srv 7 rec count: 0 partition sz 0-KB tx count: 10000000, per_txn_op cnt: 10
Assinging core 40 to srv 10
srv 8 load time 0.000
srv 8 rec count: 0 partition sz 0-KB tx count: 10000000, per_txn_op cnt: 10
Assinging core 44 to srv 11
srv 10 load time 0.000
srv 10 rec count: 0 partition sz 0-KB tx count: 10000000, per_txn_op cnt: 10
srv 9 load time 0.000
srv 9 rec count: 0 partition sz 0-KB tx count: 10000000, per_txn_op cnt: 10
Assinging core 48 to srv 12
Assinging core 52 to srv 13
srv 11 load time 0.000
srv 11 rec count: 0 partition sz 0-KB tx count: 10000000, per_txn_op cnt: 10
Assinging core 56 to srv 14
srv 12 load time 0.000
srv 12 rec count: 0 partition sz 0-KB tx count: 10000000, per_txn_op cnt: 10
Assinging core 60 to srv 15
srv 13 load time 0.000
srv 13 rec count: 0 partition sz 0-KB tx count: 10000000, per_txn_op cnt: 10
srv 14 load time 0.000
srv 14 rec count: 0 partition sz 0-KB tx count: 10000000, per_txn_op cnt: 10
srv 15 load time 0.000
srv 15 rec count: 0 partition sz 0-KB tx count: 10000000, per_txn_op cnt: 10
srv 0 load time 1.776
srv 0 rec count: 16000000 partition sz 2125000-KB tx count: 10000000, per_txn_op cnt: 10
srv 0 starting txns
srv 14 starting txns
srv 15 starting txns
srv 6 starting txns
srv 11 starting txns
srv 8 starting txns
srv 2 starting txns
srv 5 starting txns
srv 12 starting txns
srv 10 starting txns
srv 7 starting txns
srv 3 starting txns
srv 13 starting txns
srv 1 starting txns
srv 4 starting txns
srv 9 starting txns
srv 9 query time 40.076
srv 10 query time 40.090
srv 7 query time 40.221
srv 3 query time 40.266
srv 15 query time 40.501
srv 11 query time 40.517
srv 12 query time 40.580
srv 5 query time 40.693
srv 0 query time 40.782
srv 13 query time 40.972
srv 14 query time 42.406
srv 8 query time 42.982
srv 2 query time 43.235
srv 6 query time 43.636
srv 1 query time 47.738
srv 4 query time 49.404
srv 4 quitting 
srv 2 quitting 
srv 8 quitting 
srv 3 quitting 
srv 1 quitting 
srv 5 quitting 
srv 11 quitting 
srv 0 quitting 
srv 9 quitting 
srv 10 quitting 
srv 14 quitting 
srv 7 quitting 
srv 13 quitting 
srv 6 quitting 
srv 15 quitting 
srv 12 quitting 
srv 0 commits 10000000
srv 1 commits 10000000
srv 2 commits 10000000
srv 3 commits 10000000
srv 4 commits 10000000
srv 5 commits 10000000
srv 6 commits 10000000
srv 7 commits 10000000
srv 8 commits 10000000
srv 9 commits 10000000
srv 10 commits 10000000
srv 11 commits 10000000
srv 12 commits 10000000
srv 13 commits 10000000
srv 14 commits 10000000
srv 15 commits 10000000
total commits 160000000
== results ==
Server 0: 0.245205000M TPS
Server 1: 0.209476000M TPS
Server 2: 0.231291000M TPS
Server 3: 0.248345000M TPS
Server 4: 0.202414000M TPS
Server 5: 0.245743000M TPS
Server 6: 0.229166000M TPS
Server 7: 0.248624000M TPS
Server 8: 0.232654000M TPS
Server 9: 0.249528000M TPS
Server 10: 0.249437000M TPS
Server 11: 0.246807000M TPS
Server 12: 0.246424000M TPS
Server 13: 0.244069000M TPS
Server 14: 0.235818000M TPS
Server 15: 0.246906000M TPS
Total tps: 3.811907000M
./ycsb -s 16 -d 0 -b 1 -i 10000000 -o 10 -t 16000000 -w 100 -a 100 -h 16 -p 1
 # clients:    1
 # servers:    16
 Key range:    0..2^29
 Write ratio:  100
 Total #recs: 16000000 
 Iterations:   10000000
Assinging core 0 to srv 0
Assinging core 4 to srv 1
Assinging core 8 to srv 2
Assinging core 12 to srv 3
Assinging core 16 to srv 4
srv 1 load time 0.000
srv 1 rec count: 0 partition sz 0-KB tx count: 10000000, per_txn_op cnt: 10
Assinging core 20 to srv 5
srv 2 load time 0.000
srv 2 rec count: 0 partition sz 0-KB tx count: 10000000, per_txn_op cnt: 10
srv 3 load time 0.000
srv 3 rec count: 0 partition sz 0-KB tx count: 10000000, per_txn_op cnt: 10
srv 4 load time 0.000
srv 4 rec count: 0 partition sz 0-KB tx count: 10000000, per_txn_op cnt: 10
Assinging core 24 to srv 6
Assinging core 28 to srv 7
srv 5 load time 0.000
srv 5 rec count: 0 partition sz 0-KB tx count: 10000000, per_txn_op cnt: 10
srv 6 load time 0.000
srv 6 rec count: 0 partition sz 0-KB tx count: 10000000, per_txn_op cnt: 10
Assinging core 32 to srv 8
Assinging core 36 to srv 9
srv 7 load time 0.000
srv 7 rec count: 0 partition sz 0-KB tx count: 10000000, per_txn_op cnt: 10
Assinging core 40 to srv 10
srv 9 load time 0.000
srv 9 rec count: 0 partition sz 0-KB tx count: 10000000, per_txn_op cnt: 10
srv 8 load time 0.000
srv 8 rec count: 0 partition sz 0-KB tx count: 10000000, per_txn_op cnt: 10
Assinging core 44 to srv 11
Assinging core 48 to srv 12
Assinging core 52 to srv 13
Assinging core 56 to srv 14
Assinging core 60 to srv 15
srv 12 load time 0.000
srv 12 rec count: 0 partition sz 0-KB tx count: 10000000, per_txn_op cnt: 10
srv 10 load time 0.000
srv 10 rec count: 0 partition sz 0-KB tx count: 10000000, per_txn_op cnt: 10
srv 14 load time 0.000
srv 14 rec count: 0 partition sz 0-KB tx count: 10000000, per_txn_op cnt: 10
srv 15 load time 0.000
srv 15 rec count: 0 partition sz 0-KB tx count: 10000000, per_txn_op cnt: 10
srv 11 load time 0.000
srv 11 rec count: 0 partition sz 0-KB tx count: 10000000, per_txn_op cnt: 10
srv 13 load time 0.000
srv 13 rec count: 0 partition sz 0-KB tx count: 10000000, per_txn_op cnt: 10
srv 0 load time 1.820
srv 0 rec count: 16000000 partition sz 2125000-KB tx count: 10000000, per_txn_op cnt: 10
srv 0 starting txns
srv 15 starting txns
srv 11 starting txns
srv 4 starting txns
srv 7 starting txns
srv 9 starting txns
srv 2 starting txns
srv 1 starting txns
srv 8 starting txns
srv 6 starting txns
srv 3 starting txns
srv 10 starting txns
srv 14 starting txns
srv 13 starting txns
srv 12 starting txns
srv 5 starting txns
srv 9 query time 40.082
srv 7 query time 40.151
srv 10 query time 40.151
srv 3 query time 40.175
srv 13 query time 40.435
srv 11 query time 40.549
srv 15 query time 40.582
srv 12 query time 40.613
srv 5 query time 40.635
srv 0 query time 40.777
srv 8 query time 42.234
srv 14 query time 42.659
srv 6 query time 42.898
srv 2 query time 43.473
srv 1 query time 48.046
srv 4 query time 49.707
srv 4 quitting 
srv 5 quitting 
srv 0 quitting 
srv 14 quitting 
srv 6 quitting 
srv 10 quitting 
srv 15 quitting 
srv 3 quitting 
srv 12 quitting 
srv 9 quitting 
srv 11 quitting 
srv 7 quitting 
srv 13 quitting 
srv 8 quitting 
srv 1 quitting 
srv 2 quitting 
srv 0 commits 10000000
srv 1 commits 10000000
srv 2 commits 10000000
srv 3 commits 10000000
srv 4 commits 10000000
srv 5 commits 10000000
srv 6 commits 10000000
srv 7 commits 10000000
srv 8 commits 10000000
srv 9 commits 10000000
srv 10 commits 10000000
srv 11 commits 10000000
srv 12 commits 10000000
srv 13 commits 10000000
srv 14 commits 10000000
srv 15 commits 10000000
total commits 160000000
== results ==
Server 0: 0.245237000M TPS
Server 1: 0.208135000M TPS
Server 2: 0.230026000M TPS
Server 3: 0.248911000M TPS
Server 4: 0.201180000M TPS
Server 5: 0.246093000M TPS
Server 6: 0.233108000M TPS
Server 7: 0.249056000M TPS
Server 8: 0.236778000M TPS
Server 9: 0.249490000M TPS
Server 10: 0.249060000M TPS
Server 11: 0.246613000M TPS
Server 12: 0.246226000M TPS
Server 13: 0.247309000M TPS
Server 14: 0.234417000M TPS
Server 15: 0.246412000M TPS
Total tps: 3.818051000M
./ycsb -s 32 -d 0 -b 1 -i 10000000 -o 10 -t 32000000 -w 100 -a 100 -h 16 -p 1
 # clients:    1
 # servers:    32
 Key range:    0..2^29
 Write ratio:  100
 Total #recs: 32000000 
 Iterations:   10000000
Assinging core 0 to srv 0
Assinging core 4 to srv 1
Assinging core 8 to srv 2
Assinging core 12 to srv 3
Assinging core 16 to srv 4
Assinging core 20 to srv 5
Assinging core 24 to srv 6
srv 1 load time 0.000
srv 1 rec count: 0 partition sz 0-KB tx count: 10000000, per_txn_op cnt: 10
Assinging core 28 to srv 7
srv 2 load time 0.000
srv 2 rec count: 0 partition sz 0-KB tx count: 10000000, per_txn_op cnt: 10
Assinging core 32 to srv 8
srv 3 load time 0.000
srv 3 rec count: 0 partition sz 0-KB tx count: 10000000, per_txn_op cnt: 10
srv 5 load time 0.000
srv 5 rec count: 0 partition sz 0-KB tx count: 10000000, per_txn_op cnt: 10
Assinging core 36 to srv 9
srv 4 load time 0.000
srv 4 rec count: 0 partition sz 0-KB tx count: 10000000, per_txn_op cnt: 10
srv 7 load time 0.000
srv 7 rec count: 0 partition sz 0-KB tx count: 10000000, per_txn_op cnt: 10
srv 6 load time 0.000
srv 6 rec count: 0 partition sz 0-KB tx count: 10000000, per_txn_op cnt: 10
srv 8 load time 0.000
srv 8 rec count: 0 partition sz 0-KB tx count: 10000000, per_txn_op cnt: 10
Assinging core 40 to srv 10
Assinging core 44 to srv 11
Assinging core 48 to srv 12
srv 9 load time 0.000
srv 9 rec count: 0 partition sz 0-KB tx count: 10000000, per_txn_op cnt: 10
srv 10 load time 0.000
srv 10 rec count: 0 partition sz 0-KB tx count: 10000000, per_txn_op cnt: 10
Assinging core 52 to srv 13
srv 11 load time 0.000
srv 11 rec count: 0 partition sz 0-KB tx count: 10000000, per_txn_op cnt: 10
srv 12 load time 0.000
srv 12 rec count: 0 partition sz 0-KB tx count: 10000000, per_txn_op cnt: 10
Assinging core 56 to srv 14
Assinging core 60 to srv 15
Assinging core 64 to srv 16
srv 13 load time 0.000
srv 13 rec count: 0 partition sz 0-KB tx count: 10000000, per_txn_op cnt: 10
Assinging core 68 to srv 17
srv 15 load time 0.000
srv 15 rec count: 0 partition sz 0-KB tx count: 10000000, per_txn_op cnt: 10
srv 14 load time 0.000
srv 14 rec count: 0 partition sz 0-KB tx count: 10000000, per_txn_op cnt: 10
srv 16 load time 0.000
srv 16 rec count: 0 partition sz 0-KB tx count: 10000000, per_txn_op cnt: 10
Assinging core 1 to srv 18
Assinging core 5 to srv 19
Assinging core 9 to srv 20
srv 17 load time 0.000
srv 17 rec count: 0 partition sz 0-KB tx count: 10000000, per_txn_op cnt: 10
Assinging core 13 to srv 21
srv 19 load time 0.000
srv 18 load time 0.000
srv 18 rec count: 0 partition sz 0-KB tx count: 10000000, per_txn_op cnt: 10
srv 20 load time 0.000
srv 20 rec count: 0 partition sz 0-KB tx count: 10000000, per_txn_op cnt: 10
srv 19 rec count: 0 partition sz 0-KB tx count: 10000000, per_txn_op cnt: 10
Assinging core 17 to srv 22
Assinging core 21 to srv 23
Assinging core 25 to srv 24
Assinging core 29 to srv 25
srv 21 load time 0.000
srv 21 rec count: 0 partition sz 0-KB tx count: 10000000, per_txn_op cnt: 10
srv 22 load time 0.000
srv 22 rec count: 0 partition sz 0-KB tx count: 10000000, per_txn_op cnt: 10
Assinging core 33 to srv 26
srv 24 load time 0.000
Assinging core 37 to srv 27
srv 25 load time 0.000
srv 25 rec count: 0 partition sz 0-KB tx count: 10000000, per_txn_op cnt: 10
srv 24 rec count: 0 partition sz 0-KB tx count: 10000000, per_txn_op cnt: 10
srv 23 load time 0.000
srv 23 rec count: 0 partition sz 0-KB tx count: 10000000, per_txn_op cnt: 10
srv 26 load time 0.000
srv 26 rec count: 0 partition sz 0-KB tx count: 10000000, per_txn_op cnt: 10
Assinging core 41 to srv 28
Assinging core 45 to srv 29
Assinging core 49 to srv 30
Assinging core 53 to srv 31
srv 27 load time 0.000
srv 27 rec count: 0 partition sz 0-KB tx count: 10000000, per_txn_op cnt: 10
srv 29 load time 0.000
srv 29 rec count: 0 partition sz 0-KB tx count: 10000000, per_txn_op cnt: 10
srv 28 load time 0.000
srv 28 rec count: 0 partition sz 0-KB tx count: 10000000, per_txn_op cnt: 10
srv 30 load time 0.000
srv 30 rec count: 0 partition sz 0-KB tx count: 10000000, per_txn_op cnt: 10
srv 31 load time 0.000
srv 31 rec count: 0 partition sz 0-KB tx count: 10000000, per_txn_op cnt: 10
srv 0 load time 3.810
srv 0 rec count: 32000000 partition sz 4250000-KB tx count: 10000000, per_txn_op cnt: 10
srv 0 starting txns
srv 23 starting txns
srv 22 starting txns
srv 24 starting txns
srv 25 starting txns
srv 29 starting txns
srv 27 starting txns
srv 30 starting txns
srv 21 starting txns
srv 19 starting txns
srv 18 starting txns
srv 28 starting txns
srv 26 starting txns
srv 31 starting txns
srv 20 starting txns
srv 10 starting txns
srv 12 starting txns
srv 17 starting txns
srv 7 starting txns
srv 4 starting txns
srv 1 starting txns
srv 13 starting txns
srv 3 starting txns
srv 16 starting txns
srv 14 starting txns
srv 11 starting txns
srv 5 starting txns
srv 6 starting txns
srv 9 starting txns
srv 15 starting txns
srv 2 starting txns
srv 8 starting txns
srv 18 query time 130.251
srv 28 query time 130.260
srv 29 query time 130.540
srv 19 query time 131.385
srv 24 query time 131.943
srv 23 query time 132.049
srv 22 query time 132.274
srv 27 query time 132.278
srv 26 query time 132.318
srv 21 query time 133.100
srv 25 query time 133.369
srv 20 query time 133.405
srv 31 query time 134.834
srv 30 query time 135.516
srv 14 query time 144.282
srv 2 query time 145.007
srv 17 query time 145.575
srv 5 query time 145.575
srv 13 query time 145.701
srv 0 query time 145.906
srv 11 query time 145.933
srv 10 query time 145.947
srv 8 query time 145.966
srv 3 query time 146.027
srv 7 query time 146.239
srv 16 query time 146.261
srv 1 query time 146.482
srv 9 query time 146.487
srv 6 query time 147.027
srv 15 query time 147.260
srv 12 query time 147.301
srv 4 query time 148.655
srv 4 quitting 
srv 0 quitting 
srv 28 quitting 
srv 5 quitting 
srv 20 quitting 
srv 8 quitting 
srv 30 quitting 
srv 14 quitting 
srv 23 quitting 
srv 26 quitting 
srv 6 quitting 
srv 16 quitting 
srv 31 quitting 
srv 29 quitting 
srv 19 quitting 
srv 13 quitting 
srv 10 quitting 
srv 18 quitting 
srv 11 quitting 
srv 17 quitting 
srv 2 quitting 
srv 7 quitting 
srv 12 quitting 
srv 9 quitting 
srv 22 quitting 
srv 15 quitting 
srv 3 quitting 
srv 21 quitting 
srv 25 quitting 
srv 1 quitting 
srv 24 quitting 
srv 27 quitting 
srv 0 commits 10000000
srv 1 commits 10000000
srv 2 commits 10000000
srv 3 commits 10000000
srv 4 commits 10000000
srv 5 commits 10000000
srv 6 commits 10000000
srv 7 commits 10000000
srv 8 commits 10000000
srv 9 commits 10000000
srv 10 commits 10000000
srv 11 commits 10000000
srv 12 commits 10000000
srv 13 commits 10000000
srv 14 commits 10000000
srv 15 commits 10000000
srv 16 commits 10000000
srv 17 commits 10000000
srv 18 commits 10000000
srv 19 commits 10000000
srv 20 commits 10000000
srv 21 commits 10000000
srv 22 commits 10000000
srv 23 commits 10000000
srv 24 commits 10000000
srv 25 commits 10000000
srv 26 commits 10000000
srv 27 commits 10000000
srv 28 commits 10000000
srv 29 commits 10000000
srv 30 commits 10000000
srv 31 commits 10000000
total commits 320000000
== results ==
Server 0: 0.068537000M TPS
Server 1: 0.068267000M TPS
Server 2: 0.068962000M TPS
Server 3: 0.068480000M TPS
Server 4: 0.067269000M TPS
Server 5: 0.068693000M TPS
Server 6: 0.068014000M TPS
Server 7: 0.068381000M TPS
Server 8: 0.068508000M TPS
Server 9: 0.068265000M TPS
Server 10: 0.068518000M TPS
Server 11: 0.068524000M TPS
Server 12: 0.067887000M TPS
Server 13: 0.068633000M TPS
Server 14: 0.069308000M TPS
Server 15: 0.067906000M TPS
Server 16: 0.068371000M TPS
Server 17: 0.068693000M TPS
Server 18: 0.076774000M TPS
Server 19: 0.076112000M TPS
Server 20: 0.074959000M TPS
Server 21: 0.075131000M TPS
Server 22: 0.075600000M TPS
Server 23: 0.075729000M TPS
Server 24: 0.075790000M TPS
Server 25: 0.074980000M TPS
Server 26: 0.075575000M TPS
Server 27: 0.075598000M TPS
Server 28: 0.076769000M TPS
Server 29: 0.076604000M TPS
Server 30: 0.073791000M TPS
Server 31: 0.074165000M TPS
Total tps: 2.288793000M
./ycsb -s 32 -d 0 -b 1 -i 10000000 -o 10 -t 32000000 -w 100 -a 100 -h 16 -p 1
 # clients:    1
 # servers:    32
 Key range:    0..2^29
 Write ratio:  100
 Total #recs: 32000000 
 Iterations:   10000000
Assinging core 0 to srv 0
Assinging core 4 to srv 1
Assinging core 8 to srv 2
Assinging core 12 to srv 3
Assinging core 16 to srv 4
srv 1 load time 0.000
srv 4 load time 0.000
srv 4 rec count: 0 partition sz 0-KB tx count: 10000000, per_txn_op cnt: 10
srv 3 load time 0.000
srv 3 rec count: 0 partition sz 0-KB tx count: 10000000, per_txn_op cnt: 10
srv 1 rec count: 0 partition sz 0-KB tx count: 10000000, per_txn_op cnt: 10
Assinging core 20 to srv 5
srv 2 load time 0.000
srv 2 rec count: 0 partition sz 0-KB tx count: 10000000, per_txn_op cnt: 10
Assinging core 24 to srv 6
Assinging core 28 to srv 7
srv 5 load time 0.000
srv 5 rec count: 0 partition sz 0-KB tx count: 10000000, per_txn_op cnt: 10
srv 6 load time 0.000
srv 6 rec count: 0 partition sz 0-KB tx count: 10000000, per_txn_op cnt: 10
Assinging core 32 to srv 8
Assinging core 36 to srv 9
Assinging core 40 to srv 10
srv 7 load time 0.000
srv 7 rec count: 0 partition sz 0-KB tx count: 10000000, per_txn_op cnt: 10
Assinging core 44 to srv 11
srv 8 load time 0.000
srv 8 rec count: 0 partition sz 0-KB tx count: 10000000, per_txn_op cnt: 10
srv 9 load time 0.000
srv 9 rec count: 0 partition sz 0-KB tx count: 10000000, per_txn_op cnt: 10
Assinging core 48 to srv 12
srv 10 load time 0.000
srv 10 rec count: 0 partition sz 0-KB tx count: 10000000, per_txn_op cnt: 10
Assinging core 52 to srv 13
srv 11 load time 0.000
srv 11 rec count: 0 partition sz 0-KB tx count: 10000000, per_txn_op cnt: 10
Assinging core 56 to srv 14
srv 12 load time 0.000
srv 12 rec count: 0 partition sz 0-KB tx count: 10000000, per_txn_op cnt: 10
srv 13 load time 0.000
srv 13 rec count: 0 partition sz 0-KB tx count: 10000000, per_txn_op cnt: 10
Assinging core 60 to srv 15
Assinging core 64 to srv 16
Assinging core 68 to srv 17
srv 14 load time 0.000
srv 14 rec count: 0 partition sz 0-KB tx count: 10000000, per_txn_op cnt: 10
Assinging core 1 to srv 18
srv 16 load time 0.000
srv 16 rec count: 0 partition sz 0-KB tx count: 10000000, per_txn_op cnt: 10
Assinging core 5 to srv 19
srv 15 load time 0.000
srv 15 rec count: 0 partition sz 0-KB tx count: 10000000, per_txn_op cnt: 10
srv 17 load time 0.000
srv 18 load time 0.000
srv 18 rec count: 0 partition sz 0-KB tx count: 10000000, per_txn_op cnt: 10
srv 17 rec count: 0 partition sz 0-KB tx count: 10000000, per_txn_op cnt: 10
Assinging core 9 to srv 20
srv 19 load time 0.000
srv 19 rec count: 0 partition sz 0-KB tx count: 10000000, per_txn_op cnt: 10
Assinging core 13 to srv 21
Assinging core 17 to srv 22
srv 20 load time 0.000
srv 20 rec count: 0 partition sz 0-KB tx count: 10000000, per_txn_op cnt: 10
Assinging core 21 to srv 23
srv 22 load time 0.000
Assinging core 25 to srv 24
srv 22 rec count: 0 partition sz 0-KB tx count: 10000000, per_txn_op cnt: 10
srv 21 load time 0.000
srv 21 rec count: 0 partition sz 0-KB tx count: 10000000, per_txn_op cnt: 10
Assinging core 29 to srv 25
srv 23 load time 0.000
srv 23 rec count: 0 partition sz 0-KB tx count: 10000000, per_txn_op cnt: 10
Assinging core 33 to srv 26
srv 24 load time 0.000
srv 24 rec count: 0 partition sz 0-KB tx count: 10000000, per_txn_op cnt: 10
srv 25 load time 0.000
srv 25 rec count: 0 partition sz 0-KB tx count: 10000000, per_txn_op cnt: 10
Assinging core 37 to srv 27
Assinging core 41 to srv 28
Assinging core 45 to srv 29
Assinging core 49 to srv 30
srv 26 load time 0.000
srv 26 rec count: 0 partition sz 0-KB tx count: 10000000, per_txn_op cnt: 10
Assinging core 53 to srv 31
srv 27 load time 0.000
srv 27 rec count: 0 partition sz 0-KB tx count: 10000000, per_txn_op cnt: 10
srv 29 load time 0.000
srv 29 rec count: 0 partition sz 0-KB tx count: 10000000, per_txn_op cnt: 10
srv 28 load time 0.000
srv 28 rec count: 0 partition sz 0-KB tx count: 10000000, per_txn_op cnt: 10
srv 30 load time 0.000
srv 30 rec count: 0 partition sz 0-KB tx count: 10000000, per_txn_op cnt: 10
srv 31 load time 0.000
srv 31 rec count: 0 partition sz 0-KB tx count: 10000000, per_txn_op cnt: 10
srv 0 load time 3.524
srv 0 rec count: 32000000 partition sz 4250000-KB tx count: 10000000, per_txn_op cnt: 10
srv 0 starting txns
srv 30 starting txns
srv 29 starting txns
srv 27 starting txns
srv 31 starting txns
srv 28 starting txns
srv 10 starting txns
srv 14 starting txns
srv 4 starting txns
srv 12 starting txns
srv 9 starting txns
srv 1 starting txns
srv 11 starting txns
srv 6 starting txns
srv 17 starting txns
srv 7 starting txns
srv 8 starting txns
srv 5 starting txns
srv 15 starting txns
srv 13 starting txns
srv 2 starting txns
srv 3 starting txns
srv 16 starting txns
srv 26 starting txns
srv 20 starting txns
srv 24 starting txns
srv 25 starting txns
srv 21 starting txns
srv 23 starting txns
srv 18 starting txns
srv 19 starting txns
srv 22 starting txns
srv 28 query time 131.219
srv 29 query time 131.539
srv 25 query time 132.880
srv 21 query time 133.583
srv 20 query time 133.745
srv 26 query time 133.866
srv 24 query time 134.193
srv 22 query time 134.218
srv 27 query time 134.306
srv 18 query time 134.647
srv 23 query time 135.259
srv 19 query time 135.323
srv 30 query time 135.933
srv 31 query time 135.957
srv 10 query time 144.286
srv 14 query time 144.381
srv 9 query time 144.381
srv 2 query time 144.569
srv 15 query time 144.667
srv 11 query time 144.766
srv 7 query time 144.832
srv 12 query time 144.918
srv 0 query time 144.935
srv 6 query time 145.057
srv 16 query time 145.137
srv 3 query time 145.182
srv 5 query time 145.269
srv 8 query time 145.315
srv 17 query time 145.316
srv 1 query time 145.443
srv 13 query time 145.538
srv 4 query time 147.550
srv 4 quitting 
srv 5 quitting 
srv 20 quitting 
srv 0 quitting 
srv 17 quitting 
srv 8 quitting 
srv 18 quitting 
srv 11 quitting 
srv 6 quitting 
srv 16 quitting 
srv 1 quitting 
srv 10 quitting 
srv 12 quitting 
srv 24 quitting 
srv 25 quitting 
srv 29 quitting 
srv 26 quitting 
srv 22 quitting 
srv 23 quitting 
srv 15 quitting 
srv 30 quitting 
srv 19 quitting 
srv 14 quitting 
srv 21 quitting 
srv 9 quitting 
srv 27 quitting 
srv 7 quitting 
srv 2 quitting 
srv 31 quitting 
srv 28 quitting 
srv 13 quitting 
srv 3 quitting 
srv 0 commits 10000000
srv 1 commits 10000000
srv 2 commits 10000000
srv 3 commits 10000000
srv 4 commits 10000000
srv 5 commits 10000000
srv 6 commits 10000000
srv 7 commits 10000000
srv 8 commits 10000000
srv 9 commits 10000000
srv 10 commits 10000000
srv 11 commits 10000000
srv 12 commits 10000000
srv 13 commits 10000000
srv 14 commits 10000000
srv 15 commits 10000000
srv 16 commits 10000000
srv 17 commits 10000000
srv 18 commits 10000000
srv 19 commits 10000000
srv 20 commits 10000000
srv 21 commits 10000000
srv 22 commits 10000000
srv 23 commits 10000000
srv 24 commits 10000000
srv 25 commits 10000000
srv 26 commits 10000000
srv 27 commits 10000000
srv 28 commits 10000000
srv 29 commits 10000000
srv 30 commits 10000000
srv 31 commits 10000000
total commits 320000000
== results ==
Server 0: 0.068996000M TPS
Server 1: 0.068755000M TPS
Server 2: 0.069171000M TPS
Server 3: 0.068879000M TPS
Server 4: 0.067773000M TPS
Server 5: 0.068837000M TPS
Server 6: 0.068938000M TPS
Server 7: 0.069045000M TPS
Server 8: 0.068816000M TPS
Server 9: 0.069261000M TPS
Server 10: 0.069306000M TPS
Server 11: 0.069076000M TPS
Server 12: 0.069004000M TPS
Server 13: 0.068710000M TPS
Server 14: 0.069261000M TPS
Server 15: 0.069124000M TPS
Server 16: 0.068900000M TPS
Server 17: 0.068815000M TPS
Server 18: 0.074268000M TPS
Server 19: 0.073897000M TPS
Server 20: 0.074769000M TPS
Server 21: 0.074860000M TPS
Server 22: 0.074505000M TPS
Server 23: 0.073931000M TPS
Server 24: 0.074519000M TPS
Server 25: 0.075255000M TPS
Server 26: 0.074701000M TPS
Server 27: 0.074456000M TPS
Server 28: 0.076208000M TPS
Server 29: 0.076023000M TPS
Server 30: 0.073565000M TPS
Server 31: 0.073552000M TPS
Total tps: 2.285176000M
./ycsb -s 32 -d 0 -b 1 -i 10000000 -o 10 -t 32000000 -w 100 -a 100 -h 16 -p 1
 # clients:    1
 # servers:    32
 Key range:    0..2^29
 Write ratio:  100
 Total #recs: 32000000 
 Iterations:   10000000
Assinging core 0 to srv 0
Assinging core 4 to srv 1
Assinging core 8 to srv 2
Assinging core 12 to srv 3
Assinging core 16 to srv 4
Assinging core 20 to srv 5
Assinging core 24 to srv 6
srv 1 load time 0.000
srv 1 rec count: 0 partition sz 0-KB tx count: 10000000, per_txn_op cnt: 10
srv 4 load time 0.000
Assinging core 28 to srv 7
srv 4 rec count: 0 partition sz 0-KB tx count: 10000000, per_txn_op cnt: 10
srv 6 load time 0.000
srv 3 load time 0.000
srv 3 rec count: 0 partition sz 0-KB tx count: 10000000, per_txn_op cnt: 10
srv 6 rec count: 0 partition sz 0-KB tx count: 10000000, per_txn_op cnt: 10
srv 2 load time 0.000
srv 2 rec count: 0 partition sz 0-KB tx count: 10000000, per_txn_op cnt: 10
srv 5 load time 0.000
srv 5 rec count: 0 partition sz 0-KB tx count: 10000000, per_txn_op cnt: 10
Assinging core 32 to srv 8
Assinging core 36 to srv 9
srv 7 load time 0.000
srv 7 rec count: 0 partition sz 0-KB tx count: 10000000, per_txn_op cnt: 10
Assinging core 40 to srv 10
srv 8 load time 0.000
srv 8 rec count: 0 partition sz 0-KB tx count: 10000000, per_txn_op cnt: 10
Assinging core 44 to srv 11
srv 9 load time 0.000
srv 9 rec count: 0 partition sz 0-KB tx count: 10000000, per_txn_op cnt: 10
Assinging core 48 to srv 12
srv 10 load time 0.000
srv 10 rec count: 0 partition sz 0-KB tx count: 10000000, per_txn_op cnt: 10
srv 11 load time 0.000
srv 11 rec count: 0 partition sz 0-KB tx count: 10000000, per_txn_op cnt: 10
Assinging core 52 to srv 13
Assinging core 56 to srv 14
Assinging core 60 to srv 15
Assinging core 64 to srv 16
Assinging core 68 to srv 17
srv 12 load time 0.000
srv 12 rec count: 0 partition sz 0-KB tx count: 10000000, per_txn_op cnt: 10
Assinging core 1 to srv 18
srv 14 load time 0.000
srv 15 load time 0.000
Assinging core 5 to srv 19
srv 15 rec count: 0 partition sz 0-KB tx count: 10000000, per_txn_op cnt: 10
srv 13 load time 0.000
srv 13 rec count: 0 partition sz 0-KB tx count: 10000000, per_txn_op cnt: 10
srv 14 rec count: 0 partition sz 0-KB tx count: 10000000, per_txn_op cnt: 10
Assinging core 9 to srv 20
srv 17 load time 0.000
srv 17 rec count: 0 partition sz 0-KB tx count: 10000000, per_txn_op cnt: 10
srv 16 load time 0.000
srv 16 rec count: 0 partition sz 0-KB tx count: 10000000, per_txn_op cnt: 10
Assinging core 13 to srv 21
srv 19 load time 0.000
srv 19 rec count: 0 partition sz 0-KB tx count: 10000000, per_txn_op cnt: 10
srv 18 load time 0.000
srv 18 rec count: 0 partition sz 0-KB tx count: 10000000, per_txn_op cnt: 10
srv 20 load time 0.000
srv 20 rec count: 0 partition sz 0-KB tx count: 10000000, per_txn_op cnt: 10
Assinging core 17 to srv 22
Assinging core 21 to srv 23
Assinging core 25 to srv 24
Assinging core 29 to srv 25
Assinging core 33 to srv 26
srv 22 load time 0.000
Assinging core 37 to srv 27
srv 24 load time 0.000
srv 24 rec count: 0 partition sz 0-KB tx count: 10000000, per_txn_op cnt: 10
srv 22 rec count: 0 partition sz 0-KB tx count: 10000000, per_txn_op cnt: 10
srv 21 load time 0.000
srv 21 rec count: 0 partition sz 0-KB tx count: 10000000, per_txn_op cnt: 10
srv 25 load time 0.000
srv 25 rec count: 0 partition sz 0-KB tx count: 10000000, per_txn_op cnt: 10
Assinging core 41 to srv 28
srv 23 load time 0.000
srv 23 rec count: 0 partition sz 0-KB tx count: 10000000, per_txn_op cnt: 10
srv 26 load time 0.000
srv 26 rec count: 0 partition sz 0-KB tx count: 10000000, per_txn_op cnt: 10
Assinging core 45 to srv 29
srv 27 load time 0.000
srv 27 rec count: 0 partition sz 0-KB tx count: 10000000, per_txn_op cnt: 10
srv 28 load time 0.000
srv 28 rec count: 0 partition sz 0-KB tx count: 10000000, per_txn_op cnt: 10
Assinging core 49 to srv 30
Assinging core 53 to srv 31
srv 30 load time 0.000
srv 30 rec count: 0 partition sz 0-KB tx count: 10000000, per_txn_op cnt: 10
srv 29 load time 0.000
srv 29 rec count: 0 partition sz 0-KB tx count: 10000000, per_txn_op cnt: 10
srv 31 load time 0.000
srv 31 rec count: 0 partition sz 0-KB tx count: 10000000, per_txn_op cnt: 10
srv 0 load time 3.956
srv 0 rec count: 32000000 partition sz 4250000-KB tx count: 10000000, per_txn_op cnt: 10
srv 0 starting txns
srv 31 starting txns
srv 30 starting txns
srv 5 starting txns
srv 24 starting txns
srv 17 starting txns
srv 28 starting txns
srv 15 starting txns
srv 19 starting txns
srv 10 starting txns
srv 4 starting txns
srv 21 starting txns
srv 27 starting txns
srv 7 starting txns
srv 8 starting txns
srv 23 starting txns
srv 3 starting txns
srv 25 starting txns
srv 29 starting txns
srv 13 starting txns
srv 22 starting txns
srv 20 starting txns
srv 26 starting txns
srv 14 starting txns
srv 9 starting txns
srv 16 starting txns
srv 6 starting txns
srv 18 starting txns
srv 11 starting txns
srv 2 starting txns
srv 12 starting txns
srv 1 starting txns
srv 28 query time 135.474
srv 29 query time 135.803
srv 23 query time 136.118
srv 24 query time 136.736
srv 18 query time 136.839
srv 19 query time 137.705
srv 26 query time 138.074
srv 20 query time 139.065
srv 21 query time 139.130
srv 25 query time 139.388
srv 22 query time 139.482
srv 27 query time 139.559
srv 31 query time 140.887
srv 30 query time 140.956
srv 15 query time 149.338
srv 11 query time 149.370
srv 9 query time 149.419
srv 16 query time 149.688
srv 1 query time 149.855
srv 0 query time 149.934
srv 10 query time 149.973
srv 17 query time 150.013
srv 13 query time 150.077
srv 12 query time 150.117
srv 8 query time 150.187
srv 5 query time 150.310
srv 6 query time 150.555
srv 14 query time 150.972
srv 2 query time 151.702
srv 3 query time 151.888
srv 7 query time 152.085
srv 4 query time 152.124
srv 4 quitting 
srv 7 quitting 
srv 3 quitting 
srv 10 quitting 
srv 5 quitting 
srv 23 quitting 
srv 8 quitting 
srv 12 quitting 
srv 19 quitting 
srv 24 quitting 
srv 29 quitting 
srv 2 quitting 
srv 18 quitting 
srv 25 quitting 
srv 1 quitting 
srv 9 quitting 
srv 31 quitting 
srv 28 quitting 
srv 11 quitting 
srv 20 quitting 
srv 27 quitting 
srv 17 quitting 
srv 16 quitting 
srv 13 quitting 
srv 22 quitting 
srv 6 quitting 
srv 14 quitting 
srv 26 quitting 
srv 21 quitting 
srv 30 quitting 
srv 0 quitting 
srv 15 quitting 
srv 0 commits 10000000
srv 1 commits 10000000
srv 2 commits 10000000
srv 3 commits 10000000
srv 4 commits 10000000
srv 5 commits 10000000
srv 6 commits 10000000
srv 7 commits 10000000
srv 8 commits 10000000
srv 9 commits 10000000
srv 10 commits 10000000
srv 11 commits 10000000
srv 12 commits 10000000
srv 13 commits 10000000
srv 14 commits 10000000
srv 15 commits 10000000
srv 16 commits 10000000
srv 17 commits 10000000
srv 18 commits 10000000
srv 19 commits 10000000
srv 20 commits 10000000
srv 21 commits 10000000
srv 22 commits 10000000
srv 23 commits 10000000
srv 24 commits 10000000
srv 25 commits 10000000
srv 26 commits 10000000
srv 27 commits 10000000
srv 28 commits 10000000
srv 29 commits 10000000
srv 30 commits 10000000
srv 31 commits 10000000
total commits 320000000
== results ==
Server 0: 0.066695000M TPS
Server 1: 0.066731000M TPS
Server 2: 0.065918000M TPS
Server 3: 0.065837000M TPS
Server 4: 0.065735000M TPS
Server 5: 0.066529000M TPS
Server 6: 0.066420000M TPS
Server 7: 0.065752000M TPS
Server 8: 0.066583000M TPS
Server 9: 0.066925000M TPS
Server 10: 0.066678000M TPS
Server 11: 0.066947000M TPS
Server 12: 0.066614000M TPS
Server 13: 0.066632000M TPS
Server 14: 0.066237000M TPS
Server 15: 0.066961000M TPS
Server 16: 0.066805000M TPS
Server 17: 0.066660000M TPS
Server 18: 0.073078000M TPS
Server 19: 0.072619000M TPS
Server 20: 0.071908000M TPS
Server 21: 0.071875000M TPS
Server 22: 0.071693000M TPS
Server 23: 0.073465000M TPS
Server 24: 0.073133000M TPS
Server 25: 0.071742000M TPS
Server 26: 0.072425000M TPS
Server 27: 0.071654000M TPS
Server 28: 0.073814000M TPS
Server 29: 0.073636000M TPS
Server 30: 0.070943000M TPS
Server 31: 0.070979000M TPS
Total tps: 2.209623000M
./ycsb -s 64 -d 0 -b 1 -i 10000000 -o 10 -t 64000000 -w 100 -a 100 -h 16 -p 1
 # clients:    1
 # servers:    64
 Key range:    0..2^29
 Write ratio:  100
 Total #recs: 64000000 
 Iterations:   10000000
Assinging core 0 to srv 0
Assinging core 4 to srv 1
Assinging core 8 to srv 2
Assinging core 12 to srv 3
Assinging core 16 to srv 4
Assinging core 20 to srv 5
srv 1 load time 0.000
srv 1 rec count: 0 partition sz 0-KB tx count: 10000000, per_txn_op cnt: 10
Assinging core 24 to srv 6
srv 2 load time 0.000
srv 2 rec count: 0 partition sz 0-KB tx count: 10000000, per_txn_op cnt: 10
Assinging core 28 to srv 7
srv 3 load time 0.000
srv 3 rec count: 0 partition sz 0-KB tx count: 10000000, per_txn_op cnt: 10
Assinging core 32 to srv 8
srv 4 load time 0.000
srv 4 rec count: 0 partition sz 0-KB tx count: 10000000, per_txn_op cnt: 10
srv 6 load time 0.000
srv 6 rec count: 0 partition sz 0-KB tx count: 10000000, per_txn_op cnt: 10
srv 5 load time 0.000
srv 5 rec count: 0 partition sz 0-KB tx count: 10000000, per_txn_op cnt: 10
srv 7 load time 0.000
srv 7 rec count: 0 partition sz 0-KB tx count: 10000000, per_txn_op cnt: 10
Assinging core 36 to srv 9
Assinging core 40 to srv 10
Assinging core 44 to srv 11
Assinging core 48 to srv 12
Assinging core 52 to srv 13
srv 9 load time 0.000
Assinging core 56 to srv 14
srv 9 rec count: 0 partition sz 0-KB tx count: 10000000, per_txn_op cnt: 10
srv 8 load time 0.000
srv 8 rec count: 0 partition sz 0-KB tx count: 10000000, per_txn_op cnt: 10
srv 11 load time 0.000
srv 11 rec count: 0 partition sz 0-KB tx count: 10000000, per_txn_op cnt: 10
srv 10 load time 0.000
Assinging core 60 to srv 15
srv 12 load time 0.000
Assinging core 64 to srv 16
srv 13 load time 0.000
srv 13 rec count: 0 partition sz 0-KB tx count: 10000000, per_txn_op cnt: 10
srv 12 rec count: 0 partition sz 0-KB tx count: 10000000, per_txn_op cnt: 10
srv 10 rec count: 0 partition sz 0-KB tx count: 10000000, per_txn_op cnt: 10
Assinging core 68 to srv 17
srv 14 load time 0.000
srv 14 rec count: 0 partition sz 0-KB tx count: 10000000, per_txn_op cnt: 10
srv 15 load time 0.000
srv 15 rec count: 0 partition sz 0-KB tx count: 10000000, per_txn_op cnt: 10
srv 16 load time 0.000
srv 16 rec count: 0 partition sz 0-KB tx count: 10000000, per_txn_op cnt: 10
Assinging core 1 to srv 18
Assinging core 5 to srv 19
Assinging core 9 to srv 20
Assinging core 13 to srv 21
Assinging core 17 to srv 22
srv 19 load time 0.000
srv 17 load time 0.000
srv 17 rec count: 0 partition sz 0-KB tx count: 10000000, per_txn_op cnt: 10
srv 19 rec count: 0 partition sz 0-KB tx count: 10000000, per_txn_op cnt: 10
srv 21 load time 0.000
srv 21 rec count: 0 partition sz 0-KB tx count: 10000000, per_txn_op cnt: 10
srv 18 load time 0.000
srv 20 load time 0.000
Assinging core 21 to srv 23
srv 18 rec count: 0 partition sz 0-KB tx count: 10000000, per_txn_op cnt: 10
srv 22 load time 0.000
srv 20 rec count: 0 partition sz 0-KB tx count: 10000000, per_txn_op cnt: 10
srv 22 rec count: 0 partition sz 0-KB tx count: 10000000, per_txn_op cnt: 10
Assinging core 25 to srv 24
srv 23 load time 0.000
srv 23 rec count: 0 partition sz 0-KB tx count: 10000000, per_txn_op cnt: 10
Assinging core 29 to srv 25
Assinging core 33 to srv 26
Assinging core 37 to srv 27
Assinging core 41 to srv 28
srv 25 load time 0.000
srv 25 rec count: 0 partition sz 0-KB tx count: 10000000, per_txn_op cnt: 10
Assinging core 45 to srv 29
srv 24 load time 0.000
srv 24 rec count: 0 partition sz 0-KB tx count: 10000000, per_txn_op cnt: 10
srv 26 load time 0.000
srv 26 rec count: 0 partition sz 0-KB tx count: 10000000, per_txn_op cnt: 10
srv 27 load time 0.000
srv 27 rec count: 0 partition sz 0-KB tx count: 10000000, per_txn_op cnt: 10
Assinging core 49 to srv 30
Assinging core 53 to srv 31
srv 28 load time 0.000
srv 28 rec count: 0 partition sz 0-KB tx count: 10000000, per_txn_op cnt: 10
Assinging core 57 to srv 32
srv 29 load time 0.000
srv 29 rec count: 0 partition sz 0-KB tx count: 10000000, per_txn_op cnt: 10
srv 30 load time 0.000
srv 30 rec count: 0 partition sz 0-KB tx count: 10000000, per_txn_op cnt: 10
srv 31 load time 0.000
srv 31 rec count: 0 partition sz 0-KB tx count: 10000000, per_txn_op cnt: 10
Assinging core 61 to srv 33
Assinging core 65 to srv 34
Assinging core 69 to srv 35
srv 32 load time 0.000
srv 32 rec count: 0 partition sz 0-KB tx count: 10000000, per_txn_op cnt: 10
Assinging core 2 to srv 36
srv 33 load time 0.000
srv 33 rec count: 0 partition sz 0-KB tx count: 10000000, per_txn_op cnt: 10
Assinging core 6 to srv 37
srv 34 load time 0.000
srv 34 rec count: 0 partition sz 0-KB tx count: 10000000, per_txn_op cnt: 10
srv 35 load time 0.000
srv 35 rec count: 0 partition sz 0-KB tx count: 10000000, per_txn_op cnt: 10
srv 36 load time 0.000
srv 36 rec count: 0 partition sz 0-KB tx count: 10000000, per_txn_op cnt: 10
Assinging core 10 to srv 38
Assinging core 14 to srv 39
srv 37 load time 0.000
srv 37 rec count: 0 partition sz 0-KB tx count: 10000000, per_txn_op cnt: 10
Assinging core 18 to srv 40
srv 38 load time 0.000
srv 38 rec count: 0 partition sz 0-KB tx count: 10000000, per_txn_op cnt: 10
Assinging core 22 to srv 41
srv 39 load time 0.000
srv 39 rec count: 0 partition sz 0-KB tx count: 10000000, per_txn_op cnt: 10
Assinging core 26 to srv 42
srv 40 load time 0.000
srv 40 rec count: 0 partition sz 0-KB tx count: 10000000, per_txn_op cnt: 10
srv 41 load time 0.000
srv 41 rec count: 0 partition sz 0-KB tx count: 10000000, per_txn_op cnt: 10
Assinging core 30 to srv 43
Assinging core 34 to srv 44
Assinging core 38 to srv 45
srv 42 load time 0.000
srv 42 rec count: 0 partition sz 0-KB tx count: 10000000, per_txn_op cnt: 10
Assinging core 42 to srv 46
srv 44 load time 0.000
Assinging core 46 to srv 47
srv 44 rec count: 0 partition sz 0-KB tx count: 10000000, per_txn_op cnt: 10
srv 43 load time 0.000
srv 43 rec count: 0 partition sz 0-KB tx count: 10000000, per_txn_op cnt: 10
srv 45 load time 0.000
srv 45 rec count: 0 partition sz 0-KB tx count: 10000000, per_txn_op cnt: 10
Assinging core 50 to srv 48
srv 46 load time 0.000
srv 46 rec count: 0 partition sz 0-KB tx count: 10000000, per_txn_op cnt: 10
Assinging core 54 to srv 49
srv 47 load time 0.000
srv 47 rec count: 0 partition sz 0-KB tx count: 10000000, per_txn_op cnt: 10
srv 48 load time 0.000
srv 48 rec count: 0 partition sz 0-KB tx count: 10000000, per_txn_op cnt: 10
Assinging core 58 to srv 50
Assinging core 62 to srv 51
srv 49 load time 0.000
srv 49 rec count: 0 partition sz 0-KB tx count: 10000000, per_txn_op cnt: 10
Assinging core 66 to srv 52
srv 50 load time 0.000
srv 50 rec count: 0 partition sz 0-KB tx count: 10000000, per_txn_op cnt: 10
Assinging core 70 to srv 53
srv 51 load time 0.000
srv 51 rec count: 0 partition sz 0-KB tx count: 10000000, per_txn_op cnt: 10
Assinging core 3 to srv 54
srv 52 load time 0.000
srv 52 rec count: 0 partition sz 0-KB tx count: 10000000, per_txn_op cnt: 10
Assinging core 7 to srv 55
srv 53 load time 0.000
srv 53 rec count: 0 partition sz 0-KB tx count: 10000000, per_txn_op cnt: 10
Assinging core 11 to srv 56
srv 54 load time 0.000
srv 54 rec count: 0 partition sz 0-KB tx count: 10000000, per_txn_op cnt: 10
srv 55 load time 0.000
srv 55 rec count: 0 partition sz 0-KB tx count: 10000000, per_txn_op cnt: 10
Assinging core 15 to srv 57
Assinging core 19 to srv 58
Assinging core 23 to srv 59
srv 57 load time 0.000
srv 57 rec count: 0 partition sz 0-KB tx count: 10000000, per_txn_op cnt: 10
Assinging core 27 to srv 60
srv 56 load time 0.000
srv 58 load time 0.000
srv 59 load time 0.000
Assinging core 31 to srv 61
srv 59 rec count: 0 partition sz 0-KB tx count: 10000000, per_txn_op cnt: 10
srv 58 rec count: 0 partition sz 0-KB tx count: 10000000, per_txn_op cnt: 10
srv 60 load time 0.000
srv 60 rec count: 0 partition sz 0-KB tx count: 10000000, per_txn_op cnt: 10
srv 56 rec count: 0 partition sz 0-KB tx count: 10000000, per_txn_op cnt: 10
Assinging core 35 to srv 62
srv 61 load time 0.000
srv 61 rec count: 0 partition sz 0-KB tx count: 10000000, per_txn_op cnt: 10
Assinging core 39 to srv 63
srv 62 load time 0.000
srv 62 rec count: 0 partition sz 0-KB tx count: 10000000, per_txn_op cnt: 10
srv 63 load time 0.000
srv 63 rec count: 0 partition sz 0-KB tx count: 10000000, per_txn_op cnt: 10
srv 0 load time 7.930
srv 0 rec count: 64000000 partition sz 8500000-KB tx count: 10000000, per_txn_op cnt: 10
srv 0 starting txns
srv 63 starting txns
srv 43 starting txns
srv 38 starting txns
srv 44 starting txns
srv 51 starting txns
srv 52 starting txns
srv 47 starting txns
srv 36 starting txns
srv 42 starting txns
srv 40 starting txns
srv 50 starting txns
srv 46 starting txns
srv 41 starting txns
srv 45 starting txns
srv 62 starting txns
srv 49 starting txns
srv 39 starting txns
srv 48 starting txns
srv 53 starting txns
srv 37 starting txns
srv 55 starting txns
srv 61 starting txns
srv 56 starting txns
srv 58 starting txns
srv 33 starting txns
srv 57 starting txns
srv 1 starting txns
srv 34 starting txns
srv 17 starting txns
srv 13 starting txns
srv 59 starting txns
srv 3 starting txns
srv 26 starting txns
srv 14 starting txns
srv 7 starting txns
srv 24 starting txns
srv 12 starting txns
srv 15 starting txns
srv 2 starting txns
srv 6 starting txns
srv 4 starting txns
srv 8 starting txns
srv 35 starting txns
srv 31 starting txns
srv 28 starting txns
srv 32 starting txns
srv 18 starting txns
srv 16 starting txns
srv 19 starting txns
srv 23 starting txns
srv 27 starting txns
srv 25 starting txns
srv 20 starting txns
srv 9 starting txns
srv 5 starting txns
srv 54 starting txns
srv 11 starting txns
srv 10 starting txns
srv 22 starting txns
srv 21 starting txns
srv 30 starting txns
srv 60 starting txns
srv 29 starting txns
srv 63 query time 205.666
srv 56 query time 215.182
srv 60 query time 217.090
srv 57 query time 217.390
srv 54 query time 217.441
srv 59 query time 218.487
srv 62 query time 219.300
srv 61 query time 222.102
srv 55 query time 223.175
srv 58 query time 225.062
srv 41 query time 435.905
srv 37 query time 442.465
srv 40 query time 448.886
srv 52 query time 451.071
srv 53 query time 452.224
srv 49 query time 452.238
srv 44 query time 452.445
srv 36 query time 452.555
srv 47 query time 453.714
srv 23 query time 454.921
srv 51 query time 455.421
srv 48 query time 455.682
srv 39 query time 456.040
srv 42 query time 457.622
srv 45 query time 458.085
srv 38 query time 458.236
srv 19 query time 459.381
srv 34 query time 460.605
srv 43 query time 461.666
srv 31 query time 461.876
srv 18 query time 462.091
srv 35 query time 462.430
srv 29 query time 463.058
srv 33 query time 463.230
srv 22 query time 463.246
srv 26 query time 463.918
srv 30 query time 464.106
srv 50 query time 464.208
srv 21 query time 464.371
srv 27 query time 464.646
srv 46 query time 465.001
srv 24 query time 465.946
srv 20 query time 466.529
srv 28 query time 467.611
srv 5 query time 468.007
srv 16 query time 468.490
srv 25 query time 468.765
srv 32 query time 468.819
srv 11 query time 468.873
srv 13 query time 469.251
srv 1 query time 469.306
srv 17 query time 469.349
srv 15 query time 469.368
srv 12 query time 469.758
srv 0 query time 470.217
srv 3 query time 471.055
srv 8 query time 471.147
srv 4 query time 471.326
srv 9 query time 471.564
srv 6 query time 472.097
srv 2 query time 472.133
srv 14 query time 473.056
srv 7 query time 473.739
srv 10 query time 474.280
srv 10 quitting 
srv 2 quitting 
srv 50 quitting 
srv 46 quitting 
srv 57 quitting 
srv 14 quitting 
srv 18 quitting 
srv 4 quitting 
srv 51 quitting 
srv 38 quitting 
srv 63 quitting 
srv 24 quitting 
srv 19 quitting 
srv 53 quitting 
srv 45 quitting 
srv 61 quitting 
srv 16 quitting 
srv 3 quitting 
srv 56 quitting 
srv 27 quitting 
srv 59 quitting 
srv 6 quitting 
srv 28 quitting 
srv 44 quitting 
srv 12 quitting 
srv 43 quitting 
srv 0 quitting 
srv 23 quitting 
srv 47 quitting 
srv 37 quitting 
srv 41 quitting 
srv 49 quitting 
srv 17 quitting 
srv 42 quitting 
srv 26 quitting 
srv 15 quitting 
srv 11 quitting 
srv 5 quitting 
srv 8 quitting 
srv 32 quitting 
srv 29 quitting 
srv 20 quitting 
srv 48 quitting 
srv 36 quitting 
srv 52 quitting 
srv 62 quitting 
srv 1 quitting 
srv 31 quitting 
srv 33 quitting 
srv 55 quitting 
srv 9 quitting 
srv 54 quitting 
srv 7 quitting 
srv 13 quitting 
srv 40 quitting 
srv 30 quitting 
srv 35 quitting 
srv 34 quitting 
srv 21 quitting 
srv 60 quitting 
srv 58 quitting 
srv 22 quitting 
srv 39 quitting 
srv 25 quitting 
srv 0 commits 10000000
srv 1 commits 10000000
srv 2 commits 10000000
srv 3 commits 10000000
srv 4 commits 10000000
srv 5 commits 10000000
srv 6 commits 10000000
srv 7 commits 10000000
srv 8 commits 10000000
srv 9 commits 10000000
srv 10 commits 10000000
srv 11 commits 10000000
srv 12 commits 10000000
srv 13 commits 10000000
srv 14 commits 10000000
srv 15 commits 10000000
srv 16 commits 10000000
srv 17 commits 10000000
srv 18 commits 10000000
srv 19 commits 10000000
srv 20 commits 10000000
srv 21 commits 10000000
srv 22 commits 10000000
srv 23 commits 10000000
srv 24 commits 10000000
srv 25 commits 10000000
srv 26 commits 10000000
srv 27 commits 10000000
srv 28 commits 10000000
srv 29 commits 10000000
srv 30 commits 10000000
srv 31 commits 10000000
srv 32 commits 10000000
srv 33 commits 10000000
srv 34 commits 10000000
srv 35 commits 10000000
srv 36 commits 10000000
srv 37 commits 10000000
srv 38 commits 10000000
srv 39 commits 10000000
srv 40 commits 10000000
srv 41 commits 10000000
srv 42 commits 10000000
srv 43 commits 10000000
srv 44 commits 10000000
srv 45 commits 10000000
srv 46 commits 10000000
srv 47 commits 10000000
srv 48 commits 10000000
srv 49 commits 10000000
srv 50 commits 10000000
srv 51 commits 10000000
srv 52 commits 10000000
srv 53 commits 10000000
srv 54 commits 10000000
srv 55 commits 10000000
srv 56 commits 10000000
srv 57 commits 10000000
srv 58 commits 10000000
srv 59 commits 10000000
srv 60 commits 10000000
srv 61 commits 10000000
srv 62 commits 10000000
srv 63 commits 10000000
total commits 640000000
== results ==
Server 0: 0.021266000M TPS
Server 1: 0.021308000M TPS
Server 2: 0.021180000M TPS
Server 3: 0.021228000M TPS
Server 4: 0.021216000M TPS
Server 5: 0.021367000M TPS
Server 6: 0.021182000M TPS
Server 7: 0.021108000M TPS
Server 8: 0.021224000M TPS
Server 9: 0.021206000M TPS
Server 10: 0.021084000M TPS
Server 11: 0.021327000M TPS
Server 12: 0.021287000M TPS
Server 13: 0.021310000M TPS
Server 14: 0.021139000M TPS
Server 15: 0.021305000M TPS
Server 16: 0.021345000M TPS
Server 17: 0.021306000M TPS
Server 18: 0.021640000M TPS
Server 19: 0.021768000M TPS
Server 20: 0.021434000M TPS
Server 21: 0.021534000M TPS
Server 22: 0.021586000M TPS
Server 23: 0.021981000M TPS
Server 24: 0.021461000M TPS
Server 25: 0.021332000M TPS
Server 26: 0.021555000M TPS
Server 27: 0.021521000M TPS
Server 28: 0.021385000M TPS
Server 29: 0.021595000M TPS
Server 30: 0.021546000M TPS
Server 31: 0.021650000M TPS
Server 32: 0.021330000M TPS
Server 33: 0.021587000M TPS
Server 34: 0.021710000M TPS
Server 35: 0.021624000M TPS
Server 36: 0.022096000M TPS
Server 37: 0.022600000M TPS
Server 38: 0.021822000M TPS
Server 39: 0.021927000M TPS
Server 40: 0.022277000M TPS
Server 41: 0.022940000M TPS
Server 42: 0.021852000M TPS
Server 43: 0.021660000M TPS
Server 44: 0.022102000M TPS
Server 45: 0.021829000M TPS
Server 46: 0.021505000M TPS
Server 47: 0.022040000M TPS
Server 48: 0.021945000M TPS
Server 49: 0.022112000M TPS
Server 50: 0.021542000M TPS
Server 51: 0.021957000M TPS
Server 52: 0.022169000M TPS
Server 53: 0.022112000M TPS
Server 54: 0.045989000M TPS
Server 55: 0.044807000M TPS
Server 56: 0.046472000M TPS
Server 57: 0.046000000M TPS
Server 58: 0.044432000M TPS
Server 59: 0.045769000M TPS
Server 60: 0.046063000M TPS
Server 61: 0.045024000M TPS
Server 62: 0.045599000M TPS
Server 63: 0.048622000M TPS
Total tps: 1.625891000M
./ycsb -s 64 -d 0 -b 1 -i 10000000 -o 10 -t 64000000 -w 100 -a 100 -h 16 -p 1
 # clients:    1
 # servers:    64
 Key range:    0..2^29
 Write ratio:  100
 Total #recs: 64000000 
 Iterations:   10000000
Assinging core 0 to srv 0
Assinging core 4 to srv 1
Assinging core 8 to srv 2
Assinging core 12 to srv 3
Assinging core 16 to srv 4
srv 1 load time 0.000
srv 2 load time 0.000
srv 2 rec count: 0 partition sz 0-KB tx count: 10000000, per_txn_op cnt: 10
srv 3 load time 0.000
srv 3 rec count: 0 partition sz 0-KB tx count: 10000000, per_txn_op cnt: 10
srv 4 load time 0.000
srv 4 rec count: 0 partition sz 0-KB tx count: 10000000, per_txn_op cnt: 10
srv 1 rec count: 0 partition sz 0-KB tx count: 10000000, per_txn_op cnt: 10
Assinging core 20 to srv 5
Assinging core 24 to srv 6
srv 5 load time 0.000
srv 5 rec count: 0 partition sz 0-KB tx count: 10000000, per_txn_op cnt: 10
Assinging core 28 to srv 7
Assinging core 32 to srv 8
Assinging core 36 to srv 9
srv 6 load time 0.000
srv 6 rec count: 0 partition sz 0-KB tx count: 10000000, per_txn_op cnt: 10
Assinging core 40 to srv 10
srv 7 load time 0.000
Assinging core 44 to srv 11
srv 7 rec count: 0 partition sz 0-KB tx count: 10000000, per_txn_op cnt: 10
srv 8 load time 0.000
srv 8 rec count: 0 partition sz 0-KB tx count: 10000000, per_txn_op cnt: 10
srv 9 load time 0.000
srv 9 rec count: 0 partition sz 0-KB tx count: 10000000, per_txn_op cnt: 10
Assinging core 48 to srv 12
srv 10 load time 0.000
srv 10 rec count: 0 partition sz 0-KB tx count: 10000000, per_txn_op cnt: 10
Assinging core 52 to srv 13
srv 11 load time 0.000
srv 11 rec count: 0 partition sz 0-KB tx count: 10000000, per_txn_op cnt: 10
Assinging core 56 to srv 14
srv 13 load time 0.000
srv 13 rec count: 0 partition sz 0-KB tx count: 10000000, per_txn_op cnt: 10
srv 12 load time 0.000
srv 12 rec count: 0 partition sz 0-KB tx count: 10000000, per_txn_op cnt: 10
Assinging core 60 to srv 15
Assinging core 64 to srv 16
Assinging core 68 to srv 17
srv 14 load time 0.000
srv 14 rec count: 0 partition sz 0-KB tx count: 10000000, per_txn_op cnt: 10
Assinging core 1 to srv 18
srv 16 load time 0.000
srv 16 rec count: 0 partition sz 0-KB tx count: 10000000, per_txn_op cnt: 10
Assinging core 5 to srv 19
srv 15 load time 0.000
srv 15 rec count: 0 partition sz 0-KB tx count: 10000000, per_txn_op cnt: 10
srv 17 load time 0.000
srv 17 rec count: 0 partition sz 0-KB tx count: 10000000, per_txn_op cnt: 10
Assinging core 9 to srv 20
srv 18 load time 0.000
srv 18 rec count: 0 partition sz 0-KB tx count: 10000000, per_txn_op cnt: 10
Assinging core 13 to srv 21
srv 19 load time 0.000
srv 19 rec count: 0 partition sz 0-KB tx count: 10000000, per_txn_op cnt: 10
srv 20 load time 0.000
srv 20 rec count: 0 partition sz 0-KB tx count: 10000000, per_txn_op cnt: 10
Assinging core 17 to srv 22
Assinging core 21 to srv 23
Assinging core 25 to srv 24
Assinging core 29 to srv 25
srv 21 load time 0.000
srv 21 rec count: 0 partition sz 0-KB tx count: 10000000, per_txn_op cnt: 10
Assinging core 33 to srv 26
srv 22 load time 0.000
srv 22 rec count: 0 partition sz 0-KB tx count: 10000000, per_txn_op cnt: 10
srv 24 load time 0.000
srv 24 rec count: 0 partition sz 0-KB tx count: 10000000, per_txn_op cnt: 10
Assinging core 37 to srv 27
srv 23 load time 0.000
srv 23 rec count: 0 partition sz 0-KB tx count: 10000000, per_txn_op cnt: 10
srv 25 load time 0.000
srv 25 rec count: 0 partition sz 0-KB tx count: 10000000, per_txn_op cnt: 10
Assinging core 41 to srv 28
srv 26 load time 0.000
srv 26 rec count: 0 partition sz 0-KB tx count: 10000000, per_txn_op cnt: 10
srv 27 load time 0.000
srv 27 rec count: 0 partition sz 0-KB tx count: 10000000, per_txn_op cnt: 10
Assinging core 45 to srv 29
Assinging core 49 to srv 30
Assinging core 53 to srv 31
Assinging core 57 to srv 32
srv 28 load time 0.000
srv 28 rec count: 0 partition sz 0-KB tx count: 10000000, per_txn_op cnt: 10
srv 29 load time 0.000
srv 29 rec count: 0 partition sz 0-KB tx count: 10000000, per_txn_op cnt: 10
srv 30 load time 0.000
srv 30 rec count: 0 partition sz 0-KB tx count: 10000000, per_txn_op cnt: 10
Assinging core 61 to srv 33
Assinging core 65 to srv 34
srv 31 load time 0.000
srv 31 rec count: 0 partition sz 0-KB tx count: 10000000, per_txn_op cnt: 10
Assinging core 69 to srv 35
srv 33 load time 0.000
srv 33 rec count: 0 partition sz 0-KB tx count: 10000000, per_txn_op cnt: 10
srv 32 load time 0.000
srv 32 rec count: 0 partition sz 0-KB tx count: 10000000, per_txn_op cnt: 10
srv 34 load time 0.000
srv 34 rec count: 0 partition sz 0-KB tx count: 10000000, per_txn_op cnt: 10
Assinging core 2 to srv 36
Assinging core 6 to srv 37
Assinging core 10 to srv 38
Assinging core 14 to srv 39
srv 35 load time 0.000
srv 35 rec count: 0 partition sz 0-KB tx count: 10000000, per_txn_op cnt: 10
srv 38 load time 0.000
srv 37 load time 0.000
srv 37 rec count: 0 partition sz 0-KB tx count: 10000000, per_txn_op cnt: 10
srv 38 rec count: 0 partition sz 0-KB tx count: 10000000, per_txn_op cnt: 10
srv 36 load time 0.000
srv 36 rec count: 0 partition sz 0-KB tx count: 10000000, per_txn_op cnt: 10
Assinging core 18 to srv 40
srv 39 load time 0.000
srv 39 rec count: 0 partition sz 0-KB tx count: 10000000, per_txn_op cnt: 10
Assinging core 22 to srv 41
Assinging core 26 to srv 42
Assinging core 30 to srv 43
srv 40 load time 0.000
srv 40 rec count: 0 partition sz 0-KB tx count: 10000000, per_txn_op cnt: 10
Assinging core 34 to srv 44
srv 42 load time 0.000
Assinging core 38 to srv 45
srv 43 load time 0.000
srv 42 rec count: 0 partition sz 0-KB tx count: 10000000, per_txn_op cnt: 10
srv 43 rec count: 0 partition sz 0-KB tx count: 10000000, per_txn_op cnt: 10
srv 41 load time 0.000
srv 41 rec count: 0 partition sz 0-KB tx count: 10000000, per_txn_op cnt: 10
Assinging core 42 to srv 46
srv 44 load time 0.000
srv 44 rec count: 0 partition sz 0-KB tx count: 10000000, per_txn_op cnt: 10
srv 45 load time 0.000
srv 45 rec count: 0 partition sz 0-KB tx count: 10000000, per_txn_op cnt: 10
Assinging core 46 to srv 47
Assinging core 50 to srv 48
Assinging core 54 to srv 49
Assinging core 58 to srv 50
srv 47 load time 0.000
srv 47 rec count: 0 partition sz 0-KB tx count: 10000000, per_txn_op cnt: 10
srv 48 load time 0.000
srv 48 rec count: 0 partition sz 0-KB tx count: 10000000, per_txn_op cnt: 10
Assinging core 62 to srv 51
srv 49 load time 0.000
srv 49 rec count: 0 partition sz 0-KB tx count: 10000000, per_txn_op cnt: 10
Assinging core 66 to srv 52
srv 50 load time 0.000
srv 50 rec count: 0 partition sz 0-KB tx count: 10000000, per_txn_op cnt: 10
Assinging core 70 to srv 53
srv 51 load time 0.000
srv 51 rec count: 0 partition sz 0-KB tx count: 10000000, per_txn_op cnt: 10
Assinging core 3 to srv 54
srv 52 load time 0.000
srv 52 rec count: 0 partition sz 0-KB tx count: 10000000, per_txn_op cnt: 10
srv 53 load time 0.000
srv 53 rec count: 0 partition sz 0-KB tx count: 10000000, per_txn_op cnt: 10
Assinging core 7 to srv 55
Assinging core 11 to srv 56
Assinging core 15 to srv 57
srv 56 load time 0.000
srv 56 rec count: 0 partition sz 0-KB tx count: 10000000, per_txn_op cnt: 10
Assinging core 19 to srv 58
srv 54 load time 0.000
srv 54 rec count: 0 partition sz 0-KB tx count: 10000000, per_txn_op cnt: 10
srv 55 load time 0.000
srv 55 rec count: 0 partition sz 0-KB tx count: 10000000, per_txn_op cnt: 10
srv 57 load time 0.000
srv 57 rec count: 0 partition sz 0-KB tx count: 10000000, per_txn_op cnt: 10
Assinging core 23 to srv 59
Assinging core 27 to srv 60
srv 58 load time 0.000
srv 58 rec count: 0 partition sz 0-KB tx count: 10000000, per_txn_op cnt: 10
Assinging core 31 to srv 61
srv 59 load time 0.000
srv 59 rec count: 0 partition sz 0-KB tx count: 10000000, per_txn_op cnt: 10
srv 60 load time 0.000
srv 60 rec count: 0 partition sz 0-KB tx count: 10000000, per_txn_op cnt: 10
srv 46 load time 0.000
srv 46 rec count: 0 partition sz 0-KB tx count: 10000000, per_txn_op cnt: 10
Assinging core 35 to srv 62
Assinging core 39 to srv 63
srv 61 load time 0.000
srv 61 rec count: 0 partition sz 0-KB tx count: 10000000, per_txn_op cnt: 10
srv 62 load time 0.000
srv 62 rec count: 0 partition sz 0-KB tx count: 10000000, per_txn_op cnt: 10
srv 63 load time 0.000
srv 63 rec count: 0 partition sz 0-KB tx count: 10000000, per_txn_op cnt: 10
srv 0 load time 7.117
srv 0 rec count: 64000000 partition sz 8500000-KB tx count: 10000000, per_txn_op cnt: 10
srv 0 starting txns
srv 63 starting txns
srv 1 starting txns
srv 4 starting txns
srv 17 starting txns
srv 9 starting txns
srv 6 starting txns
srv 2 starting txns
srv 14 starting txns
srv 16 starting txns
srv 10 starting txns
srv 5 starting txns
srv 3 starting txns
srv 8 starting txns
srv 7 starting txns
srv 11 starting txns
srv 12 starting txns
srv 15 starting txns
srv 13 starting txns
srv 55 starting txns
srv 57 starting txns
srv 52 starting txns
srv 30 starting txns
srv 20 starting txns
srv 18 starting txns
srv 48 starting txns
srv 29 starting txns
srv 41 starting txns
srv 47 starting txns
srv 32 starting txns
srv 31 starting txns
srv 56 starting txns
srv 35 starting txns
srv 49 starting txns
srv 50 starting txns
srv 62 starting txns
srv 53 starting txns
srv 19 starting txns
srv 46 starting txns
srv 54 starting txns
srv 37 starting txns
srv 43 starting txns
srv 26 starting txns
srv 51 starting txns
srv 28 starting txns
srv 38 starting txns
srv 40 starting txns
srv 24 starting txns
srv 60 starting txns
srv 42 starting txns
srv 44 starting txns
srv 39 starting txns
srv 25 starting txns
srv 27 starting txns
srv 23 starting txns
srv 45 starting txns
srv 36 starting txns
srv 33 starting txns
srv 22 starting txns
srv 61 starting txns
srv 21 starting txns
srv 58 starting txns
srv 34 starting txns
srv 59 starting txns
srv 63 query time 205.329
srv 56 query time 215.290
srv 60 query time 216.572
srv 54 query time 217.116
srv 57 query time 217.357
srv 59 query time 218.433
srv 62 query time 219.015
srv 61 query time 221.819
srv 58 query time 223.184
srv 55 query time 223.326
srv 41 query time 427.076
srv 40 query time 432.133
srv 36 query time 432.400
srv 44 query time 435.835
srv 45 query time 438.901
srv 38 query time 441.437
srv 43 query time 442.376
srv 23 query time 442.394
srv 39 query time 442.440
srv 18 query time 445.154
srv 22 query time 446.888
srv 27 query time 451.002
srv 37 query time 451.549
srv 26 query time 452.028
srv 20 query time 452.666
srv 50 query time 454.592
srv 42 query time 454.778
srv 21 query time 454.857
srv 46 query time 455.179
srv 25 query time 456.350
srv 32 query time 459.839
srv 49 query time 460.097
srv 19 query time 460.434
srv 28 query time 460.794
srv 24 query time 461.706
srv 53 query time 461.983
srv 47 query time 464.710
srv 51 query time 464.770
srv 48 query time 465.076
srv 31 query time 466.678
srv 52 query time 466.770
srv 35 query time 467.262
srv 33 query time 467.748
srv 29 query time 467.825
srv 5 query time 468.454
srv 0 query time 468.457
srv 30 query time 468.630
srv 34 query time 469.214
srv 4 query time 469.684
srv 8 query time 469.744
srv 9 query time 469.978
srv 7 query time 470.302
srv 2 query time 470.789
srv 3 query time 471.451
srv 14 query time 472.443
srv 1 query time 472.926
srv 10 query time 473.483
srv 6 query time 473.932
srv 17 query time 476.930
srv 15 query time 477.262
srv 13 query time 477.604
srv 12 query time 477.625
srv 11 query time 477.693
srv 16 query time 478.264
srv 16 quitting 
srv 17 quitting 
srv 14 quitting 
srv 13 quitting 
srv 15 quitting 
srv 57 quitting 
srv 4 quitting 
srv 54 quitting 
srv 28 quitting 
srv 43 quitting 
srv 47 quitting 
srv 23 quitting 
srv 8 quitting 
srv 20 quitting 
srv 19 quitting 
srv 36 quitting 
srv 40 quitting 
srv 12 quitting 
srv 46 quitting 
srv 31 quitting 
srv 2 quitting 
srv 52 quitting 
srv 50 quitting 
srv 35 quitting 
srv 39 quitting 
srv 59 quitting 
srv 49 quitting 
srv 1 quitting 
srv 37 quitting 
srv 41 quitting 
srv 51 quitting 
srv 63 quitting 
srv 60 quitting 
srv 0 quitting 
srv 61 quitting 
srv 58 quitting 
srv 6 quitting 
srv 5 quitting 
srv 53 quitting 
srv 33 quitting 
srv 42 quitting 
srv 30 quitting 
srv 24 quitting 
srv 18 quitting 
srv 29 quitting 
srv 62 quitting 
srv 27 quitting 
srv 26 quitting 
srv 34 quitting 
srv 9 quitting 
srv 11 quitting 
srv 22 quitting 
srv 10 quitting 
srv 56 quitting 
srv 48 quitting 
srv 44 quitting 
srv 55 quitting 
srv 7 quitting 
srv 3 quitting 
srv 21 quitting 
srv 32 quitting 
srv 38 quitting 
srv 45 quitting 
srv 25 quitting 
srv 0 commits 10000000
srv 1 commits 10000000
srv 2 commits 10000000
srv 3 commits 10000000
srv 4 commits 10000000
srv 5 commits 10000000
srv 6 commits 10000000
srv 7 commits 10000000
srv 8 commits 10000000
srv 9 commits 10000000
srv 10 commits 10000000
srv 11 commits 10000000
srv 12 commits 10000000
srv 13 commits 10000000
srv 14 commits 10000000
srv 15 commits 10000000
srv 16 commits 10000000
srv 17 commits 10000000
srv 18 commits 10000000
srv 19 commits 10000000
srv 20 commits 10000000
srv 21 commits 10000000
srv 22 commits 10000000
srv 23 commits 10000000
srv 24 commits 10000000
srv 25 commits 10000000
srv 26 commits 10000000
srv 27 commits 10000000
srv 28 commits 10000000
srv 29 commits 10000000
srv 30 commits 10000000
srv 31 commits 10000000
srv 32 commits 10000000
srv 33 commits 10000000
srv 34 commits 10000000
srv 35 commits 10000000
srv 36 commits 10000000
srv 37 commits 10000000
srv 38 commits 10000000
srv 39 commits 10000000
srv 40 commits 10000000
srv 41 commits 10000000
srv 42 commits 10000000
srv 43 commits 10000000
srv 44 commits 10000000
srv 45 commits 10000000
srv 46 commits 10000000
srv 47 commits 10000000
srv 48 commits 10000000
srv 49 commits 10000000
srv 50 commits 10000000
srv 51 commits 10000000
srv 52 commits 10000000
srv 53 commits 10000000
srv 54 commits 10000000
srv 55 commits 10000000
srv 56 commits 10000000
srv 57 commits 10000000
srv 58 commits 10000000
srv 59 commits 10000000
srv 60 commits 10000000
srv 61 commits 10000000
srv 62 commits 10000000
srv 63 commits 10000000
total commits 640000000
== results ==
Server 0: 0.021346000M TPS
Server 1: 0.021144000M TPS
Server 2: 0.021240000M TPS
Server 3: 0.021211000M TPS
Server 4: 0.021290000M TPS
Server 5: 0.021346000M TPS
Server 6: 0.021100000M TPS
Server 7: 0.021262000M TPS
Server 8: 0.021288000M TPS
Server 9: 0.021277000M TPS
Server 10: 0.021120000M TPS
Server 11: 0.020933000M TPS
Server 12: 0.020936000M TPS
Server 13: 0.020937000M TPS
Server 14: 0.021166000M TPS
Server 15: 0.020952000M TPS
Server 16: 0.020908000M TPS
Server 17: 0.020967000M TPS
Server 18: 0.022464000M TPS
Server 19: 0.021718000M TPS
Server 20: 0.022091000M TPS
Server 21: 0.021984000M TPS
Server 22: 0.022376000M TPS
Server 23: 0.022604000M TPS
Server 24: 0.021658000M TPS
Server 25: 0.021913000M TPS
Server 26: 0.022122000M TPS
Server 27: 0.022172000M TPS
Server 28: 0.021701000M TPS
Server 29: 0.021375000M TPS
Server 30: 0.021338000M TPS
Server 31: 0.021428000M TPS
Server 32: 0.021746000M TPS
Server 33: 0.021379000M TPS
Server 34: 0.021312000M TPS
Server 35: 0.021401000M TPS
Server 36: 0.023126000M TPS
Server 37: 0.022146000M TPS
Server 38: 0.022653000M TPS
Server 39: 0.022601000M TPS
Server 40: 0.023141000M TPS
Server 41: 0.023415000M TPS
Server 42: 0.021988000M TPS
Server 43: 0.022605000M TPS
Server 44: 0.022944000M TPS
Server 45: 0.022784000M TPS
Server 46: 0.021969000M TPS
Server 47: 0.021518000M TPS
Server 48: 0.021501000M TPS
Server 49: 0.021734000M TPS
Server 50: 0.021997000M TPS
Server 51: 0.021516000M TPS
Server 52: 0.021423000M TPS
Server 53: 0.021645000M TPS
Server 54: 0.046058000M TPS
Server 55: 0.044777000M TPS
Server 56: 0.046449000M TPS
Server 57: 0.046007000M TPS
Server 58: 0.044806000M TPS
Server 59: 0.045780000M TPS
Server 60: 0.046174000M TPS
Server 61: 0.045081000M TPS
Server 62: 0.045659000M TPS
Server 63: 0.048702000M TPS
Total tps: 1.633404000M
./ycsb -s 64 -d 0 -b 1 -i 10000000 -o 10 -t 64000000 -w 100 -a 100 -h 16 -p 1
 # clients:    1
 # servers:    64
 Key range:    0..2^29
 Write ratio:  100
 Total #recs: 64000000 
 Iterations:   10000000
Assinging core 0 to srv 0
Assinging core 4 to srv 1
Assinging core 8 to srv 2
Assinging core 12 to srv 3
Assinging core 16 to srv 4
Assinging core 20 to srv 5
srv 1 load time 0.000
srv 1 rec count: 0 partition sz 0-KB tx count: 10000000, per_txn_op cnt: 10
Assinging core 24 to srv 6
srv 4 load time 0.000
Assinging core 28 to srv 7
srv 4 rec count: 0 partition sz 0-KB tx count: 10000000, per_txn_op cnt: 10
srv 3 load time 0.000
srv 3 rec count: 0 partition sz 0-KB tx count: 10000000, per_txn_op cnt: 10
srv 2 load time 0.000
srv 5 load time 0.000
srv 6 load time 0.000
srv 6 rec count: 0 partition sz 0-KB tx count: 10000000, per_txn_op cnt: 10
srv 5 rec count: 0 partition sz 0-KB tx count: 10000000, per_txn_op cnt: 10
srv 7 load time 0.000
srv 2 rec count: 0 partition sz 0-KB tx count: 10000000, per_txn_op cnt: 10
srv 7 rec count: 0 partition sz 0-KB tx count: 10000000, per_txn_op cnt: 10
Assinging core 32 to srv 8
Assinging core 36 to srv 9
Assinging core 40 to srv 10
Assinging core 44 to srv 11
Assinging core 48 to srv 12
srv 8 load time 0.000
srv 8 rec count: 0 partition sz 0-KB tx count: 10000000, per_txn_op cnt: 10
srv 9 load time 0.000
srv 9 rec count: 0 partition sz 0-KB tx count: 10000000, per_txn_op cnt: 10
Assinging core 52 to srv 13
srv 10 load time 0.000
srv 10 rec count: 0 partition sz 0-KB tx count: 10000000, per_txn_op cnt: 10
Assinging core 56 to srv 14
srv 12 load time 0.000
srv 11 load time 0.000
srv 11 rec count: 0 partition sz 0-KB tx count: 10000000, per_txn_op cnt: 10
srv 12 rec count: 0 partition sz 0-KB tx count: 10000000, per_txn_op cnt: 10
Assinging core 60 to srv 15
srv 13 load time 0.000
srv 13 rec count: 0 partition sz 0-KB tx count: 10000000, per_txn_op cnt: 10
srv 14 load time 0.000
srv 14 rec count: 0 partition sz 0-KB tx count: 10000000, per_txn_op cnt: 10
Assinging core 64 to srv 16
Assinging core 68 to srv 17
Assinging core 1 to srv 18
Assinging core 5 to srv 19
Assinging core 9 to srv 20
srv 15 load time 0.000
srv 15 rec count: 0 partition sz 0-KB tx count: 10000000, per_txn_op cnt: 10
Assinging core 13 to srv 21
srv 17 load time 0.000
srv 16 load time 0.000
srv 18 load time 0.000
srv 18 rec count: 0 partition sz 0-KB tx count: 10000000, per_txn_op cnt: 10
srv 16 rec count: 0 partition sz 0-KB tx count: 10000000, per_txn_op cnt: 10
Assinging core 17 to srv 22
srv 20 load time 0.000
srv 20 rec count: 0 partition sz 0-KB tx count: 10000000, per_txn_op cnt: 10
srv 19 load time 0.000
srv 19 rec count: 0 partition sz 0-KB tx count: 10000000, per_txn_op cnt: 10
Assinging core 21 to srv 23
srv 21 load time 0.000
srv 21 rec count: 0 partition sz 0-KB tx count: 10000000, per_txn_op cnt: 10
srv 17 rec count: 0 partition sz 0-KB tx count: 10000000, per_txn_op cnt: 10
srv 22 load time 0.000
srv 22 rec count: 0 partition sz 0-KB tx count: 10000000, per_txn_op cnt: 10
Assinging core 25 to srv 24
Assinging core 29 to srv 25
Assinging core 33 to srv 26
Assinging core 37 to srv 27
Assinging core 41 to srv 28
srv 24 load time 0.000
srv 24 rec count: 0 partition sz 0-KB tx count: 10000000, per_txn_op cnt: 10
Assinging core 45 to srv 29
srv 26 load time 0.000
srv 23 load time 0.000
srv 23 rec count: 0 partition sz 0-KB tx count: 10000000, per_txn_op cnt: 10
srv 26 rec count: 0 partition sz 0-KB tx count: 10000000, per_txn_op cnt: 10
srv 27 load time 0.000
srv 27 rec count: 0 partition sz 0-KB tx count: 10000000, per_txn_op cnt: 10
Assinging core 49 to srv 30
srv 28 load time 0.000
srv 25 load time 0.000
Assinging core 53 to srv 31
srv 25 rec count: 0 partition sz 0-KB tx count: 10000000, per_txn_op cnt: 10
srv 28 rec count: 0 partition sz 0-KB tx count: 10000000, per_txn_op cnt: 10
Assinging core 57 to srv 32
srv 29 load time 0.000
srv 29 rec count: 0 partition sz 0-KB tx count: 10000000, per_txn_op cnt: 10
srv 30 load time 0.000
srv 30 rec count: 0 partition sz 0-KB tx count: 10000000, per_txn_op cnt: 10
srv 31 load time 0.000
srv 31 rec count: 0 partition sz 0-KB tx count: 10000000, per_txn_op cnt: 10
Assinging core 61 to srv 33
Assinging core 65 to srv 34
Assinging core 69 to srv 35
srv 32 load time 0.000
srv 32 rec count: 0 partition sz 0-KB tx count: 10000000, per_txn_op cnt: 10
Assinging core 2 to srv 36
srv 33 load time 0.000
srv 33 rec count: 0 partition sz 0-KB tx count: 10000000, per_txn_op cnt: 10
Assinging core 6 to srv 37
srv 34 load time 0.000
srv 34 rec count: 0 partition sz 0-KB tx count: 10000000, per_txn_op cnt: 10
Assinging core 10 to srv 38
srv 35 load time 0.000
srv 35 rec count: 0 partition sz 0-KB tx count: 10000000, per_txn_op cnt: 10
srv 36 load time 0.000
srv 36 rec count: 0 partition sz 0-KB tx count: 10000000, per_txn_op cnt: 10
Assinging core 14 to srv 39
srv 37 load time 0.000
srv 37 rec count: 0 partition sz 0-KB tx count: 10000000, per_txn_op cnt: 10
srv 38 load time 0.000
srv 38 rec count: 0 partition sz 0-KB tx count: 10000000, per_txn_op cnt: 10
Assinging core 18 to srv 40
Assinging core 22 to srv 41
Assinging core 26 to srv 42
srv 39 load time 0.000
srv 39 rec count: 0 partition sz 0-KB tx count: 10000000, per_txn_op cnt: 10
Assinging core 30 to srv 43
srv 40 load time 0.000
srv 41 load time 0.000
srv 41 rec count: 0 partition sz 0-KB tx count: 10000000, per_txn_op cnt: 10
srv 40 rec count: 0 partition sz 0-KB tx count: 10000000, per_txn_op cnt: 10
srv 42 load time 0.000
srv 42 rec count: 0 partition sz 0-KB tx count: 10000000, per_txn_op cnt: 10
Assinging core 34 to srv 44
Assinging core 38 to srv 45
Assinging core 42 to srv 46
srv 43 load time 0.000
srv 43 rec count: 0 partition sz 0-KB tx count: 10000000, per_txn_op cnt: 10
Assinging core 46 to srv 47
srv 45 load time 0.000
srv 45 rec count: 0 partition sz 0-KB tx count: 10000000, per_txn_op cnt: 10
srv 44 load time 0.000
srv 44 rec count: 0 partition sz 0-KB tx count: 10000000, per_txn_op cnt: 10
srv 46 load time 0.000
srv 46 rec count: 0 partition sz 0-KB tx count: 10000000, per_txn_op cnt: 10
Assinging core 50 to srv 48
Assinging core 54 to srv 49
Assinging core 58 to srv 50
srv 47 load time 0.000
srv 47 rec count: 0 partition sz 0-KB tx count: 10000000, per_txn_op cnt: 10
Assinging core 62 to srv 51
srv 48 load time 0.000
srv 48 rec count: 0 partition sz 0-KB tx count: 10000000, per_txn_op cnt: 10
Assinging core 66 to srv 52
srv 49 load time 0.000
srv 49 rec count: 0 partition sz 0-KB tx count: 10000000, per_txn_op cnt: 10
srv 50 load time 0.000
srv 50 rec count: 0 partition sz 0-KB tx count: 10000000, per_txn_op cnt: 10
srv 51 load time 0.000
srv 51 rec count: 0 partition sz 0-KB tx count: 10000000, per_txn_op cnt: 10
Assinging core 70 to srv 53
Assinging core 3 to srv 54
Assinging core 7 to srv 55
srv 52 load time 0.000
srv 52 rec count: 0 partition sz 0-KB tx count: 10000000, per_txn_op cnt: 10
Assinging core 11 to srv 56
srv 54 load time 0.000
srv 55 load time 0.000
srv 55 rec count: 0 partition sz 0-KB tx count: 10000000, per_txn_op cnt: 10
srv 54 rec count: 0 partition sz 0-KB tx count: 10000000, per_txn_op cnt: 10
srv 53 load time 0.000
srv 53 rec count: 0 partition sz 0-KB tx count: 10000000, per_txn_op cnt: 10
Assinging core 15 to srv 57
Assinging core 19 to srv 58
srv 56 load time 0.000
srv 56 rec count: 0 partition sz 0-KB tx count: 10000000, per_txn_op cnt: 10
Assinging core 23 to srv 59
srv 57 load time 0.000
srv 57 rec count: 0 partition sz 0-KB tx count: 10000000, per_txn_op cnt: 10
Assinging core 27 to srv 60
srv 58 load time 0.000
srv 58 rec count: 0 partition sz 0-KB tx count: 10000000, per_txn_op cnt: 10
Assinging core 31 to srv 61
Assinging core 35 to srv 62
srv 59 load time 0.000
srv 59 rec count: 0 partition sz 0-KB tx count: 10000000, per_txn_op cnt: 10
srv 60 load time 0.000
srv 60 rec count: 0 partition sz 0-KB tx count: 10000000, per_txn_op cnt: 10
srv 61 load time 0.000
srv 61 rec count: 0 partition sz 0-KB tx count: 10000000, per_txn_op cnt: 10
Assinging core 39 to srv 63
srv 62 load time 0.000
srv 62 rec count: 0 partition sz 0-KB tx count: 10000000, per_txn_op cnt: 10
srv 63 load time 0.000
srv 63 rec count: 0 partition sz 0-KB tx count: 10000000, per_txn_op cnt: 10
srv 0 load time 8.037
srv 0 rec count: 64000000 partition sz 8500000-KB tx count: 10000000, per_txn_op cnt: 10
srv 0 starting txns
srv 54 starting txns
srv 56 starting txns
srv 58 starting txns
srv 57 starting txns
srv 59 starting txns
srv 62 starting txns
srv 60 starting txns
srv 55 starting txns
srv 61 starting txns
srv 63 starting txns
srv 2 starting txns
srv 42 starting txns
srv 27 starting txns
srv 21 starting txns
srv 40 starting txns
srv 47 starting txns
srv 10 starting txns
srv 45 starting txns
srv 17 starting txns
srv 46 starting txns
srv 51 starting txns
srv 22 starting txns
srv 8 starting txns
srv 1 starting txns
srv 33 starting txns
srv 7 starting txns
srv 52 starting txns
srv 43 starting txns
srv 39 starting txns
srv 19 starting txns
srv 37 starting txns
srv 4 starting txns
srv 20 starting txns
srv 25 starting txns
srv 26 starting txns
srv 9 starting txns
srv 3 starting txns
srv 31 starting txns
srv 14 starting txns
srv 16 starting txns
srv 18 starting txns
srv 35 starting txns
srv 48 starting txns
srv 11 starting txns
srv 53 starting txns
srv 44 starting txns
srv 24 starting txns
srv 23 starting txns
srv 36 starting txns
srv 34 starting txns
srv 49 starting txns
srv 32 starting txns
srv 12 starting txns
srv 50 starting txns
srv 15 starting txns
srv 5 starting txns
srv 28 starting txns
srv 13 starting txns
srv 29 starting txns
srv 41 starting txns
srv 38 starting txns
srv 6 starting txns
srv 30 starting txns
srv 35 query time 434.590
srv 62 query time 439.237
srv 30 query time 441.441
srv 31 query time 442.260
srv 21 query time 442.729
srv 34 query time 443.568
srv 23 query time 444.466
srv 24 query time 444.590
srv 33 query time 445.480
srv 55 query time 445.854
srv 26 query time 445.866
srv 29 query time 445.929
srv 57 query time 446.437
srv 18 query time 447.383
srv 60 query time 448.599
srv 19 query time 450.237
srv 32 query time 451.394
srv 28 query time 452.948
srv 27 query time 455.002
srv 20 query time 455.706
srv 22 query time 455.851
srv 56 query time 458.079
srv 59 query time 458.871
srv 25 query time 463.916
srv 63 query time 464.560
srv 54 query time 465.469
srv 58 query time 466.659
srv 61 query time 466.961
srv 39 query time 478.146
srv 37 query time 479.207
srv 44 query time 479.878
srv 41 query time 480.208
srv 42 query time 480.991
srv 53 query time 481.399
srv 36 query time 483.098
srv 49 query time 483.502
srv 48 query time 483.855
srv 52 query time 485.048
srv 47 query time 485.903
srv 51 query time 486.417
srv 50 query time 488.802
srv 38 query time 489.836
srv 46 query time 490.314
srv 45 query time 491.374
srv 40 query time 492.500
srv 3 query time 494.499
srv 5 query time 495.613
srv 8 query time 495.622
srv 1 query time 495.703
srv 43 query time 496.511
srv 17 query time 496.701
srv 6 query time 496.849
srv 0 query time 497.707
srv 13 query time 497.919
srv 11 query time 498.629
srv 15 query time 498.719
srv 12 query time 498.928
srv 2 query time 499.034
srv 14 query time 499.809
srv 10 query time 500.278
srv 16 query time 500.572
srv 9 query time 501.103
srv 7 query time 503.760
srv 4 query time 505.779
srv 4 quitting 
srv 12 quitting 
srv 40 quitting 
srv 43 quitting 
srv 22 quitting 
srv 24 quitting 
srv 7 quitting 
srv 10 quitting 
srv 9 quitting 
srv 44 quitting 
srv 0 quitting 
srv 56 quitting 
srv 30 quitting 
srv 45 quitting 
srv 37 quitting 
srv 53 quitting 
srv 35 quitting 
srv 63 quitting 
srv 39 quitting 
srv 59 quitting 
srv 16 quitting 
srv 55 quitting 
srv 38 quitting 
srv 60 quitting 
srv 32 quitting 
srv 28 quitting 
srv 1 quitting 
srv 36 quitting 
srv 52 quitting 
srv 19 quitting 
srv 23 quitting 
srv 18 quitting 
srv 17 quitting 
srv 31 quitting 
srv 54 quitting 
srv 33 quitting 
srv 13 quitting 
srv 48 quitting 
srv 58 quitting 
srv 57 quitting 
srv 34 quitting 
srv 42 quitting 
srv 21 quitting 
srv 47 quitting 
srv 26 quitting 
srv 29 quitting 
srv 2 quitting 
srv 61 quitting 
srv 49 quitting 
srv 5 quitting 
srv 14 quitting 
srv 8 quitting 
srv 11 quitting 
srv 27 quitting 
srv 41 quitting 
srv 25 quitting 
srv 51 quitting 
srv 50 quitting 
srv 15 quitting 
srv 6 quitting 
srv 62 quitting 
srv 20 quitting 
srv 3 quitting 
srv 46 quitting 
srv 0 commits 10000000
srv 1 commits 10000000
srv 2 commits 10000000
srv 3 commits 10000000
srv 4 commits 10000000
srv 5 commits 10000000
srv 6 commits 10000000
srv 7 commits 10000000
srv 8 commits 10000000
srv 9 commits 10000000
srv 10 commits 10000000
srv 11 commits 10000000
srv 12 commits 10000000
srv 13 commits 10000000
srv 14 commits 10000000
srv 15 commits 10000000
srv 16 commits 10000000
srv 17 commits 10000000
srv 18 commits 10000000
srv 19 commits 10000000
srv 20 commits 10000000
srv 21 commits 10000000
srv 22 commits 10000000
srv 23 commits 10000000
srv 24 commits 10000000
srv 25 commits 10000000
srv 26 commits 10000000
srv 27 commits 10000000
srv 28 commits 10000000
srv 29 commits 10000000
srv 30 commits 10000000
srv 31 commits 10000000
srv 32 commits 10000000
srv 33 commits 10000000
srv 34 commits 10000000
srv 35 commits 10000000
srv 36 commits 10000000
srv 37 commits 10000000
srv 38 commits 10000000
srv 39 commits 10000000
srv 40 commits 10000000
srv 41 commits 10000000
srv 42 commits 10000000
srv 43 commits 10000000
srv 44 commits 10000000
srv 45 commits 10000000
srv 46 commits 10000000
srv 47 commits 10000000
srv 48 commits 10000000
srv 49 commits 10000000
srv 50 commits 10000000
srv 51 commits 10000000
srv 52 commits 10000000
srv 53 commits 10000000
srv 54 commits 10000000
srv 55 commits 10000000
srv 56 commits 10000000
srv 57 commits 10000000
srv 58 commits 10000000
srv 59 commits 10000000
srv 60 commits 10000000
srv 61 commits 10000000
srv 62 commits 10000000
srv 63 commits 10000000
total commits 640000000
== results ==
Server 0: 0.020092000M TPS
Server 1: 0.020173000M TPS
Server 2: 0.020038000M TPS
Server 3: 0.020222000M TPS
Server 4: 0.019771000M TPS
Server 5: 0.020177000M TPS
Server 6: 0.020126000M TPS
Server 7: 0.019850000M TPS
Server 8: 0.020176000M TPS
Server 9: 0.019955000M TPS
Server 10: 0.019988000M TPS
Server 11: 0.020055000M TPS
Server 12: 0.020042000M TPS
Server 13: 0.020083000M TPS
Server 14: 0.020007000M TPS
Server 15: 0.020051000M TPS
Server 16: 0.019977000M TPS
Server 17: 0.020132000M TPS
Server 18: 0.022352000M TPS
Server 19: 0.022210000M TPS
Server 20: 0.021943000M TPS
Server 21: 0.022587000M TPS
Server 22: 0.021937000M TPS
Server 23: 0.022498000M TPS
Server 24: 0.022492000M TPS
Server 25: 0.021555000M TPS
Server 26: 0.022428000M TPS
Server 27: 0.021977000M TPS
Server 28: 0.022077000M TPS
Server 29: 0.022425000M TPS
Server 30: 0.022653000M TPS
Server 31: 0.022611000M TPS
Server 32: 0.022153000M TPS
Server 33: 0.022447000M TPS
Server 34: 0.022544000M TPS
Server 35: 0.023010000M TPS
Server 36: 0.020699000M TPS
Server 37: 0.020867000M TPS
Server 38: 0.020414000M TPS
Server 39: 0.020914000M TPS
Server 40: 0.020304000M TPS
Server 41: 0.020824000M TPS
Server 42: 0.020790000M TPS
Server 43: 0.020140000M TPS
Server 44: 0.020838000M TPS
Server 45: 0.020351000M TPS
Server 46: 0.020395000M TPS
Server 47: 0.020580000M TPS
Server 48: 0.020667000M TPS
Server 49: 0.020682000M TPS
Server 50: 0.020458000M TPS
Server 51: 0.020558000M TPS
Server 52: 0.020616000M TPS
Server 53: 0.020772000M TPS
Server 54: 0.021483000M TPS
Server 55: 0.022428000M TPS
Server 56: 0.021830000M TPS
Server 57: 0.022399000M TPS
Server 58: 0.021428000M TPS
Server 59: 0.021792000M TPS
Server 60: 0.022291000M TPS
Server 61: 0.021415000M TPS
Server 62: 0.022766000M TPS
Server 63: 0.021525000M TPS
Total tps: 1.353040000M
