./ycsb -s 1 -d 0 -b 1 -i 10000000 -o 10 -t 1000000 -w 100
 # clients:    1
 # servers:    1
 Key range:    0..2^29
 Write ratio:  100
 Total #recs: 1000000 
 Iterations:   10000000
Assinging core 0 to srv 0
srv 0 load time 0.108
srv 0 rec count: 1000000 partition sz 132812-KB tx count: 10000000, per_txn_op cnt: 10
srv 0 starting txns
srv 0 query time 30.399
srv 0 quitting 
srv 0 commits 10000000
total commits 10000000
== results ==
Server 0: 0.328962000M TPS
Total tps: 0.328962000M
./ycsb -s 1 -d 0 -b 1 -i 10000000 -o 10 -t 1000000 -w 100
 # clients:    1
 # servers:    1
 Key range:    0..2^29
 Write ratio:  100
 Total #recs: 1000000 
 Iterations:   10000000
Assinging core 0 to srv 0
srv 0 load time 0.108
srv 0 rec count: 1000000 partition sz 132812-KB tx count: 10000000, per_txn_op cnt: 10
srv 0 starting txns
srv 0 query time 30.356
srv 0 quitting 
srv 0 commits 10000000
total commits 10000000
== results ==
Server 0: 0.329423000M TPS
Total tps: 0.329423000M
./ycsb -s 1 -d 0 -b 1 -i 10000000 -o 10 -t 1000000 -w 100
 # clients:    1
 # servers:    1
 Key range:    0..2^29
 Write ratio:  100
 Total #recs: 1000000 
 Iterations:   10000000
Assinging core 0 to srv 0
srv 0 load time 0.110
srv 0 rec count: 1000000 partition sz 132812-KB tx count: 10000000, per_txn_op cnt: 10
srv 0 starting txns
srv 0 query time 30.333
srv 0 quitting 
srv 0 commits 10000000
total commits 10000000
== results ==
Server 0: 0.329674000M TPS
Total tps: 0.329674000M
./ycsb -s 2 -d 0 -b 1 -i 10000000 -o 10 -t 2000000 -w 100
 # clients:    1
 # servers:    2
 Key range:    0..2^29
 Write ratio:  100
 Total #recs: 2000000 
 Iterations:   10000000
Assinging core 0 to srv 0
Assinging core 4 to srv 1
srv 1 load time 0.000
srv 1 rec count: 0 partition sz 0-KB tx count: 10000000, per_txn_op cnt: 10
srv 0 load time 0.216
srv 0 rec count: 2000000 partition sz 265625-KB tx count: 10000000, per_txn_op cnt: 10
srv 0 starting txns
srv 1 starting txns
srv 1 query time 32.067
srv 0 query time 32.079
srv 0 quitting 
srv 1 quitting 
srv 0 commits 10000000
srv 1 commits 10000000
total commits 20000000
== results ==
Server 0: 0.311735000M TPS
Server 1: 0.311847000M TPS
Total tps: 0.623582000M
./ycsb -s 2 -d 0 -b 1 -i 10000000 -o 10 -t 2000000 -w 100
 # clients:    1
 # servers:    2
 Key range:    0..2^29
 Write ratio:  100
 Total #recs: 2000000 
 Iterations:   10000000
Assinging core 0 to srv 0
Assinging core 4 to srv 1
srv 1 load time 0.000
srv 1 rec count: 0 partition sz 0-KB tx count: 10000000, per_txn_op cnt: 10
srv 0 load time 0.212
srv 0 rec count: 2000000 partition sz 265625-KB tx count: 10000000, per_txn_op cnt: 10
srv 0 starting txns
srv 1 starting txns
srv 1 query time 32.357
srv 0 query time 32.396
srv 0 quitting 
srv 1 quitting 
srv 0 commits 10000000
srv 1 commits 10000000
total commits 20000000
== results ==
Server 0: 0.308678000M TPS
Server 1: 0.309050000M TPS
Total tps: 0.617728000M
./ycsb -s 2 -d 0 -b 1 -i 10000000 -o 10 -t 2000000 -w 100
 # clients:    1
 # servers:    2
 Key range:    0..2^29
 Write ratio:  100
 Total #recs: 2000000 
 Iterations:   10000000
Assinging core 0 to srv 0
Assinging core 4 to srv 1
srv 1 load time 0.000
srv 1 rec count: 0 partition sz 0-KB tx count: 10000000, per_txn_op cnt: 10
srv 0 load time 0.216
srv 0 rec count: 2000000 partition sz 265625-KB tx count: 10000000, per_txn_op cnt: 10
srv 0 starting txns
srv 1 starting txns
srv 1 query time 32.281
srv 0 query time 32.307
srv 0 quitting 
srv 1 quitting 
srv 0 commits 10000000
srv 1 commits 10000000
total commits 20000000
== results ==
Server 0: 0.309532000M TPS
Server 1: 0.309774000M TPS
Total tps: 0.619306000M
./ycsb -s 4 -d 0 -b 1 -i 10000000 -o 10 -t 4000000 -w 100
 # clients:    1
 # servers:    4
 Key range:    0..2^29
 Write ratio:  100
 Total #recs: 4000000 
 Iterations:   10000000
Assinging core 0 to srv 0
Assinging core 4 to srv 1
Assinging core 8 to srv 2
Assinging core 12 to srv 3
srv 1 load time 0.000
srv 1 rec count: 0 partition sz 0-KB tx count: 10000000, per_txn_op cnt: 10
srv 2 load time 0.000
srv 2 rec count: 0 partition sz 0-KB tx count: 10000000, per_txn_op cnt: 10
srv 3 load time 0.000
srv 3 rec count: 0 partition sz 0-KB tx count: 10000000, per_txn_op cnt: 10
srv 0 load time 0.440
srv 0 rec count: 4000000 partition sz 531250-KB tx count: 10000000, per_txn_op cnt: 10
srv 0 starting txns
srv 1 starting txns
srv 2 starting txns
srv 3 starting txns
srv 3 query time 34.263
srv 2 query time 34.292
srv 1 query time 34.618
srv 0 query time 34.648
srv 0 quitting 
srv 2 quitting 
srv 1 quitting 
srv 3 quitting 
srv 0 commits 10000000
srv 1 commits 10000000
srv 2 commits 10000000
srv 3 commits 10000000
total commits 40000000
== results ==
Server 0: 0.288619000M TPS
Server 1: 0.288868000M TPS
Server 2: 0.291614000M TPS
Server 3: 0.291856000M TPS
Total tps: 1.160957000M
./ycsb -s 4 -d 0 -b 1 -i 10000000 -o 10 -t 4000000 -w 100
 # clients:    1
 # servers:    4
 Key range:    0..2^29
 Write ratio:  100
 Total #recs: 4000000 
 Iterations:   10000000
Assinging core 0 to srv 0
Assinging core 4 to srv 1
Assinging core 8 to srv 2
Assinging core 12 to srv 3
srv 1 load time 0.000
srv 1 rec count: 0 partition sz 0-KB tx count: 10000000, per_txn_op cnt: 10
srv 2 load time 0.000
srv 2 rec count: 0 partition sz 0-KB tx count: 10000000, per_txn_op cnt: 10
srv 3 load time 0.000
srv 3 rec count: 0 partition sz 0-KB tx count: 10000000, per_txn_op cnt: 10
srv 0 load time 0.447
srv 0 rec count: 4000000 partition sz 531250-KB tx count: 10000000, per_txn_op cnt: 10
srv 0 starting txns
srv 2 starting txns
srv 3 starting txns
srv 1 starting txns
srv 3 query time 34.230
srv 2 query time 34.241
srv 1 query time 34.572
srv 0 query time 34.612
srv 0 quitting 
srv 1 quitting 
srv 3 quitting 
srv 2 quitting 
srv 0 commits 10000000
srv 1 commits 10000000
srv 2 commits 10000000
srv 3 commits 10000000
total commits 40000000
== results ==
Server 0: 0.288920000M TPS
Server 1: 0.289255000M TPS
Server 2: 0.292046000M TPS
Server 3: 0.292143000M TPS
Total tps: 1.162364000M
./ycsb -s 4 -d 0 -b 1 -i 10000000 -o 10 -t 4000000 -w 100
 # clients:    1
 # servers:    4
 Key range:    0..2^29
 Write ratio:  100
 Total #recs: 4000000 
 Iterations:   10000000
Assinging core 0 to srv 0
Assinging core 4 to srv 1
Assinging core 8 to srv 2
Assinging core 12 to srv 3
srv 2 load time 0.000
srv 2 rec count: 0 partition sz 0-KB tx count: 10000000, per_txn_op cnt: 10
srv 3 load time 0.000
srv 3 rec count: 0 partition sz 0-KB tx count: 10000000, per_txn_op cnt: 10
srv 1 load time 0.000
srv 1 rec count: 0 partition sz 0-KB tx count: 10000000, per_txn_op cnt: 10
srv 0 load time 0.455
srv 0 rec count: 4000000 partition sz 531250-KB tx count: 10000000, per_txn_op cnt: 10
srv 0 starting txns
srv 1 starting txns
srv 2 starting txns
srv 3 starting txns
srv 2 query time 34.252
srv 3 query time 34.286
srv 1 query time 34.601
srv 0 query time 34.654
srv 0 quitting 
srv 3 quitting 
srv 2 quitting 
srv 1 quitting 
srv 0 commits 10000000
srv 1 commits 10000000
srv 2 commits 10000000
srv 3 commits 10000000
total commits 40000000
== results ==
Server 0: 0.288566000M TPS
Server 1: 0.289010000M TPS
Server 2: 0.291952000M TPS
Server 3: 0.291666000M TPS
Total tps: 1.161194000M
./ycsb -s 8 -d 0 -b 1 -i 10000000 -o 10 -t 8000000 -w 100
 # clients:    1
 # servers:    8
 Key range:    0..2^29
 Write ratio:  100
 Total #recs: 8000000 
 Iterations:   10000000
Assinging core 0 to srv 0
Assinging core 4 to srv 1
Assinging core 8 to srv 2
Assinging core 12 to srv 3
Assinging core 16 to srv 4
srv 1 load time 0.000
srv 1 rec count: 0 partition sz 0-KB tx count: 10000000, per_txn_op cnt: 10
Assinging core 20 to srv 5
srv 3 load time 0.000
srv 3 rec count: 0 partition sz 0-KB tx count: 10000000, per_txn_op cnt: 10
srv 2 load time 0.000
srv 2 rec count: 0 partition sz 0-KB tx count: 10000000, per_txn_op cnt: 10
srv 4 load time 0.000
srv 4 rec count: 0 partition sz 0-KB tx count: 10000000, per_txn_op cnt: 10
Assinging core 24 to srv 6
Assinging core 28 to srv 7
srv 5 load time 0.000
srv 5 rec count: 0 partition sz 0-KB tx count: 10000000, per_txn_op cnt: 10
srv 7 load time 0.000
srv 7 rec count: 0 partition sz 0-KB tx count: 10000000, per_txn_op cnt: 10
srv 6 load time 0.000
srv 6 rec count: 0 partition sz 0-KB tx count: 10000000, per_txn_op cnt: 10
srv 0 load time 0.885
srv 0 rec count: 8000000 partition sz 1062500-KB tx count: 10000000, per_txn_op cnt: 10
srv 0 starting txns
srv 7 starting txns
srv 1 starting txns
srv 6 starting txns
srv 2 starting txns
srv 4 starting txns
srv 3 starting txns
srv 5 starting txns
srv 7 query time 35.980
srv 3 query time 36.002
srv 0 query time 36.339
srv 5 query time 36.343
srv 6 query time 36.907
srv 2 query time 41.760
srv 1 query time 46.701
srv 4 query time 48.585
srv 4 quitting 
srv 2 quitting 
srv 0 quitting 
srv 1 quitting 
srv 7 quitting 
srv 6 quitting 
srv 5 quitting 
srv 3 quitting 
srv 0 commits 10000000
srv 1 commits 10000000
srv 2 commits 10000000
srv 3 commits 10000000
srv 4 commits 10000000
srv 5 commits 10000000
srv 6 commits 10000000
srv 7 commits 10000000
total commits 80000000
== results ==
Server 0: 0.275189000M TPS
Server 1: 0.214126000M TPS
Server 2: 0.239463000M TPS
Server 3: 0.277758000M TPS
Server 4: 0.205823000M TPS
Server 5: 0.275159000M TPS
Server 6: 0.270949000M TPS
Server 7: 0.277935000M TPS
Total tps: 2.036402000M
./ycsb -s 8 -d 0 -b 1 -i 10000000 -o 10 -t 8000000 -w 100
 # clients:    1
 # servers:    8
 Key range:    0..2^29
 Write ratio:  100
 Total #recs: 8000000 
 Iterations:   10000000
Assinging core 0 to srv 0
Assinging core 4 to srv 1
Assinging core 8 to srv 2
Assinging core 12 to srv 3
Assinging core 16 to srv 4
Assinging core 20 to srv 5
srv 3 load time 0.000
srv 4 load time 0.000
srv 4 rec count: 0 partition sz 0-KB tx count: 10000000, per_txn_op cnt: 10
srv 3 rec count: 0 partition sz 0-KB tx count: 10000000, per_txn_op cnt: 10
srv 1 load time 0.000
srv 5 load time 0.000
Assinging core 24 to srv 6
srv 5 rec count: 0 partition sz 0-KB tx count: 10000000, per_txn_op cnt: 10
srv 2 load time 0.000
srv 2 rec count: 0 partition sz 0-KB tx count: 10000000, per_txn_op cnt: 10
srv 1 rec count: 0 partition sz 0-KB tx count: 10000000, per_txn_op cnt: 10
Assinging core 28 to srv 7
srv 6 load time 0.000
srv 6 rec count: 0 partition sz 0-KB tx count: 10000000, per_txn_op cnt: 10
srv 7 load time 0.000
srv 7 rec count: 0 partition sz 0-KB tx count: 10000000, per_txn_op cnt: 10
srv 0 load time 0.953
srv 0 rec count: 8000000 partition sz 1062500-KB tx count: 10000000, per_txn_op cnt: 10
srv 0 starting txns
srv 7 starting txns
srv 5 starting txns
srv 1 starting txns
srv 2 starting txns
srv 3 starting txns
srv 4 starting txns
srv 6 starting txns
srv 3 query time 35.906
srv 7 query time 36.021
srv 5 query time 36.337
srv 0 query time 36.390
srv 6 query time 36.969
srv 2 query time 41.639
srv 1 query time 46.554
srv 4 query time 48.438
srv 4 quitting 
srv 1 quitting 
srv 0 quitting 
srv 7 quitting 
srv 2 quitting 
srv 3 quitting 
srv 6 quitting 
srv 5 quitting 
srv 0 commits 10000000
srv 1 commits 10000000
srv 2 commits 10000000
srv 3 commits 10000000
srv 4 commits 10000000
srv 5 commits 10000000
srv 6 commits 10000000
srv 7 commits 10000000
total commits 80000000
== results ==
Server 0: 0.274804000M TPS
Server 1: 0.214805000M TPS
Server 2: 0.240159000M TPS
Server 3: 0.278505000M TPS
Server 4: 0.206448000M TPS
Server 5: 0.275203000M TPS
Server 6: 0.270494000M TPS
Server 7: 0.277616000M TPS
Total tps: 2.038034000M
./ycsb -s 8 -d 0 -b 1 -i 10000000 -o 10 -t 8000000 -w 100
 # clients:    1
 # servers:    8
 Key range:    0..2^29
 Write ratio:  100
 Total #recs: 8000000 
 Iterations:   10000000
Assinging core 0 to srv 0
Assinging core 4 to srv 1
Assinging core 8 to srv 2
Assinging core 12 to srv 3
Assinging core 16 to srv 4
srv 1 load time 0.000
srv 1 rec count: 0 partition sz 0-KB tx count: 10000000, per_txn_op cnt: 10
Assinging core 20 to srv 5
srv 2 load time 0.000
srv 2 rec count: 0 partition sz 0-KB tx count: 10000000, per_txn_op cnt: 10
Assinging core 24 to srv 6
srv 3 load time 0.000
srv 3 rec count: 0 partition sz 0-KB tx count: 10000000, per_txn_op cnt: 10
srv 5 load time 0.000
srv 5 rec count: 0 partition sz 0-KB tx count: 10000000, per_txn_op cnt: 10
srv 4 load time 0.000
srv 4 rec count: 0 partition sz 0-KB tx count: 10000000, per_txn_op cnt: 10
Assinging core 28 to srv 7
srv 6 load time 0.000
srv 6 rec count: 0 partition sz 0-KB tx count: 10000000, per_txn_op cnt: 10
srv 7 load time 0.000
srv 7 rec count: 0 partition sz 0-KB tx count: 10000000, per_txn_op cnt: 10
srv 0 load time 0.950
srv 0 rec count: 8000000 partition sz 1062500-KB tx count: 10000000, per_txn_op cnt: 10
srv 0 starting txns
srv 6 starting txns
srv 3 starting txns
srv 4 starting txns
srv 7 starting txns
srv 5 starting txns
srv 2 starting txns
srv 1 starting txns
srv 7 query time 35.960
srv 3 query time 35.981
srv 0 query time 36.321
srv 5 query time 36.341
srv 6 query time 36.966
srv 2 query time 41.641
srv 1 query time 46.576
srv 4 query time 48.460
srv 4 quitting 
srv 1 quitting 
srv 3 quitting 
srv 6 quitting 
srv 0 quitting 
srv 2 quitting 
srv 5 quitting 
srv 7 quitting 
srv 0 commits 10000000
srv 1 commits 10000000
srv 2 commits 10000000
srv 3 commits 10000000
srv 4 commits 10000000
srv 5 commits 10000000
srv 6 commits 10000000
srv 7 commits 10000000
total commits 80000000
== results ==
Server 0: 0.275323000M TPS
Server 1: 0.214702000M TPS
Server 2: 0.240150000M TPS
Server 3: 0.277924000M TPS
Server 4: 0.206357000M TPS
Server 5: 0.275167000M TPS
Server 6: 0.270518000M TPS
Server 7: 0.278083000M TPS
Total tps: 2.038224000M
./ycsb -s 16 -d 0 -b 1 -i 10000000 -o 10 -t 16000000 -w 100
 # clients:    1
 # servers:    16
 Key range:    0..2^29
 Write ratio:  100
 Total #recs: 16000000 
 Iterations:   10000000
Assinging core 0 to srv 0
Assinging core 4 to srv 1
Assinging core 8 to srv 2
Assinging core 12 to srv 3
Assinging core 16 to srv 4
Assinging core 20 to srv 5
srv 1 load time 0.000
srv 4 load time 0.000
srv 3 load time 0.000
srv 4 rec count: 0 partition sz 0-KB tx count: 10000000, per_txn_op cnt: 10
srv 2 load time 0.000
srv 5 load time 0.000
srv 5 rec count: 0 partition sz 0-KB tx count: 10000000, per_txn_op cnt: 10
srv 3 rec count: 0 partition sz 0-KB tx count: 10000000, per_txn_op cnt: 10
srv 1 rec count: 0 partition sz 0-KB tx count: 10000000, per_txn_op cnt: 10
srv 2 rec count: 0 partition sz 0-KB tx count: 10000000, per_txn_op cnt: 10
Assinging core 24 to srv 6
Assinging core 28 to srv 7
Assinging core 32 to srv 8
srv 6 load time 0.000
srv 6 rec count: 0 partition sz 0-KB tx count: 10000000, per_txn_op cnt: 10
srv 7 load time 0.000
srv 7 rec count: 0 partition sz 0-KB tx count: 10000000, per_txn_op cnt: 10
Assinging core 36 to srv 9
srv 8 load time 0.000
srv 8 rec count: 0 partition sz 0-KB tx count: 10000000, per_txn_op cnt: 10
Assinging core 40 to srv 10
srv 9 load time 0.000
srv 9 rec count: 0 partition sz 0-KB tx count: 10000000, per_txn_op cnt: 10
Assinging core 44 to srv 11
Assinging core 48 to srv 12
Assinging core 52 to srv 13
srv 10 load time 0.000
srv 10 rec count: 0 partition sz 0-KB tx count: 10000000, per_txn_op cnt: 10
Assinging core 56 to srv 14
srv 12 load time 0.000
srv 12 rec count: 0 partition sz 0-KB tx count: 10000000, per_txn_op cnt: 10
srv 11 load time 0.000
srv 11 rec count: 0 partition sz 0-KB tx count: 10000000, per_txn_op cnt: 10
srv 13 load time 0.000
srv 13 rec count: 0 partition sz 0-KB tx count: 10000000, per_txn_op cnt: 10
Assinging core 60 to srv 15
srv 14 load time 0.000
srv 14 rec count: 0 partition sz 0-KB tx count: 10000000, per_txn_op cnt: 10
srv 15 load time 0.000
srv 15 rec count: 0 partition sz 0-KB tx count: 10000000, per_txn_op cnt: 10
srv 0 load time 1.804
srv 0 rec count: 16000000 partition sz 2125000-KB tx count: 10000000, per_txn_op cnt: 10
srv 0 starting txns
srv 14 starting txns
srv 15 starting txns
srv 13 starting txns
srv 4 starting txns
srv 7 starting txns
srv 9 starting txns
srv 11 starting txns
srv 8 starting txns
srv 6 starting txns
srv 1 starting txns
srv 12 starting txns
srv 10 starting txns
srv 3 starting txns
srv 2 starting txns
srv 5 starting txns
srv 9 query time 38.666
srv 10 query time 38.748
srv 3 query time 38.827
srv 7 query time 38.860
srv 13 query time 39.007
srv 5 query time 39.048
srv 0 query time 39.139
srv 12 query time 39.145
srv 15 query time 39.182
srv 11 query time 39.213
srv 8 query time 39.666
srv 6 query time 40.377
srv 14 query time 42.364
srv 2 query time 43.253
srv 1 query time 48.313
srv 4 query time 50.262
srv 4 quitting 
srv 9 quitting 
srv 14 quitting 
srv 2 quitting 
srv 8 quitting 
srv 15 quitting 
srv 1 quitting 
srv 6 quitting 
srv 5 quitting 
srv 11 quitting 
srv 3 quitting 
srv 12 quitting 
srv 7 quitting 
srv 10 quitting 
srv 0 quitting 
srv 13 quitting 
srv 0 commits 10000000
srv 1 commits 10000000
srv 2 commits 10000000
srv 3 commits 10000000
srv 4 commits 10000000
srv 5 commits 10000000
srv 6 commits 10000000
srv 7 commits 10000000
srv 8 commits 10000000
srv 9 commits 10000000
srv 10 commits 10000000
srv 11 commits 10000000
srv 12 commits 10000000
srv 13 commits 10000000
srv 14 commits 10000000
srv 15 commits 10000000
total commits 160000000
== results ==
Server 0: 0.255500000M TPS
Server 1: 0.206982000M TPS
Server 2: 0.231199000M TPS
Server 3: 0.257551000M TPS
Server 4: 0.198957000M TPS
Server 5: 0.256094000M TPS
Server 6: 0.247665000M TPS
Server 7: 0.257337000M TPS
Server 8: 0.252104000M TPS
Server 9: 0.258627000M TPS
Server 10: 0.258079000M TPS
Server 11: 0.255016000M TPS
Server 12: 0.255461000M TPS
Server 13: 0.256366000M TPS
Server 14: 0.236046000M TPS
Server 15: 0.255221000M TPS
Total tps: 3.938205000M
./ycsb -s 16 -d 0 -b 1 -i 10000000 -o 10 -t 16000000 -w 100
 # clients:    1
 # servers:    16
 Key range:    0..2^29
 Write ratio:  100
 Total #recs: 16000000 
 Iterations:   10000000
Assinging core 0 to srv 0
Assinging core 4 to srv 1
Assinging core 8 to srv 2
Assinging core 12 to srv 3
Assinging core 16 to srv 4
Assinging core 20 to srv 5
srv 1 load time 0.000
srv 1 rec count: 0 partition sz 0-KB tx count: 10000000, per_txn_op cnt: 10
Assinging core 24 to srv 6
srv 2 load time 0.000
Assinging core 28 to srv 7
srv 2 rec count: 0 partition sz 0-KB tx count: 10000000, per_txn_op cnt: 10
srv 4 load time 0.000
srv 4 rec count: 0 partition sz 0-KB tx count: 10000000, per_txn_op cnt: 10
srv 3 load time 0.000
srv 3 rec count: 0 partition sz 0-KB tx count: 10000000, per_txn_op cnt: 10
srv 6 load time 0.000
srv 6 rec count: 0 partition sz 0-KB tx count: 10000000, per_txn_op cnt: 10
srv 5 load time 0.000
srv 7 load time 0.000
srv 7 rec count: 0 partition sz 0-KB tx count: 10000000, per_txn_op cnt: 10
srv 5 rec count: 0 partition sz 0-KB tx count: 10000000, per_txn_op cnt: 10
Assinging core 32 to srv 8
Assinging core 36 to srv 9
Assinging core 40 to srv 10
Assinging core 44 to srv 11
srv 8 load time 0.000
srv 8 rec count: 0 partition sz 0-KB tx count: 10000000, per_txn_op cnt: 10
Assinging core 48 to srv 12
srv 10 load time 0.000
srv 10 rec count: 0 partition sz 0-KB tx count: 10000000, per_txn_op cnt: 10
srv 9 load time 0.000
srv 9 rec count: 0 partition sz 0-KB tx count: 10000000, per_txn_op cnt: 10
srv 11 load time 0.000
srv 11 rec count: 0 partition sz 0-KB tx count: 10000000, per_txn_op cnt: 10
Assinging core 52 to srv 13
Assinging core 56 to srv 14
Assinging core 60 to srv 15
srv 12 load time 0.000
srv 12 rec count: 0 partition sz 0-KB tx count: 10000000, per_txn_op cnt: 10
srv 13 load time 0.000
srv 13 rec count: 0 partition sz 0-KB tx count: 10000000, per_txn_op cnt: 10
srv 14 load time 0.000
srv 14 rec count: 0 partition sz 0-KB tx count: 10000000, per_txn_op cnt: 10
srv 15 load time 0.000
srv 15 rec count: 0 partition sz 0-KB tx count: 10000000, per_txn_op cnt: 10
srv 0 load time 1.770
srv 0 rec count: 16000000 partition sz 2125000-KB tx count: 10000000, per_txn_op cnt: 10
srv 0 starting txns
srv 14 starting txns
srv 15 starting txns
srv 7 starting txns
srv 8 starting txns
srv 9 starting txns
srv 3 starting txns
srv 11 starting txns
srv 4 starting txns
srv 10 starting txns
srv 6 starting txns
srv 1 starting txns
srv 2 starting txns
srv 12 starting txns
srv 13 starting txns
srv 5 starting txns
srv 9 query time 38.794
srv 10 query time 38.883
srv 3 query time 38.927
srv 7 query time 38.958
srv 13 query time 39.122
srv 12 query time 39.240
srv 5 query time 39.239
srv 0 query time 39.255
srv 15 query time 39.281
srv 11 query time 39.330
srv 8 query time 39.555
srv 6 query time 40.264
srv 14 query time 42.499
srv 2 query time 43.394
srv 1 query time 48.400
srv 4 query time 50.348
srv 4 quitting 
srv 1 quitting 
srv 10 quitting 
srv 15 quitting 
srv 0 quitting 
srv 5 quitting 
srv 7 quitting 
srv 2 quitting 
srv 14 quitting 
srv 9 quitting 
srv 13 quitting 
srv 11 quitting 
srv 8 quitting 
srv 12 quitting 
srv 6 quitting 
srv 3 quitting 
srv 0 commits 10000000
srv 1 commits 10000000
srv 2 commits 10000000
srv 3 commits 10000000
srv 4 commits 10000000
srv 5 commits 10000000
srv 6 commits 10000000
srv 7 commits 10000000
srv 8 commits 10000000
srv 9 commits 10000000
srv 10 commits 10000000
srv 11 commits 10000000
srv 12 commits 10000000
srv 13 commits 10000000
srv 14 commits 10000000
srv 15 commits 10000000
total commits 160000000
== results ==
Server 0: 0.254746000M TPS
Server 1: 0.206611000M TPS
Server 2: 0.230445000M TPS
Server 3: 0.256891000M TPS
Server 4: 0.198615000M TPS
Server 5: 0.254846000M TPS
Server 6: 0.248359000M TPS
Server 7: 0.256687000M TPS
Server 8: 0.252815000M TPS
Server 9: 0.257771000M TPS
Server 10: 0.257180000M TPS
Server 11: 0.254257000M TPS
Server 12: 0.254841000M TPS
Server 13: 0.255607000M TPS
Server 14: 0.235299000M TPS
Server 15: 0.254573000M TPS
Total tps: 3.929543000M
./ycsb -s 16 -d 0 -b 1 -i 10000000 -o 10 -t 16000000 -w 100
 # clients:    1
 # servers:    16
 Key range:    0..2^29
 Write ratio:  100
 Total #recs: 16000000 
 Iterations:   10000000
Assinging core 0 to srv 0
Assinging core 4 to srv 1
Assinging core 8 to srv 2
Assinging core 12 to srv 3
Assinging core 16 to srv 4
Assinging core 20 to srv 5
srv 1 load time 0.000
srv 5 load time 0.000
Assinging core 24 to srv 6
srv 3 load time 0.000
srv 3 rec count: 0 partition sz 0-KB tx count: 10000000, per_txn_op cnt: 10
srv 4 load time 0.000
srv 4 rec count: 0 partition sz 0-KB tx count: 10000000, per_txn_op cnt: 10
srv 1 rec count: 0 partition sz 0-KB tx count: 10000000, per_txn_op cnt: 10
srv 5 rec count: 0 partition sz 0-KB tx count: 10000000, per_txn_op cnt: 10
srv 2 load time 0.000
srv 2 rec count: 0 partition sz 0-KB tx count: 10000000, per_txn_op cnt: 10
Assinging core 28 to srv 7
Assinging core 32 to srv 8
Assinging core 36 to srv 9
srv 6 load time 0.000
srv 6 rec count: 0 partition sz 0-KB tx count: 10000000, per_txn_op cnt: 10
srv 8 load time 0.000
srv 8 rec count: 0 partition sz 0-KB tx count: 10000000, per_txn_op cnt: 10
srv 7 load time 0.000
srv 7 rec count: 0 partition sz 0-KB tx count: 10000000, per_txn_op cnt: 10
Assinging core 40 to srv 10
Assinging core 44 to srv 11
srv 9 load time 0.000
srv 9 rec count: 0 partition sz 0-KB tx count: 10000000, per_txn_op cnt: 10
Assinging core 48 to srv 12
srv 10 load time 0.000
srv 10 rec count: 0 partition sz 0-KB tx count: 10000000, per_txn_op cnt: 10
srv 11 load time 0.000
srv 11 rec count: 0 partition sz 0-KB tx count: 10000000, per_txn_op cnt: 10
Assinging core 52 to srv 13
srv 12 load time 0.000
srv 12 rec count: 0 partition sz 0-KB tx count: 10000000, per_txn_op cnt: 10
Assinging core 56 to srv 14
Assinging core 60 to srv 15
srv 13 load time 0.000
srv 13 rec count: 0 partition sz 0-KB tx count: 10000000, per_txn_op cnt: 10
srv 14 load time 0.000
srv 14 rec count: 0 partition sz 0-KB tx count: 10000000, per_txn_op cnt: 10
srv 15 load time 0.000
srv 15 rec count: 0 partition sz 0-KB tx count: 10000000, per_txn_op cnt: 10
srv 0 load time 1.848
srv 0 rec count: 16000000 partition sz 2125000-KB tx count: 10000000, per_txn_op cnt: 10
srv 0 starting txns
srv 15 starting txns
srv 7 starting txns
srv 10 starting txns
srv 9 starting txns
srv 11 starting txns
srv 2 starting txns
srv 8 starting txns
srv 12 starting txns
srv 13 starting txns
srv 14 starting txns
srv 1 starting txns
srv 4 starting txns
srv 5 starting txns
srv 3 starting txns
srv 6 starting txns
srv 9 query time 38.706
srv 10 query time 38.819
srv 7 query time 38.829
srv 3 query time 38.867
srv 13 query time 39.035
srv 5 query time 39.092
srv 12 query time 39.171
srv 15 query time 39.216
srv 0 query time 39.225
srv 11 query time 39.241
srv 8 query time 39.992
srv 6 query time 40.702
srv 14 query time 42.392
srv 2 query time 43.282
srv 1 query time 48.275
srv 4 query time 50.219
srv 4 quitting 
srv 10 quitting 
srv 13 quitting 
srv 5 quitting 
srv 8 quitting 
srv 15 quitting 
srv 9 quitting 
srv 3 quitting 
srv 0 quitting 
srv 11 quitting 
srv 2 quitting 
srv 1 quitting 
srv 7 quitting 
srv 6 quitting 
srv 12 quitting 
srv 14 quitting 
srv 0 commits 10000000
srv 1 commits 10000000
srv 2 commits 10000000
srv 3 commits 10000000
srv 4 commits 10000000
srv 5 commits 10000000
srv 6 commits 10000000
srv 7 commits 10000000
srv 8 commits 10000000
srv 9 commits 10000000
srv 10 commits 10000000
srv 11 commits 10000000
srv 12 commits 10000000
srv 13 commits 10000000
srv 14 commits 10000000
srv 15 commits 10000000
total commits 160000000
== results ==
Server 0: 0.254941000M TPS
Server 1: 0.207145000M TPS
Server 2: 0.231041000M TPS
Server 3: 0.257290000M TPS
Server 4: 0.199126000M TPS
Server 5: 0.255804000M TPS
Server 6: 0.245689000M TPS
Server 7: 0.257540000M TPS
Server 8: 0.250049000M TPS
Server 9: 0.258360000M TPS
Server 10: 0.257604000M TPS
Server 11: 0.254834000M TPS
Server 12: 0.255288000M TPS
Server 13: 0.256183000M TPS
Server 14: 0.235894000M TPS
Server 15: 0.255000000M TPS
Total tps: 3.931788000M
./ycsb -s 32 -d 0 -b 1 -i 10000000 -o 10 -t 32000000 -w 100
 # clients:    1
 # servers:    32
 Key range:    0..2^29
 Write ratio:  100
 Total #recs: 32000000 
 Iterations:   10000000
Assinging core 0 to srv 0
Assinging core 4 to srv 1
Assinging core 8 to srv 2
Assinging core 12 to srv 3
Assinging core 16 to srv 4
srv 1 load time 0.000
srv 3 load time 0.000
srv 2 load time 0.000
srv 2 rec count: 0 partition sz 0-KB tx count: 10000000, per_txn_op cnt: 10
srv 3 rec count: 0 partition sz 0-KB tx count: 10000000, per_txn_op cnt: 10
srv 1 rec count: 0 partition sz 0-KB tx count: 10000000, per_txn_op cnt: 10
Assinging core 20 to srv 5
srv 4 load time 0.000
srv 4 rec count: 0 partition sz 0-KB tx count: 10000000, per_txn_op cnt: 10
Assinging core 24 to srv 6
Assinging core 28 to srv 7
srv 5 load time 0.000
srv 5 rec count: 0 partition sz 0-KB tx count: 10000000, per_txn_op cnt: 10
Assinging core 32 to srv 8
srv 6 load time 0.000
srv 6 rec count: 0 partition sz 0-KB tx count: 10000000, per_txn_op cnt: 10
Assinging core 36 to srv 9
srv 7 load time 0.000
srv 7 rec count: 0 partition sz 0-KB tx count: 10000000, per_txn_op cnt: 10
srv 8 load time 0.000
srv 8 rec count: 0 partition sz 0-KB tx count: 10000000, per_txn_op cnt: 10
Assinging core 40 to srv 10
Assinging core 44 to srv 11
Assinging core 48 to srv 12
Assinging core 52 to srv 13
Assinging core 56 to srv 14
srv 9 load time 0.000
srv 9 rec count: 0 partition sz 0-KB tx count: 10000000, per_txn_op cnt: 10
Assinging core 60 to srv 15
srv 12 load time 0.000
srv 12 rec count: 0 partition sz 0-KB tx count: 10000000, per_txn_op cnt: 10
Assinging core 64 to srv 16
srv 11 load time 0.000
srv 11 rec count: 0 partition sz 0-KB tx count: 10000000, per_txn_op cnt: 10
srv 10 load time 0.000
srv 10 rec count: 0 partition sz 0-KB tx count: 10000000, per_txn_op cnt: 10
srv 13 load time 0.000
srv 14 load time 0.000
srv 13 rec count: 0 partition sz 0-KB tx count: 10000000, per_txn_op cnt: 10
srv 14 rec count: 0 partition sz 0-KB tx count: 10000000, per_txn_op cnt: 10
Assinging core 68 to srv 17
srv 15 load time 0.000
srv 15 rec count: 0 partition sz 0-KB tx count: 10000000, per_txn_op cnt: 10
Assinging core 1 to srv 18
srv 16 load time 0.000
srv 16 rec count: 0 partition sz 0-KB tx count: 10000000, per_txn_op cnt: 10
srv 17 load time 0.000
srv 17 rec count: 0 partition sz 0-KB tx count: 10000000, per_txn_op cnt: 10
Assinging core 5 to srv 19
Assinging core 9 to srv 20
Assinging core 13 to srv 21
Assinging core 17 to srv 22
Assinging core 21 to srv 23
srv 18 load time 0.000
srv 18 rec count: 0 partition sz 0-KB tx count: 10000000, per_txn_op cnt: 10
Assinging core 25 to srv 24
srv 19 load time 0.000
srv 20 load time 0.000
srv 22 load time 0.000
srv 19 rec count: 0 partition sz 0-KB tx count: 10000000, per_txn_op cnt: 10
srv 22 rec count: 0 partition sz 0-KB tx count: 10000000, per_txn_op cnt: 10
srv 20 rec count: 0 partition sz 0-KB tx count: 10000000, per_txn_op cnt: 10
Assinging core 29 to srv 25
srv 23 load time 0.000
srv 21 load time 0.000
Assinging core 33 to srv 26
srv 21 rec count: 0 partition sz 0-KB tx count: 10000000, per_txn_op cnt: 10
srv 23 rec count: 0 partition sz 0-KB tx count: 10000000, per_txn_op cnt: 10
srv 24 load time 0.000
srv 24 rec count: 0 partition sz 0-KB tx count: 10000000, per_txn_op cnt: 10
srv 25 load time 0.000
srv 25 rec count: 0 partition sz 0-KB tx count: 10000000, per_txn_op cnt: 10
Assinging core 37 to srv 27
Assinging core 41 to srv 28
Assinging core 45 to srv 29
Assinging core 49 to srv 30
srv 27 load time 0.000
srv 27 rec count: 0 partition sz 0-KB tx count: 10000000, per_txn_op cnt: 10
Assinging core 53 to srv 31
srv 26 load time 0.000
srv 26 rec count: 0 partition sz 0-KB tx count: 10000000, per_txn_op cnt: 10
srv 30 load time 0.000
srv 30 rec count: 0 partition sz 0-KB tx count: 10000000, per_txn_op cnt: 10
srv 29 load time 0.000
srv 29 rec count: 0 partition sz 0-KB tx count: 10000000, per_txn_op cnt: 10
srv 28 load time 0.000
srv 28 rec count: 0 partition sz 0-KB tx count: 10000000, per_txn_op cnt: 10
srv 31 load time 0.000
srv 31 rec count: 0 partition sz 0-KB tx count: 10000000, per_txn_op cnt: 10
srv 0 load time 3.747
srv 0 rec count: 32000000 partition sz 4250000-KB tx count: 10000000, per_txn_op cnt: 10
srv 0 starting txns
srv 31 starting txns
srv 30 starting txns
srv 22 starting txns
srv 23 starting txns
srv 24 starting txns
srv 28 starting txns
srv 27 starting txns
srv 29 starting txns
srv 11 starting txns
srv 3 starting txns
srv 7 starting txns
srv 21 starting txns
srv 13 starting txns
srv 17 starting txns
srv 16 starting txns
srv 1 starting txns
srv 6 starting txns
srv 20 starting txns
srv 18 starting txns
srv 26 starting txns
srv 5 starting txns
srv 14 starting txns
srv 2 starting txns
srv 25 starting txns
srv 19 starting txns
srv 12 starting txns
srv 4 starting txns
srv 15 starting txns
srv 10 starting txns
srv 9 starting txns
srv 8 starting txns
srv 10 query time 47.757
srv 8 query time 48.157
srv 9 query time 48.167
srv 0 query time 48.237
srv 13 query time 48.292
srv 16 query time 48.331
srv 15 query time 48.580
srv 6 query time 48.834
srv 12 query time 49.301
srv 14 query time 49.479
srv 5 query time 50.575
srv 2 query time 50.579
srv 3 query time 50.853
srv 11 query time 51.239
srv 17 query time 51.277
srv 19 query time 51.662
srv 22 query time 51.818
srv 26 query time 51.884
srv 18 query time 51.886
srv 20 query time 51.963
srv 24 query time 52.096
srv 25 query time 52.174
srv 7 query time 52.199
srv 21 query time 52.196
srv 23 query time 52.386
srv 31 query time 52.403
srv 30 query time 52.416
srv 27 query time 54.195
srv 28 query time 56.389
srv 1 query time 56.449
srv 29 query time 56.512
srv 4 query time 59.006
srv 4 quitting 
srv 1 quitting 
srv 26 quitting 
srv 12 quitting 
srv 20 quitting 
srv 6 quitting 
srv 15 quitting 
srv 25 quitting 
srv 13 quitting 
srv 27 quitting 
srv 0 quitting 
srv 2 quitting 
srv 11 quitting 
srv 28 quitting 
srv 14 quitting 
srv 17 quitting 
srv 24 quitting 
srv 5 quitting 
srv 7 quitting 
srv 19 quitting 
srv 31 quitting 
srv 9 quitting 
srv 30 quitting 
srv 23 quitting 
srv 8 quitting 
srv 21 quitting 
srv 29 quitting 
srv 18 quitting 
srv 3 quitting 
srv 10 quitting 
srv 16 quitting 
srv 22 quitting 
srv 0 commits 10000000
srv 1 commits 10000000
srv 2 commits 10000000
srv 3 commits 10000000
srv 4 commits 10000000
srv 5 commits 10000000
srv 6 commits 10000000
srv 7 commits 10000000
srv 8 commits 10000000
srv 9 commits 10000000
srv 10 commits 10000000
srv 11 commits 10000000
srv 12 commits 10000000
srv 13 commits 10000000
srv 14 commits 10000000
srv 15 commits 10000000
srv 16 commits 10000000
srv 17 commits 10000000
srv 18 commits 10000000
srv 19 commits 10000000
srv 20 commits 10000000
srv 21 commits 10000000
srv 22 commits 10000000
srv 23 commits 10000000
srv 24 commits 10000000
srv 25 commits 10000000
srv 26 commits 10000000
srv 27 commits 10000000
srv 28 commits 10000000
srv 29 commits 10000000
srv 30 commits 10000000
srv 31 commits 10000000
total commits 320000000
== results ==
Server 0: 0.207309000M TPS
Server 1: 0.177149000M TPS
Server 2: 0.197708000M TPS
Server 3: 0.196644000M TPS
Server 4: 0.169475000M TPS
Server 5: 0.197724000M TPS
Server 6: 0.204773000M TPS
Server 7: 0.191574000M TPS
Server 8: 0.207654000M TPS
Server 9: 0.207608000M TPS
Server 10: 0.209394000M TPS
Server 11: 0.195162000M TPS
Server 12: 0.202835000M TPS
Server 13: 0.207073000M TPS
Server 14: 0.202103000M TPS
Server 15: 0.205845000M TPS
Server 16: 0.206907000M TPS
Server 17: 0.195018000M TPS
Server 18: 0.192730000M TPS
Server 19: 0.193566000M TPS
Server 20: 0.192443000M TPS
Server 21: 0.191583000M TPS
Server 22: 0.192984000M TPS
Server 23: 0.190890000M TPS
Server 24: 0.191955000M TPS
Server 25: 0.191667000M TPS
Server 26: 0.192735000M TPS
Server 27: 0.184520000M TPS
Server 28: 0.177339000M TPS
Server 29: 0.176952000M TPS
Server 30: 0.190783000M TPS
Server 31: 0.190830000M TPS
Total tps: 6.232932000M
./ycsb -s 32 -d 0 -b 1 -i 10000000 -o 10 -t 32000000 -w 100
 # clients:    1
 # servers:    32
 Key range:    0..2^29
 Write ratio:  100
 Total #recs: 32000000 
 Iterations:   10000000
Assinging core 0 to srv 0
Assinging core 4 to srv 1
Assinging core 8 to srv 2
Assinging core 12 to srv 3
Assinging core 16 to srv 4
Assinging core 20 to srv 5
Assinging core 24 to srv 6
srv 1 load time 0.000
srv 1 rec count: 0 partition sz 0-KB tx count: 10000000, per_txn_op cnt: 10
srv 3 load time 0.000
srv 3 rec count: 0 partition sz 0-KB tx count: 10000000, per_txn_op cnt: 10
srv 4 load time 0.000
srv 4 rec count: 0 partition sz 0-KB tx count: 10000000, per_txn_op cnt: 10
srv 2 load time 0.000
srv 2 rec count: 0 partition sz 0-KB tx count: 10000000, per_txn_op cnt: 10
srv 5 load time 0.000
srv 5 rec count: 0 partition sz 0-KB tx count: 10000000, per_txn_op cnt: 10
Assinging core 28 to srv 7
srv 6 load time 0.000
srv 6 rec count: 0 partition sz 0-KB tx count: 10000000, per_txn_op cnt: 10
Assinging core 32 to srv 8
Assinging core 36 to srv 9
Assinging core 40 to srv 10
Assinging core 44 to srv 11
Assinging core 48 to srv 12
srv 7 load time 0.000
srv 7 rec count: 0 partition sz 0-KB tx count: 10000000, per_txn_op cnt: 10
srv 10 load time 0.000
srv 10 rec count: 0 partition sz 0-KB tx count: 10000000, per_txn_op cnt: 10
srv 9 load time 0.000
Assinging core 52 to srv 13
srv 9 rec count: 0 partition sz 0-KB tx count: 10000000, per_txn_op cnt: 10
srv 8 load time 0.000
srv 8 rec count: 0 partition sz 0-KB tx count: 10000000, per_txn_op cnt: 10
srv 11 load time 0.000
srv 11 rec count: 0 partition sz 0-KB tx count: 10000000, per_txn_op cnt: 10
srv 12 load time 0.000
srv 12 rec count: 0 partition sz 0-KB tx count: 10000000, per_txn_op cnt: 10
Assinging core 56 to srv 14
Assinging core 60 to srv 15
Assinging core 64 to srv 16
srv 13 load time 0.000
srv 13 rec count: 0 partition sz 0-KB tx count: 10000000, per_txn_op cnt: 10
Assinging core 68 to srv 17
srv 15 load time 0.000
srv 15 rec count: 0 partition sz 0-KB tx count: 10000000, per_txn_op cnt: 10
srv 14 load time 0.000
srv 14 rec count: 0 partition sz 0-KB tx count: 10000000, per_txn_op cnt: 10
srv 16 load time 0.000
srv 16 rec count: 0 partition sz 0-KB tx count: 10000000, per_txn_op cnt: 10
Assinging core 1 to srv 18
Assinging core 5 to srv 19
Assinging core 9 to srv 20
srv 17 load time 0.000
srv 17 rec count: 0 partition sz 0-KB tx count: 10000000, per_txn_op cnt: 10
Assinging core 13 to srv 21
srv 19 load time 0.000
srv 19 rec count: 0 partition sz 0-KB tx count: 10000000, per_txn_op cnt: 10
srv 18 load time 0.000
srv 18 rec count: 0 partition sz 0-KB tx count: 10000000, per_txn_op cnt: 10
srv 20 load time 0.000
srv 20 rec count: 0 partition sz 0-KB tx count: 10000000, per_txn_op cnt: 10
Assinging core 17 to srv 22
Assinging core 21 to srv 23
Assinging core 25 to srv 24
srv 21 load time 0.000
srv 22 load time 0.000
srv 22 rec count: 0 partition sz 0-KB tx count: 10000000, per_txn_op cnt: 10
srv 21 rec count: 0 partition sz 0-KB tx count: 10000000, per_txn_op cnt: 10
Assinging core 29 to srv 25
srv 24 load time 0.000
srv 24 rec count: 0 partition sz 0-KB tx count: 10000000, per_txn_op cnt: 10
srv 23 load time 0.000
srv 23 rec count: 0 partition sz 0-KB tx count: 10000000, per_txn_op cnt: 10
Assinging core 33 to srv 26
srv 25 load time 0.000
srv 25 rec count: 0 partition sz 0-KB tx count: 10000000, per_txn_op cnt: 10
Assinging core 37 to srv 27
Assinging core 41 to srv 28
Assinging core 45 to srv 29
Assinging core 49 to srv 30
srv 26 load time 0.000
srv 26 rec count: 0 partition sz 0-KB tx count: 10000000, per_txn_op cnt: 10
Assinging core 53 to srv 31
srv 27 load time 0.000
srv 27 rec count: 0 partition sz 0-KB tx count: 10000000, per_txn_op cnt: 10
srv 29 load time 0.000
srv 29 rec count: 0 partition sz 0-KB tx count: 10000000, per_txn_op cnt: 10
srv 28 load time 0.000
srv 28 rec count: 0 partition sz 0-KB tx count: 10000000, per_txn_op cnt: 10
srv 30 load time 0.000
srv 30 rec count: 0 partition sz 0-KB tx count: 10000000, per_txn_op cnt: 10
srv 31 load time 0.000
srv 31 rec count: 0 partition sz 0-KB tx count: 10000000, per_txn_op cnt: 10
srv 0 load time 3.777
srv 0 rec count: 32000000 partition sz 4250000-KB tx count: 10000000, per_txn_op cnt: 10
srv 0 starting txns
srv 19 starting txns
srv 23 starting txns
srv 25 starting txns
srv 27 starting txns
srv 24 starting txns
srv 20 starting txns
srv 31 starting txns
srv 21 starting txns
srv 18 starting txns
srv 28 starting txns
srv 29 starting txns
srv 22 starting txns
srv 26 starting txns
srv 30 starting txns
srv 13 starting txns
srv 15 starting txns
srv 17 starting txns
srv 14 starting txns
srv 11 starting txns
srv 3 starting txns
srv 8 starting txns
srv 12 starting txns
srv 1 starting txns
srv 10 starting txns
srv 5 starting txns
srv 9 starting txns
srv 7 starting txns
srv 16 starting txns
srv 4 starting txns
srv 2 starting txns
srv 6 starting txns
srv 10 query time 47.693
srv 8 query time 47.807
srv 0 query time 47.994
srv 13 query time 48.041
srv 16 query time 48.089
srv 9 query time 48.111
srv 15 query time 48.116
srv 12 query time 48.432
srv 6 query time 48.712
srv 3 query time 49.684
srv 5 query time 49.711
srv 27 query time 50.223
srv 17 query time 51.327
srv 7 query time 51.333
srv 11 query time 51.476
srv 19 query time 51.723
srv 26 query time 52.126
srv 22 query time 52.136
srv 24 query time 52.361
srv 18 query time 52.430
srv 21 query time 52.459
srv 28 query time 52.469
srv 23 query time 52.541
srv 29 query time 52.589
srv 14 query time 52.669
srv 31 query time 52.800
srv 20 query time 52.818
srv 30 query time 52.833
srv 25 query time 53.030
srv 2 query time 53.459
srv 1 query time 56.329
srv 4 query time 58.842
srv 4 quitting 
srv 1 quitting 
srv 22 quitting 
srv 19 quitting 
srv 16 quitting 
srv 15 quitting 
srv 31 quitting 
srv 6 quitting 
srv 29 quitting 
srv 10 quitting 
srv 26 quitting 
srv 13 quitting 
srv 5 quitting 
srv 28 quitting 
srv 0 quitting 
srv 27 quitting 
srv 9 quitting 
srv 30 quitting 
srv 7 quitting 
srv 12 quitting 
srv 20 quitting 
srv 14 quitting 
srv 8 quitting 
srv 24 quitting 
srv 21 quitting 
srv 3 quitting 
srv 17 quitting 
srv 2 quitting 
srv 25 quitting 
srv 11 quitting 
srv 23 quitting 
srv 18 quitting 
srv 0 commits 10000000
srv 1 commits 10000000
srv 2 commits 10000000
srv 3 commits 10000000
srv 4 commits 10000000
srv 5 commits 10000000
srv 6 commits 10000000
srv 7 commits 10000000
srv 8 commits 10000000
srv 9 commits 10000000
srv 10 commits 10000000
srv 11 commits 10000000
srv 12 commits 10000000
srv 13 commits 10000000
srv 14 commits 10000000
srv 15 commits 10000000
srv 16 commits 10000000
srv 17 commits 10000000
srv 18 commits 10000000
srv 19 commits 10000000
srv 20 commits 10000000
srv 21 commits 10000000
srv 22 commits 10000000
srv 23 commits 10000000
srv 24 commits 10000000
srv 25 commits 10000000
srv 26 commits 10000000
srv 27 commits 10000000
srv 28 commits 10000000
srv 29 commits 10000000
srv 30 commits 10000000
srv 31 commits 10000000
total commits 320000000
== results ==
Server 0: 0.208357000M TPS
Server 1: 0.177528000M TPS
Server 2: 0.187057000M TPS
Server 3: 0.201271000M TPS
Server 4: 0.169947000M TPS
Server 5: 0.201164000M TPS
Server 6: 0.205288000M TPS
Server 7: 0.194806000M TPS
Server 8: 0.209175000M TPS
Server 9: 0.207852000M TPS
Server 10: 0.209675000M TPS
Server 11: 0.194263000M TPS
Server 12: 0.206473000M TPS
Server 13: 0.208157000M TPS
Server 14: 0.189865000M TPS
Server 15: 0.207829000M TPS
Server 16: 0.207947000M TPS
Server 17: 0.194829000M TPS
Server 18: 0.190731000M TPS
Server 19: 0.193338000M TPS
Server 20: 0.189328000M TPS
Server 21: 0.190625000M TPS
Server 22: 0.191807000M TPS
Server 23: 0.190326000M TPS
Server 24: 0.190980000M TPS
Server 25: 0.188572000M TPS
Server 26: 0.191844000M TPS
Server 27: 0.199111000M TPS
Server 28: 0.190588000M TPS
Server 29: 0.190154000M TPS
Server 30: 0.189276000M TPS
Server 31: 0.189392000M TPS
Total tps: 6.257555000M
./ycsb -s 32 -d 0 -b 1 -i 10000000 -o 10 -t 32000000 -w 100
 # clients:    1
 # servers:    32
 Key range:    0..2^29
 Write ratio:  100
 Total #recs: 32000000 
 Iterations:   10000000
Assinging core 0 to srv 0
Assinging core 4 to srv 1
Assinging core 8 to srv 2
Assinging core 12 to srv 3
Assinging core 16 to srv 4
Assinging core 20 to srv 5
srv 2 load time 0.000
srv 2 rec count: 0 partition sz 0-KB tx count: 10000000, per_txn_op cnt: 10
Assinging core 24 to srv 6
srv 1 load time 0.000
srv 1 rec count: 0 partition sz 0-KB tx count: 10000000, per_txn_op cnt: 10
srv 3 load time 0.000
Assinging core 28 to srv 7
srv 5 load time 0.000
srv 5 rec count: 0 partition sz 0-KB tx count: 10000000, per_txn_op cnt: 10
srv 4 load time 0.000
srv 6 load time 0.000
srv 6 rec count: 0 partition sz 0-KB tx count: 10000000, per_txn_op cnt: 10
srv 4 rec count: 0 partition sz 0-KB tx count: 10000000, per_txn_op cnt: 10
srv 3 rec count: 0 partition sz 0-KB tx count: 10000000, per_txn_op cnt: 10
Assinging core 32 to srv 8
Assinging core 36 to srv 9
Assinging core 40 to srv 10
srv 7 load time 0.000
srv 7 rec count: 0 partition sz 0-KB tx count: 10000000, per_txn_op cnt: 10
Assinging core 44 to srv 11
srv 8 load time 0.000
srv 8 rec count: 0 partition sz 0-KB tx count: 10000000, per_txn_op cnt: 10
srv 9 load time 0.000
srv 9 rec count: 0 partition sz 0-KB tx count: 10000000, per_txn_op cnt: 10
srv 10 load time 0.000
srv 10 rec count: 0 partition sz 0-KB tx count: 10000000, per_txn_op cnt: 10
Assinging core 48 to srv 12
Assinging core 52 to srv 13
Assinging core 56 to srv 14
srv 11 load time 0.000
srv 11 rec count: 0 partition sz 0-KB tx count: 10000000, per_txn_op cnt: 10
Assinging core 60 to srv 15
srv 13 load time 0.000
srv 13 rec count: 0 partition sz 0-KB tx count: 10000000, per_txn_op cnt: 10
srv 12 load time 0.000
srv 12 rec count: 0 partition sz 0-KB tx count: 10000000, per_txn_op cnt: 10
srv 14 load time 0.000
srv 14 rec count: 0 partition sz 0-KB tx count: 10000000, per_txn_op cnt: 10
Assinging core 64 to srv 16
Assinging core 68 to srv 17
Assinging core 1 to srv 18
Assinging core 5 to srv 19
srv 15 load time 0.000
srv 15 rec count: 0 partition sz 0-KB tx count: 10000000, per_txn_op cnt: 10
Assinging core 9 to srv 20
srv 16 load time 0.000
srv 16 rec count: 0 partition sz 0-KB tx count: 10000000, per_txn_op cnt: 10
Assinging core 13 to srv 21
srv 19 load time 0.000
srv 19 rec count: 0 partition sz 0-KB tx count: 10000000, per_txn_op cnt: 10
srv 17 load time 0.000
srv 17 rec count: 0 partition sz 0-KB tx count: 10000000, per_txn_op cnt: 10
srv 18 load time 0.000
srv 18 rec count: 0 partition sz 0-KB tx count: 10000000, per_txn_op cnt: 10
srv 20 load time 0.000
srv 20 rec count: 0 partition sz 0-KB tx count: 10000000, per_txn_op cnt: 10
Assinging core 17 to srv 22
Assinging core 21 to srv 23
Assinging core 25 to srv 24
srv 21 load time 0.000
srv 21 rec count: 0 partition sz 0-KB tx count: 10000000, per_txn_op cnt: 10
Assinging core 29 to srv 25
srv 23 load time 0.000
srv 23 rec count: 0 partition sz 0-KB tx count: 10000000, per_txn_op cnt: 10
srv 22 load time 0.000
srv 22 rec count: 0 partition sz 0-KB tx count: 10000000, per_txn_op cnt: 10
Assinging core 33 to srv 26
Assinging core 37 to srv 27
srv 25 load time 0.000
srv 25 rec count: 0 partition sz 0-KB tx count: 10000000, per_txn_op cnt: 10
Assinging core 41 to srv 28
srv 24 load time 0.000
srv 24 rec count: 0 partition sz 0-KB tx count: 10000000, per_txn_op cnt: 10
srv 26 load time 0.000
srv 26 rec count: 0 partition sz 0-KB tx count: 10000000, per_txn_op cnt: 10
srv 27 load time 0.000
srv 27 rec count: 0 partition sz 0-KB tx count: 10000000, per_txn_op cnt: 10
Assinging core 45 to srv 29
Assinging core 49 to srv 30
Assinging core 53 to srv 31
srv 28 load time 0.000
srv 28 rec count: 0 partition sz 0-KB tx count: 10000000, per_txn_op cnt: 10
srv 30 load time 0.000
srv 30 rec count: 0 partition sz 0-KB tx count: 10000000, per_txn_op cnt: 10
srv 29 load time 0.000
srv 29 rec count: 0 partition sz 0-KB tx count: 10000000, per_txn_op cnt: 10
srv 31 load time 0.000
srv 31 rec count: 0 partition sz 0-KB tx count: 10000000, per_txn_op cnt: 10
srv 0 load time 3.725
srv 0 rec count: 32000000 partition sz 4250000-KB tx count: 10000000, per_txn_op cnt: 10
srv 0 starting txns
srv 22 starting txns
srv 18 starting txns
srv 21 starting txns
srv 25 starting txns
srv 27 starting txns
srv 28 starting txns
srv 24 starting txns
srv 23 starting txns
srv 19 starting txns
srv 30 starting txns
srv 31 starting txns
srv 26 starting txns
srv 29 starting txns
srv 20 starting txns
srv 3 starting txns
srv 4 starting txns
srv 1 starting txns
srv 13 starting txns
srv 15 starting txns
srv 10 starting txns
srv 7 starting txns
srv 2 starting txns
srv 14 starting txns
srv 17 starting txns
srv 8 starting txns
srv 11 starting txns
srv 16 starting txns
srv 12 starting txns
srv 9 starting txns
srv 6 starting txns
srv 5 starting txns
srv 10 query time 48.358
srv 9 query time 48.436
srv 13 query time 48.586
srv 15 query time 48.757
srv 16 query time 48.807
srv 0 query time 48.925
srv 8 query time 49.096
srv 12 query time 49.570
srv 6 query time 50.024
srv 11 query time 50.047
srv 24 query time 50.166
srv 17 query time 50.166
srv 27 query time 50.319
srv 19 query time 50.551
srv 26 query time 50.691
srv 14 query time 50.811
srv 5 query time 50.832
srv 3 query time 51.232
srv 21 query time 51.375
srv 29 query time 51.504
srv 28 query time 51.508
srv 22 query time 51.522
srv 30 query time 51.565
srv 31 query time 51.702
srv 23 query time 51.763
srv 2 query time 51.898
srv 18 query time 51.970
srv 20 query time 51.981
srv 25 query time 52.193
srv 7 query time 52.446
srv 1 query time 57.796
srv 4 query time 60.324
srv 4 quitting 
srv 1 quitting 
srv 21 quitting 
srv 27 quitting 
srv 7 quitting 
srv 9 quitting 
srv 5 quitting 
srv 19 quitting 
srv 26 quitting 
srv 8 quitting 
srv 28 quitting 
srv 11 quitting 
srv 20 quitting 
srv 16 quitting 
srv 22 quitting 
srv 31 quitting 
srv 0 quitting 
srv 6 quitting 
srv 18 quitting 
srv 23 quitting 
srv 12 quitting 
srv 13 quitting 
srv 15 quitting 
srv 25 quitting 
srv 29 quitting 
srv 2 quitting 
srv 24 quitting 
srv 30 quitting 
srv 3 quitting 
srv 14 quitting 
srv 10 quitting 
srv 17 quitting 
srv 0 commits 10000000
srv 1 commits 10000000
srv 2 commits 10000000
srv 3 commits 10000000
srv 4 commits 10000000
srv 5 commits 10000000
srv 6 commits 10000000
srv 7 commits 10000000
srv 8 commits 10000000
srv 9 commits 10000000
srv 10 commits 10000000
srv 11 commits 10000000
srv 12 commits 10000000
srv 13 commits 10000000
srv 14 commits 10000000
srv 15 commits 10000000
srv 16 commits 10000000
srv 17 commits 10000000
srv 18 commits 10000000
srv 19 commits 10000000
srv 20 commits 10000000
srv 21 commits 10000000
srv 22 commits 10000000
srv 23 commits 10000000
srv 24 commits 10000000
srv 25 commits 10000000
srv 26 commits 10000000
srv 27 commits 10000000
srv 28 commits 10000000
srv 29 commits 10000000
srv 30 commits 10000000
srv 31 commits 10000000
total commits 320000000
== results ==
Server 0: 0.204394000M TPS
Server 1: 0.173022000M TPS
Server 2: 0.192686000M TPS
Server 3: 0.195189000M TPS
Server 4: 0.165771000M TPS
Server 5: 0.196725000M TPS
Server 6: 0.199904000M TPS
Server 7: 0.190673000M TPS
Server 8: 0.203681000M TPS
Server 9: 0.206457000M TPS
Server 10: 0.206789000M TPS
Server 11: 0.199810000M TPS
Server 12: 0.201732000M TPS
Server 13: 0.205821000M TPS
Server 14: 0.196806000M TPS
Server 15: 0.205099000M TPS
Server 16: 0.204889000M TPS
Server 17: 0.199338000M TPS
Server 18: 0.192419000M TPS
Server 19: 0.197819000M TPS
Server 20: 0.192379000M TPS
Server 21: 0.194648000M TPS
Server 22: 0.194092000M TPS
Server 23: 0.193186000M TPS
Server 24: 0.199337000M TPS
Server 25: 0.191595000M TPS
Server 26: 0.197273000M TPS
Server 27: 0.198731000M TPS
Server 28: 0.194144000M TPS
Server 29: 0.194159000M TPS
Server 30: 0.193930000M TPS
Server 31: 0.193416000M TPS
Total tps: 6.275914000M
./ycsb -s 64 -d 0 -b 1 -i 10000000 -o 10 -t 64000000 -w 100
 # clients:    1
 # servers:    64
 Key range:    0..2^29
 Write ratio:  100
 Total #recs: 64000000 
 Iterations:   10000000
Assinging core 0 to srv 0
Assinging core 4 to srv 1
Assinging core 8 to srv 2
Assinging core 12 to srv 3
Assinging core 16 to srv 4
srv 1 load time 0.000
srv 1 rec count: 0 partition sz 0-KB tx count: 10000000, per_txn_op cnt: 10
Assinging core 20 to srv 5
srv 3 load time 0.000
srv 3 rec count: 0 partition sz 0-KB tx count: 10000000, per_txn_op cnt: 10
Assinging core 24 to srv 6
srv 2 load time 0.000
srv 2 rec count: 0 partition sz 0-KB tx count: 10000000, per_txn_op cnt: 10
Assinging core 28 to srv 7
srv 4 load time 0.000
srv 4 rec count: 0 partition sz 0-KB tx count: 10000000, per_txn_op cnt: 10
srv 5 load time 0.000
srv 5 rec count: 0 partition sz 0-KB tx count: 10000000, per_txn_op cnt: 10
srv 6 load time 0.000
srv 6 rec count: 0 partition sz 0-KB tx count: 10000000, per_txn_op cnt: 10
Assinging core 32 to srv 8
srv 7 load time 0.000
srv 7 rec count: 0 partition sz 0-KB tx count: 10000000, per_txn_op cnt: 10
Assinging core 36 to srv 9
Assinging core 40 to srv 10
Assinging core 44 to srv 11
Assinging core 48 to srv 12
Assinging core 52 to srv 13
srv 8 load time 0.000
srv 8 rec count: 0 partition sz 0-KB tx count: 10000000, per_txn_op cnt: 10
srv 9 load time 0.000
srv 9 rec count: 0 partition sz 0-KB tx count: 10000000, per_txn_op cnt: 10
Assinging core 56 to srv 14
srv 12 load time 0.000
srv 12 rec count: 0 partition sz 0-KB tx count: 10000000, per_txn_op cnt: 10
Assinging core 60 to srv 15
srv 11 load time 0.000
srv 11 rec count: 0 partition sz 0-KB tx count: 10000000, per_txn_op cnt: 10
srv 10 load time 0.000
srv 10 rec count: 0 partition sz 0-KB tx count: 10000000, per_txn_op cnt: 10
Assinging core 64 to srv 16
srv 13 load time 0.000
srv 13 rec count: 0 partition sz 0-KB tx count: 10000000, per_txn_op cnt: 10
srv 14 load time 0.000
srv 14 rec count: 0 partition sz 0-KB tx count: 10000000, per_txn_op cnt: 10
Assinging core 68 to srv 17
srv 15 load time 0.000
srv 15 rec count: 0 partition sz 0-KB tx count: 10000000, per_txn_op cnt: 10
srv 16 load time 0.000
srv 16 rec count: 0 partition sz 0-KB tx count: 10000000, per_txn_op cnt: 10
Assinging core 1 to srv 18
Assinging core 5 to srv 19
Assinging core 9 to srv 20
Assinging core 13 to srv 21
Assinging core 17 to srv 22
Assinging core 21 to srv 23
srv 18 load time 0.000
srv 19 load time 0.000
srv 19 rec count: 0 partition sz 0-KB tx count: 10000000, per_txn_op cnt: 10
Assinging core 25 to srv 24
Assinging core 29 to srv 25
srv 18 rec count: 0 partition sz 0-KB tx count: 10000000, per_txn_op cnt: 10
srv 22 load time 0.000
srv 17 load time 0.000
Assinging core 33 to srv 26
srv 23 load time 0.000
srv 17 rec count: 0 partition sz 0-KB tx count: 10000000, per_txn_op cnt: 10
srv 22 rec count: 0 partition sz 0-KB tx count: 10000000, per_txn_op cnt: 10
srv 20 load time 0.000
srv 20 rec count: 0 partition sz 0-KB tx count: 10000000, per_txn_op cnt: 10
srv 24 load time 0.000
srv 24 rec count: 0 partition sz 0-KB tx count: 10000000, per_txn_op cnt: 10
srv 23 rec count: 0 partition sz 0-KB tx count: 10000000, per_txn_op cnt: 10
srv 25 load time 0.000
srv 25 rec count: 0 partition sz 0-KB tx count: 10000000, per_txn_op cnt: 10
srv 21 load time 0.000
srv 21 rec count: 0 partition sz 0-KB tx count: 10000000, per_txn_op cnt: 10
Assinging core 37 to srv 27
Assinging core 41 to srv 28
Assinging core 45 to srv 29
Assinging core 49 to srv 30
Assinging core 53 to srv 31
Assinging core 57 to srv 32
srv 27 load time 0.000
srv 27 rec count: 0 partition sz 0-KB tx count: 10000000, per_txn_op cnt: 10
srv 28 load time 0.000
srv 28 rec count: 0 partition sz 0-KB tx count: 10000000, per_txn_op cnt: 10
Assinging core 61 to srv 33
srv 30 load time 0.000
srv 29 load time 0.000
srv 29 rec count: 0 partition sz 0-KB tx count: 10000000, per_txn_op cnt: 10
srv 32 load time 0.000
srv 32 rec count: 0 partition sz 0-KB tx count: 10000000, per_txn_op cnt: 10
srv 30 rec count: 0 partition sz 0-KB tx count: 10000000, per_txn_op cnt: 10
srv 31 load time 0.000
srv 31 rec count: 0 partition sz 0-KB tx count: 10000000, per_txn_op cnt: 10
Assinging core 65 to srv 34
Assinging core 69 to srv 35
Assinging core 2 to srv 36
srv 33 load time 0.000
srv 33 rec count: 0 partition sz 0-KB tx count: 10000000, per_txn_op cnt: 10
Assinging core 6 to srv 37
srv 34 load time 0.000
srv 34 rec count: 0 partition sz 0-KB tx count: 10000000, per_txn_op cnt: 10
srv 36 load time 0.000
srv 36 rec count: 0 partition sz 0-KB tx count: 10000000, per_txn_op cnt: 10
srv 26 load time 0.000
srv 26 rec count: 0 partition sz 0-KB tx count: 10000000, per_txn_op cnt: 10
srv 35 load time 0.000
srv 35 rec count: 0 partition sz 0-KB tx count: 10000000, per_txn_op cnt: 10
Assinging core 10 to srv 38
srv 37 load time 0.000
srv 37 rec count: 0 partition sz 0-KB tx count: 10000000, per_txn_op cnt: 10
Assinging core 14 to srv 39
Assinging core 18 to srv 40
Assinging core 22 to srv 41
Assinging core 26 to srv 42
srv 40 load time 0.000
srv 40 rec count: 0 partition sz 0-KB tx count: 10000000, per_txn_op cnt: 10
Assinging core 30 to srv 43
srv 39 load time 0.000
srv 39 rec count: 0 partition sz 0-KB tx count: 10000000, per_txn_op cnt: 10
srv 41 load time 0.000
srv 41 rec count: 0 partition sz 0-KB tx count: 10000000, per_txn_op cnt: 10
Assinging core 34 to srv 44
srv 38 load time 0.000
srv 38 rec count: 0 partition sz 0-KB tx count: 10000000, per_txn_op cnt: 10
srv 42 load time 0.000
srv 42 rec count: 0 partition sz 0-KB tx count: 10000000, per_txn_op cnt: 10
srv 43 load time 0.000
srv 43 rec count: 0 partition sz 0-KB tx count: 10000000, per_txn_op cnt: 10
Assinging core 38 to srv 45
Assinging core 42 to srv 46
Assinging core 46 to srv 47
srv 45 load time 0.000
srv 45 rec count: 0 partition sz 0-KB tx count: 10000000, per_txn_op cnt: 10
Assinging core 50 to srv 48
Assinging core 54 to srv 49
srv 46 load time 0.000
srv 46 rec count: 0 partition sz 0-KB tx count: 10000000, per_txn_op cnt: 10
Assinging core 58 to srv 50
srv 47 load time 0.000
srv 47 rec count: 0 partition sz 0-KB tx count: 10000000, per_txn_op cnt: 10
Assinging core 62 to srv 51
srv 48 load time 0.000
srv 48 rec count: 0 partition sz 0-KB tx count: 10000000, per_txn_op cnt: 10
srv 44 load time 0.000
srv 44 rec count: 0 partition sz 0-KB tx count: 10000000, per_txn_op cnt: 10
srv 49 load time 0.000
srv 49 rec count: 0 partition sz 0-KB tx count: 10000000, per_txn_op cnt: 10
srv 50 load time 0.000
srv 50 rec count: 0 partition sz 0-KB tx count: 10000000, per_txn_op cnt: 10
Assinging core 66 to srv 52
srv 52 load time 0.000
srv 52 rec count: 0 partition sz 0-KB tx count: 10000000, per_txn_op cnt: 10
Assinging core 70 to srv 53
srv 51 load time 0.000
srv 51 rec count: 0 partition sz 0-KB tx count: 10000000, per_txn_op cnt: 10
Assinging core 3 to srv 54
Assinging core 7 to srv 55
Assinging core 11 to srv 56
srv 54 load time 0.000
srv 54 rec count: 0 partition sz 0-KB tx count: 10000000, per_txn_op cnt: 10
srv 55 load time 0.000
Assinging core 15 to srv 57
srv 55 rec count: 0 partition sz 0-KB tx count: 10000000, per_txn_op cnt: 10
srv 56 load time 0.000
srv 56 rec count: 0 partition sz 0-KB tx count: 10000000, per_txn_op cnt: 10
srv 53 load time 0.000
srv 53 rec count: 0 partition sz 0-KB tx count: 10000000, per_txn_op cnt: 10
Assinging core 19 to srv 58
Assinging core 23 to srv 59
Assinging core 27 to srv 60
srv 57 load time 0.000
Assinging core 31 to srv 61
srv 59 load time 0.000
srv 58 load time 0.000
srv 58 rec count: 0 partition sz 0-KB tx count: 10000000, per_txn_op cnt: 10
Assinging core 35 to srv 62
srv 60 load time 0.000
srv 60 rec count: 0 partition sz 0-KB tx count: 10000000, per_txn_op cnt: 10
srv 59 rec count: 0 partition sz 0-KB tx count: 10000000, per_txn_op cnt: 10
srv 57 rec count: 0 partition sz 0-KB tx count: 10000000, per_txn_op cnt: 10
Assinging core 39 to srv 63
srv 61 load time 0.000
srv 61 rec count: 0 partition sz 0-KB tx count: 10000000, per_txn_op cnt: 10
srv 62 load time 0.000
srv 62 rec count: 0 partition sz 0-KB tx count: 10000000, per_txn_op cnt: 10
srv 63 load time 0.000
srv 63 rec count: 0 partition sz 0-KB tx count: 10000000, per_txn_op cnt: 10
srv 0 load time 7.888
srv 0 rec count: 64000000 partition sz 8500000-KB tx count: 10000000, per_txn_op cnt: 10
srv 0 starting txns
srv 61 starting txns
srv 56 starting txns
srv 54 starting txns
srv 36 starting txns
srv 58 starting txns
srv 55 starting txns
srv 51 starting txns
srv 41 starting txns
srv 44 starting txns
srv 62 starting txns
srv 37 starting txns
srv 38 starting txns
srv 60 starting txns
srv 53 starting txns
srv 45 starting txns
srv 47 starting txns
srv 46 starting txns
srv 49 starting txns
srv 52 starting txns
srv 63 starting txns
srv 48 starting txns
srv 39 starting txns
srv 43 starting txns
srv 40 starting txns
srv 59 starting txns
srv 50 starting txns
srv 57 starting txns
srv 42 starting txns
srv 15 starting txns
srv 2 starting txns
srv 12 starting txns
srv 8 starting txns
srv 33 starting txns
srv 32 starting txns
srv 26 starting txns
srv 28 starting txns
srv 7 starting txns
srv 4 starting txns
srv 13 starting txns
srv 34 starting txns
srv 17 starting txns
srv 20 starting txns
srv 31 starting txns
srv 6 starting txns
srv 27 starting txns
srv 5 starting txns
srv 14 starting txns
srv 30 starting txns
srv 10 starting txns
srv 1 starting txns
srv 16 starting txns
srv 23 starting txns
srv 3 starting txns
srv 24 starting txns
srv 25 starting txns
srv 9 starting txns
srv 11 starting txns
srv 18 starting txns
srv 19 starting txns
srv 22 starting txns
srv 29 starting txns
srv 35 starting txns
srv 21 starting txns
srv 16 query time 65.844
srv 6 query time 66.982
srv 8 query time 67.124
srv 15 query time 67.323
srv 46 query time 67.354
srv 63 query time 67.745
srv 3 query time 67.785
srv 58 query time 67.825
srv 50 query time 67.893
srv 62 query time 67.906
srv 7 query time 68.065
srv 39 query time 68.142
srv 11 query time 68.173
srv 40 query time 68.232
srv 9 query time 68.257
srv 57 query time 68.343
srv 38 query time 68.354
srv 55 query time 68.421
srv 41 query time 68.461
srv 37 query time 68.461
srv 51 query time 68.466
srv 52 query time 68.536
srv 44 query time 68.550
srv 60 query time 68.601
srv 14 query time 68.613
srv 49 query time 68.623
srv 22 query time 68.641
srv 48 query time 68.803
srv 59 query time 68.877
srv 26 query time 68.907
srv 42 query time 68.915
srv 54 query time 68.944
srv 20 query time 69.023
srv 36 query time 69.060
srv 53 query time 69.071
srv 21 query time 69.138
srv 17 query time 69.131
srv 33 query time 69.194
srv 61 query time 69.237
srv 56 query time 69.242
srv 35 query time 69.267
srv 0 query time 69.277
srv 25 query time 69.280
srv 18 query time 69.309
srv 10 query time 69.324
srv 34 query time 69.324
srv 31 query time 69.317
srv 12 query time 69.378
srv 24 query time 69.389
srv 2 query time 69.525
srv 13 query time 69.539
srv 19 query time 69.565
srv 30 query time 69.592
srv 23 query time 69.616
srv 47 query time 69.955
srv 43 query time 70.150
srv 45 query time 70.244
srv 5 query time 70.513
srv 1 query time 70.893
srv 27 query time 71.180
srv 32 query time 73.243
srv 4 query time 73.744
srv 28 query time 73.979
srv 29 query time 74.124
srv 29 quitting 
srv 36 quitting 
srv 59 quitting 
srv 52 quitting 
srv 49 quitting 
srv 63 quitting 
srv 32 quitting 
srv 42 quitting 
srv 31 quitting 
srv 26 quitting 
srv 3 quitting 
srv 62 quitting 
srv 22 quitting 
srv 34 quitting 
srv 54 quitting 
srv 12 quitting 
srv 19 quitting 
srv 24 quitting 
srv 14 quitting 
srv 33 quitting 
srv 41 quitting 
srv 18 quitting 
srv 27 quitting 
srv 37 quitting 
srv 15 quitting 
srv 30 quitting 
srv 50 quitting 
srv 5 quitting 
srv 8 quitting 
srv 21 quitting 
srv 10 quitting 
srv 9 quitting 
srv 13 quitting 
srv 25 quitting 
srv 43 quitting 
srv 4 quitting 
srv 58 quitting 
srv 61 quitting 
srv 11 quitting 
srv 16 quitting 
srv 1 quitting 
srv 45 quitting 
srv 2 quitting 
srv 46 quitting 
srv 23 quitting 
srv 39 quitting 
srv 60 quitting 
srv 47 quitting 
srv 56 quitting 
srv 0 quitting 
srv 57 quitting 
srv 44 quitting 
srv 35 quitting 
srv 17 quitting 
srv 28 quitting 
srv 7 quitting 
srv 6 quitting 
srv 53 quitting 
srv 51 quitting 
srv 40 quitting 
srv 38 quitting 
srv 55 quitting 
srv 20 quitting 
srv 48 quitting 
srv 0 commits 10000000
srv 1 commits 10000000
srv 2 commits 10000000
srv 3 commits 10000000
srv 4 commits 10000000
srv 5 commits 10000000
srv 6 commits 10000000
srv 7 commits 10000000
srv 8 commits 10000000
srv 9 commits 10000000
srv 10 commits 10000000
srv 11 commits 10000000
srv 12 commits 10000000
srv 13 commits 10000000
srv 14 commits 10000000
srv 15 commits 10000000
srv 16 commits 10000000
srv 17 commits 10000000
srv 18 commits 10000000
srv 19 commits 10000000
srv 20 commits 10000000
srv 21 commits 10000000
srv 22 commits 10000000
srv 23 commits 10000000
srv 24 commits 10000000
srv 25 commits 10000000
srv 26 commits 10000000
srv 27 commits 10000000
srv 28 commits 10000000
srv 29 commits 10000000
srv 30 commits 10000000
srv 31 commits 10000000
srv 32 commits 10000000
srv 33 commits 10000000
srv 34 commits 10000000
srv 35 commits 10000000
srv 36 commits 10000000
srv 37 commits 10000000
srv 38 commits 10000000
srv 39 commits 10000000
srv 40 commits 10000000
srv 41 commits 10000000
srv 42 commits 10000000
srv 43 commits 10000000
srv 44 commits 10000000
srv 45 commits 10000000
srv 46 commits 10000000
srv 47 commits 10000000
srv 48 commits 10000000
srv 49 commits 10000000
srv 50 commits 10000000
srv 51 commits 10000000
srv 52 commits 10000000
srv 53 commits 10000000
srv 54 commits 10000000
srv 55 commits 10000000
srv 56 commits 10000000
srv 57 commits 10000000
srv 58 commits 10000000
srv 59 commits 10000000
srv 60 commits 10000000
srv 61 commits 10000000
srv 62 commits 10000000
srv 63 commits 10000000
total commits 640000000
== results ==
Server 0: 0.144347000M TPS
Server 1: 0.141057000M TPS
Server 2: 0.143832000M TPS
Server 3: 0.147526000M TPS
Server 4: 0.135604000M TPS
Server 5: 0.141818000M TPS
Server 6: 0.149294000M TPS
Server 7: 0.146918000M TPS
Server 8: 0.148977000M TPS
Server 9: 0.146505000M TPS
Server 10: 0.144250000M TPS
Server 11: 0.146685000M TPS
Server 12: 0.144137000M TPS
Server 13: 0.143803000M TPS
Server 14: 0.145745000M TPS
Server 15: 0.148538000M TPS
Server 16: 0.151874000M TPS
Server 17: 0.144653000M TPS
Server 18: 0.144280000M TPS
Server 19: 0.143750000M TPS
Server 20: 0.144879000M TPS
Server 21: 0.144638000M TPS
Server 22: 0.145684000M TPS
Server 23: 0.143645000M TPS
Server 24: 0.144115000M TPS
Server 25: 0.144341000M TPS
Server 26: 0.145122000M TPS
Server 27: 0.140489000M TPS
Server 28: 0.135173000M TPS
Server 29: 0.134909000M TPS
Server 30: 0.143694000M TPS
Server 31: 0.144263000M TPS
Server 32: 0.136531000M TPS
Server 33: 0.144520000M TPS
Server 34: 0.144250000M TPS
Server 35: 0.144369000M TPS
Server 36: 0.144802000M TPS
Server 37: 0.146067000M TPS
Server 38: 0.146296000M TPS
Server 39: 0.146753000M TPS
Server 40: 0.146557000M TPS
Server 41: 0.146068000M TPS
Server 42: 0.145106000M TPS
Server 43: 0.142550000M TPS
Server 44: 0.145878000M TPS
Server 45: 0.142360000M TPS
Server 46: 0.148469000M TPS
Server 47: 0.142949000M TPS
Server 48: 0.145341000M TPS
Server 49: 0.145723000M TPS
Server 50: 0.147291000M TPS
Server 51: 0.146058000M TPS
Server 52: 0.145909000M TPS
Server 53: 0.144778000M TPS
Server 54: 0.145046000M TPS
Server 55: 0.146153000M TPS
Server 56: 0.144420000M TPS
Server 57: 0.146319000M TPS
Server 58: 0.147438000M TPS
Server 59: 0.145185000M TPS
Server 60: 0.145771000M TPS
Server 61: 0.144431000M TPS
Server 62: 0.147262000M TPS
Server 63: 0.147611000M TPS
Total tps: 9.262806000M
./ycsb -s 64 -d 0 -b 1 -i 10000000 -o 10 -t 64000000 -w 100
 # clients:    1
 # servers:    64
 Key range:    0..2^29
 Write ratio:  100
 Total #recs: 64000000 
 Iterations:   10000000
Assinging core 0 to srv 0
Assinging core 4 to srv 1
Assinging core 8 to srv 2
Assinging core 12 to srv 3
Assinging core 16 to srv 4
Assinging core 20 to srv 5
Assinging core 24 to srv 6
srv 1 load time 0.000
srv 1 rec count: 0 partition sz 0-KB tx count: 10000000, per_txn_op cnt: 10
Assinging core 28 to srv 7
srv 3 load time 0.000
srv 3 rec count: 0 partition sz 0-KB tx count: 10000000, per_txn_op cnt: 10
Assinging core 32 to srv 8
srv 2 load time 0.000
srv 2 rec count: 0 partition sz 0-KB tx count: 10000000, per_txn_op cnt: 10
srv 4 load time 0.000
srv 4 rec count: 0 partition sz 0-KB tx count: 10000000, per_txn_op cnt: 10
Assinging core 36 to srv 9
srv 5 load time 0.000
srv 5 rec count: 0 partition sz 0-KB tx count: 10000000, per_txn_op cnt: 10
srv 6 load time 0.000
srv 6 rec count: 0 partition sz 0-KB tx count: 10000000, per_txn_op cnt: 10
Assinging core 40 to srv 10
srv 7 load time 0.000
srv 7 rec count: 0 partition sz 0-KB tx count: 10000000, per_txn_op cnt: 10
srv 8 load time 0.000
srv 8 rec count: 0 partition sz 0-KB tx count: 10000000, per_txn_op cnt: 10
srv 9 load time 0.000
srv 9 rec count: 0 partition sz 0-KB tx count: 10000000, per_txn_op cnt: 10
Assinging core 44 to srv 11
Assinging core 48 to srv 12
Assinging core 52 to srv 13
Assinging core 56 to srv 14
Assinging core 60 to srv 15
srv 10 load time 0.000
srv 10 rec count: 0 partition sz 0-KB tx count: 10000000, per_txn_op cnt: 10
Assinging core 64 to srv 16
srv 11 load time 0.000
srv 11 rec count: 0 partition sz 0-KB tx count: 10000000, per_txn_op cnt: 10
Assinging core 68 to srv 17
srv 12 load time 0.000
srv 13 load time 0.000
Assinging core 1 to srv 18
srv 15 load time 0.000
srv 15 rec count: 0 partition sz 0-KB tx count: 10000000, per_txn_op cnt: 10
srv 12 rec count: 0 partition sz 0-KB tx count: 10000000, per_txn_op cnt: 10
srv 14 load time 0.000
srv 13 rec count: 0 partition sz 0-KB tx count: 10000000, per_txn_op cnt: 10
srv 16 load time 0.000
srv 16 rec count: 0 partition sz 0-KB tx count: 10000000, per_txn_op cnt: 10
srv 14 rec count: 0 partition sz 0-KB tx count: 10000000, per_txn_op cnt: 10
srv 17 load time 0.000
srv 17 rec count: 0 partition sz 0-KB tx count: 10000000, per_txn_op cnt: 10
Assinging core 5 to srv 19
Assinging core 9 to srv 20
Assinging core 13 to srv 21
Assinging core 17 to srv 22
srv 20 load time 0.000
srv 20 rec count: 0 partition sz 0-KB tx count: 10000000, per_txn_op cnt: 10
srv 18 load time 0.000
srv 18 rec count: 0 partition sz 0-KB tx count: 10000000, per_txn_op cnt: 10
Assinging core 21 to srv 23
srv 19 load time 0.000
srv 19 rec count: 0 partition sz 0-KB tx count: 10000000, per_txn_op cnt: 10
srv 21 load time 0.000
srv 21 rec count: 0 partition sz 0-KB tx count: 10000000, per_txn_op cnt: 10
srv 22 load time 0.000
srv 22 rec count: 0 partition sz 0-KB tx count: 10000000, per_txn_op cnt: 10
Assinging core 25 to srv 24
srv 23 load time 0.000
srv 23 rec count: 0 partition sz 0-KB tx count: 10000000, per_txn_op cnt: 10
Assinging core 29 to srv 25
Assinging core 33 to srv 26
Assinging core 37 to srv 27
Assinging core 41 to srv 28
srv 24 load time 0.000
srv 24 rec count: 0 partition sz 0-KB tx count: 10000000, per_txn_op cnt: 10
Assinging core 45 to srv 29
srv 25 load time 0.000
srv 25 rec count: 0 partition sz 0-KB tx count: 10000000, per_txn_op cnt: 10
srv 27 load time 0.000
Assinging core 49 to srv 30
srv 27 rec count: 0 partition sz 0-KB tx count: 10000000, per_txn_op cnt: 10
srv 26 load time 0.000
srv 26 rec count: 0 partition sz 0-KB tx count: 10000000, per_txn_op cnt: 10
Assinging core 53 to srv 31
srv 28 load time 0.000
srv 28 rec count: 0 partition sz 0-KB tx count: 10000000, per_txn_op cnt: 10
srv 29 load time 0.000
srv 29 rec count: 0 partition sz 0-KB tx count: 10000000, per_txn_op cnt: 10
srv 30 load time 0.000
srv 30 rec count: 0 partition sz 0-KB tx count: 10000000, per_txn_op cnt: 10
Assinging core 57 to srv 32
Assinging core 61 to srv 33
Assinging core 65 to srv 34
Assinging core 69 to srv 35
srv 33 load time 0.000
srv 33 rec count: 0 partition sz 0-KB tx count: 10000000, per_txn_op cnt: 10
srv 31 load time 0.000
srv 31 rec count: 0 partition sz 0-KB tx count: 10000000, per_txn_op cnt: 10
srv 32 load time 0.000
srv 32 rec count: 0 partition sz 0-KB tx count: 10000000, per_txn_op cnt: 10
srv 34 load time 0.000
srv 34 rec count: 0 partition sz 0-KB tx count: 10000000, per_txn_op cnt: 10
Assinging core 2 to srv 36
srv 35 load time 0.000
srv 35 rec count: 0 partition sz 0-KB tx count: 10000000, per_txn_op cnt: 10
Assinging core 6 to srv 37
Assinging core 10 to srv 38
Assinging core 14 to srv 39
Assinging core 18 to srv 40
srv 37 load time 0.000
srv 38 load time 0.000
srv 38 rec count: 0 partition sz 0-KB tx count: 10000000, per_txn_op cnt: 10
srv 37 rec count: 0 partition sz 0-KB tx count: 10000000, per_txn_op cnt: 10
srv 36 load time 0.000
srv 36 rec count: 0 partition sz 0-KB tx count: 10000000, per_txn_op cnt: 10
Assinging core 22 to srv 41
srv 39 load time 0.000
srv 39 rec count: 0 partition sz 0-KB tx count: 10000000, per_txn_op cnt: 10
Assinging core 26 to srv 42
srv 40 load time 0.000
srv 40 rec count: 0 partition sz 0-KB tx count: 10000000, per_txn_op cnt: 10
srv 41 load time 0.000
srv 41 rec count: 0 partition sz 0-KB tx count: 10000000, per_txn_op cnt: 10
Assinging core 30 to srv 43
Assinging core 34 to srv 44
Assinging core 38 to srv 45
Assinging core 42 to srv 46
srv 42 load time 0.000
srv 42 rec count: 0 partition sz 0-KB tx count: 10000000, per_txn_op cnt: 10
Assinging core 46 to srv 47
srv 43 load time 0.000
srv 43 rec count: 0 partition sz 0-KB tx count: 10000000, per_txn_op cnt: 10
srv 45 load time 0.000
Assinging core 50 to srv 48
srv 45 rec count: 0 partition sz 0-KB tx count: 10000000, per_txn_op cnt: 10
srv 44 load time 0.000
srv 44 rec count: 0 partition sz 0-KB tx count: 10000000, per_txn_op cnt: 10
Assinging core 54 to srv 49
Assinging core 58 to srv 50
srv 46 load time 0.000
srv 46 rec count: 0 partition sz 0-KB tx count: 10000000, per_txn_op cnt: 10
srv 47 load time 0.000
srv 47 rec count: 0 partition sz 0-KB tx count: 10000000, per_txn_op cnt: 10
srv 48 load time 0.000
srv 48 rec count: 0 partition sz 0-KB tx count: 10000000, per_txn_op cnt: 10
srv 49 load time 0.000
srv 49 rec count: 0 partition sz 0-KB tx count: 10000000, per_txn_op cnt: 10
Assinging core 62 to srv 51
Assinging core 66 to srv 52
srv 50 load time 0.000
srv 50 rec count: 0 partition sz 0-KB tx count: 10000000, per_txn_op cnt: 10
Assinging core 70 to srv 53
srv 51 load time 0.000
srv 51 rec count: 0 partition sz 0-KB tx count: 10000000, per_txn_op cnt: 10
Assinging core 3 to srv 54
srv 52 load time 0.000
srv 52 rec count: 0 partition sz 0-KB tx count: 10000000, per_txn_op cnt: 10
Assinging core 7 to srv 55
srv 53 load time 0.000
srv 53 rec count: 0 partition sz 0-KB tx count: 10000000, per_txn_op cnt: 10
Assinging core 11 to srv 56
srv 54 load time 0.000
srv 54 rec count: 0 partition sz 0-KB tx count: 10000000, per_txn_op cnt: 10
Assinging core 15 to srv 57
srv 55 load time 0.000
srv 55 rec count: 0 partition sz 0-KB tx count: 10000000, per_txn_op cnt: 10
srv 56 load time 0.000
srv 56 rec count: 0 partition sz 0-KB tx count: 10000000, per_txn_op cnt: 10
Assinging core 19 to srv 58
Assinging core 23 to srv 59
Assinging core 27 to srv 60
srv 59 load time 0.000
srv 59 rec count: 0 partition sz 0-KB tx count: 10000000, per_txn_op cnt: 10
srv 57 load time 0.000
srv 57 rec count: 0 partition sz 0-KB tx count: 10000000, per_txn_op cnt: 10
Assinging core 31 to srv 61
srv 58 load time 0.000
srv 58 rec count: 0 partition sz 0-KB tx count: 10000000, per_txn_op cnt: 10
Assinging core 35 to srv 62
Assinging core 39 to srv 63
srv 61 load time 0.000
srv 61 rec count: 0 partition sz 0-KB tx count: 10000000, per_txn_op cnt: 10
srv 60 load time 0.000
srv 60 rec count: 0 partition sz 0-KB tx count: 10000000, per_txn_op cnt: 10
srv 63 load time 0.000
srv 63 rec count: 0 partition sz 0-KB tx count: 10000000, per_txn_op cnt: 10
srv 62 load time 0.000
srv 62 rec count: 0 partition sz 0-KB tx count: 10000000, per_txn_op cnt: 10
srv 0 load time 7.922
srv 0 rec count: 64000000 partition sz 8500000-KB tx count: 10000000, per_txn_op cnt: 10
srv 0 starting txns
srv 63 starting txns
srv 29 starting txns
srv 30 starting txns
srv 26 starting txns
srv 19 starting txns
srv 21 starting txns
srv 32 starting txns
srv 27 starting txns
srv 34 starting txns
srv 20 starting txns
srv 35 starting txns
srv 28 starting txns
srv 22 starting txns
srv 31 starting txns
srv 24 starting txns
srv 25 starting txns
srv 18 starting txns
srv 23 starting txns
srv 33 starting txns
srv 62 starting txns
srv 40 starting txns
srv 7 starting txns
srv 47 starting txns
srv 61 starting txns
srv 59 starting txns
srv 60 starting txns
srv 17 starting txns
srv 53 starting txns
srv 12 starting txns
srv 50 starting txns
srv 55 starting txns
srv 52 starting txns
srv 57 starting txns
srv 56 starting txns
srv 4 starting txns
srv 48 starting txns
srv 54 starting txns
srv 37 starting txns
srv 51 starting txns
srv 3 starting txns
srv 49 starting txns
srv 10 starting txns
srv 9 starting txns
srv 5 starting txns
srv 46 starting txns
srv 13 starting txns
srv 58 starting txns
srv 14 starting txns
srv 11 starting txns
srv 15 starting txns
srv 2 starting txns
srv 44 starting txns
srv 42 starting txns
srv 1 starting txns
srv 41 starting txns
srv 39 starting txns
srv 36 starting txns
srv 45 starting txns
srv 38 starting txns
srv 43 starting txns
srv 6 starting txns
srv 8 starting txns
srv 16 starting txns
srv 10 query time 65.589
srv 0 query time 66.170
srv 16 query time 67.055
srv 6 query time 68.475
srv 7 query time 68.763
srv 15 query time 68.801
srv 3 query time 68.849
srv 63 query time 68.956
srv 8 query time 69.040
srv 11 query time 69.053
srv 14 query time 69.146
srv 46 query time 69.266
srv 13 query time 69.310
srv 57 query time 69.429
srv 44 query time 69.475
srv 58 query time 69.481
srv 62 query time 69.492
srv 38 query time 69.515
srv 60 query time 69.566
srv 55 query time 69.625
srv 42 query time 69.647
srv 50 query time 69.667
srv 47 query time 69.736
srv 20 query time 69.744
srv 43 query time 69.779
srv 31 query time 69.798
srv 26 query time 69.802
srv 9 query time 69.807
srv 41 query time 69.833
srv 17 query time 69.840
srv 45 query time 69.875
srv 40 query time 69.910
srv 33 query time 69.919
srv 59 query time 69.927
srv 56 query time 69.928
srv 25 query time 70.002
srv 21 query time 70.062
srv 2 query time 70.070
srv 24 query time 70.071
srv 36 query time 70.079
srv 61 query time 70.089
srv 35 query time 70.118
srv 52 query time 70.197
srv 54 query time 70.237
srv 39 query time 70.251
srv 19 query time 70.283
srv 30 query time 70.286
srv 34 query time 70.329
srv 53 query time 70.367
srv 22 query time 70.370
srv 23 query time 70.509
srv 51 query time 70.532
srv 48 query time 70.560
srv 49 query time 70.579
srv 37 query time 70.651
srv 12 query time 70.985
srv 18 query time 71.125
srv 1 query time 71.714
srv 5 query time 72.118
srv 27 query time 72.219
srv 32 query time 74.253
srv 4 query time 74.562
srv 28 query time 74.984
srv 29 query time 75.122
srv 4 quitting 
srv 28 quitting 
srv 47 quitting 
srv 53 quitting 
srv 62 quitting 
srv 8 quitting 
srv 49 quitting 
srv 43 quitting 
srv 16 quitting 
srv 27 quitting 
srv 60 quitting 
srv 50 quitting 
srv 30 quitting 
srv 46 quitting 
srv 33 quitting 
srv 31 quitting 
srv 39 quitting 
srv 58 quitting 
srv 9 quitting 
srv 35 quitting 
srv 51 quitting 
srv 32 quitting 
srv 5 quitting 
srv 40 quitting 
srv 44 quitting 
srv 2 quitting 
srv 45 quitting 
srv 36 quitting 
srv 42 quitting 
srv 6 quitting 
srv 18 quitting 
srv 26 quitting 
srv 63 quitting 
srv 22 quitting 
srv 56 quitting 
srv 12 quitting 
srv 11 quitting 
srv 7 quitting 
srv 13 quitting 
srv 14 quitting 
srv 21 quitting 
srv 34 quitting 
srv 15 quitting 
srv 3 quitting 
srv 1 quitting 
srv 10 quitting 
srv 38 quitting 
srv 29 quitting 
srv 55 quitting 
srv 61 quitting 
srv 59 quitting 
srv 52 quitting 
srv 24 quitting 
srv 48 quitting 
srv 19 quitting 
srv 25 quitting 
srv 37 quitting 
srv 54 quitting 
srv 17 quitting 
srv 41 quitting 
srv 0 quitting 
srv 57 quitting 
srv 20 quitting 
srv 23 quitting 
srv 0 commits 10000000
srv 1 commits 10000000
srv 2 commits 10000000
srv 3 commits 10000000
srv 4 commits 10000000
srv 5 commits 10000000
srv 6 commits 10000000
srv 7 commits 10000000
srv 8 commits 10000000
srv 9 commits 10000000
srv 10 commits 10000000
srv 11 commits 10000000
srv 12 commits 10000000
srv 13 commits 10000000
srv 14 commits 10000000
srv 15 commits 10000000
srv 16 commits 10000000
srv 17 commits 10000000
srv 18 commits 10000000
srv 19 commits 10000000
srv 20 commits 10000000
srv 21 commits 10000000
srv 22 commits 10000000
srv 23 commits 10000000
srv 24 commits 10000000
srv 25 commits 10000000
srv 26 commits 10000000
srv 27 commits 10000000
srv 28 commits 10000000
srv 29 commits 10000000
srv 30 commits 10000000
srv 31 commits 10000000
srv 32 commits 10000000
srv 33 commits 10000000
srv 34 commits 10000000
srv 35 commits 10000000
srv 36 commits 10000000
srv 37 commits 10000000
srv 38 commits 10000000
srv 39 commits 10000000
srv 40 commits 10000000
srv 41 commits 10000000
srv 42 commits 10000000
srv 43 commits 10000000
srv 44 commits 10000000
srv 45 commits 10000000
srv 46 commits 10000000
srv 47 commits 10000000
srv 48 commits 10000000
srv 49 commits 10000000
srv 50 commits 10000000
srv 51 commits 10000000
srv 52 commits 10000000
srv 53 commits 10000000
srv 54 commits 10000000
srv 55 commits 10000000
srv 56 commits 10000000
srv 57 commits 10000000
srv 58 commits 10000000
srv 59 commits 10000000
srv 60 commits 10000000
srv 61 commits 10000000
srv 62 commits 10000000
srv 63 commits 10000000
total commits 640000000
== results ==
Server 0: 0.151126000M TPS
Server 1: 0.139441000M TPS
Server 2: 0.142714000M TPS
Server 3: 0.145245000M TPS
Server 4: 0.134116000M TPS
Server 5: 0.138661000M TPS
Server 6: 0.146037000M TPS
Server 7: 0.145427000M TPS
Server 8: 0.144843000M TPS
Server 9: 0.143252000M TPS
Server 10: 0.152465000M TPS
Server 11: 0.144815000M TPS
Server 12: 0.140875000M TPS
Server 13: 0.144279000M TPS
Server 14: 0.144621000M TPS
Server 15: 0.145347000M TPS
Server 16: 0.149132000M TPS
Server 17: 0.143183000M TPS
Server 18: 0.140597000M TPS
Server 19: 0.142282000M TPS
Server 20: 0.143381000M TPS
Server 21: 0.142731000M TPS
Server 22: 0.142106000M TPS
Server 23: 0.141826000M TPS
Server 24: 0.142712000M TPS
Server 25: 0.142853000M TPS
Server 26: 0.143262000M TPS
Server 27: 0.138468000M TPS
Server 28: 0.133361000M TPS
Server 29: 0.133117000M TPS
Server 30: 0.142275000M TPS
Server 31: 0.143270000M TPS
Server 32: 0.134674000M TPS
Server 33: 0.143023000M TPS
Server 34: 0.142188000M TPS
Server 35: 0.142615000M TPS
Server 36: 0.142696000M TPS
Server 37: 0.141540000M TPS
Server 38: 0.143853000M TPS
Server 39: 0.142347000M TPS
Server 40: 0.143040000M TPS
Server 41: 0.143197000M TPS
Server 42: 0.143581000M TPS
Server 43: 0.143309000M TPS
Server 44: 0.143936000M TPS
Server 45: 0.143112000M TPS
Server 46: 0.144371000M TPS
Server 47: 0.143398000M TPS
Server 48: 0.141722000M TPS
Server 49: 0.141684000M TPS
Server 50: 0.143539000M TPS
Server 51: 0.141779000M TPS
Server 52: 0.142455000M TPS
Server 53: 0.142111000M TPS
Server 54: 0.142374000M TPS
Server 55: 0.143627000M TPS
Server 56: 0.143004000M TPS
Server 57: 0.144032000M TPS
Server 58: 0.143923000M TPS
Server 59: 0.143006000M TPS
Server 60: 0.143748000M TPS
Server 61: 0.142676000M TPS
Server 62: 0.143901000M TPS
Server 63: 0.145020000M TPS
Total tps: 9.137301000M
./ycsb -s 64 -d 0 -b 1 -i 10000000 -o 10 -t 64000000 -w 100
 # clients:    1
 # servers:    64
 Key range:    0..2^29
 Write ratio:  100
 Total #recs: 64000000 
 Iterations:   10000000
Assinging core 0 to srv 0
Assinging core 4 to srv 1
Assinging core 8 to srv 2
Assinging core 12 to srv 3
Assinging core 16 to srv 4
Assinging core 20 to srv 5
Assinging core 24 to srv 6
Assinging core 28 to srv 7
Assinging core 32 to srv 8
Assinging core 36 to srv 9
Assinging core 40 to srv 10
Assinging core 44 to srv 11
Assinging core 48 to srv 12
Assinging core 52 to srv 13
Assinging core 56 to srv 14
Assinging core 60 to srv 15
Assinging core 64 to srv 16
Assinging core 68 to srv 17
Assinging core 1 to srv 18
Assinging core 5 to srv 19
Assinging core 9 to srv 20
Assinging core 13 to srv 21
Assinging core 17 to srv 22
Assinging core 21 to srv 23
Assinging core 25 to srv 24
Assinging core 29 to srv 25
Assinging core 33 to srv 26
Assinging core 37 to srv 27
Assinging core 41 to srv 28
Assinging core 45 to srv 29
srv 6 load time 0.000
srv 12 load time 0.000
srv 7 load time 0.000
srv 2 load time 0.000
srv 16 load time 0.000
srv 28 load time 0.000
srv 11 load time 0.000
srv 2 rec count: 0 partition sz 0-KB tx count: 10000000, per_txn_op cnt: 10
srv 16 rec count: 0 partition sz 0-KB tx count: 10000000, per_txn_op cnt: 10
srv 4 load time 0.000
srv 28 rec count: 0 partition sz 0-KB tx count: 10000000, per_txn_op cnt: 10
srv 11 rec count: 0 partition sz 0-KB tx count: 10000000, per_txn_op cnt: 10
srv 29 load time 0.000
srv 3 load time 0.000
srv 1 load time 0.000
srv 27 load time 0.000
srv 29 rec count: 0 partition sz 0-KB tx count: 10000000, per_txn_op cnt: 10
srv 4 rec count: 0 partition sz 0-KB tx count: 10000000, per_txn_op cnt: 10
srv 1 rec count: 0 partition sz 0-KB tx count: 10000000, per_txn_op cnt: 10
srv 3 rec count: 0 partition sz 0-KB tx count: 10000000, per_txn_op cnt: 10
srv 5 load time 0.000
srv 5 rec count: 0 partition sz 0-KB tx count: 10000000, per_txn_op cnt: 10
srv 20 load time 0.000
srv 23 load time 0.000
srv 20 rec count: 0 partition sz 0-KB tx count: 10000000, per_txn_op cnt: 10
srv 23 rec count: 0 partition sz 0-KB tx count: 10000000, per_txn_op cnt: 10
srv 8 load time 0.000
srv 26 load time 0.000
srv 26 rec count: 0 partition sz 0-KB tx count: 10000000, per_txn_op cnt: 10
srv 18 load time 0.000
srv 17 load time 0.000
srv 14 load time 0.000
srv 17 rec count: 0 partition sz 0-KB tx count: 10000000, per_txn_op cnt: 10
srv 14 rec count: 0 partition sz 0-KB tx count: 10000000, per_txn_op cnt: 10
srv 6 rec count: 0 partition sz 0-KB tx count: 10000000, per_txn_op cnt: 10
srv 15 load time 0.000
srv 15 rec count: 0 partition sz 0-KB tx count: 10000000, per_txn_op cnt: 10
srv 7 rec count: 0 partition sz 0-KB tx count: 10000000, per_txn_op cnt: 10
srv 12 rec count: 0 partition sz 0-KB tx count: 10000000, per_txn_op cnt: 10
srv 27 rec count: 0 partition sz 0-KB tx count: 10000000, per_txn_op cnt: 10
srv 25 load time 0.000
srv 25 rec count: 0 partition sz 0-KB tx count: 10000000, per_txn_op cnt: 10
srv 13 load time 0.000
srv 13 rec count: 0 partition sz 0-KB tx count: 10000000, per_txn_op cnt: 10
Assinging core 49 to srv 30
srv 10 load time 0.000
srv 10 rec count: 0 partition sz 0-KB tx count: 10000000, per_txn_op cnt: 10
srv 24 load time 0.000
srv 24 rec count: 0 partition sz 0-KB tx count: 10000000, per_txn_op cnt: 10
srv 8 rec count: 0 partition sz 0-KB tx count: 10000000, per_txn_op cnt: 10
srv 9 load time 0.000
srv 9 rec count: 0 partition sz 0-KB tx count: 10000000, per_txn_op cnt: 10
srv 18 rec count: 0 partition sz 0-KB tx count: 10000000, per_txn_op cnt: 10
srv 21 load time 0.000
srv 21 rec count: 0 partition sz 0-KB tx count: 10000000, per_txn_op cnt: 10
srv 22 load time 0.000
srv 22 rec count: 0 partition sz 0-KB tx count: 10000000, per_txn_op cnt: 10
srv 19 load time 0.000
srv 19 rec count: 0 partition sz 0-KB tx count: 10000000, per_txn_op cnt: 10
Assinging core 53 to srv 31
Assinging core 57 to srv 32
Assinging core 61 to srv 33
srv 30 load time 0.000
srv 30 rec count: 0 partition sz 0-KB tx count: 10000000, per_txn_op cnt: 10
Assinging core 65 to srv 34
Assinging core 69 to srv 35
srv 31 load time 0.000
srv 31 rec count: 0 partition sz 0-KB tx count: 10000000, per_txn_op cnt: 10
srv 32 load time 0.000
srv 32 rec count: 0 partition sz 0-KB tx count: 10000000, per_txn_op cnt: 10
srv 33 load time 0.000
srv 33 rec count: 0 partition sz 0-KB tx count: 10000000, per_txn_op cnt: 10
srv 34 load time 0.000
srv 34 rec count: 0 partition sz 0-KB tx count: 10000000, per_txn_op cnt: 10
Assinging core 2 to srv 36
Assinging core 6 to srv 37
Assinging core 10 to srv 38
Assinging core 14 to srv 39
srv 37 load time 0.000
Assinging core 18 to srv 40
srv 37 rec count: 0 partition sz 0-KB tx count: 10000000, per_txn_op cnt: 10
srv 35 load time 0.000
srv 35 rec count: 0 partition sz 0-KB tx count: 10000000, per_txn_op cnt: 10
srv 36 load time 0.000
srv 36 rec count: 0 partition sz 0-KB tx count: 10000000, per_txn_op cnt: 10
Assinging core 22 to srv 41
Assinging core 26 to srv 42
srv 38 load time 0.000
srv 38 rec count: 0 partition sz 0-KB tx count: 10000000, per_txn_op cnt: 10
srv 39 load time 0.000
srv 39 rec count: 0 partition sz 0-KB tx count: 10000000, per_txn_op cnt: 10
srv 40 load time 0.000
srv 40 rec count: 0 partition sz 0-KB tx count: 10000000, per_txn_op cnt: 10
Assinging core 30 to srv 43
Assinging core 34 to srv 44
Assinging core 38 to srv 45
srv 42 load time 0.000
srv 42 rec count: 0 partition sz 0-KB tx count: 10000000, per_txn_op cnt: 10
Assinging core 42 to srv 46
srv 44 load time 0.000
srv 44 rec count: 0 partition sz 0-KB tx count: 10000000, per_txn_op cnt: 10
srv 45 load time 0.000
srv 45 rec count: 0 partition sz 0-KB tx count: 10000000, per_txn_op cnt: 10
srv 46 load time 0.000
srv 46 rec count: 0 partition sz 0-KB tx count: 10000000, per_txn_op cnt: 10
Assinging core 46 to srv 47
srv 41 load time 0.000
srv 41 rec count: 0 partition sz 0-KB tx count: 10000000, per_txn_op cnt: 10
srv 43 load time 0.000
srv 43 rec count: 0 partition sz 0-KB tx count: 10000000, per_txn_op cnt: 10
Assinging core 50 to srv 48
Assinging core 54 to srv 49
Assinging core 58 to srv 50
Assinging core 62 to srv 51
srv 47 load time 0.000
srv 47 rec count: 0 partition sz 0-KB tx count: 10000000, per_txn_op cnt: 10
Assinging core 66 to srv 52
srv 48 load time 0.000
srv 48 rec count: 0 partition sz 0-KB tx count: 10000000, per_txn_op cnt: 10
Assinging core 70 to srv 53
srv 49 load time 0.000
srv 49 rec count: 0 partition sz 0-KB tx count: 10000000, per_txn_op cnt: 10
srv 50 load time 0.000
srv 50 rec count: 0 partition sz 0-KB tx count: 10000000, per_txn_op cnt: 10
Assinging core 3 to srv 54
srv 51 load time 0.000
srv 51 rec count: 0 partition sz 0-KB tx count: 10000000, per_txn_op cnt: 10
srv 52 load time 0.000
srv 52 rec count: 0 partition sz 0-KB tx count: 10000000, per_txn_op cnt: 10
srv 53 load time 0.000
srv 53 rec count: 0 partition sz 0-KB tx count: 10000000, per_txn_op cnt: 10
Assinging core 7 to srv 55
Assinging core 11 to srv 56
Assinging core 15 to srv 57
Assinging core 19 to srv 58
srv 55 load time 0.000
srv 56 load time 0.000
srv 56 rec count: 0 partition sz 0-KB tx count: 10000000, per_txn_op cnt: 10
srv 57 load time 0.000
srv 57 rec count: 0 partition sz 0-KB tx count: 10000000, per_txn_op cnt: 10
Assinging core 23 to srv 59
srv 55 rec count: 0 partition sz 0-KB tx count: 10000000, per_txn_op cnt: 10
srv 58 load time 0.000
Assinging core 27 to srv 60
srv 58 rec count: 0 partition sz 0-KB tx count: 10000000, per_txn_op cnt: 10
srv 59 load time 0.000
srv 59 rec count: 0 partition sz 0-KB tx count: 10000000, per_txn_op cnt: 10
srv 54 load time 0.000
srv 54 rec count: 0 partition sz 0-KB tx count: 10000000, per_txn_op cnt: 10
Assinging core 31 to srv 61
Assinging core 35 to srv 62
Assinging core 39 to srv 63
srv 60 load time 0.000
srv 60 rec count: 0 partition sz 0-KB tx count: 10000000, per_txn_op cnt: 10
srv 61 load time 0.000
srv 61 rec count: 0 partition sz 0-KB tx count: 10000000, per_txn_op cnt: 10
srv 62 load time 0.000
srv 62 rec count: 0 partition sz 0-KB tx count: 10000000, per_txn_op cnt: 10
srv 63 load time 0.000
srv 63 rec count: 0 partition sz 0-KB tx count: 10000000, per_txn_op cnt: 10
srv 0 load time 7.937
srv 0 rec count: 64000000 partition sz 8500000-KB tx count: 10000000, per_txn_op cnt: 10
srv 0 starting txns
srv 30 starting txns
srv 60 starting txns
srv 27 starting txns
srv 24 starting txns
srv 26 starting txns
srv 18 starting txns
srv 62 starting txns
srv 23 starting txns
srv 32 starting txns
srv 28 starting txns
srv 33 starting txns
srv 20 starting txns
srv 61 starting txns
srv 25 starting txns
srv 22 starting txns
srv 63 starting txns
srv 21 starting txns
srv 34 starting txns
srv 29 starting txns
srv 31 starting txns
srv 35 starting txns
srv 19 starting txns
srv 59 starting txns
srv 44 starting txns
srv 1 starting txns
srv 2 starting txns
srv 47 starting txns
srv 13 starting txns
srv 41 starting txns
srv 3 starting txns
srv 53 starting txns
srv 37 starting txns
srv 51 starting txns
srv 15 starting txns
srv 48 starting txns
srv 9 starting txns
srv 57 starting txns
srv 14 starting txns
srv 42 starting txns
srv 45 starting txns
srv 50 starting txns
srv 58 starting txns
srv 10 starting txns
srv 5 starting txns
srv 40 starting txns
srv 54 starting txns
srv 8 starting txns
srv 7 starting txns
srv 46 starting txns
srv 11 starting txns
srv 38 starting txns
srv 55 starting txns
srv 56 starting txns
srv 6 starting txns
srv 16 starting txns
srv 39 starting txns
srv 36 starting txns
srv 52 starting txns
srv 43 starting txns
srv 49 starting txns
srv 17 starting txns
srv 4 starting txns
srv 12 starting txns
srv 16 query time 66.150
srv 11 query time 66.787
srv 15 query time 67.096
srv 6 query time 67.358
srv 9 query time 67.629
srv 13 query time 67.806
srv 7 query time 67.817
srv 8 query time 67.945
srv 3 query time 67.964
srv 63 query time 68.062
srv 58 query time 68.154
srv 46 query time 68.170
srv 38 query time 68.257
srv 62 query time 68.277
srv 26 query time 68.323
srv 45 query time 68.436
srv 43 query time 68.451
srv 25 query time 68.477
srv 57 query time 68.529
srv 44 query time 68.534
srv 50 query time 68.553
srv 55 query time 68.567
srv 47 query time 68.574
srv 17 query time 68.617
srv 22 query time 68.627
srv 31 query time 68.638
srv 21 query time 68.648
srv 40 query time 68.725
srv 14 query time 68.734
srv 42 query time 68.738
srv 12 query time 68.777
srv 56 query time 68.829
srv 60 query time 68.853
srv 39 query time 68.878
srv 2 query time 68.909
srv 33 query time 68.954
srv 24 query time 68.976
srv 41 query time 68.992
srv 59 query time 69.035
srv 19 query time 69.054
srv 61 query time 69.093
srv 18 query time 69.114
srv 35 query time 69.116
srv 36 query time 69.118
srv 34 query time 69.129
srv 52 query time 69.205
srv 37 query time 69.236
srv 20 query time 69.237
srv 30 query time 69.357
srv 51 query time 69.361
srv 23 query time 69.379
srv 48 query time 69.556
srv 54 query time 69.583
srv 49 query time 69.585
srv 53 query time 69.704
srv 0 query time 69.758
srv 10 query time 69.804
srv 5 query time 69.917
srv 27 query time 70.540
srv 1 query time 71.336
srv 32 query time 72.563
srv 28 query time 73.280
srv 29 query time 73.421
srv 4 query time 74.194
srv 29 quitting 
srv 32 quitting 
srv 28 quitting 
srv 62 quitting 
srv 30 quitting 
srv 36 quitting 
srv 59 quitting 
srv 35 quitting 
srv 47 quitting 
srv 8 quitting 
srv 22 quitting 
srv 58 quitting 
srv 34 quitting 
srv 27 quitting 
srv 18 quitting 
srv 13 quitting 
srv 37 quitting 
srv 63 quitting 
srv 21 quitting 
srv 48 quitting 
srv 7 quitting 
srv 2 quitting 
srv 50 quitting 
srv 41 quitting 
srv 61 quitting 
srv 43 quitting 
srv 4 quitting 
srv 51 quitting 
srv 52 quitting 
srv 55 quitting 
srv 0 quitting 
srv 14 quitting 
srv 44 quitting 
srv 60 quitting 
srv 49 quitting 
srv 53 quitting 
srv 12 quitting 
srv 26 quitting 
srv 38 quitting 
srv 33 quitting 
srv 57 quitting 
srv 17 quitting 
srv 1 quitting 
srv 46 quitting 
srv 20 quitting 
srv 5 quitting 
srv 31 quitting 
srv 42 quitting 
srv 3 quitting 
srv 15 quitting 
srv 9 quitting 
srv 40 quitting 
srv 45 quitting 
srv 16 quitting 
srv 11 quitting 
srv 6 quitting 
srv 25 quitting 
srv 54 quitting 
srv 10 quitting 
srv 56 quitting 
srv 24 quitting 
srv 39 quitting 
srv 19 quitting 
srv 23 quitting 
srv 0 commits 10000000
srv 1 commits 10000000
srv 2 commits 10000000
srv 3 commits 10000000
srv 4 commits 10000000
srv 5 commits 10000000
srv 6 commits 10000000
srv 7 commits 10000000
srv 8 commits 10000000
srv 9 commits 10000000
srv 10 commits 10000000
srv 11 commits 10000000
srv 12 commits 10000000
srv 13 commits 10000000
srv 14 commits 10000000
srv 15 commits 10000000
srv 16 commits 10000000
srv 17 commits 10000000
srv 18 commits 10000000
srv 19 commits 10000000
srv 20 commits 10000000
srv 21 commits 10000000
srv 22 commits 10000000
srv 23 commits 10000000
srv 24 commits 10000000
srv 25 commits 10000000
srv 26 commits 10000000
srv 27 commits 10000000
srv 28 commits 10000000
srv 29 commits 10000000
srv 30 commits 10000000
srv 31 commits 10000000
srv 32 commits 10000000
srv 33 commits 10000000
srv 34 commits 10000000
srv 35 commits 10000000
srv 36 commits 10000000
srv 37 commits 10000000
srv 38 commits 10000000
srv 39 commits 10000000
srv 40 commits 10000000
srv 41 commits 10000000
srv 42 commits 10000000
srv 43 commits 10000000
srv 44 commits 10000000
srv 45 commits 10000000
srv 46 commits 10000000
srv 47 commits 10000000
srv 48 commits 10000000
srv 49 commits 10000000
srv 50 commits 10000000
srv 51 commits 10000000
srv 52 commits 10000000
srv 53 commits 10000000
srv 54 commits 10000000
srv 55 commits 10000000
srv 56 commits 10000000
srv 57 commits 10000000
srv 58 commits 10000000
srv 59 commits 10000000
srv 60 commits 10000000
srv 61 commits 10000000
srv 62 commits 10000000
srv 63 commits 10000000
total commits 640000000
== results ==
Server 0: 0.143353000M TPS
Server 1: 0.140182000M TPS
Server 2: 0.145119000M TPS
Server 3: 0.147136000M TPS
Server 4: 0.134782000M TPS
Server 5: 0.143027000M TPS
Server 6: 0.148461000M TPS
Server 7: 0.147455000M TPS
Server 8: 0.147176000M TPS
Server 9: 0.147866000M TPS
Server 10: 0.143258000M TPS
Server 11: 0.149730000M TPS
Server 12: 0.145396000M TPS
Server 13: 0.147479000M TPS
Server 14: 0.145487000M TPS
Server 15: 0.149040000M TPS
Server 16: 0.151172000M TPS
Server 17: 0.145736000M TPS
Server 18: 0.144688000M TPS
Server 19: 0.144814000M TPS
Server 20: 0.144430000M TPS
Server 21: 0.145669000M TPS
Server 22: 0.145714000M TPS
Server 23: 0.144136000M TPS
Server 24: 0.144977000M TPS
Server 25: 0.146035000M TPS
Server 26: 0.146363000M TPS
Server 27: 0.141763000M TPS
Server 28: 0.136462000M TPS
Server 29: 0.136200000M TPS
Server 30: 0.144181000M TPS
Server 31: 0.145691000M TPS
Server 32: 0.137811000M TPS
Server 33: 0.145025000M TPS
Server 34: 0.144656000M TPS
Server 35: 0.144684000M TPS
Server 36: 0.144679000M TPS
Server 37: 0.144433000M TPS
Server 38: 0.146505000M TPS
Server 39: 0.145185000M TPS
Server 40: 0.145507000M TPS
Server 41: 0.144944000M TPS
Server 42: 0.145480000M TPS
Server 43: 0.146090000M TPS
Server 44: 0.145913000M TPS
Server 45: 0.146121000M TPS
Server 46: 0.146692000M TPS
Server 47: 0.145827000M TPS
Server 48: 0.143769000M TPS
Server 49: 0.143708000M TPS
Server 50: 0.145872000M TPS
Server 51: 0.144172000M TPS
Server 52: 0.144498000M TPS
Server 53: 0.143464000M TPS
Server 54: 0.143713000M TPS
Server 55: 0.145843000M TPS
Server 56: 0.145287000M TPS
Server 57: 0.145922000M TPS
Server 58: 0.146726000M TPS
Server 59: 0.144854000M TPS
Server 60: 0.145236000M TPS
Server 61: 0.144731000M TPS
Server 62: 0.146462000M TPS
Server 63: 0.146924000M TPS
Total tps: 9.273711000M
