./ycsb -s 64 -d 100 -b 1 -i 1000000 -o 10 -t 64000000 -w 100
 # clients:    1
 # servers:    64
 Key range:    0..2^29
 Write ratio:  100
 Total #recs: 64000000 
 Iterations:   1000000
Assinging core 0 to srv 0
Assinging core 4 to srv 1
Assinging core 8 to srv 2
Assinging core 12 to srv 3
Assinging core 16 to srv 4
Assinging core 20 to srv 5
srv 1 load time 0.000
srv 1 rec count: 0 partition sz 0-KB tx count: 1000000, per_txn_op cnt: 10
srv 2 load time 0.000
srv 2 rec count: 0 partition sz 0-KB tx count: 1000000, per_txn_op cnt: 10
srv (0): Loading stock..
srv 5 load time 0.000
srv 5 rec count: 0 partition sz 0-KB tx count: 1000000, per_txn_op cnt: 10
srv 4 load time 0.000
srv 4 rec count: 0 partition sz 0-KB tx count: 1000000, per_txn_op cnt: 10
Assinging core 24 to srv 6
srv 3 load time 0.000
srv 3 rec count: 0 partition sz 0-KB tx count: 1000000, per_txn_op cnt: 10
Assinging core 28 to srv 7
srv 6 load time 0.000
srv 6 rec count: 0 partition sz 0-KB tx count: 1000000, per_txn_op cnt: 10
Assinging core 32 to srv 8
Assinging core 36 to srv 9
Assinging core 40 to srv 10
Assinging core 44 to srv 11
srv 7 load time 0.000
srv 7 rec count: 0 partition sz 0-KB tx count: 1000000, per_txn_op cnt: 10
srv 8 load time 0.000
srv 8 rec count: 0 partition sz 0-KB tx count: 1000000, per_txn_op cnt: 10
Assinging core 48 to srv 12
srv 10 load time 0.000
Assinging core 52 to srv 13
srv 10 rec count: 0 partition sz 0-KB tx count: 1000000, per_txn_op cnt: 10
srv 9 load time 0.000
srv 9 rec count: 0 partition sz 0-KB tx count: 1000000, per_txn_op cnt: 10
srv 11 load time 0.000
srv 12 load time 0.000
srv 12 rec count: 0 partition sz 0-KB tx count: 1000000, per_txn_op cnt: 10
srv 13 load time 0.000
srv 13 rec count: 0 partition sz 0-KB tx count: 1000000, per_txn_op cnt: 10
srv 11 rec count: 0 partition sz 0-KB tx count: 1000000, per_txn_op cnt: 10
Assinging core 56 to srv 14
Assinging core 60 to srv 15
Assinging core 64 to srv 16
Assinging core 68 to srv 17
Assinging core 1 to srv 18
srv 14 load time 0.000
srv 14 rec count: 0 partition sz 0-KB tx count: 1000000, per_txn_op cnt: 10
Assinging core 5 to srv 19
srv 15 load time 0.000
srv 15 rec count: 0 partition sz 0-KB tx count: 1000000, per_txn_op cnt: 10
Assinging core 9 to srv 20
srv 17 load time 0.000
srv 17 rec count: 0 partition sz 0-KB tx count: 1000000, per_txn_op cnt: 10
srv 16 load time 0.000
srv 16 rec count: 0 partition sz 0-KB tx count: 1000000, per_txn_op cnt: 10
Assinging core 13 to srv 21
srv 18 load time 0.000
srv 18 rec count: 0 partition sz 0-KB tx count: 1000000, per_txn_op cnt: 10
srv 19 load time 0.000
srv 19 rec count: 0 partition sz 0-KB tx count: 1000000, per_txn_op cnt: 10
Assinging core 17 to srv 22
srv 20 load time 0.000
srv 20 rec count: 0 partition sz 0-KB tx count: 1000000, per_txn_op cnt: 10
srv 21 load time 0.000
srv 21 rec count: 0 partition sz 0-KB tx count: 1000000, per_txn_op cnt: 10
Assinging core 21 to srv 23
Assinging core 25 to srv 24
Assinging core 29 to srv 25
Assinging core 33 to srv 26
srv 22 load time 0.000
srv 22 rec count: 0 partition sz 0-KB tx count: 1000000, per_txn_op cnt: 10
Assinging core 37 to srv 27
srv 23 load time 0.000
srv 23 rec count: 0 partition sz 0-KB tx count: 1000000, per_txn_op cnt: 10
srv 25 load time 0.000
srv 25 rec count: 0 partition sz 0-KB tx count: 1000000, per_txn_op cnt: 10
Assinging core 41 to srv 28
srv 24 load time 0.000
srv 24 rec count: 0 partition sz 0-KB tx count: 1000000, per_txn_op cnt: 10
Assinging core 45 to srv 29
srv 26 load time 0.000
srv 26 rec count: 0 partition sz 0-KB tx count: 1000000, per_txn_op cnt: 10
srv 27 load time 0.000
srv 27 rec count: 0 partition sz 0-KB tx count: 1000000, per_txn_op cnt: 10
srv 28 load time 0.000
srv 28 rec count: 0 partition sz 0-KB tx count: 1000000, per_txn_op cnt: 10
Assinging core 49 to srv 30
Assinging core 53 to srv 31
Assinging core 57 to srv 32
Assinging core 61 to srv 33
srv 29 load time 0.000
srv 29 rec count: 0 partition sz 0-KB tx count: 1000000, per_txn_op cnt: 10
srv 30 load time 0.000
srv 30 rec count: 0 partition sz 0-KB tx count: 1000000, per_txn_op cnt: 10
Assinging core 65 to srv 34
srv 32 load time 0.000
srv 32 rec count: 0 partition sz 0-KB tx count: 1000000, per_txn_op cnt: 10
Assinging core 69 to srv 35
srv 33 load time 0.000
srv 33 rec count: 0 partition sz 0-KB tx count: 1000000, per_txn_op cnt: 10
srv 31 load time 0.000
srv 31 rec count: 0 partition sz 0-KB tx count: 1000000, per_txn_op cnt: 10
srv 34 load time 0.000
srv 34 rec count: 0 partition sz 0-KB tx count: 1000000, per_txn_op cnt: 10
Assinging core 2 to srv 36
Assinging core 6 to srv 37
Assinging core 10 to srv 38
srv 37 load time 0.000
srv 37 rec count: 0 partition sz 0-KB tx count: 1000000, per_txn_op cnt: 10
srv 35 load time 0.000
srv 36 load time 0.000
Assinging core 14 to srv 39
srv 36 rec count: 0 partition sz 0-KB tx count: 1000000, per_txn_op cnt: 10
srv 35 rec count: 0 partition sz 0-KB tx count: 1000000, per_txn_op cnt: 10
srv 38 load time 0.000
srv 38 rec count: 0 partition sz 0-KB tx count: 1000000, per_txn_op cnt: 10
Assinging core 18 to srv 40
Assinging core 22 to srv 41
srv 39 load time 0.000
srv 39 rec count: 0 partition sz 0-KB tx count: 1000000, per_txn_op cnt: 10
srv 40 load time 0.000
srv 40 rec count: 0 partition sz 0-KB tx count: 1000000, per_txn_op cnt: 10
Assinging core 26 to srv 42
Assinging core 30 to srv 43
Assinging core 34 to srv 44
Assinging core 38 to srv 45
srv 41 load time 0.000
srv 41 rec count: 0 partition sz 0-KB tx count: 1000000, per_txn_op cnt: 10
Assinging core 42 to srv 46
srv 43 load time 0.000
srv 43 rec count: 0 partition sz 0-KB tx count: 1000000, per_txn_op cnt: 10
srv 42 load time 0.000
srv 42 rec count: 0 partition sz 0-KB tx count: 1000000, per_txn_op cnt: 10
Assinging core 46 to srv 47
srv 44 load time 0.000
srv 44 rec count: 0 partition sz 0-KB tx count: 1000000, per_txn_op cnt: 10
Assinging core 50 to srv 48
srv 45 load time 0.000
srv 45 rec count: 0 partition sz 0-KB tx count: 1000000, per_txn_op cnt: 10
srv 46 load time 0.000
srv 46 rec count: 0 partition sz 0-KB tx count: 1000000, per_txn_op cnt: 10
Assinging core 54 to srv 49
srv 47 load time 0.000
srv 47 rec count: 0 partition sz 0-KB tx count: 1000000, per_txn_op cnt: 10
srv 48 load time 0.000
srv 48 rec count: 0 partition sz 0-KB tx count: 1000000, per_txn_op cnt: 10
Assinging core 58 to srv 50
Assinging core 62 to srv 51
Assinging core 66 to srv 52
Assinging core 70 to srv 53
srv 49 load time 0.000
srv 49 rec count: 0 partition sz 0-KB tx count: 1000000, per_txn_op cnt: 10
Assinging core 3 to srv 54
srv 50 load time 0.000
srv 50 rec count: 0 partition sz 0-KB tx count: 1000000, per_txn_op cnt: 10
Assinging core 7 to srv 55
srv 52 load time 0.000
srv 52 rec count: 0 partition sz 0-KB tx count: 1000000, per_txn_op cnt: 10
srv 51 load time 0.000
srv 51 rec count: 0 partition sz 0-KB tx count: 1000000, per_txn_op cnt: 10
Assinging core 11 to srv 56
srv 53 load time 0.000
srv 53 rec count: 0 partition sz 0-KB tx count: 1000000, per_txn_op cnt: 10
Assinging core 15 to srv 57
srv 55 load time 0.000
srv 55 rec count: 0 partition sz 0-KB tx count: 1000000, per_txn_op cnt: 10
srv 54 load time 0.000
srv 54 rec count: 0 partition sz 0-KB tx count: 1000000, per_txn_op cnt: 10
srv 56 load time 0.000
srv 56 rec count: 0 partition sz 0-KB tx count: 1000000, per_txn_op cnt: 10
Assinging core 19 to srv 58
Assinging core 23 to srv 59
Assinging core 27 to srv 60
srv 58 load time 0.000
srv 58 rec count: 0 partition sz 0-KB tx count: 1000000, per_txn_op cnt: 10
srv 57 load time 0.000
srv 57 rec count: 0 partition sz 0-KB tx count: 1000000, per_txn_op cnt: 10
Assinging core 31 to srv 61
srv 59 load time 0.000
srv 59 rec count: 0 partition sz 0-KB tx count: 1000000, per_txn_op cnt: 10
Assinging core 35 to srv 62
srv 60 load time 0.000
srv 60 rec count: 0 partition sz 0-KB tx count: 1000000, per_txn_op cnt: 10
Assinging core 39 to srv 63
srv 61 load time 0.000
srv 61 rec count: 0 partition sz 0-KB tx count: 1000000, per_txn_op cnt: 10
srv 62 load time 0.000
srv 62 rec count: 0 partition sz 0-KB tx count: 1000000, per_txn_op cnt: 10
srv 63 load time 0.000
srv 63 rec count: 0 partition sz 0-KB tx count: 1000000, per_txn_op cnt: 10
srv (0): Loading history..
srv (0): Loading customer..
srv (0): Loading order..
srv (0): Loading item..
srv (0): Loading wh..
srv (0): Loading district..
srv (0): Loading stock..
srv (0): Loading history..
srv (0): Loading customer..
srv (0): Loading order..
srv (0): Loading wh..
srv (0): Loading district..
srv (0): Loading stock..
srv (0): Loading history..
srv (0): Loading customer..
srv (0): Loading order..
srv (0): Loading wh..
srv (0): Loading district..
srv (0): Loading stock..
srv (0): Loading history..
srv (0): Loading customer..
srv (0): Loading order..
srv (0): Loading wh..
srv (0): Loading district..
srv (0): Loading stock..
srv (0): Loading history..
srv (0): Loading customer..
srv (0): Loading order..
srv (0): Loading wh..
srv (0): Loading district..
srv (0): Loading stock..
srv (0): Loading history..
srv (0): Loading customer..
srv (0): Loading order..
srv (0): Loading wh..
srv (0): Loading district..
srv (0): Loading stock..
srv (0): Loading history..
srv (0): Loading customer..
srv (0): Loading order..
srv (0): Loading wh..
srv (0): Loading district..
srv (0): Loading stock..
srv (0): Loading history..
srv (0): Loading customer..
srv (0): Loading order..
srv (0): Loading wh..
srv (0): Loading district..
srv (0): Loading stock..
srv (0): Loading history..
srv (0): Loading customer..
srv (0): Loading order..
srv (0): Loading wh..
srv (0): Loading district..
srv (0): Loading stock..
srv (0): Loading history..
srv (0): Loading customer..
srv (0): Loading order..
srv (0): Loading wh..
srv (0): Loading district..
srv (0): Loading stock..
srv (0): Loading history..
srv (0): Loading customer..
srv (0): Loading order..
srv (0): Loading wh..
srv (0): Loading district..
srv (0): Loading stock..
srv (0): Loading history..
srv (0): Loading customer..
srv (0): Loading order..
srv (0): Loading wh..
srv (0): Loading district..
srv (0): Loading stock..
srv (0): Loading history..
srv (0): Loading customer..
srv (0): Loading order..
srv (0): Loading wh..
srv (0): Loading district..
srv (0): Loading stock..
srv (0): Loading history..
srv (0): Loading customer..
srv (0): Loading order..
srv (0): Loading wh..
srv (0): Loading district..
srv (0): Loading stock..
srv (0): Loading history..
srv (0): Loading customer..
srv (0): Loading order..
srv (0): Loading wh..
srv (0): Loading district..
srv (0): Loading stock..
srv (0): Loading history..
srv (0): Loading customer..
srv (0): Loading order..
srv (0): Loading wh..
srv (0): Loading district..
srv (0): Loading stock..
srv (0): Loading history..
srv (0): Loading customer..
srv (0): Loading order..
srv (0): Loading wh..
srv (0): Loading district..
srv (0): Loading stock..
srv (0): Loading history..
srv (0): Loading customer..
srv (0): Loading order..
srv (0): Loading wh..
srv (0): Loading district..
srv (0): Loading stock..
srv (0): Loading history..
srv (0): Loading customer..
srv (0): Loading order..
srv (0): Loading wh..
srv (0): Loading district..
srv (0): Loading stock..
srv (0): Loading history..
srv (0): Loading customer..
srv (0): Loading order..
srv (0): Loading wh..
srv (0): Loading district..
srv (0): Loading stock..
srv (0): Loading history..
srv (0): Loading customer..
srv (0): Loading order..
srv (0): Loading wh..
srv (0): Loading district..
srv (0): Loading stock..
srv (0): Loading history..
srv (0): Loading customer..
srv (0): Loading order..
srv (0): Loading wh..
srv (0): Loading district..
srv (0): Loading stock..
srv (0): Loading history..
srv (0): Loading customer..
srv (0): Loading order..
srv (0): Loading wh..
srv (0): Loading district..
srv (0): Loading stock..
srv (0): Loading history..
srv (0): Loading customer..
srv (0): Loading order..
srv (0): Loading wh..
srv (0): Loading district..
srv (0): Loading stock..
srv (0): Loading history..
srv (0): Loading customer..
srv (0): Loading order..
srv (0): Loading wh..
srv (0): Loading district..
srv (0): Loading stock..
srv (0): Loading history..
srv (0): Loading customer..
srv (0): Loading order..
srv (0): Loading wh..
srv (0): Loading district..
srv (0): Loading stock..
srv (0): Loading history..
srv (0): Loading customer..
srv (0): Loading order..
srv (0): Loading wh..
srv (0): Loading district..
srv (0): Loading stock..
srv (0): Loading history..
srv (0): Loading customer..
srv (0): Loading order..
srv (0): Loading wh..
srv (0): Loading district..
srv (0): Loading stock..
srv (0): Loading history..
srv (0): Loading customer..
srv (0): Loading order..
srv (0): Loading wh..
srv (0): Loading district..
srv (0): Loading stock..
srv (0): Loading history..
srv (0): Loading customer..
srv (0): Loading order..
srv (0): Loading wh..
srv (0): Loading district..
srv (0): Loading stock..
srv (0): Loading history..
srv (0): Loading customer..
srv (0): Loading order..
srv (0): Loading wh..
srv (0): Loading district..
srv (0): Loading stock..
srv (0): Loading history..
srv (0): Loading customer..
srv (0): Loading order..
srv (0): Loading wh..
srv (0): Loading district..
srv (0): Loading stock..
srv (0): Loading history..
srv (0): Loading customer..
srv (0): Loading order..
srv (0): Loading wh..
srv (0): Loading district..
srv (0): Loading stock..
srv (0): Loading history..
srv (0): Loading customer..
srv (0): Loading order..
srv (0): Loading wh..
srv (0): Loading district..
srv (0): Loading stock..
srv (0): Loading history..
srv (0): Loading customer..
srv (0): Loading order..
srv (0): Loading wh..
srv (0): Loading district..
srv (0): Loading stock..
srv (0): Loading history..
srv (0): Loading customer..
srv (0): Loading order..
srv (0): Loading wh..
srv (0): Loading district..
srv (0): Loading stock..
srv (0): Loading history..
srv (0): Loading customer..
srv (0): Loading order..
srv (0): Loading wh..
srv (0): Loading district..
srv (0): Loading stock..
srv (0): Loading history..
srv (0): Loading customer..
srv (0): Loading order..
srv (0): Loading wh..
srv (0): Loading district..
srv (0): Loading stock..
srv (0): Loading history..
srv (0): Loading customer..
srv (0): Loading order..
srv (0): Loading wh..
srv (0): Loading district..
srv (0): Loading stock..
srv (0): Loading history..
srv (0): Loading customer..
srv (0): Loading order..
srv (0): Loading wh..
srv (0): Loading district..
srv (0): Loading stock..
srv (0): Loading history..
srv (0): Loading customer..
srv (0): Loading order..
srv (0): Loading wh..
srv (0): Loading district..
srv (0): Loading stock..
srv (0): Loading history..
srv (0): Loading customer..
srv (0): Loading order..
srv (0): Loading wh..
srv (0): Loading district..
srv (0): Loading stock..
srv (0): Loading history..
srv (0): Loading customer..
srv (0): Loading order..
srv (0): Loading wh..
srv (0): Loading district..
srv (0): Loading stock..
srv (0): Loading history..
srv (0): Loading customer..
srv (0): Loading order..
srv (0): Loading wh..
srv (0): Loading district..
srv (0): Loading stock..
srv (0): Loading history..
srv (0): Loading customer..
srv (0): Loading order..
srv (0): Loading wh..
srv (0): Loading district..
srv (0): Loading stock..
srv (0): Loading history..
srv (0): Loading customer..
srv (0): Loading order..
srv (0): Loading wh..
srv (0): Loading district..
srv (0): Loading stock..
srv (0): Loading history..
srv (0): Loading customer..
srv (0): Loading order..
srv (0): Loading wh..
srv (0): Loading district..
srv (0): Loading stock..
srv (0): Loading history..
srv (0): Loading customer..
srv (0): Loading order..
srv (0): Loading wh..
srv (0): Loading district..
srv (0): Loading stock..
srv (0): Loading history..
srv (0): Loading customer..
srv (0): Loading order..
srv (0): Loading wh..
srv (0): Loading district..
srv (0): Loading stock..
srv (0): Loading history..
srv (0): Loading customer..
srv (0): Loading order..
srv (0): Loading wh..
srv (0): Loading district..
srv (0): Loading stock..
srv (0): Loading history..
srv (0): Loading customer..
srv (0): Loading order..
srv (0): Loading wh..
srv (0): Loading district..
srv (0): Loading stock..
srv (0): Loading history..
srv (0): Loading customer..
srv (0): Loading order..
srv (0): Loading wh..
srv (0): Loading district..
srv (0): Loading stock..
srv (0): Loading history..
srv (0): Loading customer..
srv (0): Loading order..
srv (0): Loading wh..
srv (0): Loading district..
srv (0): Loading stock..
srv (0): Loading history..
srv (0): Loading customer..
srv (0): Loading order..
srv (0): Loading wh..
srv (0): Loading district..
srv (0): Loading stock..
srv (0): Loading history..
srv (0): Loading customer..
srv (0): Loading order..
srv (0): Loading wh..
srv (0): Loading district..
srv (0): Loading stock..
srv (0): Loading history..
srv (0): Loading customer..
srv (0): Loading order..
srv (0): Loading wh..
srv (0): Loading district..
srv (0): Loading stock..
srv (0): Loading history..
srv (0): Loading customer..
srv (0): Loading order..
srv (0): Loading wh..
srv (0): Loading district..
srv (0): Loading stock..
srv (0): Loading history..
srv (0): Loading customer..
srv (0): Loading order..
srv (0): Loading wh..
srv (0): Loading district..
srv (0): Loading stock..
srv (0): Loading history..
srv (0): Loading customer..
srv (0): Loading order..
srv (0): Loading wh..
srv (0): Loading district..
srv (0): Loading stock..
srv (0): Loading history..
srv (0): Loading customer..
srv (0): Loading order..
srv (0): Loading wh..
srv (0): Loading district..
srv (0): Loading stock..
srv (0): Loading history..
srv (0): Loading customer..
srv (0): Loading order..
srv (0): Loading wh..
srv (0): Loading district..
srv (0): Loading stock..
srv (0): Loading history..
srv (0): Loading customer..
srv (0): Loading order..
srv (0): Loading wh..
srv (0): Loading district..
srv (0): Loading stock..
srv (0): Loading history..
srv (0): Loading customer..
srv (0): Loading order..
srv (0): Loading wh..
srv (0): Loading district..
srv (0): Loading stock..
srv (0): Loading history..
srv (0): Loading customer..
srv (0): Loading order..
srv (0): Loading wh..
srv (0): Loading district..
srv 0 load time 32.865
srv 0 rec count: 32552816 partition sz 9661499-KB tx count: 1000000, per_txn_op cnt: 10
srv 0 starting txns
srv 62 starting txns
srv 60 starting txns
srv 63 starting txns
srv 13 starting txns
srv 2 starting txns
srv 6 starting txns
srv 36 starting txns
srv 12 starting txns
srv 14 starting txns
srv 9 starting txns
srv 3 starting txns
srv 15 starting txns
srv 11 starting txns
srv 61 starting txns
srv 8 starting txns
srv 10 starting txns
srv 1 starting txns
srv 54 starting txns
srv 16 starting txns
srv 33 starting txns
srv 7 starting txns
srv 57 starting txns
srv 17 starting txns
srv 5 starting txns
srv 34 starting txns
srv 32 starting txns
srv 50 starting txns
srv 56 starting txns
srv 59 starting txns
srv 44 starting txns
srv 51 starting txns
srv 46 starting txns
srv 31 starting txns
srv 29 starting txns
srv 20 starting txns
srv 55 starting txns
srv 42 starting txns
srv 40 starting txns
srv 48 starting txns
srv 4 starting txns
srv 45 starting txns
srv 26 starting txns
srv 24 starting txns
srv 43 starting txns
srv 47 starting txns
srv 38 starting txns
srv 52 starting txns
srv 58 starting txns
srv 37 starting txns
srv 39 starting txns
srv 28 starting txns
srv 23 starting txns
srv 41 starting txns
srv 22 starting txns
srv 19 starting txns
srv 35 starting txns
srv 21 starting txns
srv 25 starting txns
srv 18 starting txns
srv 53 starting txns
srv 49 starting txns
srv 30 starting txns
srv 27 starting txns
srv 54 query time 22.156
srv 55 query time 22.324
srv 42 query time 22.390
srv 43 query time 22.815
srv 63 query time 22.938
srv 62 query time 23.303
srv 56 query time 23.349
srv 39 query time 23.438
srv 46 query time 23.443
srv 45 query time 23.526
srv 61 query time 23.774
srv 40 query time 23.846
srv 38 query time 23.891
srv 58 query time 23.918
srv 57 query time 23.920
srv 60 query time 24.019
srv 37 query time 24.263
srv 59 query time 24.283
srv 47 query time 24.477
srv 52 query time 24.533
srv 44 query time 24.674
srv 53 query time 24.816
srv 36 query time 24.981
srv 41 query time 25.024
srv 51 query time 25.054
srv 50 query time 25.057
srv 34 query time 25.091
srv 33 query time 25.123
srv 35 query time 25.182
srv 49 query time 25.364
srv 48 query time 25.361
srv 19 query time 25.395
srv 27 query time 25.543
srv 21 query time 25.623
srv 20 query time 25.661
srv 31 query time 25.680
srv 29 query time 25.813
srv 18 query time 25.826
srv 30 query time 25.846
srv 32 query time 25.916
srv 22 query time 26.061
srv 28 query time 26.091
srv 26 query time 26.143
srv 23 query time 26.288
srv 25 query time 26.581
srv 24 query time 26.631
srv 7 query time 26.725
srv 6 query time 26.819
srv 3 query time 26.834
srv 8 query time 26.867
srv 10 query time 26.976
srv 9 query time 27.016
srv 2 query time 27.052
srv 1 query time 27.117
srv 14 query time 27.127
srv 15 query time 27.200
srv 5 query time 27.195
srv 13 query time 27.212
srv 12 query time 27.218
srv 4 query time 27.225
srv 17 query time 27.284
srv 16 query time 27.376
srv 11 query time 27.470
srv 0 query time 27.530
srv 0 quitting 
srv 48 quitting 
srv 28 quitting 
srv 10 quitting 
srv 19 quitting 
srv 23 quitting 
srv 42 quitting 
srv 12 quitting 
srv 36 quitting 
srv 25 quitting 
srv 1 quitting 
srv 62 quitting 
srv 6 quitting 
srv 57 quitting 
srv 8 quitting 
srv 61 quitting 
srv 32 quitting 
srv 14 quitting 
srv 18 quitting 
srv 27 quitting 
srv 31 quitting 
srv 5 quitting 
srv 20 quitting 
srv 34 quitting 
srv 4 quitting 
srv 59 quitting 
srv 22 quitting 
srv 13 quitting 
srv 29 quitting 
srv 52 quitting 
srv 15 quitting 
srv 17 quitting 
srv 26 quitting 
srv 7 quitting 
Server 28 verifying consistency..
srv 30 quitting 
srv 33 quitting 
Server 57 verifying consistency..
Server 32 verifying consistency..
srv 44 quitting 
srv 56 quitting 
srv 63 quitting 
srv 38 quitting 
srv 2 quitting 
srv 49 quitting 
Server 52 verifying consistency..
Server 48 verifying consistency..
srv 47 quitting 
Server 10 verifying consistency..
srv 58 quitting 
Server 42 verifying consistency..
srv 54 quitting 
srv 21 quitting 
Server 1 verifying consistency..
srv 43 quitting 
srv 60 quitting 
srv 50 quitting 
srv 40 quitting 
Server 14 verifying consistency..
srv 37 quitting 
Server 27 verifying consistency..
Server 5 verifying consistency..
srv 41 quitting 
srv 45 quitting 
Server 59 verifying consistency..
Server 13 verifying consistency..
srv 53 quitting 
Server 15 verifying consistency..
Server 23 verifying consistency..
srv 16 quitting 
Server 0 verifying consistency..
Server 6 verifying consistency..
srv 11 quitting 
Server 8 verifying consistency..
Server 62 verifying consistency..
srv 39 quitting 
srv 51 quitting 
Server 63 verifying consistency..
srv 24 quitting 
Server 34 verifying consistency..
Server 49 verifying consistency..
srv 9 quitting 
srv 35 quitting 
Server 7 verifying consistency..
Server 19 verifying consistency..
Server 12 verifying consistency..
Server 36 verifying consistency..
Server 56 verifying consistency..
Server 61 verifying consistency..
Server 41 verifying consistency..
Server 4 verifying consistency..
srv 3 quitting 
Server 35 verifying consistency..
srv 55 quitting 
Server 47 verifying consistency..
Server 58 verifying consistency..
Server 16 verifying consistency..
Server 54 verifying consistency..
Server 33 verifying consistency..
Server 21 verifying consistency..
Server 30 verifying consistency..
Server 50 verifying consistency..
Server 11 verifying consistency..
Server 60 verifying consistency..
Server 37 verifying consistency..
Server 39 verifying consistency..
Server 18 verifying consistency..
Server 20 verifying consistency..
Server 53 verifying consistency..
Server 22 verifying consistency..
Server 17 verifying consistency..
Server 24 verifying consistency..
Server 31 verifying consistency..
Server 3 verifying consistency..
Server 29 verifying consistency..
Server 25 verifying consistency..
srv 46 quitting 
Server 26 verifying consistency..
Server 2 verifying consistency..
Server 51 verifying consistency..
Server 38 verifying consistency..
Server 9 verifying consistency..
Server 55 verifying consistency..
Server 46 verifying consistency..
Server 44 verifying consistency..
Server 45 verifying consistency..
Server 40 verifying consistency..
Server 43 verifying consistency..
srv 0 commits 1000000
srv 1 commits 1000000
srv 2 commits 1000000
srv 3 commits 1000000
srv 4 commits 1000000
srv 5 commits 1000000
srv 6 commits 1000000
srv 7 commits 1000000
srv 8 commits 1000000
srv 9 commits 1000000
srv 10 commits 1000000
srv 11 commits 1000000
srv 12 commits 1000000
srv 13 commits 1000000
srv 14 commits 1000000
srv 15 commits 1000000
srv 16 commits 1000000
srv 17 commits 1000000
srv 18 commits 1000000
srv 19 commits 1000000
srv 20 commits 1000000
srv 21 commits 1000000
srv 22 commits 1000000
srv 23 commits 1000000
srv 24 commits 1000000
srv 25 commits 1000000
srv 26 commits 1000000
srv 27 commits 1000000
srv 28 commits 1000000
srv 29 commits 1000000
srv 30 commits 1000000
srv 31 commits 1000000
srv 32 commits 1000000
srv 33 commits 1000000
srv 34 commits 1000000
srv 35 commits 1000000
srv 36 commits 1000000
srv 37 commits 1000000
srv 38 commits 1000000
srv 39 commits 1000000
srv 40 commits 1000000
srv 41 commits 1000000
srv 42 commits 1000000
srv 43 commits 1000000
srv 44 commits 1000000
srv 45 commits 1000000
srv 46 commits 1000000
srv 47 commits 1000000
srv 48 commits 1000000
srv 49 commits 1000000
srv 50 commits 1000000
srv 51 commits 1000000
srv 52 commits 1000000
srv 53 commits 1000000
srv 54 commits 1000000
srv 55 commits 1000000
srv 56 commits 1000000
srv 57 commits 1000000
srv 58 commits 1000000
srv 59 commits 1000000
srv 60 commits 1000000
srv 61 commits 1000000
srv 62 commits 1000000
srv 63 commits 1000000
total commits 64000000
== results ==
Server 0: 0.036323000M TPS
Server 1: 0.036877000M TPS
Server 2: 0.036965000M TPS
Server 3: 0.037266000M TPS
Server 4: 0.036731000M TPS
Server 5: 0.036771000M TPS
Server 6: 0.037287000M TPS
Server 7: 0.037418000M TPS
Server 8: 0.037219000M TPS
Server 9: 0.037014000M TPS
Server 10: 0.037069000M TPS
Server 11: 0.036404000M TPS
Server 12: 0.036740000M TPS
Server 13: 0.036748000M TPS
Server 14: 0.036862000M TPS
Server 15: 0.036765000M TPS
Server 16: 0.036528000M TPS
Server 17: 0.036651000M TPS
Server 18: 0.038720000M TPS
Server 19: 0.039377000M TPS
Server 20: 0.038970000M TPS
Server 21: 0.039027000M TPS
Server 22: 0.038371000M TPS
Server 23: 0.038039000M TPS
Server 24: 0.037550000M TPS
Server 25: 0.037621000M TPS
Server 26: 0.038251000M TPS
Server 27: 0.039150000M TPS
Server 28: 0.038327000M TPS
Server 29: 0.038740000M TPS
Server 30: 0.038690000M TPS
Server 31: 0.038940000M TPS
Server 32: 0.038586000M TPS
Server 33: 0.039804000M TPS
Server 34: 0.039854000M TPS
Server 35: 0.039710000M TPS
Server 36: 0.040029000M TPS
Server 37: 0.041214000M TPS
Server 38: 0.041857000M TPS
Server 39: 0.042665000M TPS
Server 40: 0.041936000M TPS
Server 41: 0.039961000M TPS
Server 42: 0.044663000M TPS
Server 43: 0.043830000M TPS
Server 44: 0.040527000M TPS
Server 45: 0.042505000M TPS
Server 46: 0.042656000M TPS
Server 47: 0.040854000M TPS
Server 48: 0.039430000M TPS
Server 49: 0.039426000M TPS
Server 50: 0.039909000M TPS
Server 51: 0.039913000M TPS
Server 52: 0.040761000M TPS
Server 53: 0.040295000M TPS
Server 54: 0.045134000M TPS
Server 55: 0.044794000M TPS
Server 56: 0.042828000M TPS
Server 57: 0.041806000M TPS
Server 58: 0.041808000M TPS
Server 59: 0.041181000M TPS
Server 60: 0.041633000M TPS
Server 61: 0.042062000M TPS
Server 62: 0.042912000M TPS
Server 63: 0.043596000M TPS
Total tps: 2.531550000M
./ycsb -s 32 -d 100 -b 1 -i 1000000 -o 10 -t 64000000 -w 100
 # clients:    1
 # servers:    32
 Key range:    0..2^29
 Write ratio:  100
 Total #recs: 64000000 
 Iterations:   1000000
Assinging core 0 to srv 0
Assinging core 4 to srv 1
Assinging core 8 to srv 2
Assinging core 12 to srv 3
Assinging core 16 to srv 4
Assinging core 20 to srv 5
srv 1 load time 0.000
srv 3 load time 0.000
Assinging core 24 to srv 6
srv 3 rec count: 0 partition sz 0-KB tx count: 1000000, per_txn_op cnt: 10
srv (0): Loading stock..
srv 2 load time 0.000
srv 1 rec count: 0 partition sz 0-KB tx count: 1000000, per_txn_op cnt: 10
srv 4 load time 0.000
srv 5 load time 0.000
srv 5 rec count: 0 partition sz 0-KB tx count: 1000000, per_txn_op cnt: 10
srv 2 rec count: 0 partition sz 0-KB tx count: 1000000, per_txn_op cnt: 10
srv 4 rec count: 0 partition sz 0-KB tx count: 1000000, per_txn_op cnt: 10
srv 6 load time 0.000
srv 6 rec count: 0 partition sz 0-KB tx count: 1000000, per_txn_op cnt: 10
Assinging core 28 to srv 7
Assinging core 32 to srv 8
Assinging core 36 to srv 9
srv 7 load time 0.000
srv 7 rec count: 0 partition sz 0-KB tx count: 1000000, per_txn_op cnt: 10
srv 8 load time 0.000
srv 8 rec count: 0 partition sz 0-KB tx count: 1000000, per_txn_op cnt: 10
Assinging core 40 to srv 10
Assinging core 44 to srv 11
Assinging core 48 to srv 12
srv 9 load time 0.000
srv 9 rec count: 0 partition sz 0-KB tx count: 1000000, per_txn_op cnt: 10
Assinging core 52 to srv 13
srv 10 load time 0.000
srv 10 rec count: 0 partition sz 0-KB tx count: 1000000, per_txn_op cnt: 10
srv 11 load time 0.000
srv 11 rec count: 0 partition sz 0-KB tx count: 1000000, per_txn_op cnt: 10
srv 12 load time 0.000
srv 12 rec count: 0 partition sz 0-KB tx count: 1000000, per_txn_op cnt: 10
Assinging core 56 to srv 14
Assinging core 60 to srv 15
Assinging core 64 to srv 16
srv 13 load time 0.000
srv 13 rec count: 0 partition sz 0-KB tx count: 1000000, per_txn_op cnt: 10
Assinging core 68 to srv 17
srv 15 load time 0.000
srv 15 rec count: 0 partition sz 0-KB tx count: 1000000, per_txn_op cnt: 10
srv 14 load time 0.000
srv 14 rec count: 0 partition sz 0-KB tx count: 1000000, per_txn_op cnt: 10
srv 16 load time 0.000
srv 16 rec count: 0 partition sz 0-KB tx count: 1000000, per_txn_op cnt: 10
Assinging core 1 to srv 18
srv 17 load time 0.000
srv 17 rec count: 0 partition sz 0-KB tx count: 1000000, per_txn_op cnt: 10
Assinging core 5 to srv 19
srv 18 load time 0.000
srv 18 rec count: 0 partition sz 0-KB tx count: 1000000, per_txn_op cnt: 10
Assinging core 9 to srv 20
Assinging core 13 to srv 21
srv 19 load time 0.000
srv 19 rec count: 0 partition sz 0-KB tx count: 1000000, per_txn_op cnt: 10
srv 20 load time 0.000
srv 20 rec count: 0 partition sz 0-KB tx count: 1000000, per_txn_op cnt: 10
Assinging core 17 to srv 22
Assinging core 21 to srv 23
Assinging core 25 to srv 24
srv 21 load time 0.000
srv 21 rec count: 0 partition sz 0-KB tx count: 1000000, per_txn_op cnt: 10
Assinging core 29 to srv 25
srv 22 load time 0.000
srv 22 rec count: 0 partition sz 0-KB tx count: 1000000, per_txn_op cnt: 10
srv 23 load time 0.000
srv 23 rec count: 0 partition sz 0-KB tx count: 1000000, per_txn_op cnt: 10
srv 24 load time 0.000
srv 24 rec count: 0 partition sz 0-KB tx count: 1000000, per_txn_op cnt: 10
Assinging core 33 to srv 26
Assinging core 37 to srv 27
srv 25 load time 0.000
srv 25 rec count: 0 partition sz 0-KB tx count: 1000000, per_txn_op cnt: 10
Assinging core 41 to srv 28
srv 26 load time 0.000
srv 26 rec count: 0 partition sz 0-KB tx count: 1000000, per_txn_op cnt: 10
Assinging core 45 to srv 29
srv 27 load time 0.000
srv 27 rec count: 0 partition sz 0-KB tx count: 1000000, per_txn_op cnt: 10
srv 28 load time 0.000
srv 28 rec count: 0 partition sz 0-KB tx count: 1000000, per_txn_op cnt: 10
Assinging core 49 to srv 30
Assinging core 53 to srv 31
srv 29 load time 0.000
srv 29 rec count: 0 partition sz 0-KB tx count: 1000000, per_txn_op cnt: 10
srv 31 load time 0.000
srv 31 rec count: 0 partition sz 0-KB tx count: 1000000, per_txn_op cnt: 10
srv 30 load time 0.000
srv 30 rec count: 0 partition sz 0-KB tx count: 1000000, per_txn_op cnt: 10
srv (0): Loading history..
srv (0): Loading customer..
srv (0): Loading order..
srv (0): Loading item..
srv (0): Loading wh..
srv (0): Loading district..
srv (0): Loading stock..
srv (0): Loading history..
srv (0): Loading customer..
srv (0): Loading order..
srv (0): Loading wh..
srv (0): Loading district..
srv (0): Loading stock..
srv (0): Loading history..
srv (0): Loading customer..
srv (0): Loading order..
srv (0): Loading wh..
srv (0): Loading district..
srv (0): Loading stock..
srv (0): Loading history..
srv (0): Loading customer..
srv (0): Loading order..
srv (0): Loading wh..
srv (0): Loading district..
srv (0): Loading stock..
srv (0): Loading history..
srv (0): Loading customer..
srv (0): Loading order..
srv (0): Loading wh..
srv (0): Loading district..
srv (0): Loading stock..
srv (0): Loading history..
srv (0): Loading customer..
srv (0): Loading order..
srv (0): Loading wh..
srv (0): Loading district..
srv (0): Loading stock..
srv (0): Loading history..
srv (0): Loading customer..
srv (0): Loading order..
srv (0): Loading wh..
srv (0): Loading district..
srv (0): Loading stock..
srv (0): Loading history..
srv (0): Loading customer..
srv (0): Loading order..
srv (0): Loading wh..
srv (0): Loading district..
srv (0): Loading stock..
srv (0): Loading history..
srv (0): Loading customer..
srv (0): Loading order..
srv (0): Loading wh..
srv (0): Loading district..
srv (0): Loading stock..
srv (0): Loading history..
srv (0): Loading customer..
srv (0): Loading order..
srv (0): Loading wh..
srv (0): Loading district..
srv (0): Loading stock..
srv (0): Loading history..
srv (0): Loading customer..
srv (0): Loading order..
srv (0): Loading wh..
srv (0): Loading district..
srv (0): Loading stock..
srv (0): Loading history..
srv (0): Loading customer..
srv (0): Loading order..
srv (0): Loading wh..
srv (0): Loading district..
srv (0): Loading stock..
srv (0): Loading history..
srv (0): Loading customer..
srv (0): Loading order..
srv (0): Loading wh..
srv (0): Loading district..
srv (0): Loading stock..
srv (0): Loading history..
srv (0): Loading customer..
srv (0): Loading order..
srv (0): Loading wh..
srv (0): Loading district..
srv (0): Loading stock..
srv (0): Loading history..
srv (0): Loading customer..
srv (0): Loading order..
srv (0): Loading wh..
srv (0): Loading district..
srv (0): Loading stock..
srv (0): Loading history..
srv (0): Loading customer..
srv (0): Loading order..
srv (0): Loading wh..
srv (0): Loading district..
srv (0): Loading stock..
srv (0): Loading history..
srv (0): Loading customer..
srv (0): Loading order..
srv (0): Loading wh..
srv (0): Loading district..
srv (0): Loading stock..
srv (0): Loading history..
srv (0): Loading customer..
srv (0): Loading order..
srv (0): Loading wh..
srv (0): Loading district..
srv (0): Loading stock..
srv (0): Loading history..
srv (0): Loading customer..
srv (0): Loading order..
srv (0): Loading wh..
srv (0): Loading district..
srv (0): Loading stock..
srv (0): Loading history..
srv (0): Loading customer..
srv (0): Loading order..
srv (0): Loading wh..
srv (0): Loading district..
srv (0): Loading stock..
srv (0): Loading history..
srv (0): Loading customer..
srv (0): Loading order..
srv (0): Loading wh..
srv (0): Loading district..
srv (0): Loading stock..
srv (0): Loading history..
srv (0): Loading customer..
srv (0): Loading order..
srv (0): Loading wh..
srv (0): Loading district..
srv (0): Loading stock..
srv (0): Loading history..
srv (0): Loading customer..
srv (0): Loading order..
srv (0): Loading wh..
srv (0): Loading district..
srv (0): Loading stock..
srv (0): Loading history..
srv (0): Loading customer..
srv (0): Loading order..
srv (0): Loading wh..
srv (0): Loading district..
srv (0): Loading stock..
srv (0): Loading history..
srv (0): Loading customer..
srv (0): Loading order..
srv (0): Loading wh..
srv (0): Loading district..
srv (0): Loading stock..
srv (0): Loading history..
srv (0): Loading customer..
srv (0): Loading order..
srv (0): Loading wh..
srv (0): Loading district..
srv (0): Loading stock..
srv (0): Loading history..
srv (0): Loading customer..
srv (0): Loading order..
srv (0): Loading wh..
srv (0): Loading district..
srv (0): Loading stock..
srv (0): Loading history..
srv (0): Loading customer..
srv (0): Loading order..
srv (0): Loading wh..
srv (0): Loading district..
srv (0): Loading stock..
srv (0): Loading history..
srv (0): Loading customer..
srv (0): Loading order..
srv (0): Loading wh..
srv (0): Loading district..
srv (0): Loading stock..
srv (0): Loading history..
srv (0): Loading customer..
srv (0): Loading order..
srv (0): Loading wh..
srv (0): Loading district..
srv (0): Loading stock..
srv (0): Loading history..
srv (0): Loading customer..
srv (0): Loading order..
srv (0): Loading wh..
srv (0): Loading district..
srv (0): Loading stock..
srv (0): Loading history..
srv (0): Loading customer..
srv (0): Loading order..
srv (0): Loading wh..
srv (0): Loading district..
srv 0 load time 17.061
srv 0 rec count: 16274499 partition sz 4830332-KB tx count: 1000000, per_txn_op cnt: 10
srv 0 starting txns
srv 22 starting txns
srv 26 starting txns
srv 29 starting txns
srv 8 starting txns
srv 10 starting txns
srv 27 starting txns
srv 17 starting txns
srv 21 starting txns
srv 18 starting txns
srv 23 starting txns
srv 30 starting txns
srv 28 starting txns
srv 19 starting txns
srv 11 starting txns
srv 15 starting txns
srv 6 starting txns
srv 1 starting txns
srv 7 starting txns
srv 25 starting txns
srv 24 starting txns
srv 16 starting txns
srv 2 starting txns
srv 5 starting txns
srv 9 starting txns
srv 3 starting txns
srv 13 starting txns
srv 20 starting txns
srv 31 starting txns
srv 14 starting txns
srv 4 starting txns
srv 12 starting txns
srv 22 query time 18.644
srv 9 query time 19.086
srv 7 query time 19.091
srv 4 query time 19.090
srv 3 query time 19.101
srv 8 query time 19.155
srv 10 query time 19.157
srv 2 query time 19.192
srv 6 query time 19.264
srv 25 query time 19.266
srv 14 query time 19.262
srv 15 query time 19.313
srv 1 query time 19.374
srv 21 query time 19.391
srv 11 query time 19.425
srv 27 query time 19.450
srv 13 query time 19.458
srv 17 query time 19.460
srv 5 query time 19.499
srv 16 query time 19.503
srv 12 query time 19.511
srv 0 query time 19.622
srv 20 query time 19.628
srv 26 query time 20.056
srv 19 query time 20.296
srv 23 query time 20.328
srv 31 query time 20.345
srv 30 query time 20.379
srv 29 query time 20.553
srv 28 query time 20.567
srv 24 query time 20.580
srv 18 query time 20.694
srv 18 quitting 
srv 0 quitting 
srv 30 quitting 
srv 9 quitting 
srv 24 quitting 
srv 23 quitting 
srv 11 quitting 
srv 28 quitting 
srv 3 quitting 
srv 29 quitting 
srv 26 quitting 
Server 30 verifying consistency..
srv 17 quitting 
srv 16 quitting 
srv 22 quitting 
srv 5 quitting 
srv 13 quitting 
srv 6 quitting 
srv 8 quitting 
Server 23 verifying consistency..
srv 20 quitting 
srv 4 quitting 
srv 19 quitting 
Server 0 verifying consistency..
srv 2 quitting 
Server 18 verifying consistency..
srv 15 quitting 
srv 31 quitting 
Server 13 verifying consistency..
Server 9 verifying consistency..
srv 21 quitting 
srv 7 quitting 
srv 14 quitting 
Server 11 verifying consistency..
Server 4 verifying consistency..
srv 27 quitting 
srv 1 quitting 
Server 6 verifying consistency..
Server 14 verifying consistency..
srv 10 quitting 
Server 3 verifying consistency..
Server 31 verifying consistency..
Server 16 verifying consistency..
Server 29 verifying consistency..
Server 22 verifying consistency..
Server 5 verifying consistency..
srv 12 quitting 
Server 17 verifying consistency..
Server 8 verifying consistency..
Server 2 verifying consistency..
srv 25 quitting 
Server 24 verifying consistency..
Server 20 verifying consistency..
Server 12 verifying consistency..
Server 28 verifying consistency..
Server 27 verifying consistency..
Server 1 verifying consistency..
Server 15 verifying consistency..
Server 10 verifying consistency..
Server 7 verifying consistency..
Server 19 verifying consistency..
Server 26 verifying consistency..
Server 21 verifying consistency..
Server 25 verifying consistency..
srv 0 commits 1000000
srv 1 commits 1000000
srv 2 commits 1000000
srv 3 commits 1000000
srv 4 commits 1000000
srv 5 commits 1000000
srv 6 commits 1000000
srv 7 commits 1000000
srv 8 commits 1000000
srv 9 commits 1000000
srv 10 commits 1000000
srv 11 commits 1000000
srv 12 commits 1000000
srv 13 commits 1000000
srv 14 commits 1000000
srv 15 commits 1000000
srv 16 commits 1000000
srv 17 commits 1000000
srv 18 commits 1000000
srv 19 commits 1000000
srv 20 commits 1000000
srv 21 commits 1000000
srv 22 commits 1000000
srv 23 commits 1000000
srv 24 commits 1000000
srv 25 commits 1000000
srv 26 commits 1000000
srv 27 commits 1000000
srv 28 commits 1000000
srv 29 commits 1000000
srv 30 commits 1000000
srv 31 commits 1000000
total commits 32000000
== results ==
Server 0: 0.050963000M TPS
Server 1: 0.051614000M TPS
Server 2: 0.052106000M TPS
Server 3: 0.052353000M TPS
Server 4: 0.052384000M TPS
Server 5: 0.051283000M TPS
Server 6: 0.051910000M TPS
Server 7: 0.052381000M TPS
Server 8: 0.052205000M TPS
Server 9: 0.052394000M TPS
Server 10: 0.052200000M TPS
Server 11: 0.051480000M TPS
Server 12: 0.051253000M TPS
Server 13: 0.051393000M TPS
Server 14: 0.051915000M TPS
Server 15: 0.051778000M TPS
Server 16: 0.051274000M TPS
Server 17: 0.051387000M TPS
Server 18: 0.048322000M TPS
Server 19: 0.049270000M TPS
Server 20: 0.050946000M TPS
Server 21: 0.051570000M TPS
Server 22: 0.053635000M TPS
Server 23: 0.049194000M TPS
Server 24: 0.048590000M TPS
Server 25: 0.051905000M TPS
Server 26: 0.049859000M TPS
Server 27: 0.051414000M TPS
Server 28: 0.048622000M TPS
Server 29: 0.048654000M TPS
Server 30: 0.049069000M TPS
Server 31: 0.049150000M TPS
Total tps: 1.632473000M
./ycsb -s 16 -d 100 -b 1 -i 1000000 -o 10 -t 64000000 -w 100
 # clients:    1
 # servers:    16
 Key range:    0..2^29
 Write ratio:  100
 Total #recs: 64000000 
 Iterations:   1000000
Assinging core 0 to srv 0
Assinging core 4 to srv 1
Assinging core 8 to srv 2
Assinging core 12 to srv 3
Assinging core 16 to srv 4
Assinging core 20 to srv 5
srv 1 load time 0.000
srv 4 load time 0.000
srv 4 rec count: 0 partition sz 0-KB tx count: 1000000, per_txn_op cnt: 10
srv 1 rec count: 0 partition sz 0-KB tx count: 1000000, per_txn_op cnt: 10
srv 3 load time 0.000
srv 3 rec count: 0 partition sz 0-KB tx count: 1000000, per_txn_op cnt: 10
srv 2 load time 0.000
srv 2 rec count: 0 partition sz 0-KB tx count: 1000000, per_txn_op cnt: 10
srv (0): Loading stock..
Assinging core 24 to srv 6
srv 5 load time 0.000
srv 5 rec count: 0 partition sz 0-KB tx count: 1000000, per_txn_op cnt: 10
Assinging core 28 to srv 7
Assinging core 32 to srv 8
srv 6 load time 0.000
srv 6 rec count: 0 partition sz 0-KB tx count: 1000000, per_txn_op cnt: 10
srv 7 load time 0.000
srv 7 rec count: 0 partition sz 0-KB tx count: 1000000, per_txn_op cnt: 10
Assinging core 36 to srv 9
Assinging core 40 to srv 10
Assinging core 44 to srv 11
Assinging core 48 to srv 12
Assinging core 52 to srv 13
srv 8 load time 0.000
srv 8 rec count: 0 partition sz 0-KB tx count: 1000000, per_txn_op cnt: 10
srv 9 load time 0.000
srv 9 rec count: 0 partition sz 0-KB tx count: 1000000, per_txn_op cnt: 10
Assinging core 56 to srv 14
srv 10 load time 0.000
srv 11 load time 0.000
srv 11 rec count: 0 partition sz 0-KB tx count: 1000000, per_txn_op cnt: 10
srv 10 rec count: 0 partition sz 0-KB tx count: 1000000, per_txn_op cnt: 10
Assinging core 60 to srv 15
srv 12 load time 0.000
srv 12 rec count: 0 partition sz 0-KB tx count: 1000000, per_txn_op cnt: 10
srv 13 load time 0.000
srv 13 rec count: 0 partition sz 0-KB tx count: 1000000, per_txn_op cnt: 10
srv 15 load time 0.000
srv 15 rec count: 0 partition sz 0-KB tx count: 1000000, per_txn_op cnt: 10
srv 14 load time 0.000
srv 14 rec count: 0 partition sz 0-KB tx count: 1000000, per_txn_op cnt: 10
srv (0): Loading history..
srv (0): Loading customer..
srv (0): Loading order..
srv (0): Loading item..
srv (0): Loading wh..
srv (0): Loading district..
srv (0): Loading stock..
srv (0): Loading history..
srv (0): Loading customer..
srv (0): Loading order..
srv (0): Loading wh..
srv (0): Loading district..
srv (0): Loading stock..
srv (0): Loading history..
srv (0): Loading customer..
srv (0): Loading order..
srv (0): Loading wh..
srv (0): Loading district..
srv (0): Loading stock..
srv (0): Loading history..
srv (0): Loading customer..
srv (0): Loading order..
srv (0): Loading wh..
srv (0): Loading district..
srv (0): Loading stock..
srv (0): Loading history..
srv (0): Loading customer..
srv (0): Loading order..
srv (0): Loading wh..
srv (0): Loading district..
srv (0): Loading stock..
srv (0): Loading history..
srv (0): Loading customer..
srv (0): Loading order..
srv (0): Loading wh..
srv (0): Loading district..
srv (0): Loading stock..
srv (0): Loading history..
srv (0): Loading customer..
srv (0): Loading order..
srv (0): Loading wh..
srv (0): Loading district..
srv (0): Loading stock..
srv (0): Loading history..
srv (0): Loading customer..
srv (0): Loading order..
srv (0): Loading wh..
srv (0): Loading district..
srv (0): Loading stock..
srv (0): Loading history..
srv (0): Loading customer..
srv (0): Loading order..
srv (0): Loading wh..
srv (0): Loading district..
srv (0): Loading stock..
srv (0): Loading history..
srv (0): Loading customer..
srv (0): Loading order..
srv (0): Loading wh..
srv (0): Loading district..
srv (0): Loading stock..
srv (0): Loading history..
srv (0): Loading customer..
srv (0): Loading order..
srv (0): Loading wh..
srv (0): Loading district..
srv (0): Loading stock..
srv (0): Loading history..
srv (0): Loading customer..
srv (0): Loading order..
srv (0): Loading wh..
srv (0): Loading district..
srv (0): Loading stock..
srv (0): Loading history..
srv (0): Loading customer..
srv (0): Loading order..
srv (0): Loading wh..
srv (0): Loading district..
srv (0): Loading stock..
srv (0): Loading history..
srv (0): Loading customer..
srv (0): Loading order..
srv (0): Loading wh..
srv (0): Loading district..
srv (0): Loading stock..
srv (0): Loading history..
srv (0): Loading customer..
srv (0): Loading order..
srv (0): Loading wh..
srv (0): Loading district..
srv (0): Loading stock..
srv (0): Loading history..
srv (0): Loading customer..
srv (0): Loading order..
srv (0): Loading wh..
srv (0): Loading district..
srv 0 load time 8.807
srv 0 rec count: 8138619 partition sz 2415465-KB tx count: 1000000, per_txn_op cnt: 10
srv 0 starting txns
srv 1 starting txns
srv 5 starting txns
srv 4 starting txns
srv 2 starting txns
srv 10 starting txns
srv 3 starting txns
srv 7 starting txns
srv 13 starting txns
srv 14 starting txns
srv 6 starting txns
srv 15 starting txns
srv 9 starting txns
srv 8 starting txns
srv 11 starting txns
srv 12 starting txns
srv 15 query time 16.561
srv 7 query time 16.618
srv 14 query time 16.643
srv 10 query time 16.648
srv 9 query time 16.660
srv 4 query time 16.723
srv 3 query time 16.818
srv 8 query time 16.841
srv 12 query time 16.854
srv 6 query time 16.873
srv 2 query time 16.876
srv 13 query time 16.895
srv 11 query time 16.916
srv 5 query time 17.016
srv 1 query time 17.104
srv 0 query time 17.323
srv 0 quitting 
srv 14 quitting 
Server 0 verifying consistency..
srv 2 quitting 
srv 7 quitting 
srv 1 quitting 
srv 5 quitting 
srv 4 quitting 
Server 14 verifying consistency..
srv 15 quitting 
srv 6 quitting 
srv 11 quitting 
Server 5 verifying consistency..
Server 2 verifying consistency..
srv 8 quitting 
srv 12 quitting 
srv 3 quitting 
srv 13 quitting 
Server 7 verifying consistency..
Server 4 verifying consistency..
Server 6 verifying consistency..
Server 13 verifying consistency..
srv 10 quitting 
Server 1 verifying consistency..
Server 8 verifying consistency..
Server 15 verifying consistency..
Server 12 verifying consistency..
Server 3 verifying consistency..
Server 10 verifying consistency..
srv 9 quitting 
Server 9 verifying consistency..
Server 11 verifying consistency..
srv 0 commits 1000000
srv 1 commits 1000000
srv 2 commits 1000000
srv 3 commits 1000000
srv 4 commits 1000000
srv 5 commits 1000000
srv 6 commits 1000000
srv 7 commits 1000000
srv 8 commits 1000000
srv 9 commits 1000000
srv 10 commits 1000000
srv 11 commits 1000000
srv 12 commits 1000000
srv 13 commits 1000000
srv 14 commits 1000000
srv 15 commits 1000000
total commits 16000000
== results ==
Server 0: 0.057725000M TPS
Server 1: 0.058467000M TPS
Server 2: 0.059255000M TPS
Server 3: 0.059458000M TPS
Server 4: 0.059796000M TPS
Server 5: 0.058768000M TPS
Server 6: 0.059266000M TPS
Server 7: 0.060175000M TPS
Server 8: 0.059377000M TPS
Server 9: 0.060023000M TPS
Server 10: 0.060067000M TPS
Server 11: 0.059116000M TPS
Server 12: 0.059333000M TPS
Server 13: 0.059187000M TPS
Server 14: 0.060086000M TPS
Server 15: 0.060383000M TPS
Total tps: 0.950482000M
./ycsb -s 8 -d 100 -b 1 -i 1000000 -o 10 -t 64000000 -w 100
 # clients:    1
 # servers:    8
 Key range:    0..2^29
 Write ratio:  100
 Total #recs: 64000000 
 Iterations:   1000000
Assinging core 0 to srv 0
Assinging core 4 to srv 1
Assinging core 8 to srv 2
srv 1 load time 0.000
srv 1 rec count: 0 partition sz 0-KB tx count: 1000000, per_txn_op cnt: 10
srv (0): Loading stock..
Assinging core 12 to srv 3
srv 2 load time 0.000
srv 2 rec count: 0 partition sz 0-KB tx count: 1000000, per_txn_op cnt: 10
Assinging core 16 to srv 4
Assinging core 20 to srv 5
srv 3 load time 0.000
srv 3 rec count: 0 partition sz 0-KB tx count: 1000000, per_txn_op cnt: 10
srv 4 load time 0.000
srv 4 rec count: 0 partition sz 0-KB tx count: 1000000, per_txn_op cnt: 10
Assinging core 24 to srv 6
Assinging core 28 to srv 7
srv 5 load time 0.000
srv 5 rec count: 0 partition sz 0-KB tx count: 1000000, per_txn_op cnt: 10
srv 6 load time 0.000
srv 6 rec count: 0 partition sz 0-KB tx count: 1000000, per_txn_op cnt: 10
srv 7 load time 0.000
srv 7 rec count: 0 partition sz 0-KB tx count: 1000000, per_txn_op cnt: 10
srv (0): Loading history..
srv (0): Loading customer..
srv (0): Loading order..
srv (0): Loading item..
srv (0): Loading wh..
srv (0): Loading district..
srv (0): Loading stock..
srv (0): Loading history..
srv (0): Loading customer..
srv (0): Loading order..
srv (0): Loading wh..
srv (0): Loading district..
srv (0): Loading stock..
srv (0): Loading history..
srv (0): Loading customer..
srv (0): Loading order..
srv (0): Loading wh..
srv (0): Loading district..
srv (0): Loading stock..
srv (0): Loading history..
srv (0): Loading customer..
srv (0): Loading order..
srv (0): Loading wh..
srv (0): Loading district..
srv (0): Loading stock..
srv (0): Loading history..
srv (0): Loading customer..
srv (0): Loading order..
srv (0): Loading wh..
srv (0): Loading district..
srv (0): Loading stock..
srv (0): Loading history..
srv (0): Loading customer..
srv (0): Loading order..
srv (0): Loading wh..
srv (0): Loading district..
srv (0): Loading stock..
srv (0): Loading history..
srv (0): Loading customer..
srv (0): Loading order..
srv (0): Loading wh..
srv (0): Loading district..
srv (0): Loading stock..
srv (0): Loading history..
srv (0): Loading customer..
srv (0): Loading order..
srv (0): Loading wh..
srv (0): Loading district..
srv 0 load time 4.597
srv 0 rec count: 4069533 partition sz 1207781-KB tx count: 1000000, per_txn_op cnt: 10
srv 0 starting txns
srv 6 starting txns
srv 7 starting txns
srv 4 starting txns
srv 5 starting txns
srv 1 starting txns
srv 3 starting txns
srv 2 starting txns
srv 7 query time 14.789
srv 3 query time 15.083
srv 2 query time 15.153
srv 4 query time 15.218
srv 6 query time 15.267
srv 1 query time 15.497
srv 5 query time 15.511
srv 0 query time 15.756
srv 0 quitting 
srv 5 quitting 
srv 2 quitting 
srv 6 quitting 
srv 7 quitting 
srv 3 quitting 
Server 5 verifying consistency..
Server 6 verifying consistency..
Server 3 verifying consistency..
Server 0 verifying consistency..
Server 2 verifying consistency..
srv 4 quitting 
Server 4 verifying consistency..
Server 7 verifying consistency..
srv 1 quitting 
Server 1 verifying consistency..
srv 0 commits 1000000
srv 1 commits 1000000
srv 2 commits 1000000
srv 3 commits 1000000
srv 4 commits 1000000
srv 5 commits 1000000
srv 6 commits 1000000
srv 7 commits 1000000
total commits 8000000
== results ==
Server 0: 0.063466000M TPS
Server 1: 0.064528000M TPS
Server 2: 0.065994000M TPS
Server 3: 0.066300000M TPS
Server 4: 0.065710000M TPS
Server 5: 0.064468000M TPS
Server 6: 0.065500000M TPS
Server 7: 0.067617000M TPS
Total tps: 0.523583000M
./ycsb -s 4 -d 100 -b 1 -i 1000000 -o 10 -t 64000000 -w 100
 # clients:    1
 # servers:    4
 Key range:    0..2^29
 Write ratio:  100
 Total #recs: 64000000 
 Iterations:   1000000
Assinging core 0 to srv 0
Assinging core 4 to srv 1
Assinging core 8 to srv 2
Assinging core 12 to srv 3
srv 1 load time 0.000
srv 2 load time 0.000
srv 3 load time 0.000
srv 1 rec count: 0 partition sz 0-KB tx count: 1000000, per_txn_op cnt: 10
srv 3 rec count: 0 partition sz 0-KB tx count: 1000000, per_txn_op cnt: 10
srv (0): Loading stock..
srv 2 rec count: 0 partition sz 0-KB tx count: 1000000, per_txn_op cnt: 10
srv (0): Loading history..
srv (0): Loading customer..
srv (0): Loading order..
srv (0): Loading item..
srv (0): Loading wh..
srv (0): Loading district..
srv (0): Loading stock..
srv (0): Loading history..
srv (0): Loading customer..
srv (0): Loading order..
srv (0): Loading wh..
srv (0): Loading district..
srv (0): Loading stock..
srv (0): Loading history..
srv (0): Loading customer..
srv (0): Loading order..
srv (0): Loading wh..
srv (0): Loading district..
srv (0): Loading stock..
srv (0): Loading history..
srv (0): Loading customer..
srv (0): Loading order..
srv (0): Loading wh..
srv (0): Loading district..
srv 0 load time 2.167
srv 0 rec count: 2035155 partition sz 603975-KB tx count: 1000000, per_txn_op cnt: 10
srv 0 starting txns
srv 1 starting txns
srv 3 starting txns
srv 2 starting txns
srv 2 query time 14.039
srv 3 query time 14.065
srv 1 query time 14.508
srv 0 query time 14.753
srv 0 quitting 
srv 2 quitting 
srv 3 quitting 
Server 0 verifying consistency..
srv 1 quitting 
Server 1 verifying consistency..
Server 2 verifying consistency..
Server 3 verifying consistency..
srv 0 commits 1000000
srv 1 commits 1000000
srv 2 commits 1000000
srv 3 commits 1000000
total commits 4000000
== results ==
Server 0: 0.067782000M TPS
Server 1: 0.068928000M TPS
Server 2: 0.071229000M TPS
Server 3: 0.071096000M TPS
Total tps: 0.279035000M
./ycsb -s 2 -d 100 -b 1 -i 1000000 -o 10 -t 64000000 -w 100
 # clients:    1
 # servers:    2
 Key range:    0..2^29
 Write ratio:  100
 Total #recs: 64000000 
 Iterations:   1000000
Assinging core 0 to srv 0
Assinging core 4 to srv 1
srv 1 load time 0.000
srv 1 rec count: 0 partition sz 0-KB tx count: 1000000, per_txn_op cnt: 10
srv (0): Loading stock..
srv (0): Loading history..
srv (0): Loading customer..
srv (0): Loading order..
srv (0): Loading item..
srv (0): Loading wh..
srv (0): Loading district..
srv (0): Loading stock..
srv (0): Loading history..
srv (0): Loading customer..
srv (0): Loading order..
srv (0): Loading wh..
srv (0): Loading district..
srv 0 load time 1.054
srv 0 rec count: 1016760 partition sz 301809-KB tx count: 1000000, per_txn_op cnt: 10
srv 0 starting txns
srv 1 starting txns
srv 1 query time 13.118
srv 0 query time 13.550
srv 0 quitting 
srv 1 quitting 
Server 1 verifying consistency..
Server 0 verifying consistency..
srv 0 commits 1000000
srv 1 commits 1000000
total commits 2000000
== results ==
Server 0: 0.073798000M TPS
Server 1: 0.076229000M TPS
Total tps: 0.150027000M
./ycsb -s 1 -d 100 -b 1 -i 1000000 -o 10 -t 64000000 -w 100
 # clients:    1
 # servers:    1
 Key range:    0..2^29
 Write ratio:  100
 Total #recs: 64000000 
 Iterations:   1000000
Assinging core 0 to srv 0
srv (0): Loading stock..
srv (0): Loading history..
srv (0): Loading customer..
srv (0): Loading order..
srv (0): Loading item..
srv (0): Loading wh..
srv (0): Loading district..
srv 0 load time 0.579
srv 0 rec count: 509282 partition sz 151101-KB tx count: 1000000, per_txn_op cnt: 10
srv 0 starting txns
srv 0 query time 12.515
srv 0 quitting 
Server 0 verifying consistency..
srv 0 commits 1000000
total commits 1000000
== results ==
Server 0: 0.079905000M TPS
Total tps: 0.079905000M
