./ycsb -s 1 -d 0 -b 1 -i 1000000 -o 10 -t 1000000 -w 0 -a 100 -h 16 -p 1
 # clients:    1
 # servers:    1
 Key range:    0..2^29
 Write ratio:  0
 Total #recs: 1000000 
 Iterations:   1000000
Assinging core 0 to srv 0
srv 0 load time 0.081
srv 0 rec count: 1000000 partition sz 70312-KB tx count: 1000000, per_txn_op cnt: 10
srv 0 starting txns
srv 0 query time 2.354
srv 0 quitting 
srv 0 commits 1000000
total commits 1000000
== results ==
Server 0: 0.424898000M TPS
Total tps: 0.424898000M
./ycsb -s 1 -d 0 -b 1 -i 1000000 -o 10 -t 1000000 -w 0 -a 100 -h 16 -p 1
 # clients:    1
 # servers:    1
 Key range:    0..2^29
 Write ratio:  0
 Total #recs: 1000000 
 Iterations:   1000000
Assinging core 0 to srv 0
srv 0 load time 0.081
srv 0 rec count: 1000000 partition sz 70312-KB tx count: 1000000, per_txn_op cnt: 10
srv 0 starting txns
srv 0 query time 2.363
srv 0 quitting 
srv 0 commits 1000000
total commits 1000000
== results ==
Server 0: 0.423200000M TPS
Total tps: 0.423200000M
./ycsb -s 1 -d 0 -b 1 -i 1000000 -o 10 -t 1000000 -w 0 -a 100 -h 16 -p 1
 # clients:    1
 # servers:    1
 Key range:    0..2^29
 Write ratio:  0
 Total #recs: 1000000 
 Iterations:   1000000
Assinging core 0 to srv 0
srv 0 load time 0.081
srv 0 rec count: 1000000 partition sz 70312-KB tx count: 1000000, per_txn_op cnt: 10
srv 0 starting txns
srv 0 query time 2.355
srv 0 quitting 
srv 0 commits 1000000
total commits 1000000
== results ==
Server 0: 0.424616000M TPS
Total tps: 0.424616000M
./ycsb -s 2 -d 0 -b 1 -i 1000000 -o 10 -t 2000000 -w 0 -a 100 -h 8 -p 2
 # clients:    1
 # servers:    2
 Key range:    0..2^29
 Write ratio:  0
 Total #recs: 2000000 
 Iterations:   1000000
Assinging core 0 to srv 0
Assinging core 4 to srv 1
srv 0 load time 0.075
srv 0 rec count: 1000000 partition sz 70312-KB tx count: 1000000, per_txn_op cnt: 10
srv 1 load time 0.086
srv 1 rec count: 1000000 partition sz 70312-KB tx count: 1000000, per_txn_op cnt: 10
srv 1 starting txns
srv 0 starting txns
srv 0 query time 3.598
srv 1 query time 3.598
srv 1 quitting 
srv 0 quitting 
srv 0 commits 1000000
srv 1 commits 1000000
total commits 2000000
== results ==
Server 0: 0.277925000M TPS
Server 1: 0.277910000M TPS
Total tps: 0.555835000M
./ycsb -s 2 -d 0 -b 1 -i 1000000 -o 10 -t 2000000 -w 0 -a 100 -h 8 -p 2
 # clients:    1
 # servers:    2
 Key range:    0..2^29
 Write ratio:  0
 Total #recs: 2000000 
 Iterations:   1000000
Assinging core 0 to srv 0
Assinging core 4 to srv 1
srv 0 load time 0.075
srv 0 rec count: 1000000 partition sz 70312-KB tx count: 1000000, per_txn_op cnt: 10
srv 1 load time 0.085
srv 1 rec count: 1000000 partition sz 70312-KB tx count: 1000000, per_txn_op cnt: 10
srv 1 starting txns
srv 0 starting txns
srv 1 query time 3.581
srv 0 query time 3.582
srv 0 quitting 
srv 1 quitting 
srv 0 commits 1000000
srv 1 commits 1000000
total commits 2000000
== results ==
Server 0: 0.279193000M TPS
Server 1: 0.279252000M TPS
Total tps: 0.558445000M
./ycsb -s 2 -d 0 -b 1 -i 1000000 -o 10 -t 2000000 -w 0 -a 100 -h 8 -p 2
 # clients:    1
 # servers:    2
 Key range:    0..2^29
 Write ratio:  0
 Total #recs: 2000000 
 Iterations:   1000000
Assinging core 0 to srv 0
Assinging core 4 to srv 1
srv 0 load time 0.075
srv 0 rec count: 1000000 partition sz 70312-KB tx count: 1000000, per_txn_op cnt: 10
srv 1 load time 0.087
srv 1 rec count: 1000000 partition sz 70312-KB tx count: 1000000, per_txn_op cnt: 10
srv 1 starting txns
srv 0 starting txns
srv 0 query time 3.593
srv 1 query time 3.595
srv 1 quitting 
srv 0 quitting 
srv 0 commits 1000000
srv 1 commits 1000000
total commits 2000000
== results ==
Server 0: 0.278334000M TPS
Server 1: 0.278167000M TPS
Total tps: 0.556501000M
./ycsb -s 4 -d 0 -b 1 -i 1000000 -o 10 -t 4000000 -w 0 -a 100 -h 4 -p 4
 # clients:    1
 # servers:    4
 Key range:    0..2^29
 Write ratio:  0
 Total #recs: 4000000 
 Iterations:   1000000
Assinging core 0 to srv 0
Assinging core 4 to srv 1
Assinging core 8 to srv 2
Assinging core 12 to srv 3
srv 2 load time 0.080
srv 2 rec count: 1000000 partition sz 70312-KB tx count: 1000000, per_txn_op cnt: 10
srv 0 load time 0.087
srv 0 rec count: 1000000 partition sz 70312-KB tx count: 1000000, per_txn_op cnt: 10
srv 1 load time 0.088
srv 1 rec count: 1000000 partition sz 70312-KB tx count: 1000000, per_txn_op cnt: 10
srv 3 load time 0.091
srv 3 rec count: 1000000 partition sz 70312-KB tx count: 1000000, per_txn_op cnt: 10
srv 3 starting txns
srv 2 starting txns
srv 1 starting txns
srv 0 starting txns
srv 2 query time 6.340
srv 3 query time 6.378
srv 1 query time 6.495
srv 0 query time 6.791
srv 0 quitting 
srv 2 quitting 
srv 1 quitting 
srv 3 quitting 
srv 0 commits 1000000
srv 1 commits 1000000
srv 2 commits 1000000
srv 3 commits 1000000
total commits 4000000
== results ==
Server 0: 0.147244000M TPS
Server 1: 0.153961000M TPS
Server 2: 0.157721000M TPS
Server 3: 0.156798000M TPS
Total tps: 0.615724000M
./ycsb -s 4 -d 0 -b 1 -i 1000000 -o 10 -t 4000000 -w 0 -a 100 -h 4 -p 4
 # clients:    1
 # servers:    4
 Key range:    0..2^29
 Write ratio:  0
 Total #recs: 4000000 
 Iterations:   1000000
Assinging core 0 to srv 0
Assinging core 4 to srv 1
Assinging core 8 to srv 2
Assinging core 12 to srv 3
srv 3 load time 0.090
srv 3 rec count: 1000000 partition sz 70312-KB tx count: 1000000, per_txn_op cnt: 10
srv 2 load time 0.090
srv 2 rec count: 1000000 partition sz 70312-KB tx count: 1000000, per_txn_op cnt: 10
srv 0 load time 0.093
srv 0 rec count: 1000000 partition sz 70312-KB tx count: 1000000, per_txn_op cnt: 10
srv 1 load time 0.094
srv 1 rec count: 1000000 partition sz 70312-KB tx count: 1000000, per_txn_op cnt: 10
srv 1 starting txns
srv 0 starting txns
srv 2 starting txns
srv 3 starting txns
srv 2 query time 6.584
srv 3 query time 6.626
srv 1 query time 6.739
srv 0 query time 6.868
srv 0 quitting 
srv 2 quitting 
srv 1 quitting 
srv 3 quitting 
srv 0 commits 1000000
srv 1 commits 1000000
srv 2 commits 1000000
srv 3 commits 1000000
total commits 4000000
== results ==
Server 0: 0.145594000M TPS
Server 1: 0.148396000M TPS
Server 2: 0.151875000M TPS
Server 3: 0.150924000M TPS
Total tps: 0.596789000M
./ycsb -s 4 -d 0 -b 1 -i 1000000 -o 10 -t 4000000 -w 0 -a 100 -h 4 -p 4
 # clients:    1
 # servers:    4
 Key range:    0..2^29
 Write ratio:  0
 Total #recs: 4000000 
 Iterations:   1000000
Assinging core 0 to srv 0
Assinging core 4 to srv 1
Assinging core 8 to srv 2
Assinging core 12 to srv 3
srv 3 load time 0.081
srv 3 rec count: 1000000 partition sz 70312-KB tx count: 1000000, per_txn_op cnt: 10
srv 1 load time 0.084
srv 1 rec count: 1000000 partition sz 70312-KB tx count: 1000000, per_txn_op cnt: 10
srv 0 load time 0.084
srv 0 rec count: 1000000 partition sz 70312-KB tx count: 1000000, per_txn_op cnt: 10
srv 2 load time 0.085
srv 2 rec count: 1000000 partition sz 70312-KB tx count: 1000000, per_txn_op cnt: 10
srv 2 starting txns
srv 3 starting txns
srv 1 starting txns
srv 0 starting txns
srv 2 query time 6.495
srv 3 query time 6.517
srv 1 query time 6.637
srv 0 query time 6.839
srv 0 quitting 
srv 3 quitting 
srv 2 quitting 
srv 1 quitting 
srv 0 commits 1000000
srv 1 commits 1000000
srv 2 commits 1000000
srv 3 commits 1000000
total commits 4000000
== results ==
Server 0: 0.146210000M TPS
Server 1: 0.150669000M TPS
Server 2: 0.153956000M TPS
Server 3: 0.153455000M TPS
Total tps: 0.604290000M
./ycsb -s 8 -d 0 -b 1 -i 1000000 -o 10 -t 8000000 -w 0 -a 100 -h 2 -p 8
 # clients:    1
 # servers:    8
 Key range:    0..2^29
 Write ratio:  0
 Total #recs: 8000000 
 Iterations:   1000000
Assinging core 0 to srv 0
Assinging core 4 to srv 1
Assinging core 8 to srv 2
Assinging core 12 to srv 3
Assinging core 16 to srv 4
Assinging core 20 to srv 5
Assinging core 24 to srv 6
Assinging core 28 to srv 7
srv 3 load time 0.101
srv 3 rec count: 1000000 partition sz 70312-KB tx count: 1000000, per_txn_op cnt: 10
srv 5 load time 0.102
srv 5 rec count: 1000000 partition sz 70312-KB tx count: 1000000, per_txn_op cnt: 10
srv 4 load time 0.102
srv 4 rec count: 1000000 partition sz 70312-KB tx count: 1000000, per_txn_op cnt: 10
srv 0 load time 0.106
srv 0 rec count: 1000000 partition sz 70312-KB tx count: 1000000, per_txn_op cnt: 10
srv 6 load time 0.109
srv 6 rec count: 1000000 partition sz 70312-KB tx count: 1000000, per_txn_op cnt: 10
srv 2 load time 0.109
srv 2 rec count: 1000000 partition sz 70312-KB tx count: 1000000, per_txn_op cnt: 10
srv 7 load time 0.108
srv 7 rec count: 1000000 partition sz 70312-KB tx count: 1000000, per_txn_op cnt: 10
srv 1 load time 0.111
srv 1 rec count: 1000000 partition sz 70312-KB tx count: 1000000, per_txn_op cnt: 10
srv 1 starting txns
srv 2 starting txns
srv 0 starting txns
srv 7 starting txns
srv 5 starting txns
srv 6 starting txns
srv 4 starting txns
srv 3 starting txns
srv 6 query time 9.227
srv 7 query time 9.268
srv 5 query time 9.362
srv 4 query time 9.569
srv 3 query time 9.578
srv 2 query time 9.770
srv 1 query time 9.843
srv 0 query time 10.337
srv 0 quitting 
srv 2 quitting 
srv 7 quitting 
srv 4 quitting 
srv 3 quitting 
srv 5 quitting 
srv 1 quitting 
srv 6 quitting 
srv 0 commits 1000000
srv 1 commits 1000000
srv 2 commits 1000000
srv 3 commits 1000000
srv 4 commits 1000000
srv 5 commits 1000000
srv 6 commits 1000000
srv 7 commits 1000000
total commits 8000000
== results ==
Server 0: 0.096741000M TPS
Server 1: 0.101600000M TPS
Server 2: 0.102356000M TPS
Server 3: 0.104405000M TPS
Server 4: 0.104507000M TPS
Server 5: 0.106809000M TPS
Server 6: 0.108383000M TPS
Server 7: 0.107902000M TPS
Total tps: 0.832703000M
./ycsb -s 8 -d 0 -b 1 -i 1000000 -o 10 -t 8000000 -w 0 -a 100 -h 2 -p 8
 # clients:    1
 # servers:    8
 Key range:    0..2^29
 Write ratio:  0
 Total #recs: 8000000 
 Iterations:   1000000
Assinging core 0 to srv 0
Assinging core 4 to srv 1
Assinging core 8 to srv 2
Assinging core 12 to srv 3
Assinging core 16 to srv 4
Assinging core 20 to srv 5
Assinging core 24 to srv 6
Assinging core 28 to srv 7
srv 4 load time 0.099
srv 4 rec count: 1000000 partition sz 70312-KB tx count: 1000000, per_txn_op cnt: 10
srv 0 load time 0.102
srv 0 rec count: 1000000 partition sz 70312-KB tx count: 1000000, per_txn_op cnt: 10
srv 2 load time 0.102
srv 2 rec count: 1000000 partition sz 70312-KB tx count: 1000000, per_txn_op cnt: 10
srv 7 load time 0.102
srv 7 rec count: 1000000 partition sz 70312-KB tx count: 1000000, per_txn_op cnt: 10
srv 1 load time 0.104
srv 1 rec count: 1000000 partition sz 70312-KB tx count: 1000000, per_txn_op cnt: 10
srv 5 load time 0.104
srv 5 rec count: 1000000 partition sz 70312-KB tx count: 1000000, per_txn_op cnt: 10
srv 3 load time 0.111
srv 3 rec count: 1000000 partition sz 70312-KB tx count: 1000000, per_txn_op cnt: 10
srv 6 load time 0.112
srv 6 rec count: 1000000 partition sz 70312-KB tx count: 1000000, per_txn_op cnt: 10
srv 6 starting txns
srv 2 starting txns
srv 4 starting txns
srv 3 starting txns
srv 1 starting txns
srv 5 starting txns
srv 7 starting txns
srv 0 starting txns
srv 7 query time 9.400
srv 6 query time 9.411
srv 5 query time 9.465
srv 2 query time 9.550
srv 3 query time 9.570
srv 4 query time 9.678
srv 1 query time 9.829
srv 0 query time 10.321
srv 0 quitting 
srv 3 quitting 
srv 1 quitting 
srv 2 quitting 
srv 7 quitting 
srv 5 quitting 
srv 6 quitting 
srv 4 quitting 
srv 0 commits 1000000
srv 1 commits 1000000
srv 2 commits 1000000
srv 3 commits 1000000
srv 4 commits 1000000
srv 5 commits 1000000
srv 6 commits 1000000
srv 7 commits 1000000
total commits 8000000
== results ==
Server 0: 0.096885000M TPS
Server 1: 0.101739000M TPS
Server 2: 0.104716000M TPS
Server 3: 0.104496000M TPS
Server 4: 0.103327000M TPS
Server 5: 0.105650000M TPS
Server 6: 0.106262000M TPS
Server 7: 0.106387000M TPS
Total tps: 0.829462000M
./ycsb -s 8 -d 0 -b 1 -i 1000000 -o 10 -t 8000000 -w 0 -a 100 -h 2 -p 8
 # clients:    1
 # servers:    8
 Key range:    0..2^29
 Write ratio:  0
 Total #recs: 8000000 
 Iterations:   1000000
Assinging core 0 to srv 0
Assinging core 4 to srv 1
Assinging core 8 to srv 2
Assinging core 12 to srv 3
Assinging core 16 to srv 4
Assinging core 20 to srv 5
Assinging core 24 to srv 6
Assinging core 28 to srv 7
srv 3 load time 0.097
srv 3 rec count: 1000000 partition sz 70312-KB tx count: 1000000, per_txn_op cnt: 10
srv 0 load time 0.105
srv 0 rec count: 1000000 partition sz 70312-KB tx count: 1000000, per_txn_op cnt: 10
srv 6 load time 0.103
srv 6 rec count: 1000000 partition sz 70312-KB tx count: 1000000, per_txn_op cnt: 10
srv 5 load time 0.107
srv 5 rec count: 1000000 partition sz 70312-KB tx count: 1000000, per_txn_op cnt: 10
srv 2 load time 0.109
srv 2 rec count: 1000000 partition sz 70312-KB tx count: 1000000, per_txn_op cnt: 10
srv 4 load time 0.109
srv 4 rec count: 1000000 partition sz 70312-KB tx count: 1000000, per_txn_op cnt: 10
srv 7 load time 0.109
srv 7 rec count: 1000000 partition sz 70312-KB tx count: 1000000, per_txn_op cnt: 10
srv 1 load time 0.112
srv 1 rec count: 1000000 partition sz 70312-KB tx count: 1000000, per_txn_op cnt: 10
srv 1 starting txns
srv 7 starting txns
srv 0 starting txns
srv 4 starting txns
srv 2 starting txns
srv 6 starting txns
srv 3 starting txns
srv 5 starting txns
srv 5 query time 9.197
srv 7 query time 9.259
srv 4 query time 9.440
srv 3 query time 9.548
srv 6 query time 9.566
srv 2 query time 9.709
srv 1 query time 9.862
srv 0 query time 10.332
srv 0 quitting 
srv 2 quitting 
srv 5 quitting 
srv 1 quitting 
srv 3 quitting 
srv 4 quitting 
srv 6 quitting 
srv 7 quitting 
srv 0 commits 1000000
srv 1 commits 1000000
srv 2 commits 1000000
srv 3 commits 1000000
srv 4 commits 1000000
srv 5 commits 1000000
srv 6 commits 1000000
srv 7 commits 1000000
total commits 8000000
== results ==
Server 0: 0.096784000M TPS
Server 1: 0.101403000M TPS
Server 2: 0.103001000M TPS
Server 3: 0.104733000M TPS
Server 4: 0.105934000M TPS
Server 5: 0.108729000M TPS
Server 6: 0.104533000M TPS
Server 7: 0.107999000M TPS
Total tps: 0.833116000M
./ycsb -s 16 -d 0 -b 1 -i 1000000 -o 10 -t 16000000 -w 0 -a 100 -h 1 -p 16
 # clients:    1
 # servers:    16
 Key range:    0..2^29
 Write ratio:  0
 Total #recs: 16000000 
 Iterations:   1000000
Assinging core 0 to srv 0
Assinging core 4 to srv 1
Assinging core 8 to srv 2
Assinging core 12 to srv 3
Assinging core 16 to srv 4
Assinging core 20 to srv 5
Assinging core 24 to srv 6
Assinging core 28 to srv 7
Assinging core 32 to srv 8
Assinging core 36 to srv 9
Assinging core 40 to srv 10
Assinging core 44 to srv 11
Assinging core 48 to srv 12
Assinging core 52 to srv 13
Assinging core 56 to srv 14
Assinging core 60 to srv 15
srv 4 load time 0.175
srv 4 rec count: 1000000 partition sz 70312-KB tx count: 1000000, per_txn_op cnt: 10
srv 2 load time 0.175
srv 2 rec count: 1000000 partition sz 70312-KB tx count: 1000000, per_txn_op cnt: 10
srv 3 load time 0.182
srv 3 rec count: 1000000 partition sz 70312-KB tx count: 1000000, per_txn_op cnt: 10
srv 5 load time 0.182
srv 5 rec count: 1000000 partition sz 70312-KB tx count: 1000000, per_txn_op cnt: 10
srv 11 load time 0.183
srv 11 rec count: 1000000 partition sz 70312-KB tx count: 1000000, per_txn_op cnt: 10
srv 8 load time 0.188
srv 8 rec count: 1000000 partition sz 70312-KB tx count: 1000000, per_txn_op cnt: 10
srv 0 load time 0.193
srv 0 rec count: 1000000 partition sz 70312-KB tx count: 1000000, per_txn_op cnt: 10
srv 7 load time 0.191
srv 7 rec count: 1000000 partition sz 70312-KB tx count: 1000000, per_txn_op cnt: 10
srv 9 load time 0.188
srv 9 rec count: 1000000 partition sz 70312-KB tx count: 1000000, per_txn_op cnt: 10
srv 13 load time 0.185
srv 13 rec count: 1000000 partition sz 70312-KB tx count: 1000000, per_txn_op cnt: 10
srv 10 load time 0.190
srv 10 rec count: 1000000 partition sz 70312-KB tx count: 1000000, per_txn_op cnt: 10
srv 15 load time 0.183
srv 15 rec count: 1000000 partition sz 70312-KB tx count: 1000000, per_txn_op cnt: 10
srv 6 load time 0.196
srv 6 rec count: 1000000 partition sz 70312-KB tx count: 1000000, per_txn_op cnt: 10
srv 1 load time 0.198
srv 1 rec count: 1000000 partition sz 70312-KB tx count: 1000000, per_txn_op cnt: 10
srv 12 load time 0.191
srv 12 rec count: 1000000 partition sz 70312-KB tx count: 1000000, per_txn_op cnt: 10
srv 14 load time 0.195
srv 14 rec count: 1000000 partition sz 70312-KB tx count: 1000000, per_txn_op cnt: 10
srv 14 starting txns
srv 12 starting txns
srv 9 starting txns
srv 7 starting txns
srv 4 starting txns
srv 15 starting txns
srv 1 starting txns
srv 13 starting txns
srv 6 starting txns
srv 5 starting txns
srv 11 starting txns
srv 8 starting txns
srv 0 starting txns
srv 3 starting txns
srv 10 starting txns
srv 2 starting txns
srv 15 query time 11.263
srv 13 query time 11.441
srv 14 query time 11.471
srv 12 query time 11.592
srv 11 query time 11.687
srv 10 query time 11.701
srv 9 query time 11.865
srv 4 query time 12.160
srv 8 query time 12.393
srv 7 query time 12.455
srv 6 query time 12.543
srv 5 query time 12.715
srv 3 query time 12.815
srv 2 query time 12.931
srv 1 query time 13.314
srv 0 query time 13.899
srv 0 quitting 
srv 13 quitting 
srv 10 quitting 
srv 9 quitting 
srv 1 quitting 
srv 4 quitting 
srv 3 quitting 
srv 11 quitting 
srv 12 quitting 
srv 15 quitting 
srv 6 quitting 
srv 2 quitting 
srv 5 quitting 
srv 14 quitting 
srv 8 quitting 
srv 7 quitting 
srv 0 commits 1000000
srv 1 commits 1000000
srv 2 commits 1000000
srv 3 commits 1000000
srv 4 commits 1000000
srv 5 commits 1000000
srv 6 commits 1000000
srv 7 commits 1000000
srv 8 commits 1000000
srv 9 commits 1000000
srv 10 commits 1000000
srv 11 commits 1000000
srv 12 commits 1000000
srv 13 commits 1000000
srv 14 commits 1000000
srv 15 commits 1000000
total commits 16000000
== results ==
Server 0: 0.071948000M TPS
Server 1: 0.075108000M TPS
Server 2: 0.077333000M TPS
Server 3: 0.078033000M TPS
Server 4: 0.082237000M TPS
Server 5: 0.078645000M TPS
Server 6: 0.079724000M TPS
Server 7: 0.080289000M TPS
Server 8: 0.080690000M TPS
Server 9: 0.084279000M TPS
Server 10: 0.085465000M TPS
Server 11: 0.085563000M TPS
Server 12: 0.086267000M TPS
Server 13: 0.087405000M TPS
Server 14: 0.087177000M TPS
Server 15: 0.088783000M TPS
Total tps: 1.308946000M
./ycsb -s 16 -d 0 -b 1 -i 1000000 -o 10 -t 16000000 -w 0 -a 100 -h 1 -p 16
 # clients:    1
 # servers:    16
 Key range:    0..2^29
 Write ratio:  0
 Total #recs: 16000000 
 Iterations:   1000000
Assinging core 0 to srv 0
Assinging core 4 to srv 1
Assinging core 8 to srv 2
Assinging core 12 to srv 3
Assinging core 16 to srv 4
Assinging core 20 to srv 5
Assinging core 24 to srv 6
Assinging core 28 to srv 7
Assinging core 32 to srv 8
Assinging core 36 to srv 9
Assinging core 40 to srv 10
Assinging core 44 to srv 11
Assinging core 48 to srv 12
Assinging core 52 to srv 13
Assinging core 56 to srv 14
Assinging core 60 to srv 15
srv 6 load time 0.219
srv 6 rec count: 1000000 partition sz 70312-KB tx count: 1000000, per_txn_op cnt: 10
srv 3 load time 0.222
srv 3 rec count: 1000000 partition sz 70312-KB tx count: 1000000, per_txn_op cnt: 10
srv 5 load time 0.226
srv 5 rec count: 1000000 partition sz 70312-KB tx count: 1000000, per_txn_op cnt: 10
srv 4 load time 0.229
srv 4 rec count: 1000000 partition sz 70312-KB tx count: 1000000, per_txn_op cnt: 10
srv 12 load time 0.224
srv 12 rec count: 1000000 partition sz 70312-KB tx count: 1000000, per_txn_op cnt: 10
srv 9 load time 0.233
srv 9 rec count: 1000000 partition sz 70312-KB tx count: 1000000, per_txn_op cnt: 10
srv 13 load time 0.229
srv 13 rec count: 1000000 partition sz 70312-KB tx count: 1000000, per_txn_op cnt: 10
srv 0 load time 0.238
srv 0 rec count: 1000000 partition sz 70312-KB tx count: 1000000, per_txn_op cnt: 10
srv 15 load time 0.228
srv 15 rec count: 1000000 partition sz 70312-KB tx count: 1000000, per_txn_op cnt: 10
srv 7 load time 0.238
srv 7 rec count: 1000000 partition sz 70312-KB tx count: 1000000, per_txn_op cnt: 10
srv 14 load time 0.230
srv 14 rec count: 1000000 partition sz 70312-KB tx count: 1000000, per_txn_op cnt: 10
srv 10 load time 0.235
srv 10 rec count: 1000000 partition sz 70312-KB tx count: 1000000, per_txn_op cnt: 10
srv 11 load time 0.233
srv 11 rec count: 1000000 partition sz 70312-KB tx count: 1000000, per_txn_op cnt: 10
srv 2 load time 0.240
srv 2 rec count: 1000000 partition sz 70312-KB tx count: 1000000, per_txn_op cnt: 10
srv 1 load time 0.244
srv 1 rec count: 1000000 partition sz 70312-KB tx count: 1000000, per_txn_op cnt: 10
srv 8 load time 0.242
srv 8 rec count: 1000000 partition sz 70312-KB tx count: 1000000, per_txn_op cnt: 10
srv 8 starting txns
srv 10 starting txns
srv 4 starting txns
srv 6 starting txns
srv 13 starting txns
srv 5 starting txns
srv 12 starting txns
srv 3 starting txns
srv 15 starting txns
srv 0 starting txns
srv 2 starting txns
srv 11 starting txns
srv 7 starting txns
srv 9 starting txns
srv 14 starting txns
srv 1 starting txns
srv 14 query time 10.440
srv 15 query time 10.536
srv 13 query time 10.672
srv 9 query time 10.771
srv 10 query time 10.870
srv 12 query time 10.924
srv 11 query time 11.096
srv 4 query time 11.260
srv 8 query time 11.267
srv 7 query time 11.509
srv 6 query time 11.581
srv 5 query time 11.590
srv 3 query time 11.804
srv 2 query time 11.908
srv 1 query time 12.290
srv 0 query time 12.847
srv 0 quitting 
srv 8 quitting 
srv 10 quitting 
srv 12 quitting 
srv 14 quitting 
srv 1 quitting 
srv 13 quitting 
srv 2 quitting 
srv 15 quitting 
srv 3 quitting 
srv 11 quitting 
srv 5 quitting 
srv 7 quitting 
srv 9 quitting 
srv 6 quitting 
srv 4 quitting 
srv 0 commits 1000000
srv 1 commits 1000000
srv 2 commits 1000000
srv 3 commits 1000000
srv 4 commits 1000000
srv 5 commits 1000000
srv 6 commits 1000000
srv 7 commits 1000000
srv 8 commits 1000000
srv 9 commits 1000000
srv 10 commits 1000000
srv 11 commits 1000000
srv 12 commits 1000000
srv 13 commits 1000000
srv 14 commits 1000000
srv 15 commits 1000000
total commits 16000000
== results ==
Server 0: 0.077836000M TPS
Server 1: 0.081367000M TPS
Server 2: 0.083980000M TPS
Server 3: 0.084716000M TPS
Server 4: 0.088806000M TPS
Server 5: 0.086280000M TPS
Server 6: 0.086348000M TPS
Server 7: 0.086891000M TPS
Server 8: 0.088754000M TPS
Server 9: 0.092839000M TPS
Server 10: 0.092000000M TPS
Server 11: 0.090119000M TPS
Server 12: 0.091539000M TPS
Server 13: 0.093702000M TPS
Server 14: 0.095784000M TPS
Server 15: 0.094910000M TPS
Total tps: 1.415871000M
./ycsb -s 16 -d 0 -b 1 -i 1000000 -o 10 -t 16000000 -w 0 -a 100 -h 1 -p 16
 # clients:    1
 # servers:    16
 Key range:    0..2^29
 Write ratio:  0
 Total #recs: 16000000 
 Iterations:   1000000
Assinging core 0 to srv 0
Assinging core 4 to srv 1
Assinging core 8 to srv 2
Assinging core 12 to srv 3
Assinging core 16 to srv 4
Assinging core 20 to srv 5
Assinging core 24 to srv 6
Assinging core 28 to srv 7
Assinging core 32 to srv 8
Assinging core 36 to srv 9
Assinging core 40 to srv 10
Assinging core 44 to srv 11
Assinging core 48 to srv 12
Assinging core 52 to srv 13
Assinging core 56 to srv 14
Assinging core 60 to srv 15
srv 8 load time 0.179
srv 8 rec count: 1000000 partition sz 70312-KB tx count: 1000000, per_txn_op cnt: 10
srv 1 load time 0.184
srv 1 rec count: 1000000 partition sz 70312-KB tx count: 1000000, per_txn_op cnt: 10
srv 4 load time 0.186
srv 4 rec count: 1000000 partition sz 70312-KB tx count: 1000000, per_txn_op cnt: 10
srv 6 load time 0.187
srv 6 rec count: 1000000 partition sz 70312-KB tx count: 1000000, per_txn_op cnt: 10
srv 9 load time 0.187
srv 9 rec count: 1000000 partition sz 70312-KB tx count: 1000000, per_txn_op cnt: 10
srv 7 load time 0.191
srv 7 rec count: 1000000 partition sz 70312-KB tx count: 1000000, per_txn_op cnt: 10
srv 13 load time 0.183
srv 13 rec count: 1000000 partition sz 70312-KB tx count: 1000000, per_txn_op cnt: 10
srv 11 load time 0.186
srv 11 rec count: 1000000 partition sz 70312-KB tx count: 1000000, per_txn_op cnt: 10
srv 5 load time 0.195
srv 5 rec count: 1000000 partition sz 70312-KB tx count: 1000000, per_txn_op cnt: 10
srv 0 load time 0.195
srv 0 rec count: 1000000 partition sz 70312-KB tx count: 1000000, per_txn_op cnt: 10
srv 12 load time 0.185
srv 12 rec count: 1000000 partition sz 70312-KB tx count: 1000000, per_txn_op cnt: 10
srv 2 load time 0.195
srv 2 rec count: 1000000 partition sz 70312-KB tx count: 1000000, per_txn_op cnt: 10
srv 10 load time 0.188
srv 10 rec count: 1000000 partition sz 70312-KB tx count: 1000000, per_txn_op cnt: 10
srv 15 load time 0.183
srv 15 rec count: 1000000 partition sz 70312-KB tx count: 1000000, per_txn_op cnt: 10
srv 14 load time 0.189
srv 14 rec count: 1000000 partition sz 70312-KB tx count: 1000000, per_txn_op cnt: 10
srv 3 load time 0.208
srv 3 rec count: 1000000 partition sz 70312-KB tx count: 1000000, per_txn_op cnt: 10
srv 3 starting txns
srv 10 starting txns
srv 6 starting txns
srv 13 starting txns
srv 4 starting txns
srv 15 starting txns
srv 0 starting txns
srv 1 starting txns
srv 7 starting txns
srv 8 starting txns
srv 9 starting txns
srv 11 starting txns
srv 2 starting txns
srv 14 starting txns
srv 12 starting txns
srv 5 starting txns
srv 14 query time 11.418
srv 15 query time 11.502
srv 13 query time 11.594
srv 10 query time 11.801
srv 9 query time 11.963
srv 12 query time 11.973
srv 11 query time 12.002
srv 4 query time 12.270
srv 8 query time 12.292
srv 7 query time 12.413
srv 6 query time 12.496
srv 5 query time 12.574
srv 3 query time 12.725
srv 2 query time 12.781
srv 1 query time 13.239
srv 0 query time 13.808
srv 0 quitting 
srv 3 quitting 
srv 15 quitting 
srv 2 quitting 
srv 10 quitting 
srv 1 quitting 
srv 8 quitting 
srv 7 quitting 
srv 9 quitting 
srv 6 quitting 
srv 14 quitting 
srv 13 quitting 
srv 12 quitting 
srv 5 quitting 
srv 4 quitting 
srv 11 quitting 
srv 0 commits 1000000
srv 1 commits 1000000
srv 2 commits 1000000
srv 3 commits 1000000
srv 4 commits 1000000
srv 5 commits 1000000
srv 6 commits 1000000
srv 7 commits 1000000
srv 8 commits 1000000
srv 9 commits 1000000
srv 10 commits 1000000
srv 11 commits 1000000
srv 12 commits 1000000
srv 13 commits 1000000
srv 14 commits 1000000
srv 15 commits 1000000
total commits 16000000
== results ==
Server 0: 0.072420000M TPS
Server 1: 0.075531000M TPS
Server 2: 0.078239000M TPS
Server 3: 0.078584000M TPS
Server 4: 0.081498000M TPS
Server 5: 0.079529000M TPS
Server 6: 0.080028000M TPS
Server 7: 0.080561000M TPS
Server 8: 0.081355000M TPS
Server 9: 0.083593000M TPS
Server 10: 0.084739000M TPS
Server 11: 0.083321000M TPS
Server 12: 0.083520000M TPS
Server 13: 0.086252000M TPS
Server 14: 0.087578000M TPS
Server 15: 0.086944000M TPS
Total tps: 1.303692000M
./ycsb -s 32 -d 0 -b 1 -i 1000000 -o 10 -t 32000000 -w 0 -a 100 -h 1 -p 16
 # clients:    1
 # servers:    32
 Key range:    0..2^29
 Write ratio:  0
 Total #recs: 32000000 
 Iterations:   1000000
Assinging core 0 to srv 0
Assinging core 4 to srv 1
Assinging core 8 to srv 2
Assinging core 12 to srv 3
Assinging core 16 to srv 4
Assinging core 20 to srv 5
Assinging core 24 to srv 6
Assinging core 28 to srv 7
Assinging core 32 to srv 8
Assinging core 36 to srv 9
Assinging core 40 to srv 10
Assinging core 44 to srv 11
Assinging core 48 to srv 12
Assinging core 52 to srv 13
Assinging core 56 to srv 14
Assinging core 60 to srv 15
Assinging core 64 to srv 16
Assinging core 68 to srv 17
Assinging core 1 to srv 18
Assinging core 5 to srv 19
Assinging core 9 to srv 20
Assinging core 13 to srv 21
Assinging core 17 to srv 22
Assinging core 21 to srv 23
Assinging core 25 to srv 24
Assinging core 29 to srv 25
Assinging core 33 to srv 26
Assinging core 37 to srv 27
Assinging core 41 to srv 28
Assinging core 45 to srv 29
Assinging core 49 to srv 30
Assinging core 53 to srv 31
srv 18 load time 0.205
srv 18 rec count: 1000000 partition sz 70312-KB tx count: 1000000, per_txn_op cnt: 10
srv 28 load time 0.241
srv 28 rec count: 1000000 partition sz 70312-KB tx count: 1000000, per_txn_op cnt: 10
srv 19 load time 0.268
srv 19 rec count: 1000000 partition sz 70312-KB tx count: 1000000, per_txn_op cnt: 10
srv 27 load time 0.249
srv 27 rec count: 1000000 partition sz 70312-KB tx count: 1000000, per_txn_op cnt: 10
srv 21 load time 0.266
srv 21 rec count: 1000000 partition sz 70312-KB tx count: 1000000, per_txn_op cnt: 10
srv 20 load time 0.271
srv 20 rec count: 1000000 partition sz 70312-KB tx count: 1000000, per_txn_op cnt: 10
srv 26 load time 0.255
srv 26 rec count: 1000000 partition sz 70312-KB tx count: 1000000, per_txn_op cnt: 10
srv 23 load time 0.262
srv 23 rec count: 1000000 partition sz 70312-KB tx count: 1000000, per_txn_op cnt: 10
srv 31 load time 0.241
srv 31 rec count: 1000000 partition sz 70312-KB tx count: 1000000, per_txn_op cnt: 10
srv 29 load time 0.246
srv 29 rec count: 1000000 partition sz 70312-KB tx count: 1000000, per_txn_op cnt: 10
srv 24 load time 0.263
srv 24 rec count: 1000000 partition sz 70312-KB tx count: 1000000, per_txn_op cnt: 10
srv 6 load time 0.298
srv 6 rec count: 1000000 partition sz 70312-KB tx count: 1000000, per_txn_op cnt: 10
srv 30 load time 0.251
srv 30 rec count: 1000000 partition sz 70312-KB tx count: 1000000, per_txn_op cnt: 10
srv 22 load time 0.277
srv 22 rec count: 1000000 partition sz 70312-KB tx count: 1000000, per_txn_op cnt: 10
srv 25 load time 0.276
srv 25 rec count: 1000000 partition sz 70312-KB tx count: 1000000, per_txn_op cnt: 10
srv 3 load time 0.315
srv 3 rec count: 1000000 partition sz 70312-KB tx count: 1000000, per_txn_op cnt: 10
srv 11 load time 0.316
srv 11 rec count: 1000000 partition sz 70312-KB tx count: 1000000, per_txn_op cnt: 10
srv 0 load time 0.334
srv 0 rec count: 1000000 partition sz 70312-KB tx count: 1000000, per_txn_op cnt: 10
srv 4 load time 0.342
srv 4 rec count: 1000000 partition sz 70312-KB tx count: 1000000, per_txn_op cnt: 10
srv 7 load time 0.346
srv 7 rec count: 1000000 partition sz 70312-KB tx count: 1000000, per_txn_op cnt: 10
srv 5 load time 0.352
srv 5 rec count: 1000000 partition sz 70312-KB tx count: 1000000, per_txn_op cnt: 10
srv 13 load time 0.346
srv 13 rec count: 1000000 partition sz 70312-KB tx count: 1000000, per_txn_op cnt: 10
srv 2 load time 0.367
srv 2 rec count: 1000000 partition sz 70312-KB tx count: 1000000, per_txn_op cnt: 10
srv 12 load time 0.360
srv 12 rec count: 1000000 partition sz 70312-KB tx count: 1000000, per_txn_op cnt: 10
srv 14 load time 0.359
srv 14 rec count: 1000000 partition sz 70312-KB tx count: 1000000, per_txn_op cnt: 10
srv 10 load time 0.366
srv 10 rec count: 1000000 partition sz 70312-KB tx count: 1000000, per_txn_op cnt: 10
srv 17 load time 0.358
srv 17 rec count: 1000000 partition sz 70312-KB tx count: 1000000, per_txn_op cnt: 10
srv 9 load time 0.371
srv 9 rec count: 1000000 partition sz 70312-KB tx count: 1000000, per_txn_op cnt: 10
srv 1 load time 0.376
srv 1 rec count: 1000000 partition sz 70312-KB tx count: 1000000, per_txn_op cnt: 10
srv 15 load time 0.364
srv 15 rec count: 1000000 partition sz 70312-KB tx count: 1000000, per_txn_op cnt: 10
srv 8 load time 0.376
srv 8 rec count: 1000000 partition sz 70312-KB tx count: 1000000, per_txn_op cnt: 10
srv 16 load time 0.365
srv 16 rec count: 1000000 partition sz 70312-KB tx count: 1000000, per_txn_op cnt: 10
srv 16 starting txns
srv 29 starting txns
srv 3 starting txns
srv 15 starting txns
srv 5 starting txns
srv 6 starting txns
srv 13 starting txns
srv 21 starting txns
srv 4 starting txns
srv 27 starting txns
srv 24 starting txns
srv 17 starting txns
srv 25 starting txns
srv 23 starting txns
srv 19 starting txns
srv 30 starting txns
srv 11 starting txns
srv 28 starting txns
srv 14 starting txns
srv 12 starting txns
srv 26 starting txns
srv 20 starting txns
srv 22 starting txns
srv 31 starting txns
srv 0 starting txns
srv 7 starting txns
srv 1 starting txns
srv 9 starting txns
srv 18 starting txns
srv 2 starting txns
srv 8 starting txns
srv 10 starting txns
srv 18 query time 15.370
srv 23 query time 15.777
srv 22 query time 16.020
srv 21 query time 16.026
srv 26 query time 16.037
srv 27 query time 16.038
srv 20 query time 16.062
srv 25 query time 16.062
srv 19 query time 16.280
srv 24 query time 16.403
srv 28 query time 16.462
srv 29 query time 17.697
srv 31 query time 17.748
srv 30 query time 18.009
srv 14 query time 22.612
srv 9 query time 22.630
srv 8 query time 22.771
srv 10 query time 22.978
srv 7 query time 23.066
srv 4 query time 23.137
srv 5 query time 23.175
srv 3 query time 23.429
srv 15 query time 23.565
srv 17 query time 23.621
srv 13 query time 23.882
srv 16 query time 23.894
srv 2 query time 23.912
srv 11 query time 23.949
srv 6 query time 23.981
srv 12 query time 24.056
srv 1 query time 24.457
srv 0 query time 25.327
srv 7 quitting 
srv 16 quitting 
srv 2 quitting 
srv 15 quitting 
srv 8 quitting 
srv 1 quitting 
srv 29 quitting 
srv 0 quitting 
srv 12 quitting 
srv 11 quitting 
srv 27 quitting 
srv 30 quitting 
srv 3 quitting 
srv 4 quitting 
srv 13 quitting 
srv 10 quitting 
srv 5 quitting 
srv 6 quitting 
srv 31 quitting 
srv 17 quitting 
srv 19 quitting 
srv 23 quitting 
srv 24 quitting 
srv 14 quitting 
srv 25 quitting 
srv 26 quitting 
srv 9 quitting 
srv 20 quitting 
srv 18 quitting 
srv 21 quitting 
srv 28 quitting 
srv 22 quitting 
srv 0 commits 1000000
srv 1 commits 1000000
srv 2 commits 1000000
srv 3 commits 1000000
srv 4 commits 1000000
srv 5 commits 1000000
srv 6 commits 1000000
srv 7 commits 1000000
srv 8 commits 1000000
srv 9 commits 1000000
srv 10 commits 1000000
srv 11 commits 1000000
srv 12 commits 1000000
srv 13 commits 1000000
srv 14 commits 1000000
srv 15 commits 1000000
srv 16 commits 1000000
srv 17 commits 1000000
srv 18 commits 1000000
srv 19 commits 1000000
srv 20 commits 1000000
srv 21 commits 1000000
srv 22 commits 1000000
srv 23 commits 1000000
srv 24 commits 1000000
srv 25 commits 1000000
srv 26 commits 1000000
srv 27 commits 1000000
srv 28 commits 1000000
srv 29 commits 1000000
srv 30 commits 1000000
srv 31 commits 1000000
total commits 32000000
== results ==
Server 0: 0.039483000M TPS
Server 1: 0.040888000M TPS
Server 2: 0.041819000M TPS
Server 3: 0.042682000M TPS
Server 4: 0.043220000M TPS
Server 5: 0.043150000M TPS
Server 6: 0.041700000M TPS
Server 7: 0.043354000M TPS
Server 8: 0.043914000M TPS
Server 9: 0.044188000M TPS
Server 10: 0.043520000M TPS
Server 11: 0.041755000M TPS
Server 12: 0.041569000M TPS
Server 13: 0.041873000M TPS
Server 14: 0.044224000M TPS
Server 15: 0.042436000M TPS
Server 16: 0.041851000M TPS
Server 17: 0.042335000M TPS
Server 18: 0.065063000M TPS
Server 19: 0.061423000M TPS
Server 20: 0.062258000M TPS
Server 21: 0.062397000M TPS
Server 22: 0.062420000M TPS
Server 23: 0.063384000M TPS
Server 24: 0.060964000M TPS
Server 25: 0.062258000M TPS
Server 26: 0.062354000M TPS
Server 27: 0.062350000M TPS
Server 28: 0.060747000M TPS
Server 29: 0.056507000M TPS
Server 30: 0.055527000M TPS
Server 31: 0.056343000M TPS
Total tps: 1.617956000M
./ycsb -s 32 -d 0 -b 1 -i 1000000 -o 10 -t 32000000 -w 0 -a 100 -h 1 -p 16
 # clients:    1
 # servers:    32
 Key range:    0..2^29
 Write ratio:  0
 Total #recs: 32000000 
 Iterations:   1000000
Assinging core 0 to srv 0
Assinging core 4 to srv 1
Assinging core 8 to srv 2
Assinging core 12 to srv 3
Assinging core 16 to srv 4
Assinging core 20 to srv 5
Assinging core 24 to srv 6
Assinging core 28 to srv 7
Assinging core 32 to srv 8
Assinging core 36 to srv 9
Assinging core 40 to srv 10
Assinging core 44 to srv 11
Assinging core 48 to srv 12
Assinging core 52 to srv 13
Assinging core 56 to srv 14
Assinging core 60 to srv 15
Assinging core 64 to srv 16
Assinging core 68 to srv 17
Assinging core 1 to srv 18
Assinging core 5 to srv 19
Assinging core 9 to srv 20
Assinging core 13 to srv 21
Assinging core 17 to srv 22
Assinging core 21 to srv 23
Assinging core 25 to srv 24
Assinging core 29 to srv 25
Assinging core 33 to srv 26
Assinging core 37 to srv 27
Assinging core 41 to srv 28
Assinging core 45 to srv 29
Assinging core 49 to srv 30
Assinging core 53 to srv 31
srv 23 load time 0.192
srv 23 rec count: 1000000 partition sz 70312-KB tx count: 1000000, per_txn_op cnt: 10
srv 24 load time 0.207
srv 24 rec count: 1000000 partition sz 70312-KB tx count: 1000000, per_txn_op cnt: 10
srv 3 load time 0.237
srv 3 rec count: 1000000 partition sz 70312-KB tx count: 1000000, per_txn_op cnt: 10
srv 25 load time 0.209
srv 25 rec count: 1000000 partition sz 70312-KB tx count: 1000000, per_txn_op cnt: 10
srv 26 load time 0.207
srv 26 rec count: 1000000 partition sz 70312-KB tx count: 1000000, per_txn_op cnt: 10
srv 9 load time 0.233
srv 9 rec count: 1000000 partition sz 70312-KB tx count: 1000000, per_txn_op cnt: 10
srv 0 load time 0.244
srv 0 rec count: 1000000 partition sz 70312-KB tx count: 1000000, per_txn_op cnt: 10
srv 19 load time 0.227
srv 19 rec count: 1000000 partition sz 70312-KB tx count: 1000000, per_txn_op cnt: 10
srv 21 load time 0.230
srv 21 rec count: 1000000 partition sz 70312-KB tx count: 1000000, per_txn_op cnt: 10
srv 27 load time 0.220
srv 27 rec count: 1000000 partition sz 70312-KB tx count: 1000000, per_txn_op cnt: 10
srv 20 load time 0.233
srv 20 rec count: 1000000 partition sz 70312-KB tx count: 1000000, per_txn_op cnt: 10
srv 22 load time 0.230
srv 22 rec count: 1000000 partition sz 70312-KB tx count: 1000000, per_txn_op cnt: 10
srv 28 load time 0.220
srv 28 rec count: 1000000 partition sz 70312-KB tx count: 1000000, per_txn_op cnt: 10
srv 18 load time 0.238
srv 18 rec count: 1000000 partition sz 70312-KB tx count: 1000000, per_txn_op cnt: 10
srv 31 load time 0.214
srv 31 rec count: 1000000 partition sz 70312-KB tx count: 1000000, per_txn_op cnt: 10
srv 29 load time 0.220
srv 29 rec count: 1000000 partition sz 70312-KB tx count: 1000000, per_txn_op cnt: 10
srv 17 load time 0.242
srv 17 rec count: 1000000 partition sz 70312-KB tx count: 1000000, per_txn_op cnt: 10
srv 14 load time 0.249
srv 14 rec count: 1000000 partition sz 70312-KB tx count: 1000000, per_txn_op cnt: 10
srv 30 load time 0.223
srv 30 rec count: 1000000 partition sz 70312-KB tx count: 1000000, per_txn_op cnt: 10
srv 12 load time 0.261
srv 12 rec count: 1000000 partition sz 70312-KB tx count: 1000000, per_txn_op cnt: 10
srv 7 load time 0.269
srv 7 rec count: 1000000 partition sz 70312-KB tx count: 1000000, per_txn_op cnt: 10
srv 11 load time 0.266
srv 11 rec count: 1000000 partition sz 70312-KB tx count: 1000000, per_txn_op cnt: 10
srv 15 load time 0.265
srv 15 rec count: 1000000 partition sz 70312-KB tx count: 1000000, per_txn_op cnt: 10
srv 13 load time 0.268
srv 13 rec count: 1000000 partition sz 70312-KB tx count: 1000000, per_txn_op cnt: 10
srv 4 load time 0.281
srv 4 rec count: 1000000 partition sz 70312-KB tx count: 1000000, per_txn_op cnt: 10
srv 8 load time 0.277
srv 8 rec count: 1000000 partition sz 70312-KB tx count: 1000000, per_txn_op cnt: 10
srv 6 load time 0.280
srv 6 rec count: 1000000 partition sz 70312-KB tx count: 1000000, per_txn_op cnt: 10
srv 2 load time 0.282
srv 2 rec count: 1000000 partition sz 70312-KB tx count: 1000000, per_txn_op cnt: 10
srv 5 load time 0.282
srv 5 rec count: 1000000 partition sz 70312-KB tx count: 1000000, per_txn_op cnt: 10
srv 10 load time 0.277
srv 10 rec count: 1000000 partition sz 70312-KB tx count: 1000000, per_txn_op cnt: 10
srv 1 load time 0.286
srv 1 rec count: 1000000 partition sz 70312-KB tx count: 1000000, per_txn_op cnt: 10
srv 16 load time 0.271
srv 16 rec count: 1000000 partition sz 70312-KB tx count: 1000000, per_txn_op cnt: 10
srv 16 starting txns
srv 1 starting txns
srv 10 starting txns
srv 9 starting txns
srv 12 starting txns
srv 11 starting txns
srv 17 starting txns
srv 3 starting txns
srv 7 starting txns
srv 28 starting txns
srv 18 starting txns
srv 6 starting txns
srv 0 starting txns
srv 31 starting txns
srv 13 starting txns
srv 25 starting txns
srv 5 starting txns
srv 21 starting txns
srv 2 starting txns
srv 24 starting txns
srv 23 starting txns
srv 14 starting txns
srv 26 starting txns
srv 20 starting txns
srv 15 starting txns
srv 19 starting txns
srv 22 starting txns
srv 30 starting txns
srv 27 starting txns
srv 29 starting txns
srv 8 starting txns
srv 4 starting txns
srv 28 query time 16.661
srv 29 query time 17.077
srv 31 query time 17.095
srv 30 query time 17.095
srv 26 query time 17.310
srv 27 query time 17.425
srv 22 query time 17.464
srv 20 query time 17.488
srv 21 query time 17.512
srv 25 query time 17.591
srv 18 query time 18.150
srv 24 query time 18.157
srv 19 query time 18.265
srv 23 query time 18.744
srv 17 query time 22.821
srv 16 query time 22.991
srv 13 query time 23.159
srv 12 query time 23.395
srv 14 query time 23.583
srv 9 query time 23.729
srv 11 query time 23.746
srv 15 query time 23.764
srv 4 query time 23.765
srv 8 query time 23.965
srv 10 query time 24.088
srv 7 query time 24.162
srv 6 query time 24.269
srv 3 query time 24.276
srv 5 query time 24.506
srv 2 query time 24.590
srv 1 query time 24.858
srv 0 query time 25.872
srv 0 quitting 
srv 13 quitting 
srv 8 quitting 
srv 22 quitting 
srv 27 quitting 
srv 6 quitting 
srv 1 quitting 
srv 24 quitting 
srv 18 quitting 
srv 3 quitting 
srv 15 quitting 
srv 25 quitting 
srv 26 quitting 
srv 7 quitting 
srv 30 quitting 
srv 29 quitting 
srv 31 quitting 
srv 19 quitting 
srv 28 quitting 
srv 14 quitting 
srv 4 quitting 
srv 23 quitting 
srv 20 quitting 
srv 21 quitting 
srv 9 quitting 
srv 5 quitting 
srv 11 quitting 
srv 10 quitting 
srv 16 quitting 
srv 2 quitting 
srv 12 quitting 
srv 17 quitting 
srv 0 commits 1000000
srv 1 commits 1000000
srv 2 commits 1000000
srv 3 commits 1000000
srv 4 commits 1000000
srv 5 commits 1000000
srv 6 commits 1000000
srv 7 commits 1000000
srv 8 commits 1000000
srv 9 commits 1000000
srv 10 commits 1000000
srv 11 commits 1000000
srv 12 commits 1000000
srv 13 commits 1000000
srv 14 commits 1000000
srv 15 commits 1000000
srv 16 commits 1000000
srv 17 commits 1000000
srv 18 commits 1000000
srv 19 commits 1000000
srv 20 commits 1000000
srv 21 commits 1000000
srv 22 commits 1000000
srv 23 commits 1000000
srv 24 commits 1000000
srv 25 commits 1000000
srv 26 commits 1000000
srv 27 commits 1000000
srv 28 commits 1000000
srv 29 commits 1000000
srv 30 commits 1000000
srv 31 commits 1000000
total commits 32000000
== results ==
Server 0: 0.038651000M TPS
Server 1: 0.040229000M TPS
Server 2: 0.040666000M TPS
Server 3: 0.041193000M TPS
Server 4: 0.042078000M TPS
Server 5: 0.040807000M TPS
Server 6: 0.041204000M TPS
Server 7: 0.041387000M TPS
Server 8: 0.041727000M TPS
Server 9: 0.042142000M TPS
Server 10: 0.041514000M TPS
Server 11: 0.042113000M TPS
Server 12: 0.042744000M TPS
Server 13: 0.043180000M TPS
Server 14: 0.042403000M TPS
Server 15: 0.042080000M TPS
Server 16: 0.043495000M TPS
Server 17: 0.043819000M TPS
Server 18: 0.055095000M TPS
Server 19: 0.054750000M TPS
Server 20: 0.057180000M TPS
Server 21: 0.057104000M TPS
Server 22: 0.057259000M TPS
Server 23: 0.053351000M TPS
Server 24: 0.055075000M TPS
Server 25: 0.056845000M TPS
Server 26: 0.057771000M TPS
Server 27: 0.057390000M TPS
Server 28: 0.060020000M TPS
Server 29: 0.058556000M TPS
Server 30: 0.058496000M TPS
Server 31: 0.058497000M TPS
Total tps: 1.548821000M
./ycsb -s 32 -d 0 -b 1 -i 1000000 -o 10 -t 32000000 -w 0 -a 100 -h 1 -p 16
 # clients:    1
 # servers:    32
 Key range:    0..2^29
 Write ratio:  0
 Total #recs: 32000000 
 Iterations:   1000000
Assinging core 0 to srv 0
Assinging core 4 to srv 1
Assinging core 8 to srv 2
Assinging core 12 to srv 3
Assinging core 16 to srv 4
Assinging core 20 to srv 5
Assinging core 24 to srv 6
Assinging core 28 to srv 7
Assinging core 32 to srv 8
Assinging core 36 to srv 9
Assinging core 40 to srv 10
Assinging core 44 to srv 11
Assinging core 48 to srv 12
Assinging core 52 to srv 13
Assinging core 56 to srv 14
Assinging core 60 to srv 15
Assinging core 64 to srv 16
Assinging core 68 to srv 17
Assinging core 1 to srv 18
Assinging core 5 to srv 19
Assinging core 9 to srv 20
Assinging core 13 to srv 21
Assinging core 17 to srv 22
Assinging core 21 to srv 23
Assinging core 25 to srv 24
Assinging core 29 to srv 25
Assinging core 33 to srv 26
Assinging core 37 to srv 27
Assinging core 41 to srv 28
Assinging core 45 to srv 29
Assinging core 49 to srv 30
Assinging core 53 to srv 31
srv 23 load time 0.217
srv 23 rec count: 1000000 partition sz 70312-KB tx count: 1000000, per_txn_op cnt: 10
srv 21 load time 0.221
srv 21 rec count: 1000000 partition sz 70312-KB tx count: 1000000, per_txn_op cnt: 10
srv 24 load time 0.218
srv 24 rec count: 1000000 partition sz 70312-KB tx count: 1000000, per_txn_op cnt: 10
srv 22 load time 0.222
srv 22 rec count: 1000000 partition sz 70312-KB tx count: 1000000, per_txn_op cnt: 10
srv 28 load time 0.212
srv 28 rec count: 1000000 partition sz 70312-KB tx count: 1000000, per_txn_op cnt: 10
srv 27 load time 0.233
srv 27 rec count: 1000000 partition sz 70312-KB tx count: 1000000, per_txn_op cnt: 10
srv 20 load time 0.250
srv 20 rec count: 1000000 partition sz 70312-KB tx count: 1000000, per_txn_op cnt: 10
srv 18 load time 0.265
srv 18 rec count: 1000000 partition sz 70312-KB tx count: 1000000, per_txn_op cnt: 10
srv 26 load time 0.254
srv 26 rec count: 1000000 partition sz 70312-KB tx count: 1000000, per_txn_op cnt: 10
srv 19 load time 0.267
srv 19 rec count: 1000000 partition sz 70312-KB tx count: 1000000, per_txn_op cnt: 10
srv 30 load time 0.246
srv 30 rec count: 1000000 partition sz 70312-KB tx count: 1000000, per_txn_op cnt: 10
srv 29 load time 0.249
srv 29 rec count: 1000000 partition sz 70312-KB tx count: 1000000, per_txn_op cnt: 10
srv 31 load time 0.246
srv 31 rec count: 1000000 partition sz 70312-KB tx count: 1000000, per_txn_op cnt: 10
srv 25 load time 0.262
srv 25 rec count: 1000000 partition sz 70312-KB tx count: 1000000, per_txn_op cnt: 10
srv 3 load time 0.306
srv 3 rec count: 1000000 partition sz 70312-KB tx count: 1000000, per_txn_op cnt: 10
srv 0 load time 0.313
srv 0 rec count: 1000000 partition sz 70312-KB tx count: 1000000, per_txn_op cnt: 10
srv 1 load time 0.314
srv 1 rec count: 1000000 partition sz 70312-KB tx count: 1000000, per_txn_op cnt: 10
srv 12 load time 0.329
srv 12 rec count: 1000000 partition sz 70312-KB tx count: 1000000, per_txn_op cnt: 10
srv 14 load time 0.336
srv 14 rec count: 1000000 partition sz 70312-KB tx count: 1000000, per_txn_op cnt: 10
srv 16 load time 0.342
srv 16 rec count: 1000000 partition sz 70312-KB tx count: 1000000, per_txn_op cnt: 10
srv 8 load time 0.358
srv 8 rec count: 1000000 partition sz 70312-KB tx count: 1000000, per_txn_op cnt: 10
srv 9 load time 0.357
srv 9 rec count: 1000000 partition sz 70312-KB tx count: 1000000, per_txn_op cnt: 10
srv 7 load time 0.361
srv 7 rec count: 1000000 partition sz 70312-KB tx count: 1000000, per_txn_op cnt: 10
srv 2 load time 0.365
srv 2 rec count: 1000000 partition sz 70312-KB tx count: 1000000, per_txn_op cnt: 10
srv 10 load time 0.360
srv 10 rec count: 1000000 partition sz 70312-KB tx count: 1000000, per_txn_op cnt: 10
srv 15 load time 0.353
srv 15 rec count: 1000000 partition sz 70312-KB tx count: 1000000, per_txn_op cnt: 10
srv 17 load time 0.350
srv 17 rec count: 1000000 partition sz 70312-KB tx count: 1000000, per_txn_op cnt: 10
srv 5 load time 0.367
srv 5 rec count: 1000000 partition sz 70312-KB tx count: 1000000, per_txn_op cnt: 10
srv 6 load time 0.369
srv 6 rec count: 1000000 partition sz 70312-KB tx count: 1000000, per_txn_op cnt: 10
srv 4 load time 0.371
srv 4 rec count: 1000000 partition sz 70312-KB tx count: 1000000, per_txn_op cnt: 10
srv 13 load time 0.365
srv 13 rec count: 1000000 partition sz 70312-KB tx count: 1000000, per_txn_op cnt: 10
srv 11 load time 0.369
srv 11 rec count: 1000000 partition sz 70312-KB tx count: 1000000, per_txn_op cnt: 10
srv 11 starting txns
srv 31 starting txns
srv 27 starting txns
srv 2 starting txns
srv 20 starting txns
srv 30 starting txns
srv 26 starting txns
srv 29 starting txns
srv 22 starting txns
srv 24 starting txns
srv 16 starting txns
srv 5 starting txns
srv 19 starting txns
srv 17 starting txns
srv 7 starting txns
srv 6 starting txns
srv 10 starting txns
srv 4 starting txns
srv 21 starting txns
srv 28 starting txns
srv 23 starting txns
srv 3 starting txns
srv 1 starting txns
srv 12 starting txns
srv 14 starting txns
srv 0 starting txns
srv 13 starting txns
srv 9 starting txns
srv 15 starting txns
srv 25 starting txns
srv 18 starting txns
srv 8 starting txns
srv 25 query time 14.914
srv 21 query time 15.103
srv 20 query time 15.183
srv 26 query time 15.241
srv 24 query time 15.564
srv 19 query time 15.577
srv 28 query time 15.612
srv 23 query time 15.725
srv 18 query time 15.757
srv 22 query time 15.984
srv 27 query time 16.081
srv 29 query time 16.597
srv 31 query time 16.988
srv 30 query time 17.333
srv 16 query time 22.411
srv 15 query time 22.470
srv 11 query time 22.719
srv 17 query time 23.007
srv 14 query time 23.242
srv 6 query time 23.325
srv 13 query time 23.435
srv 8 query time 23.532
srv 12 query time 23.577
srv 7 query time 23.579
srv 10 query time 23.638
srv 5 query time 23.686
srv 4 query time 23.788
srv 2 query time 23.811
srv 9 query time 23.862
srv 3 query time 23.868
srv 1 query time 24.246
srv 0 query time 25.231
srv 0 quitting 
srv 12 quitting 
srv 10 quitting 
srv 7 quitting 
srv 4 quitting 
srv 16 quitting 
srv 11 quitting 
srv 2 quitting 
srv 3 quitting 
srv 1 quitting 
srv 15 quitting 
srv 14 quitting 
srv 6 quitting 
srv 9 quitting 
srv 8 quitting 
srv 21 quitting 
srv 26 quitting 
srv 27 quitting 
srv 5 quitting 
srv 31 quitting 
srv 22 quitting 
srv 18 quitting 
srv 24 quitting 
srv 20 quitting 
srv 25 quitting 
srv 19 quitting 
srv 28 quitting 
srv 17 quitting 
srv 29 quitting 
srv 13 quitting 
srv 23 quitting 
srv 30 quitting 
srv 0 commits 1000000
srv 1 commits 1000000
srv 2 commits 1000000
srv 3 commits 1000000
srv 4 commits 1000000
srv 5 commits 1000000
srv 6 commits 1000000
srv 7 commits 1000000
srv 8 commits 1000000
srv 9 commits 1000000
srv 10 commits 1000000
srv 11 commits 1000000
srv 12 commits 1000000
srv 13 commits 1000000
srv 14 commits 1000000
srv 15 commits 1000000
srv 16 commits 1000000
srv 17 commits 1000000
srv 18 commits 1000000
srv 19 commits 1000000
srv 20 commits 1000000
srv 21 commits 1000000
srv 22 commits 1000000
srv 23 commits 1000000
srv 24 commits 1000000
srv 25 commits 1000000
srv 26 commits 1000000
srv 27 commits 1000000
srv 28 commits 1000000
srv 29 commits 1000000
srv 30 commits 1000000
srv 31 commits 1000000
total commits 32000000
== results ==
Server 0: 0.039634000M TPS
Server 1: 0.041243000M TPS
Server 2: 0.041997000M TPS
Server 3: 0.041897000M TPS
Server 4: 0.042038000M TPS
Server 5: 0.042219000M TPS
Server 6: 0.042872000M TPS
Server 7: 0.042411000M TPS
Server 8: 0.042496000M TPS
Server 9: 0.041907000M TPS
Server 10: 0.042304000M TPS
Server 11: 0.044016000M TPS
Server 12: 0.042413000M TPS
Server 13: 0.042671000M TPS
Server 14: 0.043025000M TPS
Server 15: 0.044504000M TPS
Server 16: 0.044620000M TPS
Server 17: 0.043465000M TPS
Server 18: 0.063463000M TPS
Server 19: 0.064195000M TPS
Server 20: 0.065864000M TPS
Server 21: 0.066214000M TPS
Server 22: 0.062563000M TPS
Server 23: 0.063593000M TPS
Server 24: 0.064251000M TPS
Server 25: 0.067050000M TPS
Server 26: 0.065611000M TPS
Server 27: 0.062185000M TPS
Server 28: 0.064051000M TPS
Server 29: 0.060252000M TPS
Server 30: 0.057694000M TPS
Server 31: 0.058865000M TPS
Total tps: 1.651583000M
./ycsb -s 64 -d 0 -b 1 -i 1000000 -o 10 -t 64000000 -w 0 -a 100 -h 1 -p 16
 # clients:    1
 # servers:    64
 Key range:    0..2^29
 Write ratio:  0
 Total #recs: 64000000 
 Iterations:   1000000
Assinging core 0 to srv 0
Assinging core 4 to srv 1
Assinging core 8 to srv 2
Assinging core 12 to srv 3
Assinging core 16 to srv 4
Assinging core 20 to srv 5
Assinging core 24 to srv 6
Assinging core 28 to srv 7
Assinging core 32 to srv 8
Assinging core 36 to srv 9
Assinging core 40 to srv 10
Assinging core 44 to srv 11
Assinging core 48 to srv 12
Assinging core 52 to srv 13
Assinging core 56 to srv 14
Assinging core 60 to srv 15
Assinging core 64 to srv 16
Assinging core 68 to srv 17
Assinging core 1 to srv 18
Assinging core 5 to srv 19
Assinging core 9 to srv 20
Assinging core 13 to srv 21
Assinging core 17 to srv 22
Assinging core 21 to srv 23
Assinging core 25 to srv 24
Assinging core 29 to srv 25
Assinging core 33 to srv 26
Assinging core 37 to srv 27
Assinging core 41 to srv 28
Assinging core 45 to srv 29
Assinging core 49 to srv 30
Assinging core 53 to srv 31
Assinging core 57 to srv 32
Assinging core 61 to srv 33
Assinging core 65 to srv 34
Assinging core 69 to srv 35
Assinging core 2 to srv 36
Assinging core 6 to srv 37
Assinging core 10 to srv 38
Assinging core 14 to srv 39
Assinging core 18 to srv 40
Assinging core 22 to srv 41
Assinging core 26 to srv 42
Assinging core 30 to srv 43
Assinging core 34 to srv 44
Assinging core 38 to srv 45
Assinging core 42 to srv 46
Assinging core 46 to srv 47
Assinging core 50 to srv 48
Assinging core 54 to srv 49
Assinging core 58 to srv 50
Assinging core 62 to srv 51
Assinging core 66 to srv 52
Assinging core 70 to srv 53
Assinging core 3 to srv 54
Assinging core 7 to srv 55
Assinging core 11 to srv 56
Assinging core 15 to srv 57
Assinging core 19 to srv 58
Assinging core 23 to srv 59
Assinging core 27 to srv 60
Assinging core 31 to srv 61
Assinging core 35 to srv 62
Assinging core 39 to srv 63
srv 15 load time 0.314
srv 15 rec count: 1000000 partition sz 70312-KB tx count: 1000000, per_txn_op cnt: 10
srv 56 load time 0.235
srv 56 rec count: 1000000 partition sz 70312-KB tx count: 1000000, per_txn_op cnt: 10
srv 59 load time 0.232
srv 59 rec count: 1000000 partition sz 70312-KB tx count: 1000000, per_txn_op cnt: 10
srv 60 load time 0.273
srv 60 rec count: 1000000 partition sz 70312-KB tx count: 1000000, per_txn_op cnt: 10
srv 31 load time 0.346
srv 31 rec count: 1000000 partition sz 70312-KB tx count: 1000000, per_txn_op cnt: 10
srv 37 load time 0.336
srv 37 rec count: 1000000 partition sz 70312-KB tx count: 1000000, per_txn_op cnt: 10
srv 57 load time 0.288
srv 57 rec count: 1000000 partition sz 70312-KB tx count: 1000000, per_txn_op cnt: 10
srv 54 load time 0.306
srv 54 rec count: 1000000 partition sz 70312-KB tx count: 1000000, per_txn_op cnt: 10
srv 25 load time 0.401
srv 25 rec count: 1000000 partition sz 70312-KB tx count: 1000000, per_txn_op cnt: 10
srv 39 load time 0.377
srv 39 rec count: 1000000 partition sz 70312-KB tx count: 1000000, per_txn_op cnt: 10
srv 63 load time 0.319
srv 63 rec count: 1000000 partition sz 70312-KB tx count: 1000000, per_txn_op cnt: 10
srv 62 load time 0.323
srv 62 rec count: 1000000 partition sz 70312-KB tx count: 1000000, per_txn_op cnt: 10
srv 55 load time 0.344
srv 55 rec count: 1000000 partition sz 70312-KB tx count: 1000000, per_txn_op cnt: 10
srv 28 load time 0.438
srv 28 rec count: 1000000 partition sz 70312-KB tx count: 1000000, per_txn_op cnt: 10
srv 58 load time 0.373
srv 58 rec count: 1000000 partition sz 70312-KB tx count: 1000000, per_txn_op cnt: 10
srv 61 load time 0.365
srv 61 rec count: 1000000 partition sz 70312-KB tx count: 1000000, per_txn_op cnt: 10
srv 24 load time 0.458
srv 24 rec count: 1000000 partition sz 70312-KB tx count: 1000000, per_txn_op cnt: 10
srv 27 load time 0.452
srv 27 rec count: 1000000 partition sz 70312-KB tx count: 1000000, per_txn_op cnt: 10
srv 40 load time 0.424
srv 40 rec count: 1000000 partition sz 70312-KB tx count: 1000000, per_txn_op cnt: 10
srv 42 load time 0.421
srv 42 rec count: 1000000 partition sz 70312-KB tx count: 1000000, per_txn_op cnt: 10
srv 45 load time 0.415
srv 45 rec count: 1000000 partition sz 70312-KB tx count: 1000000, per_txn_op cnt: 10
srv 35 load time 0.449
srv 35 rec count: 1000000 partition sz 70312-KB tx count: 1000000, per_txn_op cnt: 10
srv 46 load time 0.423
srv 46 rec count: 1000000 partition sz 70312-KB tx count: 1000000, per_txn_op cnt: 10
srv 32 load time 0.488
srv 32 rec count: 1000000 partition sz 70312-KB tx count: 1000000, per_txn_op cnt: 10
srv 48 load time 0.451
srv 48 rec count: 1000000 partition sz 70312-KB tx count: 1000000, per_txn_op cnt: 10
srv 26 load time 0.510
srv 26 rec count: 1000000 partition sz 70312-KB tx count: 1000000, per_txn_op cnt: 10
srv 30 load time 0.508
srv 30 rec count: 1000000 partition sz 70312-KB tx count: 1000000, per_txn_op cnt: 10
srv 43 load time 0.481
srv 43 rec count: 1000000 partition sz 70312-KB tx count: 1000000, per_txn_op cnt: 10
srv 49 load time 0.468
srv 49 rec count: 1000000 partition sz 70312-KB tx count: 1000000, per_txn_op cnt: 10
srv 51 load time 0.471
srv 51 rec count: 1000000 partition sz 70312-KB tx count: 1000000, per_txn_op cnt: 10
srv 12 load time 0.555
srv 12 rec count: 1000000 partition sz 70312-KB tx count: 1000000, per_txn_op cnt: 10
srv 33 load time 0.528
srv 33 rec count: 1000000 partition sz 70312-KB tx count: 1000000, per_txn_op cnt: 10
srv 2 load time 0.581
srv 2 rec count: 1000000 partition sz 70312-KB tx count: 1000000, per_txn_op cnt: 10
srv 19 load time 0.563
srv 19 rec count: 1000000 partition sz 70312-KB tx count: 1000000, per_txn_op cnt: 10
srv 21 load time 0.560
srv 21 rec count: 1000000 partition sz 70312-KB tx count: 1000000, per_txn_op cnt: 10
srv 34 load time 0.534
srv 34 rec count: 1000000 partition sz 70312-KB tx count: 1000000, per_txn_op cnt: 10
srv 23 load time 0.559
srv 23 rec count: 1000000 partition sz 70312-KB tx count: 1000000, per_txn_op cnt: 10
srv 9 load time 0.586
srv 9 rec count: 1000000 partition sz 70312-KB tx count: 1000000, per_txn_op cnt: 10
srv 22 load time 0.566
srv 22 rec count: 1000000 partition sz 70312-KB tx count: 1000000, per_txn_op cnt: 10
srv 0 load time 0.593
srv 0 rec count: 1000000 partition sz 70312-KB tx count: 1000000, per_txn_op cnt: 10
srv 18 load time 0.575
srv 18 rec count: 1000000 partition sz 70312-KB tx count: 1000000, per_txn_op cnt: 10
srv 50 load time 0.509
srv 50 rec count: 1000000 partition sz 70312-KB tx count: 1000000, per_txn_op cnt: 10
srv 41 load time 0.533
srv 41 rec count: 1000000 partition sz 70312-KB tx count: 1000000, per_txn_op cnt: 10
srv 36 load time 0.546
srv 36 rec count: 1000000 partition sz 70312-KB tx count: 1000000, per_txn_op cnt: 10
srv 47 load time 0.519
srv 47 rec count: 1000000 partition sz 70312-KB tx count: 1000000, per_txn_op cnt: 10
srv 4 load time 0.603
srv 4 rec count: 1000000 partition sz 70312-KB tx count: 1000000, per_txn_op cnt: 10
srv 7 load time 0.601
srv 7 rec count: 1000000 partition sz 70312-KB tx count: 1000000, per_txn_op cnt: 10
srv 8 load time 0.601
srv 8 rec count: 1000000 partition sz 70312-KB tx count: 1000000, per_txn_op cnt: 10
srv 52 load time 0.510
srv 52 rec count: 1000000 partition sz 70312-KB tx count: 1000000, per_txn_op cnt: 10
srv 11 load time 0.598
srv 11 rec count: 1000000 partition sz 70312-KB tx count: 1000000, per_txn_op cnt: 10
srv 20 load time 0.584
srv 20 rec count: 1000000 partition sz 70312-KB tx count: 1000000, per_txn_op cnt: 10
srv 5 load time 0.609
srv 5 rec count: 1000000 partition sz 70312-KB tx count: 1000000, per_txn_op cnt: 10
srv 3 load time 0.610
srv 3 rec count: 1000000 partition sz 70312-KB tx count: 1000000, per_txn_op cnt: 10
srv 29 load time 0.572
srv 29 rec count: 1000000 partition sz 70312-KB tx count: 1000000, per_txn_op cnt: 10
srv 38 load time 0.554
srv 38 rec count: 1000000 partition sz 70312-KB tx count: 1000000, per_txn_op cnt: 10
srv 44 load time 0.542
srv 44 rec count: 1000000 partition sz 70312-KB tx count: 1000000, per_txn_op cnt: 10
srv 10 load time 0.611
srv 10 rec count: 1000000 partition sz 70312-KB tx count: 1000000, per_txn_op cnt: 10
srv 53 load time 0.523
srv 53 rec count: 1000000 partition sz 70312-KB tx count: 1000000, per_txn_op cnt: 10
srv 6 load time 0.622
srv 6 rec count: 1000000 partition sz 70312-KB tx count: 1000000, per_txn_op cnt: 10
srv 16 load time 0.610
srv 16 rec count: 1000000 partition sz 70312-KB tx count: 1000000, per_txn_op cnt: 10
srv 14 load time 0.615
srv 14 rec count: 1000000 partition sz 70312-KB tx count: 1000000, per_txn_op cnt: 10
srv 13 load time 0.617
srv 13 rec count: 1000000 partition sz 70312-KB tx count: 1000000, per_txn_op cnt: 10
srv 17 load time 0.613
srv 17 rec count: 1000000 partition sz 70312-KB tx count: 1000000, per_txn_op cnt: 10
srv 1 load time 0.631
srv 1 rec count: 1000000 partition sz 70312-KB tx count: 1000000, per_txn_op cnt: 10
srv 1 starting txns
srv 44 starting txns
srv 10 starting txns
srv 55 starting txns
srv 53 starting txns
srv 54 starting txns
srv 60 starting txns
srv 36 starting txns
srv 17 starting txns
srv 27 starting txns
srv 18 starting txns
srv 22 starting txns
srv 5 starting txns
srv 57 starting txns
srv 13 starting txns
srv 39 starting txns
srv 59 starting txns
srv 63 starting txns
srv 33 starting txns
srv 61 starting txns
srv 42 starting txns
srv 47 starting txns
srv 25 starting txns
srv 8 starting txns
srv 20 starting txns
srv 30 starting txns
srv 32 starting txns
srv 35 starting txns
srv 40 starting txns
srv 29 starting txns
srv 62 starting txns
srv 24 starting txns
srv 7 starting txns
srv 38 starting txns
srv 41 starting txns
srv 2 starting txns
srv 14 starting txns
srv 37 starting txns
srv 45 starting txns
srv 52 starting txns
srv 51 starting txns
srv 58 starting txns
srv 50 starting txns
srv 11 starting txns
srv 43 starting txns
srv 21 starting txns
srv 56 starting txns
srv 3 starting txns
srv 28 starting txns
srv 9 starting txns
srv 6 starting txns
srv 48 starting txns
srv 46 starting txns
srv 19 starting txns
srv 0 starting txns
srv 23 starting txns
srv 15 starting txns
srv 31 starting txns
srv 16 starting txns
srv 12 starting txns
srv 4 starting txns
srv 49 starting txns
srv 26 starting txns
srv 34 starting txns
srv 57 query time 20.227
srv 54 query time 20.361
srv 62 query time 20.445
srv 56 query time 20.582
srv 59 query time 20.748
srv 55 query time 20.773
srv 60 query time 20.827
srv 63 query time 20.865
srv 61 query time 20.946
srv 58 query time 21.033
srv 34 query time 32.889
srv 29 query time 33.057
srv 35 query time 33.301
srv 33 query time 33.349
srv 30 query time 33.772
srv 31 query time 33.945
srv 25 query time 35.059
srv 20 query time 35.115
srv 22 query time 35.167
srv 32 query time 35.324
srv 24 query time 35.758
srv 18 query time 35.973
srv 21 query time 36.037
srv 26 query time 36.113
srv 27 query time 36.297
srv 19 query time 36.326
srv 23 query time 36.650
srv 28 query time 37.380
srv 53 query time 42.381
srv 52 query time 42.509
srv 49 query time 42.588
srv 47 query time 42.627
srv 48 query time 42.691
srv 51 query time 42.907
srv 50 query time 43.017
srv 40 query time 43.275
srv 38 query time 43.622
srv 45 query time 43.846
srv 39 query time 43.860
srv 43 query time 43.992
srv 44 query time 44.017
srv 42 query time 44.078
srv 36 query time 44.176
srv 37 query time 44.509
srv 46 query time 44.549
srv 41 query time 44.714
srv 17 query time 45.831
srv 14 query time 46.191
srv 13 query time 46.211
srv 16 query time 46.235
srv 12 query time 46.376
srv 11 query time 46.710
srv 15 query time 46.849
srv 4 query time 47.278
srv 8 query time 47.354
srv 9 query time 47.402
srv 7 query time 47.483
srv 3 query time 47.568
srv 6 query time 47.634
srv 2 query time 47.950
srv 10 query time 48.068
srv 5 query time 48.101
srv 1 query time 48.338
srv 0 query time 49.556
srv 0 quitting 
srv 41 quitting 
srv 44 quitting 
srv 55 quitting 
srv 52 quitting 
srv 49 quitting 
srv 8 quitting 
srv 2 quitting 
srv 15 quitting 
srv 5 quitting 
srv 43 quitting 
srv 1 quitting 
srv 6 quitting 
srv 54 quitting 
srv 10 quitting 
srv 7 quitting 
srv 4 quitting 
srv 60 quitting 
srv 51 quitting 
srv 63 quitting 
srv 36 quitting 
srv 57 quitting 
srv 62 quitting 
srv 50 quitting 
srv 53 quitting 
srv 56 quitting 
srv 11 quitting 
srv 3 quitting 
srv 58 quitting 
srv 9 quitting 
srv 12 quitting 
srv 59 quitting 
srv 48 quitting 
srv 40 quitting 
srv 45 quitting 
srv 16 quitting 
srv 18 quitting 
srv 24 quitting 
srv 32 quitting 
srv 14 quitting 
srv 46 quitting 
srv 47 quitting 
srv 38 quitting 
srv 61 quitting 
srv 37 quitting 
srv 17 quitting 
srv 30 quitting 
srv 33 quitting 
srv 29 quitting 
srv 35 quitting 
srv 21 quitting 
srv 28 quitting 
srv 42 quitting 
srv 13 quitting 
srv 34 quitting 
srv 22 quitting 
srv 20 quitting 
srv 39 quitting 
srv 25 quitting 
srv 31 quitting 
srv 23 quitting 
srv 27 quitting 
srv 19 quitting 
srv 26 quitting 
srv 0 commits 1000000
srv 1 commits 1000000
srv 2 commits 1000000
srv 3 commits 1000000
srv 4 commits 1000000
srv 5 commits 1000000
srv 6 commits 1000000
srv 7 commits 1000000
srv 8 commits 1000000
srv 9 commits 1000000
srv 10 commits 1000000
srv 11 commits 1000000
srv 12 commits 1000000
srv 13 commits 1000000
srv 14 commits 1000000
srv 15 commits 1000000
srv 16 commits 1000000
srv 17 commits 1000000
srv 18 commits 1000000
srv 19 commits 1000000
srv 20 commits 1000000
srv 21 commits 1000000
srv 22 commits 1000000
srv 23 commits 1000000
srv 24 commits 1000000
srv 25 commits 1000000
srv 26 commits 1000000
srv 27 commits 1000000
srv 28 commits 1000000
srv 29 commits 1000000
srv 30 commits 1000000
srv 31 commits 1000000
srv 32 commits 1000000
srv 33 commits 1000000
srv 34 commits 1000000
srv 35 commits 1000000
srv 36 commits 1000000
srv 37 commits 1000000
srv 38 commits 1000000
srv 39 commits 1000000
srv 40 commits 1000000
srv 41 commits 1000000
srv 42 commits 1000000
srv 43 commits 1000000
srv 44 commits 1000000
srv 45 commits 1000000
srv 46 commits 1000000
srv 47 commits 1000000
srv 48 commits 1000000
srv 49 commits 1000000
srv 50 commits 1000000
srv 51 commits 1000000
srv 52 commits 1000000
srv 53 commits 1000000
srv 54 commits 1000000
srv 55 commits 1000000
srv 56 commits 1000000
srv 57 commits 1000000
srv 58 commits 1000000
srv 59 commits 1000000
srv 60 commits 1000000
srv 61 commits 1000000
srv 62 commits 1000000
srv 63 commits 1000000
total commits 64000000
== results ==
Server 0: 0.020179000M TPS
Server 1: 0.020687000M TPS
Server 2: 0.020855000M TPS
Server 3: 0.021022000M TPS
Server 4: 0.021151000M TPS
Server 5: 0.020789000M TPS
Server 6: 0.020993000M TPS
Server 7: 0.021060000M TPS
Server 8: 0.021117000M TPS
Server 9: 0.021096000M TPS
Server 10: 0.020803000M TPS
Server 11: 0.021408000M TPS
Server 12: 0.021562000M TPS
Server 13: 0.021639000M TPS
Server 14: 0.021649000M TPS
Server 15: 0.021345000M TPS
Server 16: 0.021628000M TPS
Server 17: 0.021819000M TPS
Server 18: 0.027798000M TPS
Server 19: 0.027528000M TPS
Server 20: 0.028477000M TPS
Server 21: 0.027749000M TPS
Server 22: 0.028435000M TPS
Server 23: 0.027284000M TPS
Server 24: 0.027965000M TPS
Server 25: 0.028523000M TPS
Server 26: 0.027690000M TPS
Server 27: 0.027550000M TPS
Server 28: 0.026752000M TPS
Server 29: 0.030251000M TPS
Server 30: 0.029610000M TPS
Server 31: 0.029459000M TPS
Server 32: 0.028309000M TPS
Server 33: 0.029985000M TPS
Server 34: 0.030405000M TPS
Server 35: 0.030029000M TPS
Server 36: 0.022636000M TPS
Server 37: 0.022467000M TPS
Server 38: 0.022924000M TPS
Server 39: 0.022799000M TPS
Server 40: 0.023108000M TPS
Server 41: 0.022364000M TPS
Server 42: 0.022687000M TPS
Server 43: 0.022731000M TPS
Server 44: 0.022718000M TPS
Server 45: 0.022807000M TPS
Server 46: 0.022447000M TPS
Server 47: 0.023459000M TPS
Server 48: 0.023424000M TPS
Server 49: 0.023480000M TPS
Server 50: 0.023246000M TPS
Server 51: 0.023306000M TPS
Server 52: 0.023524000M TPS
Server 53: 0.023595000M TPS
Server 54: 0.049114000M TPS
Server 55: 0.048138000M TPS
Server 56: 0.048585000M TPS
Server 57: 0.049439000M TPS
Server 58: 0.047544000M TPS
Server 59: 0.048197000M TPS
Server 60: 0.048014000M TPS
Server 61: 0.047741000M TPS
Server 62: 0.048912000M TPS
Server 63: 0.047928000M TPS
Total tps: 1.791935000M
./ycsb -s 64 -d 0 -b 1 -i 1000000 -o 10 -t 64000000 -w 0 -a 100 -h 1 -p 16
 # clients:    1
 # servers:    64
 Key range:    0..2^29
 Write ratio:  0
 Total #recs: 64000000 
 Iterations:   1000000
Assinging core 0 to srv 0
Assinging core 4 to srv 1
Assinging core 8 to srv 2
Assinging core 12 to srv 3
Assinging core 16 to srv 4
Assinging core 20 to srv 5
Assinging core 24 to srv 6
Assinging core 28 to srv 7
Assinging core 32 to srv 8
Assinging core 36 to srv 9
Assinging core 40 to srv 10
Assinging core 44 to srv 11
Assinging core 48 to srv 12
Assinging core 52 to srv 13
Assinging core 56 to srv 14
Assinging core 60 to srv 15
Assinging core 64 to srv 16
Assinging core 68 to srv 17
Assinging core 1 to srv 18
Assinging core 5 to srv 19
Assinging core 9 to srv 20
Assinging core 13 to srv 21
Assinging core 17 to srv 22
Assinging core 21 to srv 23
Assinging core 25 to srv 24
Assinging core 29 to srv 25
Assinging core 33 to srv 26
Assinging core 37 to srv 27
Assinging core 41 to srv 28
Assinging core 45 to srv 29
Assinging core 49 to srv 30
Assinging core 53 to srv 31
Assinging core 57 to srv 32
Assinging core 61 to srv 33
Assinging core 65 to srv 34
Assinging core 69 to srv 35
Assinging core 2 to srv 36
Assinging core 6 to srv 37
Assinging core 10 to srv 38
Assinging core 14 to srv 39
Assinging core 18 to srv 40
Assinging core 22 to srv 41
Assinging core 26 to srv 42
Assinging core 30 to srv 43
Assinging core 34 to srv 44
Assinging core 38 to srv 45
Assinging core 42 to srv 46
Assinging core 46 to srv 47
Assinging core 50 to srv 48
Assinging core 54 to srv 49
Assinging core 58 to srv 50
Assinging core 62 to srv 51
Assinging core 66 to srv 52
Assinging core 70 to srv 53
Assinging core 3 to srv 54
Assinging core 7 to srv 55
Assinging core 11 to srv 56
Assinging core 15 to srv 57
Assinging core 19 to srv 58
Assinging core 23 to srv 59
Assinging core 27 to srv 60
Assinging core 31 to srv 61
Assinging core 35 to srv 62
Assinging core 39 to srv 63
srv 37 load time 0.308
srv 37 rec count: 1000000 partition sz 70312-KB tx count: 1000000, per_txn_op cnt: 10
srv 0 load time 0.423
srv 0 rec count: 1000000 partition sz 70312-KB tx count: 1000000, per_txn_op cnt: 10
srv 15 load time 0.411
srv 15 rec count: 1000000 partition sz 70312-KB tx count: 1000000, per_txn_op cnt: 10
srv 17 load time 0.407
srv 17 rec count: 1000000 partition sz 70312-KB tx count: 1000000, per_txn_op cnt: 10
srv 57 load time 0.308
srv 57 rec count: 1000000 partition sz 70312-KB tx count: 1000000, per_txn_op cnt: 10
srv 58 load time 0.304
srv 58 rec count: 1000000 partition sz 70312-KB tx count: 1000000, per_txn_op cnt: 10
srv 61 load time 0.291
srv 61 rec count: 1000000 partition sz 70312-KB tx count: 1000000, per_txn_op cnt: 10
srv 63 load time 0.288
srv 63 rec count: 1000000 partition sz 70312-KB tx count: 1000000, per_txn_op cnt: 10
srv 3 load time 0.433
srv 3 rec count: 1000000 partition sz 70312-KB tx count: 1000000, per_txn_op cnt: 10
srv 52 load time 0.352
srv 52 rec count: 1000000 partition sz 70312-KB tx count: 1000000, per_txn_op cnt: 10
srv 12 load time 0.454
srv 12 rec count: 1000000 partition sz 70312-KB tx count: 1000000, per_txn_op cnt: 10
srv 60 load time 0.337
srv 60 rec count: 1000000 partition sz 70312-KB tx count: 1000000, per_txn_op cnt: 10
srv 55 load time 0.358
srv 55 rec count: 1000000 partition sz 70312-KB tx count: 1000000, per_txn_op cnt: 10
srv 62 load time 0.331
srv 62 rec count: 1000000 partition sz 70312-KB tx count: 1000000, per_txn_op cnt: 10
srv 47 load time 0.383
srv 47 rec count: 1000000 partition sz 70312-KB tx count: 1000000, per_txn_op cnt: 10
srv 27 load time 0.456
srv 27 rec count: 1000000 partition sz 70312-KB tx count: 1000000, per_txn_op cnt: 10
srv 28 load time 0.454
srv 28 rec count: 1000000 partition sz 70312-KB tx count: 1000000, per_txn_op cnt: 10
srv 41 load time 0.425
srv 41 rec count: 1000000 partition sz 70312-KB tx count: 1000000, per_txn_op cnt: 10
srv 46 load time 0.414
srv 46 rec count: 1000000 partition sz 70312-KB tx count: 1000000, per_txn_op cnt: 10
srv 40 load time 0.427
srv 40 rec count: 1000000 partition sz 70312-KB tx count: 1000000, per_txn_op cnt: 10
srv 42 load time 0.423
srv 42 rec count: 1000000 partition sz 70312-KB tx count: 1000000, per_txn_op cnt: 10
srv 48 load time 0.413
srv 48 rec count: 1000000 partition sz 70312-KB tx count: 1000000, per_txn_op cnt: 10
srv 49 load time 0.411
srv 49 rec count: 1000000 partition sz 70312-KB tx count: 1000000, per_txn_op cnt: 10
srv 2 load time 0.504
srv 2 rec count: 1000000 partition sz 70312-KB tx count: 1000000, per_txn_op cnt: 10
srv 18 load time 0.489
srv 18 rec count: 1000000 partition sz 70312-KB tx count: 1000000, per_txn_op cnt: 10
srv 56 load time 0.395
srv 56 rec count: 1000000 partition sz 70312-KB tx count: 1000000, per_txn_op cnt: 10
srv 21 load time 0.493
srv 21 rec count: 1000000 partition sz 70312-KB tx count: 1000000, per_txn_op cnt: 10
srv 34 load time 0.474
srv 34 rec count: 1000000 partition sz 70312-KB tx count: 1000000, per_txn_op cnt: 10
srv 33 load time 0.478
srv 33 rec count: 1000000 partition sz 70312-KB tx count: 1000000, per_txn_op cnt: 10
srv 29 load time 0.491
srv 29 rec count: 1000000 partition sz 70312-KB tx count: 1000000, per_txn_op cnt: 10
srv 54 load time 0.425
srv 54 rec count: 1000000 partition sz 70312-KB tx count: 1000000, per_txn_op cnt: 10
srv 59 load time 0.406
srv 59 rec count: 1000000 partition sz 70312-KB tx count: 1000000, per_txn_op cnt: 10
srv 4 load time 0.540
srv 4 rec count: 1000000 partition sz 70312-KB tx count: 1000000, per_txn_op cnt: 10
srv 7 load time 0.538
srv 7 rec count: 1000000 partition sz 70312-KB tx count: 1000000, per_txn_op cnt: 10
srv 1 load time 0.544
srv 1 rec count: 1000000 partition sz 70312-KB tx count: 1000000, per_txn_op cnt: 10
srv 14 load time 0.540
srv 14 rec count: 1000000 partition sz 70312-KB tx count: 1000000, per_txn_op cnt: 10
srv 16 load time 0.546
srv 16 rec count: 1000000 partition sz 70312-KB tx count: 1000000, per_txn_op cnt: 10
srv 9 load time 0.566
srv 9 rec count: 1000000 partition sz 70312-KB tx count: 1000000, per_txn_op cnt: 10
srv 5 load time 0.571
srv 5 rec count: 1000000 partition sz 70312-KB tx count: 1000000, per_txn_op cnt: 10
srv 10 load time 0.568
srv 10 rec count: 1000000 partition sz 70312-KB tx count: 1000000, per_txn_op cnt: 10
srv 50 load time 0.481
srv 50 rec count: 1000000 partition sz 70312-KB tx count: 1000000, per_txn_op cnt: 10
srv 8 load time 0.570
srv 8 rec count: 1000000 partition sz 70312-KB tx count: 1000000, per_txn_op cnt: 10
srv 11 load time 0.568
srv 11 rec count: 1000000 partition sz 70312-KB tx count: 1000000, per_txn_op cnt: 10
srv 44 load time 0.496
srv 44 rec count: 1000000 partition sz 70312-KB tx count: 1000000, per_txn_op cnt: 10
srv 45 load time 0.497
srv 45 rec count: 1000000 partition sz 70312-KB tx count: 1000000, per_txn_op cnt: 10
srv 36 load time 0.524
srv 51 load time 0.485
srv 51 rec count: 1000000 partition sz 70312-KB tx count: 1000000, per_txn_op cnt: 10
srv 36 rec count: 1000000 partition sz 70312-KB tx count: 1000000, per_txn_op cnt: 10
srv 31 load time 0.537
srv 31 rec count: 1000000 partition sz 70312-KB tx count: 1000000, per_txn_op cnt: 10
srv 39 load time 0.514
srv 39 rec count: 1000000 partition sz 70312-KB tx count: 1000000, per_txn_op cnt: 10
srv 23 load time 0.555
srv 23 rec count: 1000000 partition sz 70312-KB tx count: 1000000, per_txn_op cnt: 10
srv 53 load time 0.479
srv 53 rec count: 1000000 partition sz 70312-KB tx count: 1000000, per_txn_op cnt: 10
srv 6 load time 0.581
srv 6 rec count: 1000000 partition sz 70312-KB tx count: 1000000, per_txn_op cnt: 10
srv 38 load time 0.522
srv 38 rec count: 1000000 partition sz 70312-KB tx count: 1000000, per_txn_op cnt: 10
srv 26 load time 0.557
srv 26 rec count: 1000000 partition sz 70312-KB tx count: 1000000, per_txn_op cnt: 10
srv 20 load time 0.569
srv 20 rec count: 1000000 partition sz 70312-KB tx count: 1000000, per_txn_op cnt: 10
srv 13 load time 0.582
srv 13 rec count: 1000000 partition sz 70312-KB tx count: 1000000, per_txn_op cnt: 10
srv 24 load time 0.564
srv 24 rec count: 1000000 partition sz 70312-KB tx count: 1000000, per_txn_op cnt: 10
srv 25 load time 0.564
srv 25 rec count: 1000000 partition sz 70312-KB tx count: 1000000, per_txn_op cnt: 10
srv 32 load time 0.548
srv 32 rec count: 1000000 partition sz 70312-KB tx count: 1000000, per_txn_op cnt: 10
srv 22 load time 0.571
srv 22 rec count: 1000000 partition sz 70312-KB tx count: 1000000, per_txn_op cnt: 10
srv 30 load time 0.555
srv 30 rec count: 1000000 partition sz 70312-KB tx count: 1000000, per_txn_op cnt: 10
srv 19 load time 0.578
srv 19 rec count: 1000000 partition sz 70312-KB tx count: 1000000, per_txn_op cnt: 10
srv 35 load time 0.543
srv 35 rec count: 1000000 partition sz 70312-KB tx count: 1000000, per_txn_op cnt: 10
srv 43 load time 0.531
srv 43 rec count: 1000000 partition sz 70312-KB tx count: 1000000, per_txn_op cnt: 10
srv 43 starting txns
srv 27 starting txns
srv 2 starting txns
srv 59 starting txns
srv 55 starting txns
srv 49 starting txns
srv 20 starting txns
srv 15 starting txns
srv 8 starting txns
srv 41 starting txns
srv 42 starting txns
srv 40 starting txns
srv 34 starting txns
srv 26 starting txns
srv 31 starting txns
srv 21 starting txns
srv 7 starting txns
srv 10 starting txns
srv 14 starting txns
srv 52 starting txns
srv 19 starting txns
srv 47 starting txns
srv 24 starting txns
srv 39 starting txns
srv 50 starting txns
srv 16 starting txns
srv 38 starting txns
srv 4 starting txns
srv 36 starting txns
srv 25 starting txns
srv 13 starting txns
srv 60 starting txns
srv 33 starting txns
srv 18 starting txns
srv 45 starting txns
srv 17 starting txns
srv 58 starting txns
srv 56 starting txns
srv 37 starting txns
srv 53 starting txns
srv 28 starting txns
srv 46 starting txns
srv 32 starting txns
srv 57 starting txns
srv 0 starting txns
srv 63 starting txns
srv 3 starting txns
srv 62 starting txns
srv 9 starting txns
srv 44 starting txns
srv 23 starting txns
srv 22 starting txns
srv 30 starting txns
srv 35 starting txns
srv 61 starting txns
srv 51 starting txns
srv 54 starting txns
srv 1 starting txns
srv 5 starting txns
srv 6 starting txns
srv 11 starting txns
srv 12 starting txns
srv 29 starting txns
srv 48 starting txns
srv 56 query time 18.882
srv 57 query time 18.942
srv 58 query time 19.112
srv 61 query time 19.128
srv 54 query time 19.344
srv 63 query time 19.527
srv 62 query time 19.701
srv 59 query time 19.890
srv 55 query time 20.148
srv 60 query time 20.212
srv 21 query time 34.938
srv 26 query time 35.736
srv 33 query time 35.991
srv 31 query time 36.106
srv 35 query time 36.175
srv 25 query time 36.247
srv 28 query time 36.276
srv 29 query time 36.444
srv 22 query time 36.519
srv 32 query time 36.569
srv 20 query time 36.624
srv 34 query time 36.629
srv 30 query time 36.672
srv 27 query time 36.891
srv 18 query time 37.650
srv 24 query time 38.093
srv 19 query time 38.378
srv 23 query time 38.757
srv 16 query time 46.116
srv 17 query time 46.428
srv 13 query time 46.470
srv 53 query time 47.001
srv 49 query time 47.047
srv 51 query time 47.054
srv 47 query time 47.073
srv 52 query time 47.114
srv 48 query time 47.279
srv 15 query time 47.324
srv 39 query time 47.370
srv 11 query time 47.431
srv 46 query time 47.589
srv 43 query time 47.650
srv 50 query time 47.647
srv 44 query time 47.697
srv 40 query time 47.763
srv 38 query time 47.835
srv 12 query time 47.848
srv 45 query time 47.881
srv 14 query time 48.105
srv 10 query time 48.203
srv 36 query time 48.201
srv 8 query time 48.380
srv 42 query time 48.458
srv 9 query time 48.459
srv 7 query time 48.461
srv 37 query time 48.556
srv 4 query time 48.574
srv 3 query time 48.628
srv 41 query time 48.738
srv 2 query time 48.906
srv 6 query time 49.330
srv 5 query time 49.590
srv 1 query time 49.732
srv 0 query time 50.964
srv 0 quitting 
srv 5 quitting 
srv 8 quitting 
srv 60 quitting 
srv 56 quitting 
srv 62 quitting 
srv 1 quitting 
srv 42 quitting 
srv 6 quitting 
srv 39 quitting 
srv 11 quitting 
srv 17 quitting 
srv 43 quitting 
srv 63 quitting 
srv 57 quitting 
srv 12 quitting 
srv 7 quitting 
srv 59 quitting 
srv 10 quitting 
srv 14 quitting 
srv 4 quitting 
srv 54 quitting 
srv 38 quitting 
srv 3 quitting 
srv 41 quitting 
srv 36 quitting 
srv 16 quitting 
srv 13 quitting 
srv 15 quitting 
srv 40 quitting 
srv 55 quitting 
srv 18 quitting 
srv 37 quitting 
srv 22 quitting 
srv 2 quitting 
srv 52 quitting 
srv 9 quitting 
srv 48 quitting 
srv 61 quitting 
srv 32 quitting 
srv 46 quitting 
srv 28 quitting 
srv 24 quitting 
srv 19 quitting 
srv 58 quitting 
srv 20 quitting 
srv 53 quitting 
srv 21 quitting 
srv 47 quitting 
srv 25 quitting 
srv 27 quitting 
srv 50 quitting 
srv 33 quitting 
srv 29 quitting 
srv 31 quitting 
srv 34 quitting 
srv 26 quitting 
srv 49 quitting 
srv 45 quitting 
srv 35 quitting 
srv 51 quitting 
srv 44 quitting 
srv 30 quitting 
srv 23 quitting 
srv 0 commits 1000000
srv 1 commits 1000000
srv 2 commits 1000000
srv 3 commits 1000000
srv 4 commits 1000000
srv 5 commits 1000000
srv 6 commits 1000000
srv 7 commits 1000000
srv 8 commits 1000000
srv 9 commits 1000000
srv 10 commits 1000000
srv 11 commits 1000000
srv 12 commits 1000000
srv 13 commits 1000000
srv 14 commits 1000000
srv 15 commits 1000000
srv 16 commits 1000000
srv 17 commits 1000000
srv 18 commits 1000000
srv 19 commits 1000000
srv 20 commits 1000000
srv 21 commits 1000000
srv 22 commits 1000000
srv 23 commits 1000000
srv 24 commits 1000000
srv 25 commits 1000000
srv 26 commits 1000000
srv 27 commits 1000000
srv 28 commits 1000000
srv 29 commits 1000000
srv 30 commits 1000000
srv 31 commits 1000000
srv 32 commits 1000000
srv 33 commits 1000000
srv 34 commits 1000000
srv 35 commits 1000000
srv 36 commits 1000000
srv 37 commits 1000000
srv 38 commits 1000000
srv 39 commits 1000000
srv 40 commits 1000000
srv 41 commits 1000000
srv 42 commits 1000000
srv 43 commits 1000000
srv 44 commits 1000000
srv 45 commits 1000000
srv 46 commits 1000000
srv 47 commits 1000000
srv 48 commits 1000000
srv 49 commits 1000000
srv 50 commits 1000000
srv 51 commits 1000000
srv 52 commits 1000000
srv 53 commits 1000000
srv 54 commits 1000000
srv 55 commits 1000000
srv 56 commits 1000000
srv 57 commits 1000000
srv 58 commits 1000000
srv 59 commits 1000000
srv 60 commits 1000000
srv 61 commits 1000000
srv 62 commits 1000000
srv 63 commits 1000000
total commits 64000000
== results ==
Server 0: 0.019621000M TPS
Server 1: 0.020107000M TPS
Server 2: 0.020447000M TPS
Server 3: 0.020564000M TPS
Server 4: 0.020587000M TPS
Server 5: 0.020165000M TPS
Server 6: 0.020271000M TPS
Server 7: 0.020635000M TPS
Server 8: 0.020669000M TPS
Server 9: 0.020636000M TPS
Server 10: 0.020745000M TPS
Server 11: 0.021083000M TPS
Server 12: 0.020899000M TPS
Server 13: 0.021519000M TPS
Server 14: 0.020787000M TPS
Server 15: 0.021130000M TPS
Server 16: 0.021684000M TPS
Server 17: 0.021538000M TPS
Server 18: 0.026560000M TPS
Server 19: 0.026056000M TPS
Server 20: 0.027304000M TPS
Server 21: 0.028622000M TPS
Server 22: 0.027383000M TPS
Server 23: 0.025801000M TPS
Server 24: 0.026251000M TPS
Server 25: 0.027588000M TPS
Server 26: 0.027983000M TPS
Server 27: 0.027106000M TPS
Server 28: 0.027566000M TPS
Server 29: 0.027439000M TPS
Server 30: 0.027268000M TPS
Server 31: 0.027696000M TPS
Server 32: 0.027345000M TPS
Server 33: 0.027784000M TPS
Server 34: 0.027300000M TPS
Server 35: 0.027643000M TPS
Server 36: 0.020746000M TPS
Server 37: 0.020594000M TPS
Server 38: 0.020905000M TPS
Server 39: 0.021110000M TPS
Server 40: 0.020936000M TPS
Server 41: 0.020517000M TPS
Server 42: 0.020636000M TPS
Server 43: 0.020986000M TPS
Server 44: 0.020965000M TPS
Server 45: 0.020885000M TPS
Server 46: 0.021013000M TPS
Server 47: 0.021243000M TPS
Server 48: 0.021150000M TPS
Server 49: 0.021255000M TPS
Server 50: 0.020987000M TPS
Server 51: 0.021252000M TPS
Server 52: 0.021224000M TPS
Server 53: 0.021276000M TPS
Server 54: 0.051696000M TPS
Server 55: 0.049633000M TPS
Server 56: 0.052959000M TPS
Server 57: 0.052793000M TPS
Server 58: 0.052323000M TPS
Server 59: 0.050275000M TPS
Server 60: 0.049475000M TPS
Server 61: 0.052280000M TPS
Server 62: 0.050759000M TPS
Server 63: 0.051211000M TPS
Total tps: 1.754866000M
./ycsb -s 64 -d 0 -b 1 -i 1000000 -o 10 -t 64000000 -w 0 -a 100 -h 1 -p 16
 # clients:    1
 # servers:    64
 Key range:    0..2^29
 Write ratio:  0
 Total #recs: 64000000 
 Iterations:   1000000
Assinging core 0 to srv 0
Assinging core 4 to srv 1
Assinging core 8 to srv 2
Assinging core 12 to srv 3
Assinging core 16 to srv 4
Assinging core 20 to srv 5
Assinging core 24 to srv 6
Assinging core 28 to srv 7
Assinging core 32 to srv 8
Assinging core 36 to srv 9
Assinging core 40 to srv 10
Assinging core 44 to srv 11
Assinging core 48 to srv 12
Assinging core 52 to srv 13
Assinging core 56 to srv 14
Assinging core 60 to srv 15
Assinging core 64 to srv 16
Assinging core 68 to srv 17
Assinging core 1 to srv 18
Assinging core 5 to srv 19
Assinging core 9 to srv 20
Assinging core 13 to srv 21
Assinging core 17 to srv 22
Assinging core 21 to srv 23
Assinging core 25 to srv 24
Assinging core 29 to srv 25
Assinging core 33 to srv 26
Assinging core 37 to srv 27
Assinging core 41 to srv 28
Assinging core 45 to srv 29
Assinging core 49 to srv 30
Assinging core 53 to srv 31
Assinging core 57 to srv 32
Assinging core 61 to srv 33
Assinging core 65 to srv 34
Assinging core 69 to srv 35
Assinging core 2 to srv 36
Assinging core 6 to srv 37
Assinging core 10 to srv 38
Assinging core 14 to srv 39
Assinging core 18 to srv 40
Assinging core 22 to srv 41
Assinging core 26 to srv 42
Assinging core 30 to srv 43
Assinging core 34 to srv 44
Assinging core 38 to srv 45
Assinging core 42 to srv 46
Assinging core 46 to srv 47
Assinging core 50 to srv 48
Assinging core 54 to srv 49
Assinging core 58 to srv 50
Assinging core 62 to srv 51
Assinging core 66 to srv 52
Assinging core 70 to srv 53
Assinging core 3 to srv 54
Assinging core 7 to srv 55
Assinging core 11 to srv 56
Assinging core 15 to srv 57
Assinging core 19 to srv 58
Assinging core 23 to srv 59
Assinging core 27 to srv 60
Assinging core 31 to srv 61
Assinging core 35 to srv 62
Assinging core 39 to srv 63
srv 20 load time 0.292
srv 20 rec count: 1000000 partition sz 70312-KB tx count: 1000000, per_txn_op cnt: 10
srv 60 load time 0.198
srv 60 rec count: 1000000 partition sz 70312-KB tx count: 1000000, per_txn_op cnt: 10
srv 58 load time 0.220
srv 58 rec count: 1000000 partition sz 70312-KB tx count: 1000000, per_txn_op cnt: 10
srv 26 load time 0.311
srv 26 rec count: 1000000 partition sz 70312-KB tx count: 1000000, per_txn_op cnt: 10
srv 17 load time 0.345
srv 17 rec count: 1000000 partition sz 70312-KB tx count: 1000000, per_txn_op cnt: 10
srv 50 load time 0.268
srv 50 rec count: 1000000 partition sz 70312-KB tx count: 1000000, per_txn_op cnt: 10
srv 2 load time 0.384
srv 2 rec count: 1000000 partition sz 70312-KB tx count: 1000000, per_txn_op cnt: 10
srv 63 load time 0.261
srv 63 rec count: 1000000 partition sz 70312-KB tx count: 1000000, per_txn_op cnt: 10
srv 59 load time 0.275
srv 59 rec count: 1000000 partition sz 70312-KB tx count: 1000000, per_txn_op cnt: 10
srv 22 load time 0.371
srv 22 rec count: 1000000 partition sz 70312-KB tx count: 1000000, per_txn_op cnt: 10
srv 14 load time 0.392
srv 14 rec count: 1000000 partition sz 70312-KB tx count: 1000000, per_txn_op cnt: 10
srv 27 load time 0.367
srv 27 rec count: 1000000 partition sz 70312-KB tx count: 1000000, per_txn_op cnt: 10
srv 47 load time 0.320
srv 47 rec count: 1000000 partition sz 70312-KB tx count: 1000000, per_txn_op cnt: 10
srv 62 load time 0.303
srv 62 rec count: 1000000 partition sz 70312-KB tx count: 1000000, per_txn_op cnt: 10
srv 11 load time 0.470
srv 11 rec count: 1000000 partition sz 70312-KB tx count: 1000000, per_txn_op cnt: 10
srv 43 load time 0.400
srv 43 rec count: 1000000 partition sz 70312-KB tx count: 1000000, per_txn_op cnt: 10
srv 25 load time 0.452
srv 25 rec count: 1000000 partition sz 70312-KB tx count: 1000000, per_txn_op cnt: 10
srv 57 load time 0.373
srv 57 rec count: 1000000 partition sz 70312-KB tx count: 1000000, per_txn_op cnt: 10
srv 23 load time 0.458
srv 23 rec count: 1000000 partition sz 70312-KB tx count: 1000000, per_txn_op cnt: 10
srv 32 load time 0.436
srv 32 rec count: 1000000 partition sz 70312-KB tx count: 1000000, per_txn_op cnt: 10
srv 51 load time 0.389
srv 51 rec count: 1000000 partition sz 70312-KB tx count: 1000000, per_txn_op cnt: 10
srv 56 load time 0.376
srv 56 rec count: 1000000 partition sz 70312-KB tx count: 1000000, per_txn_op cnt: 10
srv 54 load time 0.381
srv 54 rec count: 1000000 partition sz 70312-KB tx count: 1000000, per_txn_op cnt: 10
srv 35 load time 0.429
srv 35 rec count: 1000000 partition sz 70312-KB tx count: 1000000, per_txn_op cnt: 10
srv 55 load time 0.406
srv 55 rec count: 1000000 partition sz 70312-KB tx count: 1000000, per_txn_op cnt: 10
srv 24 load time 0.502
srv 24 rec count: 1000000 partition sz 70312-KB tx count: 1000000, per_txn_op cnt: 10
srv 61 load time 0.408
srv 61 rec count: 1000000 partition sz 70312-KB tx count: 1000000, per_txn_op cnt: 10
srv 10 load time 0.528
srv 10 rec count: 1000000 partition sz 70312-KB tx count: 1000000, per_txn_op cnt: 10
srv 13 load time 0.525
srv 13 rec count: 1000000 partition sz 70312-KB tx count: 1000000, per_txn_op cnt: 10
srv 12 load time 0.527
srv 12 rec count: 1000000 partition sz 70312-KB tx count: 1000000, per_txn_op cnt: 10
srv 28 load time 0.512
srv 28 rec count: 1000000 partition sz 70312-KB tx count: 1000000, per_txn_op cnt: 10
srv 18 load time 0.540
srv 18 rec count: 1000000 partition sz 70312-KB tx count: 1000000, per_txn_op cnt: 10
srv 45 load time 0.480
srv 45 rec count: 1000000 partition sz 70312-KB tx count: 1000000, per_txn_op cnt: 10
srv 42 load time 0.488
srv 42 rec count: 1000000 partition sz 70312-KB tx count: 1000000, per_txn_op cnt: 10
srv 9 load time 0.565
srv 9 rec count: 1000000 partition sz 70312-KB tx count: 1000000, per_txn_op cnt: 10
srv 44 load time 0.489
srv 44 rec count: 1000000 partition sz 70312-KB tx count: 1000000, per_txn_op cnt: 10
srv 30 load time 0.535
srv 30 rec count: 1000000 partition sz 70312-KB tx count: 1000000, per_txn_op cnt: 10
srv 41 load time 0.516
srv 41 rec count: 1000000 partition sz 70312-KB tx count: 1000000, per_txn_op cnt: 10
srv 16 load time 0.583
srv 16 rec count: 1000000 partition sz 70312-KB tx count: 1000000, per_txn_op cnt: 10
srv 5 load time 0.599
srv 5 rec count: 1000000 partition sz 70312-KB tx count: 1000000, per_txn_op cnt: 10
srv 8 load time 0.598
srv 8 rec count: 1000000 partition sz 70312-KB tx count: 1000000, per_txn_op cnt: 10
srv 6 load time 0.603
srv 6 rec count: 1000000 partition sz 70312-KB tx count: 1000000, per_txn_op cnt: 10
srv 7 load time 0.602
srv 7 rec count: 1000000 partition sz 70312-KB tx count: 1000000, per_txn_op cnt: 10
srv 15 load time 0.592
srv 15 rec count: 1000000 partition sz 70312-KB tx count: 1000000, per_txn_op cnt: 10
srv 39 load time 0.536
srv 39 rec count: 1000000 partition sz 70312-KB tx count: 1000000, per_txn_op cnt: 10
srv 4 load time 0.604
srv 4 rec count: 1000000 partition sz 70312-KB tx count: 1000000, per_txn_op cnt: 10
srv 46 load time 0.520
srv 46 rec count: 1000000 partition sz 70312-KB tx count: 1000000, per_txn_op cnt: 10
srv 29 load time 0.564
srv 29 rec count: 1000000 partition sz 70312-KB tx count: 1000000, per_txn_op cnt: 10
srv 1 load time 0.606
srv 1 rec count: 1000000 partition sz 70312-KB tx count: 1000000, per_txn_op cnt: 10
srv 3 load time 0.607
srv 3 rec count: 1000000 partition sz 70312-KB tx count: 1000000, per_txn_op cnt: 10
srv 19 load time 0.589
srv 19 rec count: 1000000 partition sz 70312-KB tx count: 1000000, per_txn_op cnt: 10
srv 0 load time 0.611
srv 0 rec count: 1000000 partition sz 70312-KB tx count: 1000000, per_txn_op cnt: 10
srv 21 load time 0.589
srv 21 rec count: 1000000 partition sz 70312-KB tx count: 1000000, per_txn_op cnt: 10
srv 31 load time 0.567
srv 31 rec count: 1000000 partition sz 70312-KB tx count: 1000000, per_txn_op cnt: 10
srv 52 load time 0.515
srv 36 load time 0.556
srv 36 rec count: 1000000 partition sz 70312-KB tx count: 1000000, per_txn_op cnt: 10
srv 52 rec count: 1000000 partition sz 70312-KB tx count: 1000000, per_txn_op cnt: 10
srv 40 load time 0.545
srv 40 rec count: 1000000 partition sz 70312-KB tx count: 1000000, per_txn_op cnt: 10
srv 49 load time 0.523
srv 49 rec count: 1000000 partition sz 70312-KB tx count: 1000000, per_txn_op cnt: 10
srv 37 load time 0.555
srv 37 rec count: 1000000 partition sz 70312-KB tx count: 1000000, per_txn_op cnt: 10
srv 33 load time 0.564
srv 33 rec count: 1000000 partition sz 70312-KB tx count: 1000000, per_txn_op cnt: 10
srv 34 load time 0.563
srv 34 rec count: 1000000 partition sz 70312-KB tx count: 1000000, per_txn_op cnt: 10
srv 48 load time 0.537
srv 48 rec count: 1000000 partition sz 70312-KB tx count: 1000000, per_txn_op cnt: 10
srv 38 load time 0.563
srv 38 rec count: 1000000 partition sz 70312-KB tx count: 1000000, per_txn_op cnt: 10
srv 53 load time 0.532
srv 53 rec count: 1000000 partition sz 70312-KB tx count: 1000000, per_txn_op cnt: 10
srv 53 starting txns
srv 61 starting txns
srv 62 starting txns
srv 30 starting txns
srv 34 starting txns
srv 20 starting txns
srv 51 starting txns
srv 6 starting txns
srv 40 starting txns
srv 11 starting txns
srv 33 starting txns
srv 38 starting txns
srv 37 starting txns
srv 59 starting txns
srv 28 starting txns
srv 58 starting txns
srv 39 starting txns
srv 16 starting txns
srv 48 starting txns
srv 19 starting txns
srv 22 starting txns
srv 49 starting txns
srv 36 starting txns
srv 3 starting txns
srv 41 starting txns
srv 47 starting txns
srv 5 starting txns
srv 18 starting txns
srv 29 starting txns
srv 15 starting txns
srv 55 starting txns
srv 1 starting txns
srv 17 starting txns
srv 21 starting txns
srv 2 starting txns
srv 63 starting txns
srv 14 starting txns
srv 9 starting txns
srv 42 starting txns
srv 56 starting txns
srv 50 starting txns
srv 26 starting txns
srv 0 starting txns
srv 10 starting txns
srv 32 starting txns
srv 54 starting txns
srv 27 starting txns
srv 23 starting txns
srv 43 starting txns
srv 8 starting txns
srv 35 starting txns
srv 31 starting txns
srv 45 starting txns
srv 60 starting txns
srv 46 starting txns
srv 25 starting txns
srv 57 starting txns
srv 7 starting txns
srv 44 starting txns
srv 52 starting txns
srv 13 starting txns
srv 24 starting txns
srv 12 starting txns
srv 4 starting txns
srv 54 query time 21.597
srv 55 query time 21.808
srv 59 query time 22.120
srv 56 query time 22.186
srv 60 query time 22.254
srv 61 query time 22.592
srv 57 query time 22.867
srv 62 query time 23.051
srv 63 query time 24.745
srv 58 query time 24.956
srv 51 query time 31.738
srv 47 query time 31.814
srv 52 query time 32.751
srv 38 query time 32.961
srv 42 query time 33.017
srv 43 query time 33.758
srv 39 query time 33.844
srv 44 query time 33.959
srv 40 query time 34.262
srv 50 query time 34.288
srv 46 query time 34.457
srv 37 query time 34.721
srv 41 query time 34.776
srv 36 query time 34.791
srv 48 query time 34.844
srv 53 query time 34.860
srv 49 query time 34.962
srv 45 query time 35.140
srv 29 query time 45.999
srv 15 query time 46.079
srv 33 query time 46.114
srv 11 query time 46.310
srv 16 query time 46.815
srv 34 query time 46.857
srv 22 query time 47.025
srv 24 query time 47.042
srv 20 query time 47.263
srv 32 query time 47.286
srv 28 query time 47.459
srv 25 query time 47.519
srv 21 query time 47.601
srv 26 query time 47.619
srv 19 query time 47.656
srv 23 query time 47.725
srv 18 query time 47.916
srv 35 query time 48.041
srv 30 query time 48.050
srv 27 query time 48.068
srv 31 query time 48.078
srv 6 query time 48.153
srv 7 query time 48.596
srv 14 query time 48.622
srv 8 query time 48.750
srv 2 query time 48.765
srv 17 query time 48.787
srv 10 query time 48.861
srv 12 query time 48.870
srv 13 query time 48.928
srv 3 query time 48.988
srv 4 query time 49.014
srv 5 query time 49.216
srv 9 query time 49.230
srv 1 query time 49.596
srv 0 query time 51.001
srv 0 quitting 
srv 5 quitting 
srv 12 quitting 
srv 3 quitting 
srv 61 quitting 
srv 1 quitting 
srv 2 quitting 
srv 52 quitting 
srv 47 quitting 
srv 37 quitting 
srv 16 quitting 
srv 15 quitting 
srv 62 quitting 
srv 29 quitting 
srv 22 quitting 
srv 54 quitting 
srv 27 quitting 
srv 50 quitting 
srv 20 quitting 
srv 40 quitting 
srv 4 quitting 
srv 26 quitting 
srv 48 quitting 
srv 46 quitting 
srv 23 quitting 
srv 8 quitting 
srv 60 quitting 
srv 45 quitting 
srv 51 quitting 
srv 31 quitting 
srv 9 quitting 
srv 55 quitting 
srv 6 quitting 
srv 43 quitting 
srv 30 quitting 
srv 19 quitting 
srv 39 quitting 
srv 38 quitting 
srv 32 quitting 
srv 34 quitting 
srv 58 quitting 
srv 25 quitting 
srv 59 quitting 
srv 13 quitting 
srv 41 quitting 
srv 17 quitting 
srv 24 quitting 
srv 7 quitting 
srv 57 quitting 
srv 53 quitting 
srv 33 quitting 
srv 44 quitting 
srv 36 quitting 
srv 11 quitting 
srv 18 quitting 
srv 14 quitting 
srv 10 quitting 
srv 63 quitting 
srv 56 quitting 
srv 35 quitting 
srv 28 quitting 
srv 21 quitting 
srv 49 quitting 
srv 42 quitting 
srv 0 commits 1000000
srv 1 commits 1000000
srv 2 commits 1000000
srv 3 commits 1000000
srv 4 commits 1000000
srv 5 commits 1000000
srv 6 commits 1000000
srv 7 commits 1000000
srv 8 commits 1000000
srv 9 commits 1000000
srv 10 commits 1000000
srv 11 commits 1000000
srv 12 commits 1000000
srv 13 commits 1000000
srv 14 commits 1000000
srv 15 commits 1000000
srv 16 commits 1000000
srv 17 commits 1000000
srv 18 commits 1000000
srv 19 commits 1000000
srv 20 commits 1000000
srv 21 commits 1000000
srv 22 commits 1000000
srv 23 commits 1000000
srv 24 commits 1000000
srv 25 commits 1000000
srv 26 commits 1000000
srv 27 commits 1000000
srv 28 commits 1000000
srv 29 commits 1000000
srv 30 commits 1000000
srv 31 commits 1000000
srv 32 commits 1000000
srv 33 commits 1000000
srv 34 commits 1000000
srv 35 commits 1000000
srv 36 commits 1000000
srv 37 commits 1000000
srv 38 commits 1000000
srv 39 commits 1000000
srv 40 commits 1000000
srv 41 commits 1000000
srv 42 commits 1000000
srv 43 commits 1000000
srv 44 commits 1000000
srv 45 commits 1000000
srv 46 commits 1000000
srv 47 commits 1000000
srv 48 commits 1000000
srv 49 commits 1000000
srv 50 commits 1000000
srv 51 commits 1000000
srv 52 commits 1000000
srv 53 commits 1000000
srv 54 commits 1000000
srv 55 commits 1000000
srv 56 commits 1000000
srv 57 commits 1000000
srv 58 commits 1000000
srv 59 commits 1000000
srv 60 commits 1000000
srv 61 commits 1000000
srv 62 commits 1000000
srv 63 commits 1000000
total commits 64000000
== results ==
Server 0: 0.019607000M TPS
Server 1: 0.020163000M TPS
Server 2: 0.020506000M TPS
Server 3: 0.020413000M TPS
Server 4: 0.020402000M TPS
Server 5: 0.020318000M TPS
Server 6: 0.020767000M TPS
Server 7: 0.020577000M TPS
Server 8: 0.020512000M TPS
Server 9: 0.020312000M TPS
Server 10: 0.020466000M TPS
Server 11: 0.021593000M TPS
Server 12: 0.020462000M TPS
Server 13: 0.020438000M TPS
Server 14: 0.020567000M TPS
Server 15: 0.021701000M TPS
Server 16: 0.021360000M TPS
Server 17: 0.020497000M TPS
Server 18: 0.020869000M TPS
Server 19: 0.020983000M TPS
Server 20: 0.021158000M TPS
Server 21: 0.021008000M TPS
Server 22: 0.021265000M TPS
Server 23: 0.020953000M TPS
Server 24: 0.021257000M TPS
Server 25: 0.021044000M TPS
Server 26: 0.021000000M TPS
Server 27: 0.020803000M TPS
Server 28: 0.021070000M TPS
Server 29: 0.021739000M TPS
Server 30: 0.020811000M TPS
Server 31: 0.020799000M TPS
Server 32: 0.021147000M TPS
Server 33: 0.021685000M TPS
Server 34: 0.021341000M TPS
Server 35: 0.020815000M TPS
Server 36: 0.028743000M TPS
Server 37: 0.028801000M TPS
Server 38: 0.030338000M TPS
Server 39: 0.029547000M TPS
Server 40: 0.029187000M TPS
Server 41: 0.028755000M TPS
Server 42: 0.030287000M TPS
Server 43: 0.029622000M TPS
Server 44: 0.029446000M TPS
Server 45: 0.028457000M TPS
Server 46: 0.029021000M TPS
Server 47: 0.031432000M TPS
Server 48: 0.028699000M TPS
Server 49: 0.028602000M TPS
Server 50: 0.029164000M TPS
Server 51: 0.031507000M TPS
Server 52: 0.030533000M TPS
Server 53: 0.028686000M TPS
Server 54: 0.046302000M TPS
Server 55: 0.045855000M TPS
Server 56: 0.045074000M TPS
Server 57: 0.043731000M TPS
Server 58: 0.040071000M TPS
Server 59: 0.045208000M TPS
Server 60: 0.044935000M TPS
Server 61: 0.044264000M TPS
Server 62: 0.043382000M TPS
Server 63: 0.040412000M TPS
Total tps: 1.720469000M
