./ycsb -s 64 -d 100 -b 1 -i 1000000 -o 10 -t 64000000 -w 100
 # clients:    1
 # servers:    64
 Key range:    0..2^29
 Write ratio:  100
 Total #recs: 64000000 
 Iterations:   1000000
Assinging core 0 to srv 0
Assinging core 4 to srv 1
Assinging core 8 to srv 2
Assinging core 12 to srv 3
srv (0): Loading stock..
srv (1): Loading stock..
Assinging core 16 to srv 4
srv (2): Loading stock..
srv (3): Loading stock..
Assinging core 20 to srv 5
srv (4): Loading stock..
Assinging core 24 to srv 6
srv (5): Loading stock..
Assinging core 28 to srv 7
srv (6): Loading stock..
Assinging core 32 to srv 8
srv (7): Loading stock..
Assinging core 36 to srv 9
srv (8): Loading stock..
Assinging core 40 to srv 10
srv (9): Loading stock..
Assinging core 44 to srv 11
srv (10): Loading stock..
Assinging core 48 to srv 12
srv (11): Loading stock..
Assinging core 52 to srv 13
srv (12): Loading stock..
Assinging core 56 to srv 14
srv (13): Loading stock..
Assinging core 60 to srv 15
srv (14): Loading stock..
Assinging core 64 to srv 16
srv (15): Loading stock..
Assinging core 68 to srv 17
srv (16): Loading stock..
Assinging core 1 to srv 18
srv (17): Loading stock..
Assinging core 5 to srv 19
srv (18): Loading stock..
Assinging core 9 to srv 20
srv (19): Loading stock..
Assinging core 13 to srv 21
srv (20): Loading stock..
Assinging core 17 to srv 22
srv (21): Loading stock..
Assinging core 21 to srv 23
srv (22): Loading stock..
Assinging core 25 to srv 24
srv (23): Loading stock..
Assinging core 29 to srv 25
srv (24): Loading stock..
Assinging core 33 to srv 26
srv (25): Loading stock..
Assinging core 37 to srv 27
srv (26): Loading stock..
Assinging core 41 to srv 28
srv (27): Loading stock..
Assinging core 45 to srv 29
srv (28): Loading stock..
Assinging core 49 to srv 30
srv (29): Loading stock..
Assinging core 53 to srv 31
srv (30): Loading stock..
Assinging core 57 to srv 32
srv (31): Loading stock..
Assinging core 61 to srv 33
srv (32): Loading stock..
Assinging core 65 to srv 34
srv (33): Loading stock..
Assinging core 69 to srv 35
srv (34): Loading stock..
Assinging core 2 to srv 36
srv (35): Loading stock..
Assinging core 6 to srv 37
srv (36): Loading stock..
Assinging core 10 to srv 38
srv (37): Loading stock..
Assinging core 14 to srv 39
srv (38): Loading stock..
Assinging core 18 to srv 40
srv (39): Loading stock..
Assinging core 22 to srv 41
srv (40): Loading stock..
Assinging core 26 to srv 42
srv (41): Loading stock..
Assinging core 30 to srv 43
srv (42): Loading stock..
Assinging core 34 to srv 44
srv (43): Loading stock..
Assinging core 38 to srv 45
srv (44): Loading stock..
Assinging core 42 to srv 46
srv (45): Loading stock..
Assinging core 46 to srv 47
srv (46): Loading stock..
Assinging core 50 to srv 48
srv (47): Loading stock..
Assinging core 54 to srv 49
srv (48): Loading stock..
Assinging core 58 to srv 50
srv (49): Loading stock..
Assinging core 62 to srv 51
srv (50): Loading stock..
Assinging core 66 to srv 52
srv (51): Loading stock..
Assinging core 70 to srv 53
srv (52): Loading stock..
Assinging core 3 to srv 54
srv (53): Loading stock..
Assinging core 7 to srv 55
srv (54): Loading stock..
Assinging core 11 to srv 56
srv (55): Loading stock..
Assinging core 15 to srv 57
srv (56): Loading stock..
Assinging core 19 to srv 58
srv (57): Loading stock..
Assinging core 23 to srv 59
srv (58): Loading stock..
Assinging core 27 to srv 60
srv (59): Loading stock..
Assinging core 31 to srv 61
srv (60): Loading stock..
Assinging core 35 to srv 62
srv (61): Loading stock..
Assinging core 39 to srv 63
srv (62): Loading stock..
srv (63): Loading stock..
srv (36): Loading history..
srv (3): Loading history..
srv (36): Loading customer..
srv (8): Loading history..
srv (10): Loading history..
srv (1): Loading history..
srv (3): Loading customer..
srv (6): Loading history..
srv (2): Loading history..
srv (25): Loading history..
srv (19): Loading history..
srv (16): Loading history..
srv (0): Loading history..
srv (40): Loading history..
srv (18): Loading history..
srv (8): Loading customer..
srv (1): Loading customer..
srv (10): Loading customer..
srv (6): Loading customer..
srv (0): Loading customer..
srv (2): Loading customer..
srv (25): Loading customer..
srv (19): Loading customer..
srv (16): Loading customer..
srv (18): Loading customer..
srv (40): Loading customer..
srv (56): Loading history..
srv (28): Loading history..
srv (7): Loading history..
srv (12): Loading history..
srv (4): Loading history..
srv (17): Loading history..
srv (63): Loading history..
srv (22): Loading history..
srv (14): Loading history..
srv (57): Loading history..
srv (11): Loading history..
srv (60): Loading history..
srv (54): Loading history..
srv (9): Loading history..
srv (61): Loading history..
srv (15): Loading history..
srv (13): Loading history..
srv (62): Loading history..
srv (58): Loading history..
srv (55): Loading history..
srv (5): Loading history..
srv (59): Loading history..
srv (20): Loading history..
srv (29): Loading history..
srv (21): Loading history..
srv (33): Loading history..
srv (38): Loading history..
srv (32): Loading history..
srv (41): Loading history..
srv (34): Loading history..
srv (27): Loading history..
srv (30): Loading history..
srv (31): Loading history..
srv (23): Loading history..
srv (44): Loading history..
srv (45): Loading history..
srv (35): Loading history..
srv (24): Loading history..
srv (47): Loading history..
srv (43): Loading history..
srv (53): Loading history..
srv (46): Loading history..
srv (39): Loading history..
srv (52): Loading history..
srv (49): Loading history..
srv (51): Loading history..
srv (50): Loading history..
srv (37): Loading history..
srv (42): Loading history..
srv (48): Loading history..
srv (26): Loading history..
srv (56): Loading customer..
srv (29): Loading customer..
srv (27): Loading customer..
srv (30): Loading customer..
srv (28): Loading customer..
srv (17): Loading customer..
srv (13): Loading customer..
srv (4): Loading customer..
srv (51): Loading customer..
srv (47): Loading customer..
srv (7): Loading customer..
srv (20): Loading customer..
srv (60): Loading customer..
srv (41): Loading customer..
srv (55): Loading customer..
srv (21): Loading customer..
srv (63): Loading customer..
srv (31): Loading customer..
srv (22): Loading customer..
srv (57): Loading customer..
srv (34): Loading customer..
srv (50): Loading customer..
srv (62): Loading customer..
srv (46): Loading customer..
srv (23): Loading customer..
srv (48): Loading customer..
srv (58): Loading customer..
srv (9): Loading customer..
srv (61): Loading customer..
srv (54): Loading customer..
srv (32): Loading customer..
srv (42): Loading customer..
srv (33): Loading customer..
srv (37): Loading customer..
srv (26): Loading customer..
srv (59): Loading customer..
srv (35): Loading customer..
srv (14): Loading customer..
srv (15): Loading customer..
srv (38): Loading customer..
srv (11): Loading customer..
srv (5): Loading customer..
srv (12): Loading customer..
srv (53): Loading customer..
srv (39): Loading customer..
srv (43): Loading customer..
srv (52): Loading customer..
srv (49): Loading customer..
srv (44): Loading customer..
srv (45): Loading customer..
srv (24): Loading customer..
srv (0): Loading order..
srv (3): Loading order..
srv (36): Loading order..
srv (8): Loading order..
srv (10): Loading order..
srv (19): Loading order..
srv (1): Loading order..
srv (25): Loading order..
srv (6): Loading order..
srv (16): Loading order..
srv (28): Loading order..
srv (40): Loading order..
srv (18): Loading order..
srv (56): Loading order..
srv (2): Loading order..
srv (51): Loading order..
srv (60): Loading order..
srv (13): Loading order..
srv (57): Loading order..
srv (21): Loading order..
srv (31): Loading order..
srv (20): Loading order..
srv (63): Loading order..
srv (27): Loading order..
srv (54): Loading order..
srv (49): Loading order..
srv (46): Loading order..
srv (55): Loading order..
srv (58): Loading order..
srv (17): Loading order..
srv (4): Loading order..
srv (29): Loading order..
srv (47): Loading order..
srv (7): Loading order..
srv (35): Loading order..
srv (38): Loading order..
srv (33): Loading order..
srv (34): Loading order..
srv (11): Loading order..
srv (59): Loading order..
srv (61): Loading order..
srv (9): Loading order..
srv (24): Loading order..
srv (41): Loading order..
srv (42): Loading order..
srv (50): Loading order..
srv (22): Loading order..
srv (62): Loading order..
srv (39): Loading order..
srv (44): Loading order..
srv (52): Loading order..
srv (5): Loading order..
srv (53): Loading order..
srv (15): Loading order..
srv (30): Loading order..
srv (23): Loading order..
srv (12): Loading order..
srv (48): Loading order..
srv (14): Loading order..
srv (37): Loading order..
srv (26): Loading order..
srv (36): Loading wh..
srv (36): Loading district..
srv 36 load time 1.481
srv 36 rec count: 508615 partition sz 119167-KB tx count: 1000000, per_txn_op cnt: 10
srv (32): Loading order..
srv (43): Loading order..
srv (45): Loading order..
srv (10): Loading wh..
srv (10): Loading district..
srv 10 load time 1.613
srv 10 rec count: 508317 partition sz 119120-KB tx count: 1000000, per_txn_op cnt: 10
srv (8): Loading wh..
srv (8): Loading district..
srv 8 load time 1.619
srv 8 rec count: 508607 partition sz 119166-KB tx count: 1000000, per_txn_op cnt: 10
srv (1): Loading wh..
srv (1): Loading district..
srv 1 load time 1.636
srv 1 rec count: 508826 partition sz 119200-KB tx count: 1000000, per_txn_op cnt: 10
srv (6): Loading wh..
srv (6): Loading district..
srv (3): Loading wh..
srv (3): Loading district..
srv 6 load time 1.671
srv 6 rec count: 509499 partition sz 119305-KB tx count: 1000000, per_txn_op cnt: 10
srv 3 load time 1.675
srv 3 rec count: 508714 partition sz 119182-KB tx count: 1000000, per_txn_op cnt: 10
srv (58): Loading wh..
srv (58): Loading district..
srv 58 load time 1.556
srv 58 rec count: 508729 partition sz 119185-KB tx count: 1000000, per_txn_op cnt: 10
srv (56): Loading wh..
srv (56): Loading district..
srv 56 load time 1.569
srv 56 rec count: 508804 partition sz 119197-KB tx count: 1000000, per_txn_op cnt: 10
srv (40): Loading wh..
srv (40): Loading district..
srv 40 load time 1.616
srv 40 rec count: 509184 partition sz 119256-KB tx count: 1000000, per_txn_op cnt: 10
srv (57): Loading wh..
srv (57): Loading district..
srv 57 load time 1.575
srv 57 rec count: 509392 partition sz 119288-KB tx count: 1000000, per_txn_op cnt: 10
srv (51): Loading wh..
srv (51): Loading district..
srv 51 load time 1.599
srv 51 rec count: 509703 partition sz 119337-KB tx count: 1000000, per_txn_op cnt: 10
srv (60): Loading wh..
srv (60): Loading district..
srv 60 load time 1.586
srv 60 rec count: 509013 partition sz 119229-KB tx count: 1000000, per_txn_op cnt: 10
srv (25): Loading wh..
srv (25): Loading district..
srv 25 load time 1.683
srv 25 rec count: 508914 partition sz 119214-KB tx count: 1000000, per_txn_op cnt: 10
srv (16): Loading wh..
srv (16): Loading district..
srv 16 load time 1.724
srv 16 rec count: 508711 partition sz 119182-KB tx count: 1000000, per_txn_op cnt: 10
srv (49): Loading wh..
srv (49): Loading district..
srv 49 load time 1.654
srv 49 rec count: 509370 partition sz 119285-KB tx count: 1000000, per_txn_op cnt: 10
srv (54): Loading wh..
srv (54): Loading district..
srv 54 load time 1.643
srv 54 rec count: 509031 partition sz 119232-KB tx count: 1000000, per_txn_op cnt: 10
srv (59): Loading wh..
srv (59): Loading district..
srv 59 load time 1.625
srv 59 rec count: 509161 partition sz 119252-KB tx count: 1000000, per_txn_op cnt: 10
srv (11): Loading wh..
srv (11): Loading district..
srv (18): Loading wh..
srv (19): Loading wh..
srv (18): Loading district..
srv 11 load time 1.742
srv 18 load time 1.731
srv 18 rec count: 508404 partition sz 119134-KB tx count: 1000000, per_txn_op cnt: 10
srv (55): Loading wh..
srv 11 rec count: 507945 partition sz 119062-KB tx count: 1000000, per_txn_op cnt: 10
srv (55): Loading district..
srv (19): Loading district..
srv 55 load time 1.640
srv 55 rec count: 508088 partition sz 119085-KB tx count: 1000000, per_txn_op cnt: 10
srv 19 load time 1.729
srv 19 rec count: 509031 partition sz 119232-KB tx count: 1000000, per_txn_op cnt: 10
srv (39): Loading wh..
srv (39): Loading district..
srv 39 load time 1.681
srv 39 rec count: 508433 partition sz 119139-KB tx count: 1000000, per_txn_op cnt: 10
srv (27): Loading wh..
srv (27): Loading district..
srv 27 load time 1.710
srv 27 rec count: 508870 partition sz 119207-KB tx count: 1000000, per_txn_op cnt: 10
srv (38): Loading wh..
srv (38): Loading district..
srv 38 load time 1.688
srv 38 rec count: 509358 partition sz 119283-KB tx count: 1000000, per_txn_op cnt: 10
srv (47): Loading wh..
srv (47): Loading district..
srv 47 load time 1.666
srv 47 rec count: 508232 partition sz 119107-KB tx count: 1000000, per_txn_op cnt: 10
srv (4): Loading wh..
srv (4): Loading district..
srv 4 load time 1.759
srv 4 rec count: 508006 partition sz 119072-KB tx count: 1000000, per_txn_op cnt: 10
srv (63): Loading wh..
srv (63): Loading district..
srv 63 load time 1.627
srv 63 rec count: 508521 partition sz 119152-KB tx count: 1000000, per_txn_op cnt: 10
srv (7): Loading wh..
srv (7): Loading district..
srv 7 load time 1.768
srv 7 rec count: 508768 partition sz 119191-KB tx count: 1000000, per_txn_op cnt: 10
srv (28): Loading wh..
srv (17): Loading wh..
srv (28): Loading district..
srv (17): Loading district..
srv 28 load time 1.726
srv 28 rec count: 508062 partition sz 119081-KB tx count: 1000000, per_txn_op cnt: 10
srv 17 load time 1.752
srv 17 rec count: 509958 partition sz 119377-KB tx count: 1000000, per_txn_op cnt: 10
srv (2): Loading wh..
srv (2): Loading district..
srv 2 load time 1.778
srv 2 rec count: 508413 partition sz 119135-KB tx count: 1000000, per_txn_op cnt: 10
srv (61): Loading wh..
srv (61): Loading district..
srv 61 load time 1.647
srv 61 rec count: 508145 partition sz 119094-KB tx count: 1000000, per_txn_op cnt: 10
srv (46): Loading wh..
srv (46): Loading district..
srv 46 load time 1.696
srv 46 rec count: 508246 partition sz 119109-KB tx count: 1000000, per_txn_op cnt: 10
srv (34): Loading wh..
srv (34): Loading district..
srv 34 load time 1.733
srv 34 rec count: 508619 partition sz 119168-KB tx count: 1000000, per_txn_op cnt: 10
srv (50): Loading wh..
srv (50): Loading district..
srv 50 load time 1.695
srv 50 rec count: 509462 partition sz 119299-KB tx count: 1000000, per_txn_op cnt: 10
srv (62): Loading wh..
srv (62): Loading district..
srv 62 load time 1.662
srv 62 rec count: 509079 partition sz 119240-KB tx count: 1000000, per_txn_op cnt: 10
srv (5): Loading wh..
srv (5): Loading district..
srv 5 load time 1.800
srv 5 rec count: 508119 partition sz 119090-KB tx count: 1000000, per_txn_op cnt: 10
srv (12): Loading wh..
srv (12): Loading district..
srv 12 load time 1.792
srv 12 rec count: 509444 partition sz 119297-KB tx count: 1000000, per_txn_op cnt: 10
srv (13): Loading wh..
srv (13): Loading district..
srv 13 load time 1.791
srv 13 rec count: 509156 partition sz 119252-KB tx count: 1000000, per_txn_op cnt: 10
srv (15): Loading wh..
srv (15): Loading district..
srv 15 load time 1.791
srv 15 rec count: 508958 partition sz 119221-KB tx count: 1000000, per_txn_op cnt: 10
srv (52): Loading wh..
srv (52): Loading district..
srv 52 load time 1.703
srv 52 rec count: 508884 partition sz 119209-KB tx count: 1000000, per_txn_op cnt: 10
srv (53): Loading wh..
srv (53): Loading district..
srv 53 load time 1.705
srv 53 rec count: 508763 partition sz 119190-KB tx count: 1000000, per_txn_op cnt: 10
srv (44): Loading wh..
srv (44): Loading district..
srv 44 load time 1.727
srv 44 rec count: 508922 partition sz 119215-KB tx count: 1000000, per_txn_op cnt: 10
srv (30): Loading wh..
srv (30): Loading district..
srv 30 load time 1.764
srv 30 rec count: 507904 partition sz 119056-KB tx count: 1000000, per_txn_op cnt: 10
srv (20): Loading wh..
srv (20): Loading district..
srv 20 load time 1.788
srv 20 rec count: 508680 partition sz 119177-KB tx count: 1000000, per_txn_op cnt: 10
srv (42): Loading wh..
srv (42): Loading district..
srv 42 load time 1.734
srv 42 rec count: 508663 partition sz 119175-KB tx count: 1000000, per_txn_op cnt: 10
srv (41): Loading wh..
srv (41): Loading district..
srv 41 load time 1.738
srv 41 rec count: 508031 partition sz 119076-KB tx count: 1000000, per_txn_op cnt: 10
srv (9): Loading wh..
srv (9): Loading district..
srv 9 load time 1.811
srv 9 rec count: 508955 partition sz 119220-KB tx count: 1000000, per_txn_op cnt: 10
srv (37): Loading wh..
srv (37): Loading district..
srv 37 load time 1.754
srv 37 rec count: 508228 partition sz 119107-KB tx count: 1000000, per_txn_op cnt: 10
srv (22): Loading wh..
srv (22): Loading district..
srv 22 load time 1.789
srv 22 rec count: 508908 partition sz 119213-KB tx count: 1000000, per_txn_op cnt: 10
srv (48): Loading wh..
srv (48): Loading district..
srv 48 load time 1.728
srv 48 rec count: 509201 partition sz 119259-KB tx count: 1000000, per_txn_op cnt: 10
srv (33): Loading wh..
srv (33): Loading district..
srv 33 load time 1.771
srv 33 rec count: 508151 partition sz 119095-KB tx count: 1000000, per_txn_op cnt: 10
srv (0): Loading item..
srv (0): Loading wh..
srv (0): Loading district..
srv 0 load time 1.836
srv 0 rec count: 509282 partition sz 119271-KB tx count: 1000000, per_txn_op cnt: 10
srv (35): Loading wh..
srv (35): Loading district..
srv 35 load time 1.774
srv 35 rec count: 508539 partition sz 119155-KB tx count: 1000000, per_txn_op cnt: 10
srv (21): Loading wh..
srv (21): Loading district..
srv 21 load time 1.807
srv 21 rec count: 507405 partition sz 118978-KB tx count: 1000000, per_txn_op cnt: 10
srv (43): Loading wh..
srv (43): Loading district..
srv 43 load time 1.753
srv 43 rec count: 508130 partition sz 119091-KB tx count: 1000000, per_txn_op cnt: 10
srv (26): Loading wh..
srv (26): Loading district..
srv 26 load time 1.804
srv 26 rec count: 508260 partition sz 119112-KB tx count: 1000000, per_txn_op cnt: 10
srv (14): Loading wh..
srv (14): Loading district..
srv 14 load time 1.833
srv 14 rec count: 509914 partition sz 119370-KB tx count: 1000000, per_txn_op cnt: 10
srv (24): Loading wh..
srv (24): Loading district..
srv 24 load time 1.812
srv 24 rec count: 508233 partition sz 119107-KB tx count: 1000000, per_txn_op cnt: 10
srv (31): Loading wh..
srv (31): Loading district..
srv 31 load time 1.798
srv 31 rec count: 508711 partition sz 119182-KB tx count: 1000000, per_txn_op cnt: 10
srv (29): Loading wh..
srv (29): Loading district..
srv 29 load time 1.805
srv 29 rec count: 508625 partition sz 119169-KB tx count: 1000000, per_txn_op cnt: 10
srv (32): Loading wh..
srv (32): Loading district..
srv 32 load time 1.806
srv 32 rec count: 508702 partition sz 119181-KB tx count: 1000000, per_txn_op cnt: 10
srv (45): Loading wh..
srv (45): Loading district..
srv 45 load time 1.776
srv 45 rec count: 509177 partition sz 119255-KB tx count: 1000000, per_txn_op cnt: 10
srv (23): Loading wh..
srv (23): Loading district..
srv 23 load time 1.830
srv 23 rec count: 508648 partition sz 119172-KB tx count: 1000000, per_txn_op cnt: 10
srv 23 starting txns
srv 32 starting txns
srv 18 starting txns
srv 15 starting txns
srv 55 starting txns
srv 30 starting txns
srv 2 starting txns
srv 20 starting txns
srv 34 starting txns
srv 16 starting txns
srv 40 starting txns
srv 35 starting txns
srv 4 starting txns
srv 8 starting txns
srv 51 starting txns
srv 48 starting txns
srv 1 starting txns
srv 47 starting txns
srv 36 starting txns
srv 0 starting txns
srv 24 starting txns
srv 22 starting txns
srv 13 starting txns
srv 54 starting txns
srv 14 starting txns
srv 10 starting txns
srv 27 starting txns
srv 42 starting txns
srv 56 starting txns
srv 7 starting txns
srv 52 starting txns
srv 45 starting txns
srv 41 starting txns
srv 26 starting txns
srv 39 starting txns
srv 38 starting txns
srv 19 starting txns
srv 3 starting txns
srv 43 starting txns
srv 60 starting txns
srv 63 starting txns
srv 17 starting txns
srv 58 starting txns
srv 25 starting txns
srv 59 starting txns
srv 62 starting txns
srv 49 starting txns
srv 5 starting txns
srv 57 starting txns
srv 9 starting txns
srv 53 starting txns
srv 21 starting txns
srv 6 starting txns
srv 31 starting txns
srv 61 starting txns
srv 50 starting txns
srv 37 starting txns
srv 46 starting txns
srv 44 starting txns
srv 28 starting txns
srv 33 starting txns
srv 11 starting txns
srv 29 starting txns
srv 12 starting txns
srv 62 query time 18.768
srv 63 query time 19.327
srv 57 query time 19.429
srv 56 query time 19.501
srv 60 query time 19.610
srv 59 query time 19.618
srv 28 query time 20.023
srv 45 query time 20.102
srv 51 query time 20.162
srv 5 query time 20.185
srv 8 query time 20.208
srv 22 query time 20.255
srv 48 query time 20.341
srv 14 query time 20.591
srv 31 query time 20.629
srv 34 query time 20.745
srv 17 query time 20.915
srv 20 query time 20.976
srv 58 query time 21.188
srv 61 query time 21.355
srv 42 query time 21.361
srv 2 query time 21.393
srv 19 query time 21.676
srv 46 query time 21.777
srv 16 query time 21.808
srv 37 query time 21.892
srv 6 query time 21.895
srv 3 query time 22.088
srv 0 query time 22.246
srv 43 query time 22.447
srv 23 query time 22.462
srv 49 query time 22.468
srv 36 query time 22.497
srv 32 query time 22.539
srv 50 query time 22.566
srv 13 query time 22.657
srv 30 query time 22.683
srv 29 query time 22.721
srv 7 query time 22.926
srv 33 query time 22.974
srv 27 query time 23.120
srv 47 query time 23.243
srv 9 query time 23.434
srv 15 query time 23.510
srv 35 query time 23.529
srv 18 query time 23.616
srv 52 query time 23.618
srv 21 query time 23.645
srv 44 query time 23.694
srv 55 query time 23.724
srv 4 query time 23.861
srv 1 query time 24.191
srv 38 query time 24.319
srv 41 query time 24.841
srv 24 query time 24.988
srv 10 query time 25.631
srv 53 query time 25.704
srv 54 query time 26.032
srv 39 query time 26.575
srv 12 query time 27.010
srv 25 query time 27.565
srv 26 query time 27.659
srv 40 query time 27.983
srv 11 query time 28.951
srv 11 quitting 
srv 14 quitting 
srv 60 quitting 
srv 58 quitting 
srv 61 quitting 
srv 37 quitting 
srv 22 quitting 
srv 12 quitting 
srv 33 quitting 
srv 24 quitting 
srv 49 quitting 
srv 15 quitting 
srv 26 quitting 
srv 7 quitting 
srv 25 quitting 
srv 0 quitting 
srv 35 quitting 
srv 45 quitting 
srv 55 quitting 
srv 28 quitting 
srv 9 quitting 
srv 40 quitting 
srv 36 quitting 
srv 20 quitting 
srv 1 quitting 
srv 34 quitting 
srv 5 quitting 
srv 21 quitting 
Server 58 verifying consistency..
srv 23 quitting 
srv 6 quitting 
srv 63 quitting 
srv 3 quitting 
srv 8 quitting 
srv 59 quitting 
srv 43 quitting 
srv 19 quitting 
srv 10 quitting 
Server 9 verifying consistency..
srv 53 quitting 
srv 32 quitting 
srv 44 quitting 
Server 60 verifying consistency..
srv 38 quitting 
Server 14 verifying consistency..
Server 63 verifying consistency..
srv 62 quitting 
srv 54 quitting 
Server 15 verifying consistency..
srv 13 quitting 
srv 52 quitting 
Server 0 verifying consistency..
Server 55 verifying consistency..
srv 56 quitting 
srv 42 quitting 
Server 40 verifying consistency..
Server 36 verifying consistency..
srv 41 quitting 
Server 20 verifying consistency..
srv 39 quitting 
Server 34 verifying consistency..
srv 57 quitting 
Server 23 verifying consistency..
srv 29 quitting 
srv 27 quitting 
Server 24 verifying consistency..
Server 12 verifying consistency..
srv 17 quitting 
Server 7 verifying consistency..
Server 25 verifying consistency..
srv 18 quitting 
Server 26 verifying consistency..
Server 49 verifying consistency..
srv 30 quitting 
srv 48 quitting 
srv 51 quitting 
Server 11 verifying consistency..
Server 44 verifying consistency..
srv 2 quitting 
Server 3 verifying consistency..
srv 50 quitting 
Server 54 verifying consistency..
Server 59 verifying consistency..
srv 46 quitting 
srv 47 quitting 
Server 13 verifying consistency..
Server 32 verifying consistency..
Server 28 verifying consistency..
Server 2 verifying consistency..
Server 39 verifying consistency..
Server 57 verifying consistency..
Server 50 verifying consistency..
Server 21 verifying consistency..
Server 17 verifying consistency..
Server 61 verifying consistency..
Server 33 verifying consistency..
Server 53 verifying consistency..
Server 56 verifying consistency..
Server 30 verifying consistency..
Server 45 verifying consistency..
Server 38 verifying consistency..
Server 5 verifying consistency..
Server 1 verifying consistency..
Server 27 verifying consistency..
Server 22 verifying consistency..
Server 51 verifying consistency..
Server 48 verifying consistency..
Server 37 verifying consistency..
Server 35 verifying consistency..
srv 31 quitting 
srv 4 quitting 
Server 6 verifying consistency..
Server 47 verifying consistency..
srv 16 quitting 
Server 43 verifying consistency..
Server 42 verifying consistency..
Server 18 verifying consistency..
Server 19 verifying consistency..
Server 29 verifying consistency..
Server 62 verifying consistency..
Server 46 verifying consistency..
Server 16 verifying consistency..
Server 4 verifying consistency..
Server 41 verifying consistency..
Server 31 verifying consistency..
Server 8 verifying consistency..
Server 10 verifying consistency..
Server 52 verifying consistency..
srv 0 commits 1000000
srv 1 commits 1000000
srv 2 commits 1000000
srv 3 commits 1000000
srv 4 commits 1000000
srv 5 commits 1000000
srv 6 commits 1000000
srv 7 commits 1000000
srv 8 commits 1000000
srv 9 commits 1000000
srv 10 commits 1000000
srv 11 commits 1000000
srv 12 commits 1000000
srv 13 commits 1000000
srv 14 commits 1000000
srv 15 commits 1000000
srv 16 commits 1000000
srv 17 commits 1000000
srv 18 commits 1000000
srv 19 commits 1000000
srv 20 commits 1000000
srv 21 commits 1000000
srv 22 commits 1000000
srv 23 commits 1000000
srv 24 commits 1000000
srv 25 commits 1000000
srv 26 commits 1000000
srv 27 commits 1000000
srv 28 commits 1000000
srv 29 commits 1000000
srv 30 commits 1000000
srv 31 commits 1000000
srv 32 commits 1000000
srv 33 commits 1000000
srv 34 commits 1000000
srv 35 commits 1000000
srv 36 commits 1000000
srv 37 commits 1000000
srv 38 commits 1000000
srv 39 commits 1000000
srv 40 commits 1000000
srv 41 commits 1000000
srv 42 commits 1000000
srv 43 commits 1000000
srv 44 commits 1000000
srv 45 commits 1000000
srv 46 commits 1000000
srv 47 commits 1000000
srv 48 commits 1000000
srv 49 commits 1000000
srv 50 commits 1000000
srv 51 commits 1000000
srv 52 commits 1000000
srv 53 commits 1000000
srv 54 commits 1000000
srv 55 commits 1000000
srv 56 commits 1000000
srv 57 commits 1000000
srv 58 commits 1000000
srv 59 commits 1000000
srv 60 commits 1000000
srv 61 commits 1000000
srv 62 commits 1000000
srv 63 commits 1000000
total commits 64000000
== results ==
Server 0: 0.044951000M TPS
Server 1: 0.041337000M TPS
Server 2: 0.046744000M TPS
Server 3: 0.045272000M TPS
Server 4: 0.041908000M TPS
Server 5: 0.049542000M TPS
Server 6: 0.045672000M TPS
Server 7: 0.043618000M TPS
Server 8: 0.049485000M TPS
Server 9: 0.042673000M TPS
Server 10: 0.039014000M TPS
Server 11: 0.034541000M TPS
Server 12: 0.037023000M TPS
Server 13: 0.044137000M TPS
Server 14: 0.048564000M TPS
Server 15: 0.042534000M TPS
Server 16: 0.045854000M TPS
Server 17: 0.047813000M TPS
Server 18: 0.042344000M TPS
Server 19: 0.046133000M TPS
Server 20: 0.047674000M TPS
Server 21: 0.042291000M TPS
Server 22: 0.049369000M TPS
Server 23: 0.044519000M TPS
Server 24: 0.040019000M TPS
Server 25: 0.036277000M TPS
Server 26: 0.036154000M TPS
Server 27: 0.043252000M TPS
Server 28: 0.049941000M TPS
Server 29: 0.044011000M TPS
Server 30: 0.044085000M TPS
Server 31: 0.048474000M TPS
Server 32: 0.044366000M TPS
Server 33: 0.043527000M TPS
Server 34: 0.048203000M TPS
Server 35: 0.042500000M TPS
Server 36: 0.044450000M TPS
Server 37: 0.045679000M TPS
Server 38: 0.041120000M TPS
Server 39: 0.037629000M TPS
Server 40: 0.035736000M TPS
Server 41: 0.040255000M TPS
Server 42: 0.046814000M TPS
Server 43: 0.044549000M TPS
Server 44: 0.042205000M TPS
Server 45: 0.049747000M TPS
Server 46: 0.045920000M TPS
Server 47: 0.043023000M TPS
Server 48: 0.049160000M TPS
Server 49: 0.044507000M TPS
Server 50: 0.044315000M TPS
Server 51: 0.049599000M TPS
Server 52: 0.042340000M TPS
Server 53: 0.038904000M TPS
Server 54: 0.038414000M TPS
Server 55: 0.042151000M TPS
Server 56: 0.051278000M TPS
Server 57: 0.051470000M TPS
Server 58: 0.047196000M TPS
Server 59: 0.050974000M TPS
Server 60: 0.050995000M TPS
Server 61: 0.046827000M TPS
Server 62: 0.053281000M TPS
Server 63: 0.051741000M TPS
Total tps: 2.854100000M
./ycsb -s 32 -d 100 -b 1 -i 1000000 -o 10 -t 64000000 -w 100
 # clients:    1
 # servers:    32
 Key range:    0..2^29
 Write ratio:  100
 Total #recs: 64000000 
 Iterations:   1000000
Assinging core 0 to srv 0
Assinging core 4 to srv 1
Assinging core 8 to srv 2
Assinging core 12 to srv 3
Assinging core 16 to srv 4
Assinging core 20 to srv 5
Assinging core 24 to srv 6
Assinging core 28 to srv 7
srv 2 load time 0.000
Assinging core 32 to srv 8
srv 2 rec count: 0 partition sz 0-KB tx count: 1000000, per_txn_op cnt: 10
srv 1 load time 0.000
srv 1 rec count: 0 partition sz 0-KB tx count: 1000000, per_txn_op cnt: 10
srv 5 load time 0.000
srv 5 rec count: 0 partition sz 0-KB tx count: 1000000, per_txn_op cnt: 10
srv 4 load time 0.000
Assinging core 36 to srv 9
srv 4 rec count: 0 partition sz 0-KB tx count: 1000000, per_txn_op cnt: 10
srv 3 load time 0.000
srv 3 rec count: 0 partition sz 0-KB tx count: 1000000, per_txn_op cnt: 10
Assinging core 40 to srv 10
srv 7 load time 0.000
srv 7 rec count: 0 partition sz 0-KB tx count: 1000000, per_txn_op cnt: 10
srv 8 load time 0.000
srv 8 rec count: 0 partition sz 0-KB tx count: 1000000, per_txn_op cnt: 10
srv (0): Loading stock..
srv 6 load time 0.000
srv 9 load time 0.000
Assinging core 44 to srv 11
srv 9 rec count: 0 partition sz 0-KB tx count: 1000000, per_txn_op cnt: 10
srv 6 rec count: 0 partition sz 0-KB tx count: 1000000, per_txn_op cnt: 10
Assinging core 48 to srv 12
srv 10 load time 0.000
srv 10 rec count: 0 partition sz 0-KB tx count: 1000000, per_txn_op cnt: 10
Assinging core 52 to srv 13
srv 11 load time 0.000
srv 11 rec count: 0 partition sz 0-KB tx count: 1000000, per_txn_op cnt: 10
Assinging core 56 to srv 14
srv 12 load time 0.000
srv 12 rec count: 0 partition sz 0-KB tx count: 1000000, per_txn_op cnt: 10
srv 13 load time 0.000
srv 13 rec count: 0 partition sz 0-KB tx count: 1000000, per_txn_op cnt: 10
Assinging core 60 to srv 15
Assinging core 64 to srv 16
Assinging core 68 to srv 17
Assinging core 1 to srv 18
Assinging core 5 to srv 19
srv 14 load time 0.000
srv 14 rec count: 0 partition sz 0-KB tx count: 1000000, per_txn_op cnt: 10
Assinging core 9 to srv 20
srv 16 load time 0.000
Assinging core 13 to srv 21
srv 19 load time 0.000
srv 16 rec count: 0 partition sz 0-KB tx count: 1000000, per_txn_op cnt: 10
srv 15 load time 0.000
srv 19 rec count: 0 partition sz 0-KB tx count: 1000000, per_txn_op cnt: 10
srv 17 load time 0.000
srv 15 rec count: 0 partition sz 0-KB tx count: 1000000, per_txn_op cnt: 10
srv 17 rec count: 0 partition sz 0-KB tx count: 1000000, per_txn_op cnt: 10
Assinging core 17 to srv 22
srv 18 load time 0.000
srv 18 rec count: 0 partition sz 0-KB tx count: 1000000, per_txn_op cnt: 10
srv 20 load time 0.000
srv 20 rec count: 0 partition sz 0-KB tx count: 1000000, per_txn_op cnt: 10
Assinging core 21 to srv 23
srv 21 load time 0.000
srv 21 rec count: 0 partition sz 0-KB tx count: 1000000, per_txn_op cnt: 10
srv 22 load time 0.000
srv 22 rec count: 0 partition sz 0-KB tx count: 1000000, per_txn_op cnt: 10
Assinging core 25 to srv 24
Assinging core 29 to srv 25
Assinging core 33 to srv 26
srv 23 load time 0.000
srv 23 rec count: 0 partition sz 0-KB tx count: 1000000, per_txn_op cnt: 10
Assinging core 37 to srv 27
srv 24 load time 0.000
srv 24 rec count: 0 partition sz 0-KB tx count: 1000000, per_txn_op cnt: 10
Assinging core 41 to srv 28
srv 25 load time 0.000
srv 25 rec count: 0 partition sz 0-KB tx count: 1000000, per_txn_op cnt: 10
Assinging core 45 to srv 29
srv 26 load time 0.000
srv 26 rec count: 0 partition sz 0-KB tx count: 1000000, per_txn_op cnt: 10
Assinging core 49 to srv 30
srv 27 load time 0.000
srv 27 rec count: 0 partition sz 0-KB tx count: 1000000, per_txn_op cnt: 10
Assinging core 53 to srv 31
srv 28 load time 0.000
srv 28 rec count: 0 partition sz 0-KB tx count: 1000000, per_txn_op cnt: 10
srv 29 load time 0.000
srv 29 rec count: 0 partition sz 0-KB tx count: 1000000, per_txn_op cnt: 10
srv 30 load time 0.000
srv 30 rec count: 0 partition sz 0-KB tx count: 1000000, per_txn_op cnt: 10
srv 31 load time 0.000
srv 31 rec count: 0 partition sz 0-KB tx count: 1000000, per_txn_op cnt: 10
srv (0): Loading history..
srv (0): Loading customer..
srv (0): Loading order..
srv (0): Loading item..
srv (0): Loading wh..
srv (0): Loading district..
srv (0): Loading stock..
srv (0): Loading history..
srv (0): Loading customer..
srv (0): Loading order..
srv (0): Loading wh..
srv (0): Loading district..
srv (0): Loading stock..
srv (0): Loading history..
srv (0): Loading customer..
srv (0): Loading order..
srv (0): Loading wh..
srv (0): Loading district..
srv (0): Loading stock..
srv (0): Loading history..
srv (0): Loading customer..
srv (0): Loading order..
srv (0): Loading wh..
srv (0): Loading district..
srv (0): Loading stock..
srv (0): Loading history..
srv (0): Loading customer..
srv (0): Loading order..
srv (0): Loading wh..
srv (0): Loading district..
srv (0): Loading stock..
srv (0): Loading history..
srv (0): Loading customer..
srv (0): Loading order..
srv (0): Loading wh..
srv (0): Loading district..
srv (0): Loading stock..
srv (0): Loading history..
srv (0): Loading customer..
srv (0): Loading order..
srv (0): Loading wh..
srv (0): Loading district..
srv (0): Loading stock..
srv (0): Loading history..
srv (0): Loading customer..
srv (0): Loading order..
srv (0): Loading wh..
srv (0): Loading district..
srv (0): Loading stock..
srv (0): Loading history..
srv (0): Loading customer..
srv (0): Loading order..
srv (0): Loading wh..
srv (0): Loading district..
srv (0): Loading stock..
srv (0): Loading history..
srv (0): Loading customer..
srv (0): Loading order..
srv (0): Loading wh..
srv (0): Loading district..
srv (0): Loading stock..
srv (0): Loading history..
srv (0): Loading customer..
srv (0): Loading order..
srv (0): Loading wh..
srv (0): Loading district..
srv (0): Loading stock..
srv (0): Loading history..
srv (0): Loading customer..
srv (0): Loading order..
srv (0): Loading wh..
srv (0): Loading district..
srv (0): Loading stock..
srv (0): Loading history..
srv (0): Loading customer..
srv (0): Loading order..
srv (0): Loading wh..
srv (0): Loading district..
srv (0): Loading stock..
srv (0): Loading history..
srv (0): Loading customer..
srv (0): Loading order..
srv (0): Loading wh..
srv (0): Loading district..
srv (0): Loading stock..
srv (0): Loading history..
srv (0): Loading customer..
srv (0): Loading order..
srv (0): Loading wh..
srv (0): Loading district..
srv (0): Loading stock..
srv (0): Loading history..
srv (0): Loading customer..
srv (0): Loading order..
srv (0): Loading wh..
srv (0): Loading district..
srv (0): Loading stock..
srv (0): Loading history..
srv (0): Loading customer..
srv (0): Loading order..
srv (0): Loading wh..
srv (0): Loading district..
srv (0): Loading stock..
srv (0): Loading history..
srv (0): Loading customer..
srv (0): Loading order..
srv (0): Loading wh..
srv (0): Loading district..
srv (0): Loading stock..
srv (0): Loading history..
srv (0): Loading customer..
srv (0): Loading order..
srv (0): Loading wh..
srv (0): Loading district..
srv (0): Loading stock..
srv (0): Loading history..
srv (0): Loading customer..
srv (0): Loading order..
srv (0): Loading wh..
srv (0): Loading district..
srv (0): Loading stock..
srv (0): Loading history..
srv (0): Loading customer..
srv (0): Loading order..
srv (0): Loading wh..
srv (0): Loading district..
srv (0): Loading stock..
srv (0): Loading history..
srv (0): Loading customer..
srv (0): Loading order..
srv (0): Loading wh..
srv (0): Loading district..
srv (0): Loading stock..
srv (0): Loading history..
srv (0): Loading customer..
srv (0): Loading order..
srv (0): Loading wh..
srv (0): Loading district..
srv (0): Loading stock..
srv (0): Loading history..
srv (0): Loading customer..
srv (0): Loading order..
srv (0): Loading wh..
srv (0): Loading district..
srv (0): Loading stock..
srv (0): Loading history..
srv (0): Loading customer..
srv (0): Loading order..
srv (0): Loading wh..
srv (0): Loading district..
srv (0): Loading stock..
srv (0): Loading history..
srv (0): Loading customer..
srv (0): Loading order..
srv (0): Loading wh..
srv (0): Loading district..
srv (0): Loading stock..
srv (0): Loading history..
srv (0): Loading customer..
srv (0): Loading order..
srv (0): Loading wh..
srv (0): Loading district..
srv (0): Loading stock..
srv (0): Loading history..
srv (0): Loading customer..
srv (0): Loading order..
srv (0): Loading wh..
srv (0): Loading district..
srv (0): Loading stock..
srv (0): Loading history..
srv (0): Loading customer..
srv (0): Loading order..
srv (0): Loading wh..
srv (0): Loading district..
srv (0): Loading stock..
srv (0): Loading history..
srv (0): Loading customer..
srv (0): Loading order..
srv (0): Loading wh..
srv (0): Loading district..
srv (0): Loading stock..
srv (0): Loading history..
srv (0): Loading customer..
srv (0): Loading order..
srv (0): Loading wh..
srv (0): Loading district..
srv (0): Loading stock..
srv (0): Loading history..
srv (0): Loading customer..
srv (0): Loading order..
srv (0): Loading wh..
srv (0): Loading district..
srv 0 load time 17.046
srv 0 rec count: 16274499 partition sz 4830332-KB tx count: 1000000, per_txn_op cnt: 10
srv 0 starting txns
srv 20 starting txns
srv 30 starting txns
srv 23 starting txns
srv 24 starting txns
srv 27 starting txns
srv 29 starting txns
srv 22 starting txns
srv 31 starting txns
srv 14 starting txns
srv 11 starting txns
srv 13 starting txns
srv 15 starting txns
srv 28 starting txns
srv 10 starting txns
srv 18 starting txns
srv 17 starting txns
srv 3 starting txns
srv 19 starting txns
srv 9 starting txns
srv 1 starting txns
srv 26 starting txns
srv 7 starting txns
srv 6 starting txns
srv 25 starting txns
srv 2 starting txns
srv 4 starting txns
srv 21 starting txns
srv 8 starting txns
srv 16 starting txns
srv 12 starting txns
srv 5 starting txns
srv 19 query time 17.906
srv 18 query time 18.291
srv 20 query time 18.596
srv 9 query time 18.813
srv 3 query time 18.846
srv 2 query time 18.911
srv 14 query time 18.982
srv 7 query time 18.980
srv 6 query time 18.992
srv 8 query time 19.018
srv 10 query time 19.079
srv 4 query time 19.119
srv 15 query time 19.154
srv 11 query time 19.195
srv 13 query time 19.229
srv 5 query time 19.225
srv 16 query time 19.243
srv 1 query time 19.274
srv 17 query time 19.311
srv 12 query time 19.363
srv 0 query time 19.645
srv 27 query time 19.784
srv 22 query time 20.024
srv 26 query time 20.081
srv 28 query time 20.206
srv 30 query time 20.283
srv 25 query time 20.309
srv 21 query time 20.339
srv 31 query time 20.400
srv 29 query time 20.435
srv 24 query time 20.437
srv 23 query time 20.556
srv 23 quitting 
srv 18 quitting 
srv 24 quitting 
srv 12 quitting 
srv 19 quitting 
srv 30 quitting 
srv 13 quitting 
srv 21 quitting 
srv 1 quitting 
srv 9 quitting 
srv 25 quitting 
srv 31 quitting 
srv 16 quitting 
srv 7 quitting 
srv 6 quitting 
Server 23 verifying consistency..
srv 29 quitting 
srv 0 quitting 
Server 19 verifying consistency..
Server 21 verifying consistency..
srv 27 quitting 
srv 4 quitting 
Server 29 verifying consistency..
Server 18 verifying consistency..
srv 5 quitting 
srv 15 quitting 
srv 10 quitting 
srv 20 quitting 
Server 6 verifying consistency..
srv 22 quitting 
srv 26 quitting 
srv 17 quitting 
Server 0 verifying consistency..
srv 28 quitting 
Server 5 verifying consistency..
srv 14 quitting 
srv 2 quitting 
Server 17 verifying consistency..
Server 24 verifying consistency..
srv 11 quitting 
Server 12 verifying consistency..
Server 15 verifying consistency..
Server 20 verifying consistency..
Server 25 verifying consistency..
Server 9 verifying consistency..
Server 1 verifying consistency..
Server 27 verifying consistency..
Server 10 verifying consistency..
Server 31 verifying consistency..
Server 11 verifying consistency..
srv 8 quitting 
Server 14 verifying consistency..
srv 3 quitting 
Server 4 verifying consistency..
Server 16 verifying consistency..
Server 30 verifying consistency..
Server 13 verifying consistency..
Server 28 verifying consistency..
Server 22 verifying consistency..
Server 2 verifying consistency..
Server 8 verifying consistency..
Server 7 verifying consistency..
Server 3 verifying consistency..
Server 26 verifying consistency..
srv 0 commits 1000000
srv 1 commits 1000000
srv 2 commits 1000000
srv 3 commits 1000000
srv 4 commits 1000000
srv 5 commits 1000000
srv 6 commits 1000000
srv 7 commits 1000000
srv 8 commits 1000000
srv 9 commits 1000000
srv 10 commits 1000000
srv 11 commits 1000000
srv 12 commits 1000000
srv 13 commits 1000000
srv 14 commits 1000000
srv 15 commits 1000000
srv 16 commits 1000000
srv 17 commits 1000000
srv 18 commits 1000000
srv 19 commits 1000000
srv 20 commits 1000000
srv 21 commits 1000000
srv 22 commits 1000000
srv 23 commits 1000000
srv 24 commits 1000000
srv 25 commits 1000000
srv 26 commits 1000000
srv 27 commits 1000000
srv 28 commits 1000000
srv 29 commits 1000000
srv 30 commits 1000000
srv 31 commits 1000000
total commits 32000000
== results ==
Server 0: 0.050904000M TPS
Server 1: 0.051884000M TPS
Server 2: 0.052878000M TPS
Server 3: 0.053062000M TPS
Server 4: 0.052304000M TPS
Server 5: 0.052016000M TPS
Server 6: 0.052652000M TPS
Server 7: 0.052688000M TPS
Server 8: 0.052581000M TPS
Server 9: 0.053154000M TPS
Server 10: 0.052413000M TPS
Server 11: 0.052097000M TPS
Server 12: 0.051644000M TPS
Server 13: 0.052004000M TPS
Server 14: 0.052682000M TPS
Server 15: 0.052208000M TPS
Server 16: 0.051965000M TPS
Server 17: 0.051783000M TPS
Server 18: 0.054671000M TPS
Server 19: 0.055846000M TPS
Server 20: 0.053774000M TPS
Server 21: 0.049165000M TPS
Server 22: 0.049939000M TPS
Server 23: 0.048647000M TPS
Server 24: 0.048930000M TPS
Server 25: 0.049239000M TPS
Server 26: 0.049798000M TPS
Server 27: 0.050544000M TPS
Server 28: 0.049490000M TPS
Server 29: 0.048934000M TPS
Server 30: 0.049301000M TPS
Server 31: 0.049019000M TPS
Total tps: 1.648216000M
./ycsb -s 16 -d 100 -b 1 -i 1000000 -o 10 -t 64000000 -w 100
 # clients:    1
 # servers:    16
 Key range:    0..2^29
 Write ratio:  100
 Total #recs: 64000000 
 Iterations:   1000000
Assinging core 0 to srv 0
Assinging core 4 to srv 1
Assinging core 8 to srv 2
Assinging core 12 to srv 3
Assinging core 16 to srv 4
srv 1 load time 0.000
srv (0): Loading stock..
srv 1 rec count: 0 partition sz 0-KB tx count: 1000000, per_txn_op cnt: 10
srv 2 load time 0.000
srv 2 rec count: 0 partition sz 0-KB tx count: 1000000, per_txn_op cnt: 10
Assinging core 20 to srv 5
srv 3 load time 0.000
srv 3 rec count: 0 partition sz 0-KB tx count: 1000000, per_txn_op cnt: 10
srv 4 load time 0.000
srv 4 rec count: 0 partition sz 0-KB tx count: 1000000, per_txn_op cnt: 10
Assinging core 24 to srv 6
Assinging core 28 to srv 7
srv 5 load time 0.000
srv 5 rec count: 0 partition sz 0-KB tx count: 1000000, per_txn_op cnt: 10
Assinging core 32 to srv 8
srv 7 load time 0.000
srv 7 rec count: 0 partition sz 0-KB tx count: 1000000, per_txn_op cnt: 10
Assinging core 36 to srv 9
srv 6 load time 0.000
srv 6 rec count: 0 partition sz 0-KB tx count: 1000000, per_txn_op cnt: 10
srv 8 load time 0.000
srv 8 rec count: 0 partition sz 0-KB tx count: 1000000, per_txn_op cnt: 10
Assinging core 40 to srv 10
Assinging core 44 to srv 11
Assinging core 48 to srv 12
Assinging core 52 to srv 13
srv 9 load time 0.000
Assinging core 56 to srv 14
srv 9 rec count: 0 partition sz 0-KB tx count: 1000000, per_txn_op cnt: 10
srv 10 load time 0.000
srv 10 rec count: 0 partition sz 0-KB tx count: 1000000, per_txn_op cnt: 10
Assinging core 60 to srv 15
srv 11 load time 0.000
srv 11 rec count: 0 partition sz 0-KB tx count: 1000000, per_txn_op cnt: 10
srv 12 load time 0.000
srv 13 load time 0.000
srv 13 rec count: 0 partition sz 0-KB tx count: 1000000, per_txn_op cnt: 10
srv 12 rec count: 0 partition sz 0-KB tx count: 1000000, per_txn_op cnt: 10
srv 14 load time 0.000
srv 14 rec count: 0 partition sz 0-KB tx count: 1000000, per_txn_op cnt: 10
srv 15 load time 0.000
srv 15 rec count: 0 partition sz 0-KB tx count: 1000000, per_txn_op cnt: 10
srv (0): Loading history..
srv (0): Loading customer..
srv (0): Loading order..
srv (0): Loading item..
srv (0): Loading wh..
srv (0): Loading district..
srv (0): Loading stock..
srv (0): Loading history..
srv (0): Loading customer..
srv (0): Loading order..
srv (0): Loading wh..
srv (0): Loading district..
srv (0): Loading stock..
srv (0): Loading history..
srv (0): Loading customer..
srv (0): Loading order..
srv (0): Loading wh..
srv (0): Loading district..
srv (0): Loading stock..
srv (0): Loading history..
srv (0): Loading customer..
srv (0): Loading order..
srv (0): Loading wh..
srv (0): Loading district..
srv (0): Loading stock..
srv (0): Loading history..
srv (0): Loading customer..
srv (0): Loading order..
srv (0): Loading wh..
srv (0): Loading district..
srv (0): Loading stock..
srv (0): Loading history..
srv (0): Loading customer..
srv (0): Loading order..
srv (0): Loading wh..
srv (0): Loading district..
srv (0): Loading stock..
srv (0): Loading history..
srv (0): Loading customer..
srv (0): Loading order..
srv (0): Loading wh..
srv (0): Loading district..
srv (0): Loading stock..
srv (0): Loading history..
srv (0): Loading customer..
srv (0): Loading order..
srv (0): Loading wh..
srv (0): Loading district..
srv (0): Loading stock..
srv (0): Loading history..
srv (0): Loading customer..
srv (0): Loading order..
srv (0): Loading wh..
srv (0): Loading district..
srv (0): Loading stock..
srv (0): Loading history..
srv (0): Loading customer..
srv (0): Loading order..
srv (0): Loading wh..
srv (0): Loading district..
srv (0): Loading stock..
srv (0): Loading history..
srv (0): Loading customer..
srv (0): Loading order..
srv (0): Loading wh..
srv (0): Loading district..
srv (0): Loading stock..
srv (0): Loading history..
srv (0): Loading customer..
srv (0): Loading order..
srv (0): Loading wh..
srv (0): Loading district..
srv (0): Loading stock..
srv (0): Loading history..
srv (0): Loading customer..
srv (0): Loading order..
srv (0): Loading wh..
srv (0): Loading district..
srv (0): Loading stock..
srv (0): Loading history..
srv (0): Loading customer..
srv (0): Loading order..
srv (0): Loading wh..
srv (0): Loading district..
srv (0): Loading stock..
srv (0): Loading history..
srv (0): Loading customer..
srv (0): Loading order..
srv (0): Loading wh..
srv (0): Loading district..
srv (0): Loading stock..
srv (0): Loading history..
srv (0): Loading customer..
srv (0): Loading order..
srv (0): Loading wh..
srv (0): Loading district..
srv 0 load time 8.835
srv 0 rec count: 8138619 partition sz 2415465-KB tx count: 1000000, per_txn_op cnt: 10
srv 0 starting txns
srv 7 starting txns
srv 6 starting txns
srv 11 starting txns
srv 2 starting txns
srv 8 starting txns
srv 1 starting txns
srv 3 starting txns
srv 12 starting txns
srv 10 starting txns
srv 9 starting txns
srv 13 starting txns
srv 4 starting txns
srv 14 starting txns
srv 15 starting txns
srv 5 starting txns
srv 15 query time 16.625
srv 9 query time 16.632
srv 14 query time 16.660
srv 7 query time 16.666
srv 10 query time 16.712
srv 13 query time 16.826
srv 4 query time 16.914
srv 3 query time 16.915
srv 6 query time 16.926
srv 12 query time 16.954
srv 11 query time 16.981
srv 1 query time 16.993
srv 8 query time 16.997
srv 2 query time 17.018
srv 5 query time 17.118
srv 0 query time 17.329
srv 0 quitting 
srv 5 quitting 
Server 0 verifying consistency..
srv 8 quitting 
srv 3 quitting 
srv 7 quitting 
srv 6 quitting 
srv 13 quitting 
Server 5 verifying consistency..
srv 1 quitting 
srv 11 quitting 
Server 1 verifying consistency..
Server 8 verifying consistency..
Server 3 verifying consistency..
srv 9 quitting 
Server 9 verifying consistency..
srv 14 quitting 
Server 14 verifying consistency..
Server 13 verifying consistency..
srv 15 quitting 
Server 15 verifying consistency..
Server 11 verifying consistency..
srv 10 quitting 
Server 10 verifying consistency..
Server 6 verifying consistency..
srv 2 quitting 
Server 2 verifying consistency..
srv 4 quitting 
Server 4 verifying consistency..
Server 7 verifying consistency..
srv 12 quitting 
Server 12 verifying consistency..
srv 0 commits 1000000
srv 1 commits 1000000
srv 2 commits 1000000
srv 3 commits 1000000
srv 4 commits 1000000
srv 5 commits 1000000
srv 6 commits 1000000
srv 7 commits 1000000
srv 8 commits 1000000
srv 9 commits 1000000
srv 10 commits 1000000
srv 11 commits 1000000
srv 12 commits 1000000
srv 13 commits 1000000
srv 14 commits 1000000
srv 15 commits 1000000
total commits 16000000
== results ==
Server 0: 0.057707000M TPS
Server 1: 0.058847000M TPS
Server 2: 0.058760000M TPS
Server 3: 0.059117000M TPS
Server 4: 0.059122000M TPS
Server 5: 0.058419000M TPS
Server 6: 0.059080000M TPS
Server 7: 0.060004000M TPS
Server 8: 0.058835000M TPS
Server 9: 0.060125000M TPS
Server 10: 0.059836000M TPS
Server 11: 0.058890000M TPS
Server 12: 0.058983000M TPS
Server 13: 0.059430000M TPS
Server 14: 0.060023000M TPS
Server 15: 0.060148000M TPS
Total tps: 0.947326000M
./ycsb -s 8 -d 100 -b 1 -i 1000000 -o 10 -t 64000000 -w 100
 # clients:    1
 # servers:    8
 Key range:    0..2^29
 Write ratio:  100
 Total #recs: 64000000 
 Iterations:   1000000
Assinging core 0 to srv 0
Assinging core 4 to srv 1
Assinging core 8 to srv 2
Assinging core 12 to srv 3
Assinging core 16 to srv 4
Assinging core 20 to srv 5
srv 1 load time 0.000
srv 1 rec count: 0 partition sz 0-KB tx count: 1000000, per_txn_op cnt: 10
Assinging core 24 to srv 6
srv 3 load time 0.000
srv 5 load time 0.000
srv 3 rec count: 0 partition sz 0-KB tx count: 1000000, per_txn_op cnt: 10
srv 2 load time 0.000
srv (0): Loading stock..
Assinging core 28 to srv 7
srv 4 load time 0.000
srv 4 rec count: 0 partition sz 0-KB tx count: 1000000, per_txn_op cnt: 10
srv 2 rec count: 0 partition sz 0-KB tx count: 1000000, per_txn_op cnt: 10
srv 5 rec count: 0 partition sz 0-KB tx count: 1000000, per_txn_op cnt: 10
srv 6 load time 0.000
srv 6 rec count: 0 partition sz 0-KB tx count: 1000000, per_txn_op cnt: 10
srv 7 load time 0.000
srv 7 rec count: 0 partition sz 0-KB tx count: 1000000, per_txn_op cnt: 10
srv (0): Loading history..
srv (0): Loading customer..
srv (0): Loading order..
srv (0): Loading item..
srv (0): Loading wh..
srv (0): Loading district..
srv (0): Loading stock..
srv (0): Loading history..
srv (0): Loading customer..
srv (0): Loading order..
srv (0): Loading wh..
srv (0): Loading district..
srv (0): Loading stock..
srv (0): Loading history..
srv (0): Loading customer..
srv (0): Loading order..
srv (0): Loading wh..
srv (0): Loading district..
srv (0): Loading stock..
srv (0): Loading history..
srv (0): Loading customer..
srv (0): Loading order..
srv (0): Loading wh..
srv (0): Loading district..
srv (0): Loading stock..
srv (0): Loading history..
srv (0): Loading customer..
srv (0): Loading order..
srv (0): Loading wh..
srv (0): Loading district..
srv (0): Loading stock..
srv (0): Loading history..
srv (0): Loading customer..
srv (0): Loading order..
srv (0): Loading wh..
srv (0): Loading district..
srv (0): Loading stock..
srv (0): Loading history..
srv (0): Loading customer..
srv (0): Loading order..
srv (0): Loading wh..
srv (0): Loading district..
srv (0): Loading stock..
srv (0): Loading history..
srv (0): Loading customer..
srv (0): Loading order..
srv (0): Loading wh..
srv (0): Loading district..
srv 0 load time 4.561
srv 0 rec count: 4069533 partition sz 1207781-KB tx count: 1000000, per_txn_op cnt: 10
srv 0 starting txns
srv 6 starting txns
srv 7 starting txns
srv 5 starting txns
srv 2 starting txns
srv 1 starting txns
srv 3 starting txns
srv 4 starting txns
srv 7 query time 14.782
srv 3 query time 15.159
srv 4 query time 15.228
srv 6 query time 15.258
srv 2 query time 15.289
srv 5 query time 15.316
srv 1 query time 15.330
srv 0 query time 15.460
srv 0 quitting 
srv 5 quitting 
srv 2 quitting 
srv 4 quitting 
srv 3 quitting 
srv 6 quitting 
srv 7 quitting 
Server 0 verifying consistency..
Server 4 verifying consistency..
Server 2 verifying consistency..
Server 5 verifying consistency..
Server 7 verifying consistency..
Server 6 verifying consistency..
Server 3 verifying consistency..
srv 1 quitting 
Server 1 verifying consistency..
srv 0 commits 1000000
srv 1 commits 1000000
srv 2 commits 1000000
srv 3 commits 1000000
srv 4 commits 1000000
srv 5 commits 1000000
srv 6 commits 1000000
srv 7 commits 1000000
total commits 8000000
== results ==
Server 0: 0.064682000M TPS
Server 1: 0.065230000M TPS
Server 2: 0.065407000M TPS
Server 3: 0.065968000M TPS
Server 4: 0.065669000M TPS
Server 5: 0.065290000M TPS
Server 6: 0.065537000M TPS
Server 7: 0.067648000M TPS
Total tps: 0.525431000M
./ycsb -s 4 -d 100 -b 1 -i 1000000 -o 10 -t 64000000 -w 100
 # clients:    1
 # servers:    4
 Key range:    0..2^29
 Write ratio:  100
 Total #recs: 64000000 
 Iterations:   1000000
Assinging core 0 to srv 0
Assinging core 4 to srv 1
Assinging core 8 to srv 2
Assinging core 12 to srv 3
srv 1 load time 0.000
srv 3 load time 0.000
srv 1 rec count: 0 partition sz 0-KB tx count: 1000000, per_txn_op cnt: 10
srv 2 load time 0.000
srv 2 rec count: 0 partition sz 0-KB tx count: 1000000, per_txn_op cnt: 10
srv 3 rec count: 0 partition sz 0-KB tx count: 1000000, per_txn_op cnt: 10
srv (0): Loading stock..
srv (0): Loading history..
srv (0): Loading customer..
srv (0): Loading order..
srv (0): Loading item..
srv (0): Loading wh..
srv (0): Loading district..
srv (0): Loading stock..
srv (0): Loading history..
srv (0): Loading customer..
srv (0): Loading order..
srv (0): Loading wh..
srv (0): Loading district..
srv (0): Loading stock..
srv (0): Loading history..
srv (0): Loading customer..
srv (0): Loading order..
srv (0): Loading wh..
srv (0): Loading district..
srv (0): Loading stock..
srv (0): Loading history..
srv (0): Loading customer..
srv (0): Loading order..
srv (0): Loading wh..
srv (0): Loading district..
srv 0 load time 2.231
srv 0 rec count: 2035155 partition sz 603975-KB tx count: 1000000, per_txn_op cnt: 10
srv 0 starting txns
srv 2 starting txns
srv 3 starting txns
srv 1 starting txns
srv 3 query time 13.731
srv 2 query time 13.951
srv 1 query time 14.377
srv 0 query time 14.387
srv 0 quitting 
srv 1 quitting 
srv 2 quitting 
Server 2 verifying consistency..
Server 0 verifying consistency..
Server 1 verifying consistency..
srv 3 quitting 
Server 3 verifying consistency..
srv 0 commits 1000000
srv 1 commits 1000000
srv 2 commits 1000000
srv 3 commits 1000000
total commits 4000000
== results ==
Server 0: 0.069508000M TPS
Server 1: 0.069553000M TPS
Server 2: 0.071681000M TPS
Server 3: 0.072830000M TPS
Total tps: 0.283572000M
./ycsb -s 2 -d 100 -b 1 -i 1000000 -o 10 -t 64000000 -w 100
 # clients:    1
 # servers:    2
 Key range:    0..2^29
 Write ratio:  100
 Total #recs: 64000000 
 Iterations:   1000000
Assinging core 0 to srv 0
Assinging core 4 to srv 1
srv 1 load time 0.000
srv 1 rec count: 0 partition sz 0-KB tx count: 1000000, per_txn_op cnt: 10
srv (0): Loading stock..
srv (0): Loading history..
srv (0): Loading customer..
srv (0): Loading order..
srv (0): Loading item..
srv (0): Loading wh..
srv (0): Loading district..
srv (0): Loading stock..
srv (0): Loading history..
srv (0): Loading customer..
srv (0): Loading order..
srv (0): Loading wh..
srv (0): Loading district..
srv 0 load time 1.059
srv 0 rec count: 1016760 partition sz 301809-KB tx count: 1000000, per_txn_op cnt: 10
srv 0 starting txns
srv 1 starting txns
srv 1 query time 13.039
srv 0 query time 13.439
srv 0 quitting 
srv 1 quitting 
Server 0 verifying consistency..
Server 1 verifying consistency..
srv 0 commits 1000000
srv 1 commits 1000000
total commits 2000000
== results ==
Server 0: 0.074408000M TPS
Server 1: 0.076695000M TPS
Total tps: 0.151103000M
./ycsb -s 1 -d 100 -b 1 -i 1000000 -o 10 -t 64000000 -w 100
 # clients:    1
 # servers:    1
 Key range:    0..2^29
 Write ratio:  100
 Total #recs: 64000000 
 Iterations:   1000000
Assinging core 0 to srv 0
srv (0): Loading stock..
srv (0): Loading history..
srv (0): Loading customer..
srv (0): Loading order..
srv (0): Loading item..
srv (0): Loading wh..
srv (0): Loading district..
srv 0 load time 0.579
srv 0 rec count: 509282 partition sz 151101-KB tx count: 1000000, per_txn_op cnt: 10
srv 0 starting txns
srv 0 query time 12.495
srv 0 quitting 
Server 0 verifying consistency..
srv 0 commits 1000000
total commits 1000000
== results ==
Server 0: 0.080031000M TPS
Total tps: 0.080031000M
